******************************************************************
** WARNING: --SEIDecodedPictureHash is now disabled by default. **
**          Automatic verification of decoded pictures by a     **
**          decoder requires this option to be enabled.         **
******************************************************************
***************************************************************************
** WARNING: For conforming bitstreams a valid Level value must be set!   **
***************************************************************************

HM software: Encoder Version [16.20] (including RExt)[Linux][GCC 9.4.0][64 bit] 


Input          File                    : /home/pc-poincare/Documents/Alex/class_E/ParkScene_1920x1080_24.yuv
Bitstream      File                    : /home/pc-poincare/Documents/Alex/ViTech_Gerenciador-main/ParkScene_1920x1080_24/cq_22/video/coded_HM.hevc
Reconstruction File                    : /home/pc-poincare/Documents/Alex/ViTech_Gerenciador-main/ParkScene_1920x1080_24/cq_22/video/coded_HM.yuv
Real     Format                        : 1920x1080 24Hz
Internal Format                        : 1920x1080 24Hz
Sequence PSNR output                   : Linear average only
Sequence MSE output                    : Disabled
Frame MSE output                       : Disabled
MS-SSIM output                         : Disabled
xPSNR calculation                      : Disabled
Cabac-zero-word-padding                : Enabled
Frame/Field                            : Frame based coding
Frame index                            : 0 - 59 (60 frames)
Profile                                : main
CU size / depth / total-depth          : 64 / 4 / 4
RQT trans. size (min / max)            : 4 / 32
Max RQT depth inter                    : 3
Max RQT depth intra                    : 3
Min PCM size                           : 8
Motion search range                    : 384
Intra period                           : 32
Decoding refresh type                  : 1
QP                                     : 22
Max dQP signaling depth                : 0
Cb QP Offset                           : 0
Cr QP Offset                           : 0
QP adaptation                          : 0 (range=0)
GOP size                               : 16
Input bit depth                        : (Y:8, C:8)
MSB-extended bit depth                 : (Y:8, C:8)
Internal bit depth                     : (Y:8, C:8)
PCM sample bit depth                   : (Y:8, C:8)
Intra reference smoothing              : Enabled
diff_cu_chroma_qp_offset_depth         : -1
extended_precision_processing_flag     : Disabled
implicit_rdpcm_enabled_flag            : Disabled
explicit_rdpcm_enabled_flag            : Disabled
transform_skip_rotation_enabled_flag   : Disabled
transform_skip_context_enabled_flag    : Disabled
cross_component_prediction_enabled_flag: Disabled
high_precision_offsets_enabled_flag    : Disabled
persistent_rice_adaptation_enabled_flag: Disabled
cabac_bypass_alignment_enabled_flag    : Disabled
log2_sao_offset_scale_luma             : 0
log2_sao_offset_scale_chroma           : 0
Cost function:                         : Lossy coding (default)
RateControl                            : 0
WPMethod                               : 0
Max Num Merge Candidates               : 5

TOOL CFG: IBD:0 HAD:1 RDQ:1 RDQTS:1 RDpenalty:0 LQP:0 SQP:0 ASR:1 MinSearchWindow:96 RestrictMESampling:0 FEN:1 ECU:0 FDM:1 CFM:0 ESD:0 RQT:1 TransformSkip:1 TransformSkipFast:1 TransformSkipLog2MaxSize:2 Slice: M=0 SliceSegment: M=0 CIP:0 SAO:1 PCM:0 TransQuantBypassEnabled:0 WPP:0 WPB:0 PME:2  WaveFrontSynchro:0 WaveFrontSubstreams:1 ScalingList:0 TMVPMode:1 AQpS:0 SignBitHidingFlag:1 RecalQP:0

Non-environment-variable-controlled macros set as follows: 

                                RExt__DECODER_DEBUG_BIT_STATISTICS =   0
                                      RExt__HIGH_BIT_DEPTH_SUPPORT =   0
                            RExt__HIGH_PRECISION_FORWARD_TRANSFORM =   0
                                        O0043_BEST_EFFORT_DECODING =   0
                                         ME_ENABLE_ROUNDING_OF_MVS =   1

                   Input ChromaFormatIDC =   4:2:0
       Output (internal) ChromaFormatIDC =   4:2:0

POC    0 TId: 0 ( I-SLICE, nQP 19 QP 19 )    3018256 bits [Y 43.6235 dB    U 44.7834 dB    V 45.9777 dB] [ET    13 ] [L0 ] [L1 ]
POC   16 TId: 0 ( B-SLICE, nQP 23 QP 23 )    1141880 bits [Y 40.9817 dB    U 42.7278 dB    V 44.2510 dB] [ET    46 ] [L0 0 ] [L1 0 ]
POC    8 TId: 1 ( B-SLICE, nQP 23 QP 23 )     780520 bits [Y 40.9591 dB    U 42.7068 dB    V 44.4579 dB] [ET    40 ] [L0 0 16 ] [L1 16 0 ]
POC    4 TId: 2 ( B-SLICE, nQP 26 QP 26 )     319648 bits [Y 40.0419 dB    U 42.2430 dB    V 44.3071 dB] [ET    30 ] [L0 0 8 ] [L1 8 16 ]
POC    2 TId: 3 ( B-SLICE, nQP 27 QP 27 )     165808 bits [Y 39.9988 dB    U 42.3133 dB    V 44.5559 dB] [ET    23 ] [L0 0 4 ] [L1 4 8 ]
POC    1 TId: 4 ( B-SLICE, nQP 29 QP 29 )      53584 bits [Y 39.9196 dB    U 42.4516 dB    V 44.7067 dB] [ET    17 ] [L0 0 2 ] [L1 2 4 ]
POC    3 TId: 4 ( B-SLICE, nQP 29 QP 29 )      54944 bits [Y 39.6203 dB    U 42.2071 dB    V 44.2734 dB] [ET    19 ] [L0 2 0 ] [L1 4 8 ]
POC    6 TId: 3 ( B-SLICE, nQP 27 QP 27 )     171024 bits [Y 39.8246 dB    U 42.1391 dB    V 44.1474 dB] [ET    26 ] [L0 4 0 ] [L1 8 16 ]
POC    5 TId: 4 ( B-SLICE, nQP 29 QP 29 )      57072 bits [Y 39.5080 dB    U 42.1008 dB    V 44.1065 dB] [ET    19 ] [L0 4 0 ] [L1 6 8 ]
POC    7 TId: 4 ( B-SLICE, nQP 29 QP 29 )      56216 bits [Y 39.6277 dB    U 42.1407 dB    V 44.0870 dB] [ET    20 ] [L0 6 4 ] [L1 8 16 ]
POC   12 TId: 2 ( B-SLICE, nQP 26 QP 26 )     330360 bits [Y 39.9163 dB    U 42.0729 dB    V 43.9115 dB] [ET    31 ] [L0 8 0 ] [L1 16 8 ]
POC   10 TId: 3 ( B-SLICE, nQP 27 QP 27 )     174888 bits [Y 39.7491 dB    U 42.0815 dB    V 43.9643 dB] [ET    27 ] [L0 8 0 ] [L1 12 16 ]
POC    9 TId: 4 ( B-SLICE, nQP 29 QP 29 )      55144 bits [Y 39.6140 dB    U 42.1542 dB    V 44.0084 dB] [ET    20 ] [L0 8 0 ] [L1 10 12 ]
POC   11 TId: 4 ( B-SLICE, nQP 29 QP 29 )      61592 bits [Y 39.4117 dB    U 41.9605 dB    V 43.7907 dB] [ET    19 ] [L0 10 8 ] [L1 12 16 ]
POC   14 TId: 3 ( B-SLICE, nQP 27 QP 27 )     176056 bits [Y 39.6801 dB    U 41.9986 dB    V 43.8610 dB] [ET    24 ] [L0 12 8 ] [L1 16 12 ]
POC   13 TId: 4 ( B-SLICE, nQP 29 QP 29 )      52600 bits [Y 39.4348 dB    U 41.9570 dB    V 43.7617 dB] [ET    19 ] [L0 12 8 ] [L1 14 16 ]
POC   15 TId: 4 ( B-SLICE, nQP 29 QP 29 )      55120 bits [Y 39.6058 dB    U 42.0537 dB    V 43.9203 dB] [ET    18 ] [L0 14 12 ] [L1 16 14 ]
POC   32 TId: 0 ( I-SLICE, nQP 19 QP 19 )    3088536 bits [Y 43.6835 dB    U 44.7895 dB    V 45.9165 dB] [ET    13 ] [L0 ] [L1 ]
POC   24 TId: 1 ( B-SLICE, nQP 23 QP 23 )     744200 bits [Y 41.0772 dB    U 42.9182 dB    V 44.6617 dB] [ET    47 ] [L0 16 8 ] [L1 32 16 ]
POC   20 TId: 2 ( B-SLICE, nQP 26 QP 26 )     316968 bits [Y 40.0486 dB    U 42.2797 dB    V 44.1641 dB] [ET    35 ] [L0 16 8 ] [L1 24 32 ]
POC   18 TId: 3 ( B-SLICE, nQP 27 QP 27 )     168888 bits [Y 39.8480 dB    U 42.1642 dB    V 44.0335 dB] [ET    27 ] [L0 16 8 ] [L1 20 24 ]
POC   17 TId: 4 ( B-SLICE, nQP 29 QP 29 )      58912 bits [Y 39.6657 dB    U 42.1692 dB    V 43.9899 dB] [ET    18 ] [L0 16 18 ] [L1 18 20 ]
POC   19 TId: 4 ( B-SLICE, nQP 29 QP 29 )      55240 bits [Y 39.5352 dB    U 42.1142 dB    V 43.9396 dB] [ET    19 ] [L0 18 16 ] [L1 20 24 ]
POC   22 TId: 3 ( B-SLICE, nQP 27 QP 27 )     163480 bits [Y 39.8872 dB    U 42.2883 dB    V 44.1506 dB] [ET    26 ] [L0 20 16 ] [L1 24 32 ]
POC   21 TId: 4 ( B-SLICE, nQP 29 QP 29 )      58528 bits [Y 39.5521 dB    U 42.1691 dB    V 44.0744 dB] [ET    20 ] [L0 20 16 ] [L1 22 24 ]
POC   23 TId: 4 ( B-SLICE, nQP 29 QP 29 )      52752 bits [Y 39.7687 dB    U 42.3640 dB    V 44.2656 dB] [ET    20 ] [L0 22 20 ] [L1 24 32 ]
POC   28 TId: 2 ( B-SLICE, nQP 26 QP 26 )     307128 bits [Y 40.1416 dB    U 42.4467 dB    V 44.4914 dB] [ET    31 ] [L0 24 16 ] [L1 32 24 ]
POC   26 TId: 3 ( B-SLICE, nQP 27 QP 27 )     162440 bits [Y 39.9248 dB    U 42.3804 dB    V 44.3045 dB] [ET    26 ] [L0 24 16 ] [L1 28 32 ]
POC   25 TId: 4 ( B-SLICE, nQP 29 QP 29 )      55256 bits [Y 39.7493 dB    U 42.4124 dB    V 44.3541 dB] [ET    20 ] [L0 24 16 ] [L1 26 28 ]
POC   27 TId: 4 ( B-SLICE, nQP 29 QP 29 )      58008 bits [Y 39.5953 dB    U 42.3182 dB    V 44.2835 dB] [ET    20 ] [L0 26 24 ] [L1 28 32 ]
POC   30 TId: 3 ( B-SLICE, nQP 27 QP 27 )     165816 bits [Y 39.9861 dB    U 42.4394 dB    V 44.6007 dB] [ET    23 ] [L0 28 24 ] [L1 32 28 ]
POC   29 TId: 4 ( B-SLICE, nQP 29 QP 29 )      53104 bits [Y 39.6803 dB    U 42.3518 dB    V 44.3733 dB] [ET    19 ] [L0 28 24 ] [L1 30 32 ]
POC   31 TId: 4 ( B-SLICE, nQP 29 QP 29 )      55224 bits [Y 39.9120 dB    U 42.5730 dB    V 44.7900 dB] [ET    18 ] [L0 30 28 ] [L1 32 30 ]
POC   48 TId: 0 ( B-SLICE, nQP 23 QP 23 )    1370512 bits [Y 40.9398 dB    U 42.5963 dB    V 43.7588 dB] [ET    50 ] [L0 32 ] [L1 32 ]
POC   40 TId: 1 ( B-SLICE, nQP 23 QP 23 )     850008 bits [Y 40.9289 dB    U 42.6536 dB    V 44.1425 dB] [ET    42 ] [L0 32 48 ] [L1 48 32 ]
POC   36 TId: 2 ( B-SLICE, nQP 26 QP 26 )     332992 bits [Y 40.0120 dB    U 42.2448 dB    V 44.1367 dB] [ET    31 ] [L0 32 40 ] [L1 40 48 ]
POC   34 TId: 3 ( B-SLICE, nQP 27 QP 27 )     165432 bits [Y 39.9118 dB    U 42.3520 dB    V 44.3651 dB] [ET    23 ] [L0 32 36 ] [L1 36 40 ]
POC   33 TId: 4 ( B-SLICE, nQP 29 QP 29 )      58472 bits [Y 39.9059 dB    U 42.5023 dB    V 44.5958 dB] [ET    18 ] [L0 32 34 ] [L1 34 36 ]
POC   35 TId: 4 ( B-SLICE, nQP 29 QP 29 )      57592 bits [Y 39.5527 dB    U 42.1968 dB    V 44.0854 dB] [ET    19 ] [L0 34 32 ] [L1 36 40 ]
POC   38 TId: 3 ( B-SLICE, nQP 27 QP 27 )     174656 bits [Y 39.7664 dB    U 42.1307 dB    V 43.9095 dB] [ET    27 ] [L0 36 32 ] [L1 40 48 ]
POC   37 TId: 4 ( B-SLICE, nQP 29 QP 29 )      58128 bits [Y 39.4504 dB    U 42.0851 dB    V 43.8337 dB] [ET    19 ] [L0 36 32 ] [L1 38 40 ]
POC   39 TId: 4 ( B-SLICE, nQP 29 QP 29 )      56984 bits [Y 39.5498 dB    U 42.1351 dB    V 43.8253 dB] [ET    20 ] [L0 38 36 ] [L1 40 48 ]
POC   44 TId: 2 ( B-SLICE, nQP 26 QP 26 )     364968 bits [Y 39.7777 dB    U 41.9617 dB    V 43.4881 dB] [ET    33 ] [L0 40 32 ] [L1 48 40 ]
POC   42 TId: 3 ( B-SLICE, nQP 27 QP 27 )     186264 bits [Y 39.6345 dB    U 41.9848 dB    V 43.5863 dB] [ET    28 ] [L0 40 32 ] [L1 44 48 ]
POC   41 TId: 4 ( B-SLICE, nQP 29 QP 29 )      63736 bits [Y 39.4748 dB    U 42.0585 dB    V 43.7014 dB] [ET    21 ] [L0 40 32 ] [L1 42 44 ]
POC   43 TId: 4 ( B-SLICE, nQP 29 QP 29 )      66216 bits [Y 39.2512 dB    U 41.8582 dB    V 43.3875 dB] [ET    20 ] [L0 42 40 ] [L1 44 48 ]
POC   46 TId: 3 ( B-SLICE, nQP 27 QP 27 )     200936 bits [Y 39.4957 dB    U 41.8384 dB    V 43.3375 dB] [ET    25 ] [L0 44 40 ] [L1 48 44 ]
POC   45 TId: 4 ( B-SLICE, nQP 29 QP 29 )      68632 bits [Y 39.1890 dB    U 41.7793 dB    V 43.2499 dB] [ET    20 ] [L0 44 40 ] [L1 46 48 ]
POC   47 TId: 4 ( B-SLICE, nQP 29 QP 29 )      68784 bits [Y 39.3235 dB    U 41.8240 dB    V 43.3361 dB] [ET    18 ] [L0 46 44 ] [L1 48 46 ]
POC   56 TId: 1 ( B-SLICE, nQP 23 QP 23 )    1188904 bits [Y 40.9049 dB    U 42.4745 dB    V 43.5948 dB] [ET    53 ] [L0 48 40 ] [L1 48 40 ]
POC   52 TId: 2 ( B-SLICE, nQP 26 QP 26 )     399176 bits [Y 39.7182 dB    U 41.8167 dB    V 43.2774 dB] [ET    35 ] [L0 48 40 ] [L1 56 48 ]
POC   50 TId: 3 ( B-SLICE, nQP 27 QP 27 )     214032 bits [Y 39.4971 dB    U 41.8111 dB    V 43.2670 dB] [ET    29 ] [L0 48 40 ] [L1 52 56 ]
POC   49 TId: 4 ( B-SLICE, nQP 29 QP 29 )      76880 bits [Y 39.3086 dB    U 41.8124 dB    V 43.2313 dB] [ET    19 ] [L0 48 50 ] [L1 50 52 ]
POC   51 TId: 4 ( B-SLICE, nQP 29 QP 29 )      76080 bits [Y 39.1749 dB    U 41.6916 dB    V 43.0814 dB] [ET    20 ] [L0 50 48 ] [L1 52 56 ]
POC   54 TId: 3 ( B-SLICE, nQP 27 QP 27 )     216664 bits [Y 39.4794 dB    U 41.7669 dB    V 43.1665 dB] [ET    26 ] [L0 52 48 ] [L1 56 52 ]
POC   53 TId: 4 ( B-SLICE, nQP 29 QP 29 )      82480 bits [Y 39.1235 dB    U 41.6826 dB    V 43.0151 dB] [ET    21 ] [L0 52 48 ] [L1 54 56 ]
POC   55 TId: 4 ( B-SLICE, nQP 29 QP 29 )      82320 bits [Y 39.2724 dB    U 41.7681 dB    V 43.1394 dB] [ET    19 ] [L0 54 52 ] [L1 56 54 ]
POC   58 TId: 3 ( B-SLICE, nQP 27 QP 27 )     320776 bits [Y 39.2524 dB    U 41.4857 dB    V 42.9513 dB] [ET    29 ] [L0 56 48 ] [L1 56 48 ]
POC   57 TId: 4 ( B-SLICE, nQP 29 QP 29 )      81160 bits [Y 39.1935 dB    U 41.6690 dB    V 43.0638 dB] [ET    20 ] [L0 56 48 ] [L1 58 56 ]
POC   59 TId: 4 ( B-SLICE, nQP 29 QP 29 )     162992 bits [Y 38.5399 dB    U 41.1318 dB    V 42.5541 dB] [ET    22 ] [L0 58 56 ] [L1 58 56 ]


SUMMARY --------------------------------------------------------
	Total Frames |   Bitrate     Y-PSNR    U-PSNR    V-PSNR    YUV-PSNR  
	       60    a    7733.9872   39.8867   42.2264   43.9594   40.6362  


I Slices--------------------------------------------------------
	Total Frames |   Bitrate     Y-PSNR    U-PSNR    V-PSNR    YUV-PSNR  
	        2    i   73281.5040   43.6535   44.7865   45.9471   44.1432  


P Slices--------------------------------------------------------
	Total Frames |   Bitrate     Y-PSNR    U-PSNR    V-PSNR    YUV-PSNR  
	        0    p         -nan      -nan      -nan      -nan      -nan  


B Slices--------------------------------------------------------
	Total Frames |   Bitrate     Y-PSNR    U-PSNR    V-PSNR    YUV-PSNR  
	       58    b    5473.7280   39.7568   42.1381   43.8909   40.5541  

RVM: 0.000
Bytes written to file: 2416871 (7733.987 kbps)

 Total Time:     1502.564 sec.
