******************************************************************
** WARNING: --SEIDecodedPictureHash is now disabled by default. **
**          Automatic verification of decoded pictures by a     **
**          decoder requires this option to be enabled.         **
******************************************************************
***************************************************************************
** WARNING: For conforming bitstreams a valid Level value must be set!   **
***************************************************************************

HM software: Encoder Version [16.20] (including RExt)[Linux][GCC 11.3.0][64 bit] 


Input          File                    : /home/pc-einstein/Documents/Alex/class_C/dark720p_120f.yuv
Bitstream      File                    : /home/pc-einstein/Documents/Alex/Vitech_Gerenciador/dark720p_120f/cq_22/video/coded_HM.hevc
Reconstruction File                    : /home/pc-einstein/Documents/Alex/Vitech_Gerenciador/dark720p_120f/cq_22/video/coded_HM.yuv
Real     Format                        : 1280x720 30Hz
Internal Format                        : 1280x720 30Hz
Sequence PSNR output                   : Linear average only
Sequence MSE output                    : Disabled
Frame MSE output                       : Disabled
MS-SSIM output                         : Disabled
xPSNR calculation                      : Disabled
Cabac-zero-word-padding                : Enabled
Frame/Field                            : Frame based coding
Frame index                            : 0 - 59 (60 frames)
Profile                                : main
CU size / depth / total-depth          : 64 / 4 / 4
RQT trans. size (min / max)            : 4 / 32
Max RQT depth inter                    : 3
Max RQT depth intra                    : 3
Min PCM size                           : 8
Motion search range                    : 384
Intra period                           : 32
Decoding refresh type                  : 1
QP                                     : 22
Max dQP signaling depth                : 0
Cb QP Offset                           : 0
Cr QP Offset                           : 0
QP adaptation                          : 0 (range=0)
GOP size                               : 16
Input bit depth                        : (Y:8, C:8)
MSB-extended bit depth                 : (Y:8, C:8)
Internal bit depth                     : (Y:8, C:8)
PCM sample bit depth                   : (Y:8, C:8)
Intra reference smoothing              : Enabled
diff_cu_chroma_qp_offset_depth         : -1
extended_precision_processing_flag     : Disabled
implicit_rdpcm_enabled_flag            : Disabled
explicit_rdpcm_enabled_flag            : Disabled
transform_skip_rotation_enabled_flag   : Disabled
transform_skip_context_enabled_flag    : Disabled
cross_component_prediction_enabled_flag: Disabled
high_precision_offsets_enabled_flag    : Disabled
persistent_rice_adaptation_enabled_flag: Disabled
cabac_bypass_alignment_enabled_flag    : Disabled
log2_sao_offset_scale_luma             : 0
log2_sao_offset_scale_chroma           : 0
Cost function:                         : Lossy coding (default)
RateControl                            : 0
WPMethod                               : 0
Max Num Merge Candidates               : 5

TOOL CFG: IBD:0 HAD:1 RDQ:1 RDQTS:1 RDpenalty:0 LQP:0 SQP:0 ASR:1 MinSearchWindow:96 RestrictMESampling:0 FEN:1 ECU:0 FDM:1 CFM:0 ESD:0 RQT:1 TransformSkip:1 TransformSkipFast:1 TransformSkipLog2MaxSize:2 Slice: M=0 SliceSegment: M=0 CIP:0 SAO:1 PCM:0 TransQuantBypassEnabled:0 WPP:0 WPB:0 PME:2  WaveFrontSynchro:0 WaveFrontSubstreams:1 ScalingList:0 TMVPMode:1 AQpS:0 SignBitHidingFlag:1 RecalQP:0

Non-environment-variable-controlled macros set as follows: 

                                RExt__DECODER_DEBUG_BIT_STATISTICS =   0
                                      RExt__HIGH_BIT_DEPTH_SUPPORT =   0
                            RExt__HIGH_PRECISION_FORWARD_TRANSFORM =   0
                                        O0043_BEST_EFFORT_DECODING =   0
                                         ME_ENABLE_ROUNDING_OF_MVS =   1

                   Input ChromaFormatIDC =   4:2:0
       Output (internal) ChromaFormatIDC =   4:2:0

POC    0 TId: 0 ( I-SLICE, nQP 19 QP 19 )     600576 bits [Y 50.3315 dB    U 47.0001 dB    V 48.4888 dB] [ET     4 ] [L0 ] [L1 ]
POC   16 TId: 0 ( B-SLICE, nQP 23 QP 23 )     364944 bits [Y 46.6437 dB    U 43.4118 dB    V 44.8423 dB] [ET    22 ] [L0 0 ] [L1 0 ]
POC    8 TId: 1 ( B-SLICE, nQP 23 QP 23 )     320496 bits [Y 46.4475 dB    U 43.3984 dB    V 44.7528 dB] [ET    20 ] [L0 0 16 ] [L1 16 0 ]
POC    4 TId: 2 ( B-SLICE, nQP 26 QP 26 )     155384 bits [Y 44.4402 dB    U 40.9744 dB    V 42.6575 dB] [ET    16 ] [L0 0 8 ] [L1 8 16 ]
POC    2 TId: 3 ( B-SLICE, nQP 27 QP 27 )     110744 bits [Y 43.8430 dB    U 40.0673 dB    V 41.9622 dB] [ET    15 ] [L0 0 4 ] [L1 4 8 ]
POC    1 TId: 4 ( B-SLICE, nQP 29 QP 29 )      59560 bits [Y 43.1127 dB    U 38.6649 dB    V 41.1370 dB] [ET    12 ] [L0 0 2 ] [L1 2 4 ]
POC    3 TId: 4 ( B-SLICE, nQP 29 QP 29 )      58112 bits [Y 43.0601 dB    U 38.6251 dB    V 41.1349 dB] [ET    13 ] [L0 2 0 ] [L1 4 8 ]
POC    6 TId: 3 ( B-SLICE, nQP 27 QP 27 )     106840 bits [Y 43.9010 dB    U 40.1665 dB    V 42.0418 dB] [ET    16 ] [L0 4 0 ] [L1 8 16 ]
POC    5 TId: 4 ( B-SLICE, nQP 29 QP 29 )      56416 bits [Y 43.0442 dB    U 38.5815 dB    V 41.1715 dB] [ET    13 ] [L0 4 0 ] [L1 6 8 ]
POC    7 TId: 4 ( B-SLICE, nQP 29 QP 29 )      54592 bits [Y 43.0712 dB    U 38.6561 dB    V 41.1808 dB] [ET    12 ] [L0 6 4 ] [L1 8 16 ]
POC   12 TId: 2 ( B-SLICE, nQP 26 QP 26 )     144280 bits [Y 44.4480 dB    U 40.9546 dB    V 42.7138 dB] [ET    18 ] [L0 8 0 ] [L1 16 8 ]
POC   10 TId: 3 ( B-SLICE, nQP 27 QP 27 )     109120 bits [Y 43.9301 dB    U 40.1378 dB    V 42.0343 dB] [ET    17 ] [L0 8 0 ] [L1 12 16 ]
POC    9 TId: 4 ( B-SLICE, nQP 29 QP 29 )      57632 bits [Y 43.0555 dB    U 38.6543 dB    V 41.1583 dB] [ET    14 ] [L0 8 0 ] [L1 10 12 ]
POC   11 TId: 4 ( B-SLICE, nQP 29 QP 29 )      57048 bits [Y 43.1043 dB    U 38.7247 dB    V 41.2496 dB] [ET    12 ] [L0 10 8 ] [L1 12 16 ]
POC   14 TId: 3 ( B-SLICE, nQP 27 QP 27 )     110512 bits [Y 43.8443 dB    U 40.1005 dB    V 41.9810 dB] [ET    14 ] [L0 12 8 ] [L1 16 12 ]
POC   13 TId: 4 ( B-SLICE, nQP 29 QP 29 )      54120 bits [Y 43.1476 dB    U 38.6989 dB    V 41.2766 dB] [ET    12 ] [L0 12 8 ] [L1 14 16 ]
POC   15 TId: 4 ( B-SLICE, nQP 29 QP 29 )      57264 bits [Y 43.1335 dB    U 38.6732 dB    V 41.1757 dB] [ET    11 ] [L0 14 12 ] [L1 16 14 ]
POC   32 TId: 0 ( I-SLICE, nQP 19 QP 19 )     663376 bits [Y 50.0461 dB    U 46.7474 dB    V 48.1144 dB] [ET     4 ] [L0 ] [L1 ]
POC   24 TId: 1 ( B-SLICE, nQP 23 QP 23 )     297712 bits [Y 46.4467 dB    U 43.4171 dB    V 44.8457 dB] [ET    20 ] [L0 16 8 ] [L1 32 16 ]
POC   20 TId: 2 ( B-SLICE, nQP 26 QP 26 )     142488 bits [Y 44.5198 dB    U 41.0390 dB    V 42.7688 dB] [ET    17 ] [L0 16 8 ] [L1 24 32 ]
POC   18 TId: 3 ( B-SLICE, nQP 27 QP 27 )     104000 bits [Y 43.9857 dB    U 40.2763 dB    V 42.1355 dB] [ET    14 ] [L0 16 8 ] [L1 20 24 ]
POC   17 TId: 4 ( B-SLICE, nQP 29 QP 29 )      53352 bits [Y 43.2343 dB    U 38.7580 dB    V 41.2950 dB] [ET    11 ] [L0 16 18 ] [L1 18 20 ]
POC   19 TId: 4 ( B-SLICE, nQP 29 QP 29 )      51240 bits [Y 43.2542 dB    U 38.7741 dB    V 41.3148 dB] [ET    12 ] [L0 18 16 ] [L1 20 24 ]
POC   22 TId: 3 ( B-SLICE, nQP 27 QP 27 )     106488 bits [Y 44.0030 dB    U 40.2148 dB    V 42.1069 dB] [ET    15 ] [L0 20 16 ] [L1 24 32 ]
POC   21 TId: 4 ( B-SLICE, nQP 29 QP 29 )      52256 bits [Y 43.2758 dB    U 38.7470 dB    V 41.3164 dB] [ET    12 ] [L0 20 16 ] [L1 22 24 ]
POC   23 TId: 4 ( B-SLICE, nQP 29 QP 29 )      55648 bits [Y 43.2308 dB    U 38.6514 dB    V 41.2238 dB] [ET    13 ] [L0 22 20 ] [L1 24 32 ]
POC   28 TId: 2 ( B-SLICE, nQP 26 QP 26 )     147880 bits [Y 44.5428 dB    U 40.9883 dB    V 42.7459 dB] [ET    15 ] [L0 24 16 ] [L1 32 24 ]
POC   26 TId: 3 ( B-SLICE, nQP 27 QP 27 )     106616 bits [Y 43.9627 dB    U 40.1817 dB    V 42.1330 dB] [ET    15 ] [L0 24 16 ] [L1 28 32 ]
POC   25 TId: 4 ( B-SLICE, nQP 29 QP 29 )      54592 bits [Y 43.1701 dB    U 38.7123 dB    V 41.2513 dB] [ET    12 ] [L0 24 16 ] [L1 26 28 ]
POC   27 TId: 4 ( B-SLICE, nQP 29 QP 29 )      53976 bits [Y 43.1269 dB    U 38.6175 dB    V 41.2094 dB] [ET    12 ] [L0 26 24 ] [L1 28 32 ]
POC   30 TId: 3 ( B-SLICE, nQP 27 QP 27 )     113424 bits [Y 43.9647 dB    U 40.1497 dB    V 42.0022 dB] [ET    14 ] [L0 28 24 ] [L1 32 28 ]
POC   29 TId: 4 ( B-SLICE, nQP 29 QP 29 )      55824 bits [Y 43.1907 dB    U 38.6840 dB    V 41.2291 dB] [ET    12 ] [L0 28 24 ] [L1 30 32 ]
POC   31 TId: 4 ( B-SLICE, nQP 29 QP 29 )      59448 bits [Y 43.1330 dB    U 38.6666 dB    V 41.1216 dB] [ET    11 ] [L0 30 28 ] [L1 32 30 ]
POC   48 TId: 0 ( B-SLICE, nQP 23 QP 23 )     343872 bits [Y 46.6395 dB    U 43.3732 dB    V 44.8272 dB] [ET    18 ] [L0 32 ] [L1 32 ]
POC   40 TId: 1 ( B-SLICE, nQP 23 QP 23 )     310968 bits [Y 46.5268 dB    U 43.4130 dB    V 44.7943 dB] [ET    18 ] [L0 32 48 ] [L1 48 32 ]
POC   36 TId: 2 ( B-SLICE, nQP 26 QP 26 )     142328 bits [Y 44.5572 dB    U 41.0441 dB    V 42.7247 dB] [ET    15 ] [L0 32 40 ] [L1 40 48 ]
POC   34 TId: 3 ( B-SLICE, nQP 27 QP 27 )     117456 bits [Y 43.8924 dB    U 40.1525 dB    V 42.0010 dB] [ET    14 ] [L0 32 36 ] [L1 36 40 ]
POC   33 TId: 4 ( B-SLICE, nQP 29 QP 29 )      53472 bits [Y 43.2513 dB    U 38.6776 dB    V 41.2761 dB] [ET    11 ] [L0 32 34 ] [L1 34 36 ]
POC   35 TId: 4 ( B-SLICE, nQP 29 QP 29 )      53912 bits [Y 43.1938 dB    U 38.7164 dB    V 41.1501 dB] [ET    12 ] [L0 34 32 ] [L1 36 40 ]
POC   38 TId: 3 ( B-SLICE, nQP 27 QP 27 )     111848 bits [Y 43.9395 dB    U 40.1634 dB    V 41.9953 dB] [ET    15 ] [L0 36 32 ] [L1 40 48 ]
POC   37 TId: 4 ( B-SLICE, nQP 29 QP 29 )      52608 bits [Y 43.1984 dB    U 38.6648 dB    V 41.1834 dB] [ET    12 ] [L0 36 32 ] [L1 38 40 ]
POC   39 TId: 4 ( B-SLICE, nQP 29 QP 29 )      54384 bits [Y 43.2232 dB    U 38.8251 dB    V 41.3451 dB] [ET    12 ] [L0 38 36 ] [L1 40 48 ]
POC   44 TId: 2 ( B-SLICE, nQP 26 QP 26 )     144536 bits [Y 44.5242 dB    U 41.0224 dB    V 42.7108 dB] [ET    15 ] [L0 40 32 ] [L1 48 40 ]
POC   42 TId: 3 ( B-SLICE, nQP 27 QP 27 )     107120 bits [Y 43.9270 dB    U 40.1562 dB    V 42.0893 dB] [ET    15 ] [L0 40 32 ] [L1 44 48 ]
POC   41 TId: 4 ( B-SLICE, nQP 29 QP 29 )      55536 bits [Y 43.1375 dB    U 38.7142 dB    V 41.2388 dB] [ET    12 ] [L0 40 32 ] [L1 42 44 ]
POC   43 TId: 4 ( B-SLICE, nQP 29 QP 29 )      54616 bits [Y 43.1905 dB    U 38.7147 dB    V 41.2745 dB] [ET    12 ] [L0 42 40 ] [L1 44 48 ]
POC   46 TId: 3 ( B-SLICE, nQP 27 QP 27 )     106928 bits [Y 43.9355 dB    U 40.1471 dB    V 42.0908 dB] [ET    14 ] [L0 44 40 ] [L1 48 44 ]
POC   45 TId: 4 ( B-SLICE, nQP 29 QP 29 )      54584 bits [Y 43.1565 dB    U 38.7358 dB    V 41.1920 dB] [ET    12 ] [L0 44 40 ] [L1 46 48 ]
POC   47 TId: 4 ( B-SLICE, nQP 29 QP 29 )      56216 bits [Y 43.1939 dB    U 38.6793 dB    V 41.3178 dB] [ET    11 ] [L0 46 44 ] [L1 48 46 ]
POC   56 TId: 1 ( B-SLICE, nQP 23 QP 23 )     310056 bits [Y 46.5282 dB    U 43.4004 dB    V 44.7432 dB] [ET    19 ] [L0 48 40 ] [L1 48 40 ]
POC   52 TId: 2 ( B-SLICE, nQP 26 QP 26 )     150912 bits [Y 44.4672 dB    U 40.9478 dB    V 42.7221 dB] [ET    15 ] [L0 48 40 ] [L1 56 48 ]
POC   50 TId: 3 ( B-SLICE, nQP 27 QP 27 )     108664 bits [Y 43.9710 dB    U 40.1666 dB    V 42.0983 dB] [ET    15 ] [L0 48 40 ] [L1 52 56 ]
POC   49 TId: 4 ( B-SLICE, nQP 29 QP 29 )      55176 bits [Y 43.1525 dB    U 38.7274 dB    V 41.3202 dB] [ET    11 ] [L0 48 50 ] [L1 50 52 ]
POC   51 TId: 4 ( B-SLICE, nQP 29 QP 29 )      53968 bits [Y 43.2395 dB    U 38.7251 dB    V 41.2833 dB] [ET    12 ] [L0 50 48 ] [L1 52 56 ]
POC   54 TId: 3 ( B-SLICE, nQP 27 QP 27 )     116072 bits [Y 43.9135 dB    U 40.1403 dB    V 42.0421 dB] [ET    14 ] [L0 52 48 ] [L1 56 52 ]
POC   53 TId: 4 ( B-SLICE, nQP 29 QP 29 )      52856 bits [Y 43.2414 dB    U 38.7238 dB    V 41.2994 dB] [ET    12 ] [L0 52 48 ] [L1 54 56 ]
POC   55 TId: 4 ( B-SLICE, nQP 29 QP 29 )      53312 bits [Y 43.2585 dB    U 38.7223 dB    V 41.2609 dB] [ET    11 ] [L0 54 52 ] [L1 56 54 ]
POC   58 TId: 3 ( B-SLICE, nQP 27 QP 27 )     121984 bits [Y 43.9797 dB    U 40.1993 dB    V 42.0922 dB] [ET    14 ] [L0 56 48 ] [L1 56 48 ]
POC   57 TId: 4 ( B-SLICE, nQP 29 QP 29 )      56352 bits [Y 43.1271 dB    U 38.6871 dB    V 41.1784 dB] [ET    12 ] [L0 56 48 ] [L1 58 56 ]
POC   59 TId: 4 ( B-SLICE, nQP 29 QP 29 )      59912 bits [Y 43.1222 dB    U 38.6895 dB    V 41.2145 dB] [ET    11 ] [L0 58 56 ] [L1 58 56 ]


SUMMARY --------------------------------------------------------
	Total Frames |   Bitrate     Y-PSNR    U-PSNR    V-PSNR    YUV-PSNR  
	       60    a    3777.8040   44.0856   40.0741   42.2040   42.5571  


I Slices--------------------------------------------------------
	Total Frames |   Bitrate     Y-PSNR    U-PSNR    V-PSNR    YUV-PSNR  
	        2    i   18959.2800   50.1888   46.8738   48.3016   49.1087  


P Slices--------------------------------------------------------
	Total Frames |   Bitrate     Y-PSNR    U-PSNR    V-PSNR    YUV-PSNR  
	        0    p         -nan      -nan      -nan      -nan      -nan  


B Slices--------------------------------------------------------
	Total Frames |   Bitrate     Y-PSNR    U-PSNR    V-PSNR    YUV-PSNR  
	       58    b    3254.3048   43.8751   39.8396   41.9937   42.4420  

RVM: 0.000
Bytes written to file: 944451 (3777.804 kbps)

 Total Time:      810.375 sec.
