
Warning: Hierarchical coding or Referenced B slices used.
         Make sure that you have allocated enough references
         in reference buffer to achieve best performance.
Setting Default Parameters...
Parsing Configfile /home/pc-einstein/Documents/Alex/Vitech_Gerenciador/JM/bin/encoder.cfg.............................................................................................................................................................................................................................................................................................................................................................................................................................
Parsing command line string 'SourceWidth = 1280'.
Parsing command line string 'SourceHeight = 720'.
Parsing command line string 'FrameRate = 60.00'.
Parsing command line string 'SourceBitDepthLuma = 8'.
Parsing command line string 'SourceBitDepthChroma = 8'.
Parsing command line string 'OutputBitDepthLuma = 8'.
Parsing command line string 'OutputBitDepthChroma = 8'.
Parsing command line string 'QPISlice = 22'.
Parsing command line string 'QPPSlice = 22'.
Parsing command line string 'FramesToBeEncoded = 60'.
Parsing command line string 'OutputFile = /home/pc-einstein/Documents/Alex/Vitech_Gerenciador/Netflix_Tango_1280x720_60fps_8bit_420_120f/cq_22/video/coded_JM.h264'.
Parsing command line string 'InputFile = /home/pc-einstein/Documents/Alex/class_C/Netflix_Tango_1280x720_60fps_8bit_420_120f.yuv'.
Parsing command line string 'ReconFile = /home/pc-einstein/Documents/Alex/Vitech_Gerenciador/Netflix_Tango_1280x720_60fps_8bit_420_120f/cq_22/video/coded_JM.yuv'.
Parsing command line string 'LeakyBucketParamFile = /home/pc-einstein/Documents/Alex/Vitech_Gerenciador/Netflix_Tango_1280x720_60fps_8bit_420_120f/cq_22/log/leakybucketparam.cfg'.
Parsing command line string 'StatsFile = /home/pc-einstein/Documents/Alex/Vitech_Gerenciador/Netflix_Tango_1280x720_60fps_8bit_420_120f/cq_22/log/stats.dat'.

------------------------------- JM 19.0 (FRExt) -------------------------------
 Input YUV file                    : /home/pc-einstein/Documents/Alex/class_C/Netflix_Tango_1280x720_60fps_8bit_420_120f.yuv 
 Output H.264 bitstream            : /home/pc-einstein/Documents/Alex/Vitech_Gerenciador/Netflix_Tango_1280x720_60fps_8bit_420_120f/cq_22/video/coded_JM.h264 
 Output YUV file                   : /home/pc-einstein/Documents/Alex/Vitech_Gerenciador/Netflix_Tango_1280x720_60fps_8bit_420_120f/cq_22/video/coded_JM.yuv 
 YUV Format                        : YUV 4:2:0 
 Frames to be encoded              : 60
 Freq. for encoded bitstream       : 60.00
 PicInterlace / MbInterlace        : 0/0
 Transform8x8Mode                  : 1
 ME Metric for Refinement Level 0  : SAD
 ME Metric for Refinement Level 1  : Hadamard SAD
 ME Metric for Refinement Level 2  : Hadamard SAD
 Mode Decision Metric              : Hadamard SAD
 Motion Estimation for components  : Y
 Image format                      : 1280x720 (1280x720)
 Error robustness                  : Off
 Search range                      : 32
 Total number of references        : 5
 References for P slices           : 5
 References for B slices (L0, L1)  : 5, 1
 Sequence type                     : Hierarchy (QP: I 22, P 22, B 30) 
 Entropy coding method             : CABAC
 Profile/Level IDC                 : (100,40)
 Motion Estimation Scheme          : EPZS
 EPZS Pattern                      : Extended Diamond
 EPZS Dual Pattern                 : Extended Diamond
 EPZS Fixed Predictors             : Aggressive
 EPZS Aggressive Predictors        : Disabled
 EPZS Temporal Predictors          : Enabled
 EPZS Spatial Predictors           : Enabled
 EPZS Threshold Multipliers        : (1 0 2)
 EPZS Subpel ME                    : Basic
 EPZS Subpel ME BiPred             : Basic
 Search range restrictions         : none
 RD-optimized mode decision        : used
 Data Partitioning Mode            : 1 partition 
 Output File Format                : H.264/AVC Annex B Byte Stream Format 
-------------------------------------------------------------------------------
Frame     Bit/pic    QP   SnrY    SnrU    SnrV    Time(ms) MET(ms) Frm/Fld Ref  
-------------------------------------------------------------------------------
00000(NVB)     336 
00000(IDR)  623960   22  44.386  47.273  45.932      1159       0    FRM    3
00008( P )  491136   22  43.915  46.675  45.105      2143     451    FRM    2
00004( B )   96408   30  39.899  45.813  43.670      3035    1215    FRM    1
00002( B )   50480   31  39.680  46.090  43.946      3066    1286    FRM    1
00001( B )   19696   32  39.636  46.280  44.273      2977    1310    FRM    0
00003( B )   21688   32  38.623  45.622  43.371      3048    1416    FRM    0
00006( B )   49080   31  39.820  45.937  43.795      3366    1572    FRM    1
00005( B )   20816   32  38.742  45.468  43.299      3227    1619    FRM    0
00007( B )   19568   32  39.747  45.960  43.846      3175    1567    FRM    0
00016( P )  504920   22  44.118  46.762  45.130      3606    1713    FRM    2
00012( B )   88688   30  40.158  45.963  43.641      3886    1976    FRM    1
00010( B )   44192   31  39.987  46.006  43.690      3547    1723    FRM    1
00009( B )   18872   32  39.890  46.024  43.791      3130    1519    FRM    0
00011( B )   17984   32  38.926  45.684  43.203      3261    1586    FRM    0
00014( B )   43832   31  40.060  45.985  43.715      3514    1706    FRM    1
00013( B )   18168   32  39.035  45.667  43.277      3153    1569    FRM    0
00015( B )   17784   32  39.914  46.029  43.833      3205    1567    FRM    0
00024( P )  519704   22  44.156  46.705  45.105      3743    1872    FRM    2
00020( B )   87320   30  40.233  45.867  43.578      3784    1894    FRM    1
00018( B )   47216   31  40.006  45.938  43.604      3502    1702    FRM    1
00017( B )   19176   32  39.922  46.056  43.839      3054    1475    FRM    0
00019( B )   20360   32  38.948  45.632  43.171      3166    1560    FRM    0
00022( B )   49104   31  40.137  45.923  43.574      3536    1735    FRM    1
00021( B )   21176   32  38.994  45.619  43.062      3298    1601    FRM    0
00023( B )   22472   32  39.947  45.915  43.683      3197    1562    FRM    0
00032( P )  502648   22  44.181  46.768  45.008      3483    1604    FRM    2
00028( B )   85400   30  40.423  45.901  43.553      3737    1852    FRM    1
00026( B )   49656   31  40.202  45.872  43.509      3481    1670    FRM    1
00025( B )   22040   32  39.991  45.965  43.721      3189    1532    FRM    0
00027( B )   22600   32  39.139  45.583  43.063      3255    1561    FRM    0
00030( B )   48840   31  40.245  45.963  43.540      3484    1707    FRM    1
00029( B )   22768   32  39.121  45.586  43.007      3288    1616    FRM    0
00031( B )   21992   32  39.983  46.036  43.689      3223    1574    FRM    0
00040( P )  492608   22  44.183  46.763  45.094      3522    1662    FRM    2
00036( B )   88568   30  40.461  45.837  43.534      3891    1921    FRM    1
00034( B )   48368   31  40.313  45.997  43.572      3502    1743    FRM    1
00033( B )   22408   32  40.039  46.028  43.738      3229    1583    FRM    0
00035( B )   23304   32  39.187  45.635  43.078      3295    1641    FRM    0
00038( B )   49792   31  40.288  45.923  43.625      3622    1776    FRM    1
00037( B )   23280   32  39.199  45.544  43.069      3356    1648    FRM    0
00039( B )   22296   32  40.083  46.003  43.679      3293    1597    FRM    0
00048( P )  472984   22  44.084  46.864  45.082      3417    1585    FRM    2
00044( B )   83072   30  40.582  45.983  43.399      3804    1946    FRM    1
00042( B )   46624   31  40.386  45.984  43.537      3511    1750    FRM    1
00041( B )   22208   32  40.100  46.078  43.699      3198    1583    FRM    0
00043( B )   22032   32  39.299  45.667  42.999      3249    1629    FRM    0
00046( B )   44944   31  40.374  46.073  43.479      3526    1779    FRM    1
00045( B )   20912   32  39.316  45.733  42.949      3270    1655    FRM    0
00047( B )   19368   32  40.090  46.162  43.629      3250    1634    FRM    0
00056( P )  456592   22  44.152  46.939  45.176      3413    1587    FRM    2
00052( B )   76912   30  40.681  46.230  43.633      3747    1918    FRM    1
00050( B )   43456   31  40.408  46.226  43.607      3485    1746    FRM    1
00049( B )   17280   32  39.959  46.187  43.662      3177    1585    FRM    0
00051( B )   19936   32  39.408  45.859  43.082      3261    1630    FRM    0
00054( B )   40976   31  40.520  46.241  43.692      3497    1747    FRM    1
00053( B )   18296   32  39.354  45.878  43.061      3238    1638    FRM    0
00055( B )   16432   32  40.208  46.279  43.760      3184    1592    FRM    0
00059( P )  310432   22  44.140  47.038  45.310      3038    1358    FRM    2
00057( B )   29984   30  41.558  46.666  44.486      3318    1611    FRM    0
00058( B )   29624   30  41.566  46.688  44.489      3418    1719    FRM    0
-------------------------------------------------------------------------------
 Total Frames:  60 
 LeakyBucketRate File does not exist. Using rate calculated from avg. rate 
 Number Leaky Buckets: 8 
     Rmin     Bmin     Fmin 
  6272400  1010556  1010556 
  7840500   984421   984421 
  9408600   958286   958286 
 10976700   932151   932151 
 12544800   906016   906016 
 14112900   879881   879881 
 15681000   853746   853746 
 17249100   827611   827611 
------------------ Average data all frames  -----------------------------------

 Total encoding time for the seq.  : 198.660 sec (0.30 fps)
 Total ME time for sequence        :  95.604 sec 

 Y { PSNR (dB), cSNR (dB), MSE }   : {  40.535,  40.284,   6.09094 }
 U { PSNR (dB), cSNR (dB), MSE }   : {  46.084,  46.066,   1.60868 }
 V { PSNR (dB), cSNR (dB), MSE }   : {  43.806,  43.756,   2.73822 }

 Total bits                        : 6272768 (I 623960, P 3751024, B 1897448 NVB 336) 
 Bit rate (kbit/s)  @ 60.00 Hz     : 6272.77
 Bits to avoid Startcode Emulation : 459 
 Bits for parameter sets           : 336 
 Bits for filler data              : 0 

-------------------------------------------------------------------------------
Exit JM 19 (FRExt) encoder ver 19.0 
