******************************************************************
** WARNING: --SEIDecodedPictureHash is now disabled by default. **
**          Automatic verification of decoded pictures by a     **
**          decoder requires this option to be enabled.         **
******************************************************************
***************************************************************************
** WARNING: For conforming bitstreams a valid Level value must be set!   **
***************************************************************************

HM software: Encoder Version [16.20] (including RExt)[Linux][GCC 11.3.0][64 bit] 


Input          File                    : /home/pc-einstein/Documents/Alex/class_C/Netflix_Tango_1280x720_60fps_8bit_420_120f.yuv
Bitstream      File                    : /home/pc-einstein/Documents/Alex/Vitech_Gerenciador/Netflix_Tango_1280x720_60fps_8bit_420_120f/cq_22/video/coded_HM.hevc
Reconstruction File                    : /home/pc-einstein/Documents/Alex/Vitech_Gerenciador/Netflix_Tango_1280x720_60fps_8bit_420_120f/cq_22/video/coded_HM.yuv
Real     Format                        : 1280x720 60Hz
Internal Format                        : 1280x720 60Hz
Sequence PSNR output                   : Linear average only
Sequence MSE output                    : Disabled
Frame MSE output                       : Disabled
MS-SSIM output                         : Disabled
xPSNR calculation                      : Disabled
Cabac-zero-word-padding                : Enabled
Frame/Field                            : Frame based coding
Frame index                            : 0 - 59 (60 frames)
Profile                                : main
CU size / depth / total-depth          : 64 / 4 / 4
RQT trans. size (min / max)            : 4 / 32
Max RQT depth inter                    : 3
Max RQT depth intra                    : 3
Min PCM size                           : 8
Motion search range                    : 384
Intra period                           : 32
Decoding refresh type                  : 1
QP                                     : 22
Max dQP signaling depth                : 0
Cb QP Offset                           : 0
Cr QP Offset                           : 0
QP adaptation                          : 0 (range=0)
GOP size                               : 16
Input bit depth                        : (Y:8, C:8)
MSB-extended bit depth                 : (Y:8, C:8)
Internal bit depth                     : (Y:8, C:8)
PCM sample bit depth                   : (Y:8, C:8)
Intra reference smoothing              : Enabled
diff_cu_chroma_qp_offset_depth         : -1
extended_precision_processing_flag     : Disabled
implicit_rdpcm_enabled_flag            : Disabled
explicit_rdpcm_enabled_flag            : Disabled
transform_skip_rotation_enabled_flag   : Disabled
transform_skip_context_enabled_flag    : Disabled
cross_component_prediction_enabled_flag: Disabled
high_precision_offsets_enabled_flag    : Disabled
persistent_rice_adaptation_enabled_flag: Disabled
cabac_bypass_alignment_enabled_flag    : Disabled
log2_sao_offset_scale_luma             : 0
log2_sao_offset_scale_chroma           : 0
Cost function:                         : Lossy coding (default)
RateControl                            : 0
WPMethod                               : 0
Max Num Merge Candidates               : 5

TOOL CFG: IBD:0 HAD:1 RDQ:1 RDQTS:1 RDpenalty:0 LQP:0 SQP:0 ASR:1 MinSearchWindow:96 RestrictMESampling:0 FEN:1 ECU:0 FDM:1 CFM:0 ESD:0 RQT:1 TransformSkip:1 TransformSkipFast:1 TransformSkipLog2MaxSize:2 Slice: M=0 SliceSegment: M=0 CIP:0 SAO:1 PCM:0 TransQuantBypassEnabled:0 WPP:0 WPB:0 PME:2  WaveFrontSynchro:0 WaveFrontSubstreams:1 ScalingList:0 TMVPMode:1 AQpS:0 SignBitHidingFlag:1 RecalQP:0

Non-environment-variable-controlled macros set as follows: 

                                RExt__DECODER_DEBUG_BIT_STATISTICS =   0
                                      RExt__HIGH_BIT_DEPTH_SUPPORT =   0
                            RExt__HIGH_PRECISION_FORWARD_TRANSFORM =   0
                                        O0043_BEST_EFFORT_DECODING =   0
                                         ME_ENABLE_ROUNDING_OF_MVS =   1

                   Input ChromaFormatIDC =   4:2:0
       Output (internal) ChromaFormatIDC =   4:2:0

POC    0 TId: 0 ( I-SLICE, nQP 19 QP 19 )     642232 bits [Y 45.8990 dB    U 48.7261 dB    V 47.5599 dB] [ET     5 ] [L0 ] [L1 ]
POC   16 TId: 0 ( B-SLICE, nQP 23 QP 23 )     388648 bits [Y 43.8594 dB    U 47.3477 dB    V 45.5041 dB] [ET    25 ] [L0 0 ] [L1 0 ]
POC    8 TId: 1 ( B-SLICE, nQP 23 QP 23 )     308816 bits [Y 43.8976 dB    U 47.6482 dB    V 45.8358 dB] [ET    22 ] [L0 0 16 ] [L1 16 0 ]
POC    4 TId: 2 ( B-SLICE, nQP 26 QP 26 )     157288 bits [Y 42.8055 dB    U 47.4346 dB    V 45.4633 dB] [ET    20 ] [L0 0 8 ] [L1 8 16 ]
POC    2 TId: 3 ( B-SLICE, nQP 27 QP 27 )      84880 bits [Y 42.8478 dB    U 47.7470 dB    V 45.8858 dB] [ET    13 ] [L0 0 4 ] [L1 4 8 ]
POC    1 TId: 4 ( B-SLICE, nQP 29 QP 29 )      30240 bits [Y 42.9210 dB    U 48.0417 dB    V 46.3185 dB] [ET     9 ] [L0 0 2 ] [L1 2 4 ]
POC    3 TId: 4 ( B-SLICE, nQP 29 QP 29 )      31064 bits [Y 42.3011 dB    U 47.6201 dB    V 45.6097 dB] [ET    10 ] [L0 2 0 ] [L1 4 8 ]
POC    6 TId: 3 ( B-SLICE, nQP 27 QP 27 )      77176 bits [Y 42.6301 dB    U 47.4780 dB    V 45.4274 dB] [ET    16 ] [L0 4 0 ] [L1 8 16 ]
POC    5 TId: 4 ( B-SLICE, nQP 29 QP 29 )      29648 bits [Y 42.2397 dB    U 47.4683 dB    V 45.3993 dB] [ET    10 ] [L0 4 0 ] [L1 6 8 ]
POC    7 TId: 4 ( B-SLICE, nQP 29 QP 29 )      27248 bits [Y 42.5825 dB    U 47.6078 dB    V 45.4852 dB] [ET    12 ] [L0 6 4 ] [L1 8 16 ]
POC   12 TId: 2 ( B-SLICE, nQP 26 QP 26 )     137840 bits [Y 42.7271 dB    U 47.2711 dB    V 45.0919 dB] [ET    19 ] [L0 8 0 ] [L1 16 8 ]
POC   10 TId: 3 ( B-SLICE, nQP 27 QP 27 )      70440 bits [Y 42.6313 dB    U 47.4754 dB    V 45.2434 dB] [ET    16 ] [L0 8 0 ] [L1 12 16 ]
POC    9 TId: 4 ( B-SLICE, nQP 29 QP 29 )      25528 bits [Y 42.5504 dB    U 47.5523 dB    V 45.3597 dB] [ET    12 ] [L0 8 0 ] [L1 10 12 ]
POC   11 TId: 4 ( B-SLICE, nQP 29 QP 29 )      24144 bits [Y 42.2495 dB    U 47.4308 dB    V 45.1070 dB] [ET    10 ] [L0 10 8 ] [L1 12 16 ]
POC   14 TId: 3 ( B-SLICE, nQP 27 QP 27 )      68480 bits [Y 42.6090 dB    U 47.2822 dB    V 45.1147 dB] [ET    12 ] [L0 12 8 ] [L1 16 12 ]
POC   13 TId: 4 ( B-SLICE, nQP 29 QP 29 )      24800 bits [Y 42.2422 dB    U 47.3120 dB    V 45.0753 dB] [ET    10 ] [L0 12 8 ] [L1 14 16 ]
POC   15 TId: 4 ( B-SLICE, nQP 29 QP 29 )      24656 bits [Y 42.5216 dB    U 47.3026 dB    V 45.1773 dB] [ET     9 ] [L0 14 12 ] [L1 16 14 ]
POC   32 TId: 0 ( I-SLICE, nQP 19 QP 19 )     639032 bits [Y 45.8601 dB    U 48.6863 dB    V 47.1486 dB] [ET     5 ] [L0 ] [L1 ]
POC   24 TId: 1 ( B-SLICE, nQP 23 QP 23 )     292536 bits [Y 43.9036 dB    U 47.6645 dB    V 45.7272 dB] [ET    29 ] [L0 16 8 ] [L1 32 16 ]
POC   20 TId: 2 ( B-SLICE, nQP 26 QP 26 )     136632 bits [Y 42.7513 dB    U 47.1981 dB    V 45.0460 dB] [ET    24 ] [L0 16 8 ] [L1 24 32 ]
POC   18 TId: 3 ( B-SLICE, nQP 27 QP 27 )      72264 bits [Y 42.6275 dB    U 47.2609 dB    V 45.0416 dB] [ET    15 ] [L0 16 8 ] [L1 20 24 ]
POC   17 TId: 4 ( B-SLICE, nQP 29 QP 29 )      27680 bits [Y 42.4895 dB    U 47.2681 dB    V 45.1547 dB] [ET     9 ] [L0 16 18 ] [L1 18 20 ]
POC   19 TId: 4 ( B-SLICE, nQP 29 QP 29 )      27560 bits [Y 42.2604 dB    U 47.2472 dB    V 45.0116 dB] [ET    10 ] [L0 18 16 ] [L1 20 24 ]
POC   22 TId: 3 ( B-SLICE, nQP 27 QP 27 )      72504 bits [Y 42.6570 dB    U 47.3723 dB    V 45.1332 dB] [ET    15 ] [L0 20 16 ] [L1 24 32 ]
POC   21 TId: 4 ( B-SLICE, nQP 29 QP 29 )      28816 bits [Y 42.2649 dB    U 47.3064 dB    V 45.0342 dB] [ET    10 ] [L0 20 16 ] [L1 22 24 ]
POC   23 TId: 4 ( B-SLICE, nQP 29 QP 29 )      29480 bits [Y 42.5930 dB    U 47.4332 dB    V 45.1983 dB] [ET    11 ] [L0 22 20 ] [L1 24 32 ]
POC   28 TId: 2 ( B-SLICE, nQP 26 QP 26 )     130776 bits [Y 43.0700 dB    U 47.5919 dB    V 45.5128 dB] [ET    18 ] [L0 24 16 ] [L1 32 24 ]
POC   26 TId: 3 ( B-SLICE, nQP 27 QP 27 )      71520 bits [Y 42.7687 dB    U 47.5419 dB    V 45.3700 dB] [ET    15 ] [L0 24 16 ] [L1 28 32 ]
POC   25 TId: 4 ( B-SLICE, nQP 29 QP 29 )      30200 bits [Y 42.6451 dB    U 47.5529 dB    V 45.3163 dB] [ET    12 ] [L0 24 16 ] [L1 26 28 ]
POC   27 TId: 4 ( B-SLICE, nQP 29 QP 29 )      30152 bits [Y 42.4331 dB    U 47.5471 dB    V 45.3002 dB] [ET    10 ] [L0 26 24 ] [L1 28 32 ]
POC   30 TId: 3 ( B-SLICE, nQP 27 QP 27 )      70008 bits [Y 43.1173 dB    U 47.8425 dB    V 45.7160 dB] [ET    12 ] [L0 28 24 ] [L1 32 28 ]
POC   29 TId: 4 ( B-SLICE, nQP 29 QP 29 )      31440 bits [Y 42.5522 dB    U 47.7067 dB    V 45.4786 dB] [ET    10 ] [L0 28 24 ] [L1 30 32 ]
POC   31 TId: 4 ( B-SLICE, nQP 29 QP 29 )      29240 bits [Y 43.1889 dB    U 48.0595 dB    V 46.0272 dB] [ET     9 ] [L0 30 28 ] [L1 32 30 ]
POC   48 TId: 0 ( B-SLICE, nQP 23 QP 23 )     371056 bits [Y 43.7670 dB    U 47.5073 dB    V 45.3657 dB] [ET    23 ] [L0 32 ] [L1 32 ]
POC   40 TId: 1 ( B-SLICE, nQP 23 QP 23 )     264016 bits [Y 43.8770 dB    U 47.6496 dB    V 45.6387 dB] [ET    20 ] [L0 32 48 ] [L1 48 32 ]
POC   36 TId: 2 ( B-SLICE, nQP 26 QP 26 )     130960 bits [Y 43.0269 dB    U 47.4719 dB    V 45.3515 dB] [ET    18 ] [L0 32 40 ] [L1 40 48 ]
POC   34 TId: 3 ( B-SLICE, nQP 27 QP 27 )      70536 bits [Y 43.0943 dB    U 47.8350 dB    V 45.6607 dB] [ET    12 ] [L0 32 36 ] [L1 36 40 ]
POC   33 TId: 4 ( B-SLICE, nQP 29 QP 29 )      29656 bits [Y 43.2169 dB    U 48.0710 dB    V 46.0186 dB] [ET     9 ] [L0 32 34 ] [L1 34 36 ]
POC   35 TId: 4 ( B-SLICE, nQP 29 QP 29 )      29680 bits [Y 42.6400 dB    U 47.7115 dB    V 45.4463 dB] [ET    10 ] [L0 34 32 ] [L1 36 40 ]
POC   38 TId: 3 ( B-SLICE, nQP 27 QP 27 )      71504 bits [Y 42.8386 dB    U 47.4838 dB    V 45.2344 dB] [ET    15 ] [L0 36 32 ] [L1 40 48 ]
POC   37 TId: 4 ( B-SLICE, nQP 29 QP 29 )      30992 bits [Y 42.5231 dB    U 47.4792 dB    V 45.1889 dB] [ET    10 ] [L0 36 32 ] [L1 38 40 ]
POC   39 TId: 4 ( B-SLICE, nQP 29 QP 29 )      29000 bits [Y 42.6664 dB    U 47.5389 dB    V 45.2429 dB] [ET    11 ] [L0 38 36 ] [L1 40 48 ]
POC   44 TId: 2 ( B-SLICE, nQP 26 QP 26 )     122152 bits [Y 42.8233 dB    U 47.2364 dB    V 44.9147 dB] [ET    18 ] [L0 40 32 ] [L1 48 40 ]
POC   42 TId: 3 ( B-SLICE, nQP 27 QP 27 )      67280 bits [Y 42.7759 dB    U 47.3918 dB    V 45.0708 dB] [ET    15 ] [L0 40 32 ] [L1 44 48 ]
POC   41 TId: 4 ( B-SLICE, nQP 29 QP 29 )      28072 bits [Y 42.6737 dB    U 47.4646 dB    V 45.2259 dB] [ET    11 ] [L0 40 32 ] [L1 42 44 ]
POC   43 TId: 4 ( B-SLICE, nQP 29 QP 29 )      28560 bits [Y 42.3888 dB    U 47.3566 dB    V 44.9156 dB] [ET    10 ] [L0 42 40 ] [L1 44 48 ]
POC   46 TId: 3 ( B-SLICE, nQP 27 QP 27 )      65104 bits [Y 42.6850 dB    U 47.3444 dB    V 44.9371 dB] [ET    12 ] [L0 44 40 ] [L1 48 44 ]
POC   45 TId: 4 ( B-SLICE, nQP 29 QP 29 )      27672 bits [Y 42.3670 dB    U 47.3424 dB    V 44.8680 dB] [ET    10 ] [L0 44 40 ] [L1 46 48 ]
POC   47 TId: 4 ( B-SLICE, nQP 29 QP 29 )      25280 bits [Y 42.5961 dB    U 47.4019 dB    V 44.9829 dB] [ET     9 ] [L0 46 44 ] [L1 48 46 ]
POC   56 TId: 1 ( B-SLICE, nQP 23 QP 23 )     305576 bits [Y 43.7219 dB    U 47.4606 dB    V 45.3835 dB] [ET    26 ] [L0 48 40 ] [L1 48 40 ]
POC   52 TId: 2 ( B-SLICE, nQP 26 QP 26 )     114960 bits [Y 42.7600 dB    U 47.2958 dB    V 44.8844 dB] [ET    17 ] [L0 48 40 ] [L1 56 48 ]
POC   50 TId: 3 ( B-SLICE, nQP 27 QP 27 )      63064 bits [Y 42.6468 dB    U 47.3543 dB    V 44.9602 dB] [ET    15 ] [L0 48 40 ] [L1 52 56 ]
POC   49 TId: 4 ( B-SLICE, nQP 29 QP 29 )      25296 bits [Y 42.5623 dB    U 47.4317 dB    V 45.0104 dB] [ET     9 ] [L0 48 50 ] [L1 50 52 ]
POC   51 TId: 4 ( B-SLICE, nQP 29 QP 29 )      25952 bits [Y 42.3190 dB    U 47.3504 dB    V 44.8833 dB] [ET    10 ] [L0 50 48 ] [L1 52 56 ]
POC   54 TId: 3 ( B-SLICE, nQP 27 QP 27 )      60504 bits [Y 42.7201 dB    U 47.3313 dB    V 44.9977 dB] [ET    11 ] [L0 52 48 ] [L1 56 52 ]
POC   53 TId: 4 ( B-SLICE, nQP 29 QP 29 )      24296 bits [Y 42.3824 dB    U 47.3794 dB    V 44.8898 dB] [ET    10 ] [L0 52 48 ] [L1 54 56 ]
POC   55 TId: 4 ( B-SLICE, nQP 29 QP 29 )      22120 bits [Y 42.6789 dB    U 47.3969 dB    V 45.0842 dB] [ET     8 ] [L0 54 52 ] [L1 56 54 ]
POC   58 TId: 3 ( B-SLICE, nQP 27 QP 27 )      85032 bits [Y 42.4744 dB    U 47.0732 dB    V 44.6280 dB] [ET    14 ] [L0 56 48 ] [L1 56 48 ]
POC   57 TId: 4 ( B-SLICE, nQP 29 QP 29 )      21368 bits [Y 42.6358 dB    U 47.2936 dB    V 44.9767 dB] [ET    10 ] [L0 56 48 ] [L1 58 56 ]
POC   59 TId: 4 ( B-SLICE, nQP 29 QP 29 )      45248 bits [Y 41.8288 dB    U 46.8315 dB    V 44.1884 dB] [ET    10 ] [L0 58 56 ] [L1 58 56 ]


SUMMARY --------------------------------------------------------
	Total Frames |   Bitrate     Y-PSNR    U-PSNR    V-PSNR    YUV-PSNR  
	       60    a    6057.9040   42.8565   47.5085   45.3304   43.6830  


I Slices--------------------------------------------------------
	Total Frames |   Bitrate     Y-PSNR    U-PSNR    V-PSNR    YUV-PSNR  
	        2    i   38437.9200   45.8795   48.7062   47.3543   46.4723  


P Slices--------------------------------------------------------
	Total Frames |   Bitrate     Y-PSNR    U-PSNR    V-PSNR    YUV-PSNR  
	        0    p         -nan      -nan      -nan      -nan      -nan  


B Slices--------------------------------------------------------
	Total Frames |   Bitrate     Y-PSNR    U-PSNR    V-PSNR    YUV-PSNR  
	       58    b    4941.3517   42.7522   47.4672   45.2606   43.6126  

RVM: 0.000
Bytes written to file: 757238 (6057.904 kbps)

 Total Time:      792.913 sec.
