
Warning: Hierarchical coding or Referenced B slices used.
         Make sure that you have allocated enough references
         in reference buffer to achieve best performance.
Warning: Automatic cropping activated: Coded frame Size: 1920x1088
Setting Default Parameters...
Parsing Configfile /home/pc-chomsky/Documents/h264_gerenciador/JM/bin/encoder.cfg.............................................................................................................................................................................................................................................................................................................................................................................................................................
Parsing command line string 'LevelIDC = 50'.
Parsing command line string 'SourceWidth = 1920'.
Parsing command line string 'SourceHeight = 1080'.
Parsing command line string 'FrameRate = 50.00'.
Parsing command line string 'SourceBitDepthLuma = 8'.
Parsing command line string 'SourceBitDepthChroma = 8'.
Parsing command line string 'OutputBitDepthLuma = 8'.
Parsing command line string 'OutputBitDepthChroma = 8'.
Parsing command line string 'QPISlice = 22'.
Parsing command line string 'QPPSlice = 22'.
Parsing command line string 'FramesToBeEncoded = 60'.
Parsing command line string 'OutputFile = /home/pc-chomsky/Documents/h264_gerenciador/BasketballDrive_1920x1080_50/cq_22/video/coded_JM.h264'.
Parsing command line string 'InputFile = /home/pc-chomsky/Videos/class_E/BasketballDrive_1920x1080_50.yuv'.
Parsing command line string 'ReconFile = /home/pc-chomsky/Documents/h264_gerenciador/BasketballDrive_1920x1080_50/cq_22/video/coded_JM.yuv'.
Parsing command line string 'LeakyBucketParamFile = /home/pc-chomsky/Documents/h264_gerenciador/BasketballDrive_1920x1080_50/cq_22/log/leakybucketparam.cfg'.
Parsing command line string 'StatsFile = /home/pc-chomsky/Documents/h264_gerenciador/BasketballDrive_1920x1080_50/cq_22/log/stats.dat'.

------------------------------- JM 19.0 (FRExt) -------------------------------
 Input YUV file                    : /home/pc-chomsky/Videos/class_E/BasketballDrive_1920x1080_50.yuv 
 Output H.264 bitstream            : /home/pc-chomsky/Documents/h264_gerenciador/BasketballDrive_1920x1080_50/cq_22/video/coded_JM.h264 
 Output YUV file                   : /home/pc-chomsky/Documents/h264_gerenciador/BasketballDrive_1920x1080_50/cq_22/video/coded_JM.yuv 
 YUV Format                        : YUV 4:2:0 
 Frames to be encoded              : 60
 Freq. for encoded bitstream       : 50.00
 PicInterlace / MbInterlace        : 0/0
 Transform8x8Mode                  : 1
 ME Metric for Refinement Level 0  : SAD
 ME Metric for Refinement Level 1  : Hadamard SAD
 ME Metric for Refinement Level 2  : Hadamard SAD
 Mode Decision Metric              : Hadamard SAD
 Motion Estimation for components  : Y
 Image format                      : 1920x1080 (1920x1088)
 Error robustness                  : Off
 Search range                      : 32
 Total number of references        : 5
 References for P slices           : 5
 References for B slices (L0, L1)  : 5, 1
 Sequence type                     : Hierarchy (QP: I 22, P 22, B 30) 
 Entropy coding method             : CABAC
 Profile/Level IDC                 : (100,50)
 Motion Estimation Scheme          : EPZS
 EPZS Pattern                      : Extended Diamond
 EPZS Dual Pattern                 : Extended Diamond
 EPZS Fixed Predictors             : Aggressive
 EPZS Aggressive Predictors        : Disabled
 EPZS Temporal Predictors          : Enabled
 EPZS Spatial Predictors           : Enabled
 EPZS Threshold Multipliers        : (1 0 2)
 EPZS Subpel ME                    : Basic
 EPZS Subpel ME BiPred             : Basic
 Search range restrictions         : none
 RD-optimized mode decision        : used
 Data Partitioning Mode            : 1 partition 
 Output File Format                : H.264/AVC Annex B Byte Stream Format 
-------------------------------------------------------------------------------
Frame     Bit/pic    QP   SnrY    SnrU    SnrV    Time(ms) MET(ms) Frm/Fld Ref  
-------------------------------------------------------------------------------
00000(NVB)     344 
00000(IDR) 1398000   22  41.465  45.252  46.708      2104       0    FRM    3
00008( P ) 1234592   22  41.173  44.865  46.154      3916     838    FRM    2
00004( B )  160736   30  37.963  43.494  43.931      5262    2175    FRM    1
00002( B )   99536   31  37.906  43.532  44.007      5471    2438    FRM    1
00001( B )   53384   32  37.693  43.735  44.191      5424    2610    FRM    0
00003( B )   56904   32  37.291  43.159  43.303      5452    2675    FRM    0
00006( B )  110944   31  37.890  43.403  43.714      5894    2938    FRM    1
00005( B )   59632   32  37.310  43.174  43.270      5795    3088    FRM    0
00007( B )   57064   32  37.606  43.580  43.747      5816    2996    FRM    0
00016( P ) 1142336   22  41.215  44.973  46.397      6401    3146    FRM    2
00012( B )  146848   30  38.174  43.611  44.184      6807    3526    FRM    1
00010( B )  102632   31  38.000  43.393  43.880      6359    3249    FRM    1
00009( B )   54280   32  37.571  43.436  43.836      5657    2949    FRM    0
00011( B )   50440   32  37.453  43.079  43.385      5789    2981    FRM    0
00014( B )   81528   31  38.140  43.658  44.175      6145    3079    FRM    1
00013( B )   43656   32  37.520  43.220  43.503      5758    2953    FRM    0
00015( B )   40856   32  37.950  43.731  44.248      5592    2929    FRM    0
00024( P ) 1223112   22  41.200  44.836  46.198      6581    3315    FRM    2
00020( B )  154272   30  38.323  43.498  44.103      6802    3551    FRM    1
00018( B )   84016   31  38.218  43.518  44.181      6137    3087    FRM    1
00017( B )   39928   32  37.962  43.594  44.169      5673    2902    FRM    0
00019( B )   44592   32  37.676  43.140  43.520      5757    2936    FRM    0
00022( B )   94736   31  38.214  43.352  44.028      6109    3179    FRM    1
00021( B )   45680   32  37.616  42.973  43.387      5838    2990    FRM    0
00023( B )   49000   32  37.888  43.373  43.902      5863    3017    FRM    0
00032( P ) 1309104   22  41.165  44.594  45.966      6806    3415    FRM    2
00028( B )  200520   30  38.095  43.122  43.637      6959    3591    FRM    1
00026( B )  112752   31  37.995  43.188  43.844      6333    3187    FRM    1
00025( B )   53688   32  37.814  43.255  43.809      5780    2948    FRM    0
00027( B )   61080   32  37.301  42.805  43.146      5871    2999    FRM    0
00030( B )  112720   31  37.955  43.157  43.666      6358    3239    FRM    1
00029( B )   59024   32  37.231  42.738  43.052      5938    3066    FRM    0
00031( B )   52360   32  37.675  43.274  43.711      5818    3072    FRM    0
00040( P ) 1401208   22  41.124  44.419  45.803      6692    3413    FRM    2
00036( B )  216464   30  37.998  42.940  43.335      6955    3592    FRM    1
00034( B )  131680   31  37.892  43.063  43.432      6522    3305    FRM    1
00033( B )   63304   32  37.573  43.143  43.492      5972    3059    FRM    0
00035( B )   71624   32  37.192  42.618  42.762      5994    3090    FRM    0
00038( B )  133328   31  37.770  42.977  43.431      6455    3312    FRM    1
00037( B )   66632   32  37.214  42.676  42.879      5987    3106    FRM    0
00039( B )   60000   32  37.547  43.149  43.601      5835    3051    FRM    0
00048( P ) 1697824   22  41.253  44.132  45.490      6773    3296    FRM    2
00044( B )  250192   30  37.652  42.695  42.978      7108    3710    FRM    1
00042( B )  142728   31  37.648  42.796  43.165      6421    3298    FRM    1
00041( B )   62568   32  37.331  43.046  43.340      5910    3054    FRM    0
00043( B )   72432   32  36.945  42.456  42.469      5988    3112    FRM    0
00046( B )  167072   31  37.351  42.627  42.900      6608    3493    FRM    1
00045( B )   81184   32  36.735  42.425  42.336      6059    3244    FRM    0
00047( B )   74848   32  37.052  42.859  43.091      5912    3147    FRM    0
00056( P ) 1726728   22  41.264  44.012  45.396      6796    3228    FRM    2
00052( B )  250424   30  37.513  42.489  42.798      7252    3869    FRM    1
00050( B )  176472   31  37.235  42.459  42.824      6747    3506    FRM    1
00049( B )   78296   32  37.069  42.841  43.041      6102    3155    FRM    0
00051( B )   89168   32  36.728  42.213  42.188      6175    3200    FRM    0
00054( B )  174424   31  37.136  42.387  42.742      6790    3541    FRM    1
00053( B )   90624   32  36.726  42.201  42.182      6246    3272    FRM    0
00055( B )   83920   32  36.803  42.657  42.852      6118    3160    FRM    0
00059( P ) 1733272   22  41.257  43.750  45.144      6606    3038    FRM    2
00057( B )  167600   30  37.302  42.892  43.404      6627    3443    FRM    0
00058( B )  155736   30  37.277  42.914  43.440      6667    3512    FRM    0
-------------------------------------------------------------------------------
 Total Frames:  60 
 LeakyBucketRate File does not exist. Using rate calculated from avg. rate 
 Number Leaky Buckets: 8 
     Rmin     Bmin     Fmin 
 15008050  2332431  2332431 
 18760050  2257391  2257391 
 22512050  2182351  2182351 
 26264050  2107311  2107311 
 30016050  2032271  2032271 
 33768048  1957232  1957232 
 37520048  1882192  1882192 
 41272048  1807152  1807152 
------------------ Average data all frames  -----------------------------------

 Total encoding time for the seq.  : 365.612 sec (0.16 fps)
 Total ME time for sequence        : 184.302 sec 

 Y { PSNR (dB), cSNR (dB), MSE }   : {  38.121,  37.940,  10.44890 }
 U { PSNR (dB), cSNR (dB), MSE }   : {  43.276,  43.226,   3.09341 }
 V { PSNR (dB), cSNR (dB), MSE }   : {  43.791,  43.677,   2.78824 }

 Total bits                        : 18010048 (I 1398000, P 11468176, B 5143528 NVB 344) 
 Bit rate (kbit/s)  @ 50.00 Hz     : 15008.37
 Bits to avoid Startcode Emulation : 418 
 Bits for parameter sets           : 344 
 Bits for filler data              : 0 

-------------------------------------------------------------------------------
Exit JM 19 (FRExt) encoder ver 19.0 
