******************************************************************
** WARNING: --SEIDecodedPictureHash is now disabled by default. **
**          Automatic verification of decoded pictures by a     **
**          decoder requires this option to be enabled.         **
******************************************************************
***************************************************************************
** WARNING: For conforming bitstreams a valid Level value must be set!   **
***************************************************************************

HM software: Encoder Version [16.20] (including RExt)[Linux][GCC 9.4.0][64 bit] 


Input          File                    : /home/pc-poincare/Documents/Alex/class_E/Netflix_Boat_1920x1080_60fps_8bit_420_60f.yuv
Bitstream      File                    : /home/pc-poincare/Documents/Alex/ViTech_Gerenciador-main/Netflix_Boat_1920x1080_60fps_8bit_420_60f/cq_22/video/coded_HM.hevc
Reconstruction File                    : /home/pc-poincare/Documents/Alex/ViTech_Gerenciador-main/Netflix_Boat_1920x1080_60fps_8bit_420_60f/cq_22/video/coded_HM.yuv
Real     Format                        : 1920x1080 60Hz
Internal Format                        : 1920x1080 60Hz
Sequence PSNR output                   : Linear average only
Sequence MSE output                    : Disabled
Frame MSE output                       : Disabled
MS-SSIM output                         : Disabled
xPSNR calculation                      : Disabled
Cabac-zero-word-padding                : Enabled
Frame/Field                            : Frame based coding
Frame index                            : 0 - 59 (60 frames)
Profile                                : main
CU size / depth / total-depth          : 64 / 4 / 4
RQT trans. size (min / max)            : 4 / 32
Max RQT depth inter                    : 3
Max RQT depth intra                    : 3
Min PCM size                           : 8
Motion search range                    : 384
Intra period                           : 32
Decoding refresh type                  : 1
QP                                     : 22
Max dQP signaling depth                : 0
Cb QP Offset                           : 0
Cr QP Offset                           : 0
QP adaptation                          : 0 (range=0)
GOP size                               : 16
Input bit depth                        : (Y:8, C:8)
MSB-extended bit depth                 : (Y:8, C:8)
Internal bit depth                     : (Y:8, C:8)
PCM sample bit depth                   : (Y:8, C:8)
Intra reference smoothing              : Enabled
diff_cu_chroma_qp_offset_depth         : -1
extended_precision_processing_flag     : Disabled
implicit_rdpcm_enabled_flag            : Disabled
explicit_rdpcm_enabled_flag            : Disabled
transform_skip_rotation_enabled_flag   : Disabled
transform_skip_context_enabled_flag    : Disabled
cross_component_prediction_enabled_flag: Disabled
high_precision_offsets_enabled_flag    : Disabled
persistent_rice_adaptation_enabled_flag: Disabled
cabac_bypass_alignment_enabled_flag    : Disabled
log2_sao_offset_scale_luma             : 0
log2_sao_offset_scale_chroma           : 0
Cost function:                         : Lossy coding (default)
RateControl                            : 0
WPMethod                               : 0
Max Num Merge Candidates               : 5

TOOL CFG: IBD:0 HAD:1 RDQ:1 RDQTS:1 RDpenalty:0 LQP:0 SQP:0 ASR:1 MinSearchWindow:96 RestrictMESampling:0 FEN:1 ECU:0 FDM:1 CFM:0 ESD:0 RQT:1 TransformSkip:1 TransformSkipFast:1 TransformSkipLog2MaxSize:2 Slice: M=0 SliceSegment: M=0 CIP:0 SAO:1 PCM:0 TransQuantBypassEnabled:0 WPP:0 WPB:0 PME:2  WaveFrontSynchro:0 WaveFrontSubstreams:1 ScalingList:0 TMVPMode:1 AQpS:0 SignBitHidingFlag:1 RecalQP:0

Non-environment-variable-controlled macros set as follows: 

                                RExt__DECODER_DEBUG_BIT_STATISTICS =   0
                                      RExt__HIGH_BIT_DEPTH_SUPPORT =   0
                            RExt__HIGH_PRECISION_FORWARD_TRANSFORM =   0
                                        O0043_BEST_EFFORT_DECODING =   0
                                         ME_ENABLE_ROUNDING_OF_MVS =   1

                   Input ChromaFormatIDC =   4:2:0
       Output (internal) ChromaFormatIDC =   4:2:0

POC    0 TId: 0 ( I-SLICE, nQP 19 QP 19 )    3678960 bits [Y 44.9087 dB    U 45.2228 dB    V 45.9542 dB] [ET    13 ] [L0 ] [L1 ]
POC   16 TId: 0 ( B-SLICE, nQP 23 QP 23 )    1264328 bits [Y 42.1599 dB    U 43.2013 dB    V 44.6988 dB] [ET    36 ] [L0 0 ] [L1 0 ]
POC    8 TId: 1 ( B-SLICE, nQP 23 QP 23 )     812632 bits [Y 42.3025 dB    U 43.4469 dB    V 44.9485 dB] [ET    33 ] [L0 0 16 ] [L1 16 0 ]
POC    4 TId: 2 ( B-SLICE, nQP 26 QP 26 )     334704 bits [Y 41.3174 dB    U 43.4318 dB    V 45.0570 dB] [ET    27 ] [L0 0 8 ] [L1 8 16 ]
POC    2 TId: 3 ( B-SLICE, nQP 27 QP 27 )     137664 bits [Y 41.4333 dB    U 43.6500 dB    V 45.2308 dB] [ET    20 ] [L0 0 4 ] [L1 4 8 ]
POC    1 TId: 4 ( B-SLICE, nQP 29 QP 29 )      27264 bits [Y 41.5418 dB    U 43.7917 dB    V 45.3532 dB] [ET    15 ] [L0 0 2 ] [L1 2 4 ]
POC    3 TId: 4 ( B-SLICE, nQP 29 QP 29 )      32712 bits [Y 40.8882 dB    U 43.4746 dB    V 45.1062 dB] [ET    16 ] [L0 2 0 ] [L1 4 8 ]
POC    6 TId: 3 ( B-SLICE, nQP 27 QP 27 )     157616 bits [Y 41.0119 dB    U 43.3122 dB    V 44.9411 dB] [ET    23 ] [L0 4 0 ] [L1 8 16 ]
POC    5 TId: 4 ( B-SLICE, nQP 29 QP 29 )      31888 bits [Y 40.8279 dB    U 43.2775 dB    V 44.9762 dB] [ET    16 ] [L0 4 0 ] [L1 6 8 ]
POC    7 TId: 4 ( B-SLICE, nQP 29 QP 29 )      31024 bits [Y 41.0611 dB    U 43.2710 dB    V 44.9122 dB] [ET    17 ] [L0 6 4 ] [L1 8 16 ]
POC   12 TId: 2 ( B-SLICE, nQP 26 QP 26 )     346224 bits [Y 41.1379 dB    U 43.0242 dB    V 44.7008 dB] [ET    27 ] [L0 8 0 ] [L1 16 8 ]
POC   10 TId: 3 ( B-SLICE, nQP 27 QP 27 )     156040 bits [Y 40.9617 dB    U 43.1275 dB    V 44.7545 dB] [ET    23 ] [L0 8 0 ] [L1 12 16 ]
POC    9 TId: 4 ( B-SLICE, nQP 29 QP 29 )      34400 bits [Y 40.8982 dB    U 43.1822 dB    V 44.8425 dB] [ET    17 ] [L0 8 0 ] [L1 10 12 ]
POC   11 TId: 4 ( B-SLICE, nQP 29 QP 29 )      31920 bits [Y 40.6961 dB    U 43.0138 dB    V 44.7067 dB] [ET    16 ] [L0 10 8 ] [L1 12 16 ]
POC   14 TId: 3 ( B-SLICE, nQP 27 QP 27 )     153312 bits [Y 40.8635 dB    U 42.9794 dB    V 44.6086 dB] [ET    21 ] [L0 12 8 ] [L1 16 12 ]
POC   13 TId: 4 ( B-SLICE, nQP 29 QP 29 )      32752 bits [Y 40.5800 dB    U 42.9361 dB    V 44.6234 dB] [ET    17 ] [L0 12 8 ] [L1 14 16 ]
POC   15 TId: 4 ( B-SLICE, nQP 29 QP 29 )      32568 bits [Y 40.7294 dB    U 42.9520 dB    V 44.6212 dB] [ET    15 ] [L0 14 12 ] [L1 16 14 ]
POC   32 TId: 0 ( I-SLICE, nQP 19 QP 19 )    3720584 bits [Y 44.8883 dB    U 45.1860 dB    V 45.9065 dB] [ET    13 ] [L0 ] [L1 ]
POC   24 TId: 1 ( B-SLICE, nQP 23 QP 23 )     823072 bits [Y 42.7233 dB    U 43.7267 dB    V 45.2569 dB] [ET    37 ] [L0 16 8 ] [L1 32 16 ]
POC   20 TId: 2 ( B-SLICE, nQP 26 QP 26 )     350864 bits [Y 41.4349 dB    U 43.2979 dB    V 44.9704 dB] [ET    29 ] [L0 16 8 ] [L1 24 32 ]
POC   18 TId: 3 ( B-SLICE, nQP 27 QP 27 )     155904 bits [Y 41.1422 dB    U 43.1609 dB    V 44.8056 dB] [ET    23 ] [L0 16 8 ] [L1 20 24 ]
POC   17 TId: 4 ( B-SLICE, nQP 29 QP 29 )      33680 bits [Y 40.9876 dB    U 43.1206 dB    V 44.7880 dB] [ET    16 ] [L0 16 18 ] [L1 18 20 ]
POC   19 TId: 4 ( B-SLICE, nQP 29 QP 29 )      32264 bits [Y 40.9221 dB    U 43.1305 dB    V 44.8586 dB] [ET    17 ] [L0 18 16 ] [L1 20 24 ]
POC   22 TId: 3 ( B-SLICE, nQP 27 QP 27 )     155784 bits [Y 41.2999 dB    U 43.3923 dB    V 45.0510 dB] [ET    23 ] [L0 20 16 ] [L1 24 32 ]
POC   21 TId: 4 ( B-SLICE, nQP 29 QP 29 )      31848 bits [Y 40.9617 dB    U 43.2400 dB    V 44.9956 dB] [ET    17 ] [L0 20 16 ] [L1 22 24 ]
POC   23 TId: 4 ( B-SLICE, nQP 29 QP 29 )      33992 bits [Y 41.1465 dB    U 43.4114 dB    V 45.1168 dB] [ET    17 ] [L0 22 20 ] [L1 24 32 ]
POC   28 TId: 2 ( B-SLICE, nQP 26 QP 26 )     351776 bits [Y 41.5554 dB    U 43.6526 dB    V 45.2784 dB] [ET    27 ] [L0 24 16 ] [L1 32 24 ]
POC   26 TId: 3 ( B-SLICE, nQP 27 QP 27 )     153416 bits [Y 41.3582 dB    U 43.5557 dB    V 45.1888 dB] [ET    23 ] [L0 24 16 ] [L1 28 32 ]
POC   25 TId: 4 ( B-SLICE, nQP 29 QP 29 )      31240 bits [Y 41.3029 dB    U 43.4917 dB    V 45.1659 dB] [ET    17 ] [L0 24 16 ] [L1 26 28 ]
POC   27 TId: 4 ( B-SLICE, nQP 29 QP 29 )      33368 bits [Y 41.0345 dB    U 43.4735 dB    V 45.1825 dB] [ET    17 ] [L0 26 24 ] [L1 28 32 ]
POC   30 TId: 3 ( B-SLICE, nQP 27 QP 27 )     159976 bits [Y 41.4799 dB    U 43.8222 dB    V 45.4036 dB] [ET    21 ] [L0 28 24 ] [L1 32 28 ]
POC   29 TId: 4 ( B-SLICE, nQP 29 QP 29 )      35688 bits [Y 40.9931 dB    U 43.5981 dB    V 45.2906 dB] [ET    17 ] [L0 28 24 ] [L1 30 32 ]
POC   31 TId: 4 ( B-SLICE, nQP 29 QP 29 )      33336 bits [Y 41.5449 dB    U 43.9088 dB    V 45.5035 dB] [ET    15 ] [L0 30 28 ] [L1 32 30 ]
POC   48 TId: 0 ( B-SLICE, nQP 23 QP 23 )    1305600 bits [Y 42.1338 dB    U 43.1502 dB    V 44.6487 dB] [ET    38 ] [L0 32 ] [L1 32 ]
POC   40 TId: 1 ( B-SLICE, nQP 23 QP 23 )     845696 bits [Y 42.1910 dB    U 43.3229 dB    V 44.8328 dB] [ET    35 ] [L0 32 48 ] [L1 48 32 ]
POC   36 TId: 2 ( B-SLICE, nQP 26 QP 26 )     357864 bits [Y 41.2425 dB    U 43.2954 dB    V 44.9021 dB] [ET    28 ] [L0 32 40 ] [L1 40 48 ]
POC   34 TId: 3 ( B-SLICE, nQP 27 QP 27 )     164152 bits [Y 41.1299 dB    U 43.5139 dB    V 45.1034 dB] [ET    22 ] [L0 32 36 ] [L1 36 40 ]
POC   33 TId: 4 ( B-SLICE, nQP 29 QP 29 )      32072 bits [Y 41.3664 dB    U 43.6910 dB    V 45.2935 dB] [ET    16 ] [L0 32 34 ] [L1 34 36 ]
POC   35 TId: 4 ( B-SLICE, nQP 29 QP 29 )      36248 bits [Y 40.7688 dB    U 43.2875 dB    V 44.9360 dB] [ET    17 ] [L0 34 32 ] [L1 36 40 ]
POC   38 TId: 3 ( B-SLICE, nQP 27 QP 27 )     172792 bits [Y 40.9297 dB    U 43.1497 dB    V 44.7572 dB] [ET    24 ] [L0 36 32 ] [L1 40 48 ]
POC   37 TId: 4 ( B-SLICE, nQP 29 QP 29 )      41976 bits [Y 40.5867 dB    U 43.1372 dB    V 44.7757 dB] [ET    18 ] [L0 36 32 ] [L1 38 40 ]
POC   39 TId: 4 ( B-SLICE, nQP 29 QP 29 )      36272 bits [Y 40.8271 dB    U 43.1255 dB    V 44.7357 dB] [ET    18 ] [L0 38 36 ] [L1 40 48 ]
POC   44 TId: 2 ( B-SLICE, nQP 26 QP 26 )     368904 bits [Y 41.0186 dB    U 42.9195 dB    V 44.5909 dB] [ET    28 ] [L0 40 32 ] [L1 48 40 ]
POC   42 TId: 3 ( B-SLICE, nQP 27 QP 27 )     178048 bits [Y 40.8467 dB    U 42.9692 dB    V 44.6355 dB] [ET    24 ] [L0 40 32 ] [L1 44 48 ]
POC   41 TId: 4 ( B-SLICE, nQP 29 QP 29 )      34544 bits [Y 40.8716 dB    U 43.0242 dB    V 44.6978 dB] [ET    17 ] [L0 40 32 ] [L1 42 44 ]
POC   43 TId: 4 ( B-SLICE, nQP 29 QP 29 )      39816 bits [Y 40.5083 dB    U 42.8829 dB    V 44.5937 dB] [ET    17 ] [L0 42 40 ] [L1 44 48 ]
POC   46 TId: 3 ( B-SLICE, nQP 27 QP 27 )     163744 bits [Y 40.8205 dB    U 42.8804 dB    V 44.5417 dB] [ET    21 ] [L0 44 40 ] [L1 48 44 ]
POC   45 TId: 4 ( B-SLICE, nQP 29 QP 29 )      37648 bits [Y 40.5229 dB    U 42.8166 dB    V 44.5447 dB] [ET    17 ] [L0 44 40 ] [L1 46 48 ]
POC   47 TId: 4 ( B-SLICE, nQP 29 QP 29 )      35536 bits [Y 40.7405 dB    U 42.8783 dB    V 44.5631 dB] [ET    15 ] [L0 46 44 ] [L1 48 46 ]
POC   56 TId: 1 ( B-SLICE, nQP 23 QP 23 )    1110312 bits [Y 42.0752 dB    U 43.0044 dB    V 44.4795 dB] [ET    40 ] [L0 48 40 ] [L1 48 40 ]
POC   52 TId: 2 ( B-SLICE, nQP 26 QP 26 )     364440 bits [Y 41.0132 dB    U 42.7708 dB    V 44.4207 dB] [ET    27 ] [L0 48 40 ] [L1 56 48 ]
POC   50 TId: 3 ( B-SLICE, nQP 27 QP 27 )     171072 bits [Y 40.7822 dB    U 42.8253 dB    V 44.4674 dB] [ET    24 ] [L0 48 40 ] [L1 52 56 ]
POC   49 TId: 4 ( B-SLICE, nQP 29 QP 29 )      36448 bits [Y 40.6914 dB    U 42.8355 dB    V 44.5055 dB] [ET    15 ] [L0 48 50 ] [L1 50 52 ]
POC   51 TId: 4 ( B-SLICE, nQP 29 QP 29 )      43384 bits [Y 40.3874 dB    U 42.7355 dB    V 44.4268 dB] [ET    17 ] [L0 50 48 ] [L1 52 56 ]
POC   54 TId: 3 ( B-SLICE, nQP 27 QP 27 )     179792 bits [Y 40.7296 dB    U 42.7728 dB    V 44.3752 dB] [ET    22 ] [L0 52 48 ] [L1 56 52 ]
POC   53 TId: 4 ( B-SLICE, nQP 29 QP 29 )      40520 bits [Y 40.4800 dB    U 42.7297 dB    V 44.3775 dB] [ET    17 ] [L0 52 48 ] [L1 54 56 ]
POC   55 TId: 4 ( B-SLICE, nQP 29 QP 29 )      34952 bits [Y 40.6925 dB    U 42.7701 dB    V 44.3941 dB] [ET    15 ] [L0 54 52 ] [L1 56 54 ]
POC   58 TId: 3 ( B-SLICE, nQP 27 QP 27 )     326736 bits [Y 40.3569 dB    U 42.4742 dB    V 44.1768 dB] [ET    25 ] [L0 56 48 ] [L1 56 48 ]
POC   57 TId: 4 ( B-SLICE, nQP 29 QP 29 )      35432 bits [Y 40.6041 dB    U 42.6794 dB    V 44.3373 dB] [ET    16 ] [L0 56 48 ] [L1 58 56 ]
POC   59 TId: 4 ( B-SLICE, nQP 29 QP 29 )     161600 bits [Y 39.4763 dB    U 42.2132 dB    V 43.9875 dB] [ET    21 ] [L0 58 56 ] [L1 58 56 ]


SUMMARY --------------------------------------------------------
	Total Frames |   Bitrate     Y-PSNR    U-PSNR    V-PSNR    YUV-PSNR  
	       60    a   19788.4000   41.1981   43.2387   44.8483   41.8776  


I Slices--------------------------------------------------------
	Total Frames |   Bitrate     Y-PSNR    U-PSNR    V-PSNR    YUV-PSNR  
	        2    i  221986.3200   44.8985   45.2044   45.9303   45.1056  


P Slices--------------------------------------------------------
	Total Frames |   Bitrate     Y-PSNR    U-PSNR    V-PSNR    YUV-PSNR  
	        0    p         -nan      -nan      -nan      -nan      -nan  


B Slices--------------------------------------------------------
	Total Frames |   Bitrate     Y-PSNR    U-PSNR    V-PSNR    YUV-PSNR  
	       58    b   12816.0579   41.0705   43.1709   44.8110   41.7997  

RVM: 0.000
Bytes written to file: 2473550 (19788.400 kbps)

 Total Time:     1278.378 sec.
