******************************************************************
** WARNING: --SEIDecodedPictureHash is now disabled by default. **
**          Automatic verification of decoded pictures by a     **
**          decoder requires this option to be enabled.         **
******************************************************************
***************************************************************************
** WARNING: For conforming bitstreams a valid Level value must be set!   **
***************************************************************************

HM software: Encoder Version [16.20] (including RExt)[Linux][GCC 11.3.0][64 bit] 


Input          File                    : /home/pc-einstein/Documents/Alex/class_C/Johnny_1280x720_60_120f.yuv
Bitstream      File                    : /home/pc-einstein/Documents/Alex/Vitech_Gerenciador/Johnny_1280x720_60_120f/cq_22/video/coded_HM.hevc
Reconstruction File                    : /home/pc-einstein/Documents/Alex/Vitech_Gerenciador/Johnny_1280x720_60_120f/cq_22/video/coded_HM.yuv
Real     Format                        : 1280x720 60Hz
Internal Format                        : 1280x720 60Hz
Sequence PSNR output                   : Linear average only
Sequence MSE output                    : Disabled
Frame MSE output                       : Disabled
MS-SSIM output                         : Disabled
xPSNR calculation                      : Disabled
Cabac-zero-word-padding                : Enabled
Frame/Field                            : Frame based coding
Frame index                            : 0 - 59 (60 frames)
Profile                                : main
CU size / depth / total-depth          : 64 / 4 / 4
RQT trans. size (min / max)            : 4 / 32
Max RQT depth inter                    : 3
Max RQT depth intra                    : 3
Min PCM size                           : 8
Motion search range                    : 384
Intra period                           : 32
Decoding refresh type                  : 1
QP                                     : 22
Max dQP signaling depth                : 0
Cb QP Offset                           : 0
Cr QP Offset                           : 0
QP adaptation                          : 0 (range=0)
GOP size                               : 16
Input bit depth                        : (Y:8, C:8)
MSB-extended bit depth                 : (Y:8, C:8)
Internal bit depth                     : (Y:8, C:8)
PCM sample bit depth                   : (Y:8, C:8)
Intra reference smoothing              : Enabled
diff_cu_chroma_qp_offset_depth         : -1
extended_precision_processing_flag     : Disabled
implicit_rdpcm_enabled_flag            : Disabled
explicit_rdpcm_enabled_flag            : Disabled
transform_skip_rotation_enabled_flag   : Disabled
transform_skip_context_enabled_flag    : Disabled
cross_component_prediction_enabled_flag: Disabled
high_precision_offsets_enabled_flag    : Disabled
persistent_rice_adaptation_enabled_flag: Disabled
cabac_bypass_alignment_enabled_flag    : Disabled
log2_sao_offset_scale_luma             : 0
log2_sao_offset_scale_chroma           : 0
Cost function:                         : Lossy coding (default)
RateControl                            : 0
WPMethod                               : 0
Max Num Merge Candidates               : 5

TOOL CFG: IBD:0 HAD:1 RDQ:1 RDQTS:1 RDpenalty:0 LQP:0 SQP:0 ASR:1 MinSearchWindow:96 RestrictMESampling:0 FEN:1 ECU:0 FDM:1 CFM:0 ESD:0 RQT:1 TransformSkip:1 TransformSkipFast:1 TransformSkipLog2MaxSize:2 Slice: M=0 SliceSegment: M=0 CIP:0 SAO:1 PCM:0 TransQuantBypassEnabled:0 WPP:0 WPB:0 PME:2  WaveFrontSynchro:0 WaveFrontSubstreams:1 ScalingList:0 TMVPMode:1 AQpS:0 SignBitHidingFlag:1 RecalQP:0

Non-environment-variable-controlled macros set as follows: 

                                RExt__DECODER_DEBUG_BIT_STATISTICS =   0
                                      RExt__HIGH_BIT_DEPTH_SUPPORT =   0
                            RExt__HIGH_PRECISION_FORWARD_TRANSFORM =   0
                                        O0043_BEST_EFFORT_DECODING =   0
                                         ME_ENABLE_ROUNDING_OF_MVS =   1

                   Input ChromaFormatIDC =   4:2:0
       Output (internal) ChromaFormatIDC =   4:2:0

POC    0 TId: 0 ( I-SLICE, nQP 19 QP 19 )     486344 bits [Y 45.4619 dB    U 49.0628 dB    V 49.5109 dB] [ET     4 ] [L0 ] [L1 ]
POC   16 TId: 0 ( B-SLICE, nQP 23 QP 23 )     134520 bits [Y 43.4964 dB    U 48.2160 dB    V 48.7724 dB] [ET    10 ] [L0 0 ] [L1 0 ]
POC    8 TId: 1 ( B-SLICE, nQP 23 QP 23 )      84232 bits [Y 43.5541 dB    U 48.3153 dB    V 48.9515 dB] [ET    10 ] [L0 0 16 ] [L1 16 0 ]
POC    4 TId: 2 ( B-SLICE, nQP 26 QP 26 )      19952 bits [Y 42.8444 dB    U 48.3495 dB    V 48.9732 dB] [ET     8 ] [L0 0 8 ] [L1 8 16 ]
POC    2 TId: 3 ( B-SLICE, nQP 27 QP 27 )       9624 bits [Y 42.7629 dB    U 48.3658 dB    V 49.0461 dB] [ET     7 ] [L0 0 4 ] [L1 4 8 ]
POC    1 TId: 4 ( B-SLICE, nQP 29 QP 29 )        240 bits [Y 45.4598 dB    U 49.0627 dB    V 49.5108 dB] [ET     5 ] [L0 0 2 ] [L1 2 4 ]
POC    3 TId: 4 ( B-SLICE, nQP 29 QP 29 )       3408 bits [Y 42.6336 dB    U 48.5560 dB    V 49.1744 dB] [ET     7 ] [L0 2 0 ] [L1 4 8 ]
POC    6 TId: 3 ( B-SLICE, nQP 27 QP 27 )       9648 bits [Y 42.7518 dB    U 48.2838 dB    V 48.9978 dB] [ET     7 ] [L0 4 0 ] [L1 8 16 ]
POC    5 TId: 4 ( B-SLICE, nQP 29 QP 29 )       3544 bits [Y 42.4241 dB    U 48.4153 dB    V 49.0155 dB] [ET     7 ] [L0 4 0 ] [L1 6 8 ]
POC    7 TId: 4 ( B-SLICE, nQP 29 QP 29 )       2912 bits [Y 42.4079 dB    U 48.3182 dB    V 48.8680 dB] [ET     7 ] [L0 6 4 ] [L1 8 16 ]
POC   12 TId: 2 ( B-SLICE, nQP 26 QP 26 )      24096 bits [Y 42.8189 dB    U 48.2147 dB    V 48.8187 dB] [ET     8 ] [L0 8 0 ] [L1 16 8 ]
POC   10 TId: 3 ( B-SLICE, nQP 27 QP 27 )      12976 bits [Y 42.6366 dB    U 48.2296 dB    V 48.8336 dB] [ET     8 ] [L0 8 0 ] [L1 12 16 ]
POC    9 TId: 4 ( B-SLICE, nQP 29 QP 29 )       3016 bits [Y 42.4167 dB    U 48.2739 dB    V 48.8607 dB] [ET     7 ] [L0 8 0 ] [L1 10 12 ]
POC   11 TId: 4 ( B-SLICE, nQP 29 QP 29 )       3816 bits [Y 42.2801 dB    U 48.2197 dB    V 48.7940 dB] [ET     7 ] [L0 10 8 ] [L1 12 16 ]
POC   14 TId: 3 ( B-SLICE, nQP 27 QP 27 )      13488 bits [Y 42.5725 dB    U 48.1897 dB    V 48.7298 dB] [ET     7 ] [L0 12 8 ] [L1 16 12 ]
POC   13 TId: 4 ( B-SLICE, nQP 29 QP 29 )       4920 bits [Y 42.1507 dB    U 48.1798 dB    V 48.7671 dB] [ET     7 ] [L0 12 8 ] [L1 14 16 ]
POC   15 TId: 4 ( B-SLICE, nQP 29 QP 29 )       3616 bits [Y 42.2020 dB    U 48.0731 dB    V 48.6801 dB] [ET     6 ] [L0 14 12 ] [L1 16 14 ]
POC   32 TId: 0 ( I-SLICE, nQP 19 QP 19 )     483456 bits [Y 45.5225 dB    U 49.0920 dB    V 49.5403 dB] [ET     4 ] [L0 ] [L1 ]
POC   24 TId: 1 ( B-SLICE, nQP 23 QP 23 )      68376 bits [Y 43.7190 dB    U 48.6155 dB    V 49.2024 dB] [ET    11 ] [L0 16 8 ] [L1 32 16 ]
POC   20 TId: 2 ( B-SLICE, nQP 26 QP 26 )      22264 bits [Y 43.0417 dB    U 48.4631 dB    V 49.1156 dB] [ET     9 ] [L0 16 8 ] [L1 24 32 ]
POC   18 TId: 3 ( B-SLICE, nQP 27 QP 27 )      10752 bits [Y 42.7766 dB    U 48.4072 dB    V 49.0592 dB] [ET     7 ] [L0 16 8 ] [L1 20 24 ]
POC   17 TId: 4 ( B-SLICE, nQP 29 QP 29 )       3968 bits [Y 42.4434 dB    U 48.2902 dB    V 48.9419 dB] [ET     6 ] [L0 16 18 ] [L1 18 20 ]
POC   19 TId: 4 ( B-SLICE, nQP 29 QP 29 )       3024 bits [Y 42.4462 dB    U 48.4070 dB    V 48.9661 dB] [ET     6 ] [L0 18 16 ] [L1 20 24 ]
POC   22 TId: 3 ( B-SLICE, nQP 27 QP 27 )       9792 bits [Y 42.8552 dB    U 48.4989 dB    V 49.1705 dB] [ET     7 ] [L0 20 16 ] [L1 24 32 ]
POC   21 TId: 4 ( B-SLICE, nQP 29 QP 29 )       2120 bits [Y 42.6064 dB    U 48.5187 dB    V 49.1339 dB] [ET     6 ] [L0 20 16 ] [L1 22 24 ]
POC   23 TId: 4 ( B-SLICE, nQP 29 QP 29 )       2256 bits [Y 42.5778 dB    U 48.4810 dB    V 49.1565 dB] [ET     6 ] [L0 22 20 ] [L1 24 32 ]
POC   28 TId: 2 ( B-SLICE, nQP 26 QP 26 )      17976 bits [Y 43.3493 dB    U 48.6314 dB    V 49.2446 dB] [ET     8 ] [L0 24 16 ] [L1 32 24 ]
POC   26 TId: 3 ( B-SLICE, nQP 27 QP 27 )      10496 bits [Y 42.9660 dB    U 48.5530 dB    V 49.1783 dB] [ET     8 ] [L0 24 16 ] [L1 28 32 ]
POC   25 TId: 4 ( B-SLICE, nQP 29 QP 29 )       3688 bits [Y 42.6534 dB    U 48.4379 dB    V 49.1915 dB] [ET     7 ] [L0 24 16 ] [L1 26 28 ]
POC   27 TId: 4 ( B-SLICE, nQP 29 QP 29 )       3816 bits [Y 42.6398 dB    U 48.4308 dB    V 49.1291 dB] [ET     7 ] [L0 26 24 ] [L1 28 32 ]
POC   30 TId: 3 ( B-SLICE, nQP 27 QP 27 )       8928 bits [Y 43.4237 dB    U 48.7315 dB    V 49.2892 dB] [ET     6 ] [L0 28 24 ] [L1 32 28 ]
POC   29 TId: 4 ( B-SLICE, nQP 29 QP 29 )       3808 bits [Y 42.7686 dB    U 48.3850 dB    V 49.2012 dB] [ET     7 ] [L0 28 24 ] [L1 30 32 ]
POC   31 TId: 4 ( B-SLICE, nQP 29 QP 29 )       2936 bits [Y 42.8928 dB    U 48.4848 dB    V 49.1332 dB] [ET     6 ] [L0 30 28 ] [L1 32 30 ]
POC   48 TId: 0 ( B-SLICE, nQP 23 QP 23 )     127288 bits [Y 43.5453 dB    U 48.1884 dB    V 48.8542 dB] [ET    10 ] [L0 32 ] [L1 32 ]
POC   40 TId: 1 ( B-SLICE, nQP 23 QP 23 )      89584 bits [Y 43.6061 dB    U 48.2803 dB    V 48.9899 dB] [ET    11 ] [L0 32 48 ] [L1 48 32 ]
POC   36 TId: 2 ( B-SLICE, nQP 26 QP 26 )      22064 bits [Y 43.1299 dB    U 48.4103 dB    V 49.1265 dB] [ET     8 ] [L0 32 40 ] [L1 40 48 ]
POC   34 TId: 3 ( B-SLICE, nQP 27 QP 27 )      12408 bits [Y 43.2753 dB    U 48.5576 dB    V 49.2046 dB] [ET     7 ] [L0 32 36 ] [L1 36 40 ]
POC   33 TId: 4 ( B-SLICE, nQP 29 QP 29 )       4208 bits [Y 42.7721 dB    U 48.3763 dB    V 49.0878 dB] [ET     6 ] [L0 32 34 ] [L1 34 36 ]
POC   35 TId: 4 ( B-SLICE, nQP 29 QP 29 )       3712 bits [Y 42.6014 dB    U 48.3533 dB    V 49.0728 dB] [ET     7 ] [L0 34 32 ] [L1 36 40 ]
POC   38 TId: 3 ( B-SLICE, nQP 27 QP 27 )      11848 bits [Y 42.8556 dB    U 48.3397 dB    V 49.0367 dB] [ET     8 ] [L0 36 32 ] [L1 40 48 ]
POC   37 TId: 4 ( B-SLICE, nQP 29 QP 29 )       3144 bits [Y 42.5902 dB    U 48.1673 dB    V 49.0543 dB] [ET     6 ] [L0 36 32 ] [L1 38 40 ]
POC   39 TId: 4 ( B-SLICE, nQP 29 QP 29 )       3896 bits [Y 42.4619 dB    U 48.2907 dB    V 48.9840 dB] [ET     7 ] [L0 38 36 ] [L1 40 48 ]
POC   44 TId: 2 ( B-SLICE, nQP 26 QP 26 )      29912 bits [Y 42.8396 dB    U 48.2054 dB    V 48.8008 dB] [ET     9 ] [L0 40 32 ] [L1 48 40 ]
POC   42 TId: 3 ( B-SLICE, nQP 27 QP 27 )      13696 bits [Y 42.6520 dB    U 48.2885 dB    V 48.8838 dB] [ET     8 ] [L0 40 32 ] [L1 44 48 ]
POC   41 TId: 4 ( B-SLICE, nQP 29 QP 29 )       3336 bits [Y 42.4241 dB    U 48.1556 dB    V 48.9026 dB] [ET     7 ] [L0 40 32 ] [L1 42 44 ]
POC   43 TId: 4 ( B-SLICE, nQP 29 QP 29 )       3664 bits [Y 42.2013 dB    U 48.1841 dB    V 48.7900 dB] [ET     7 ] [L0 42 40 ] [L1 44 48 ]
POC   46 TId: 3 ( B-SLICE, nQP 27 QP 27 )      16128 bits [Y 42.5482 dB    U 48.1419 dB    V 48.8422 dB] [ET     7 ] [L0 44 40 ] [L1 48 44 ]
POC   45 TId: 4 ( B-SLICE, nQP 29 QP 29 )       3304 bits [Y 42.2824 dB    U 48.0026 dB    V 48.8151 dB] [ET     7 ] [L0 44 40 ] [L1 46 48 ]
POC   47 TId: 4 ( B-SLICE, nQP 29 QP 29 )       3768 bits [Y 42.0749 dB    U 48.0273 dB    V 48.7811 dB] [ET     6 ] [L0 46 44 ] [L1 48 46 ]
POC   56 TId: 1 ( B-SLICE, nQP 23 QP 23 )     108544 bits [Y 43.4879 dB    U 48.1031 dB    V 48.7505 dB] [ET    11 ] [L0 48 40 ] [L1 48 40 ]
POC   52 TId: 2 ( B-SLICE, nQP 26 QP 26 )      25304 bits [Y 42.7681 dB    U 48.1049 dB    V 48.7578 dB] [ET     8 ] [L0 48 40 ] [L1 56 48 ]
POC   50 TId: 3 ( B-SLICE, nQP 27 QP 27 )      15216 bits [Y 42.6375 dB    U 48.2135 dB    V 48.7689 dB] [ET     8 ] [L0 48 40 ] [L1 52 56 ]
POC   49 TId: 4 ( B-SLICE, nQP 29 QP 29 )       3864 bits [Y 42.3418 dB    U 48.0576 dB    V 48.7499 dB] [ET     6 ] [L0 48 50 ] [L1 50 52 ]
POC   51 TId: 4 ( B-SLICE, nQP 29 QP 29 )       3664 bits [Y 42.2655 dB    U 48.0018 dB    V 48.7219 dB] [ET     6 ] [L0 50 48 ] [L1 52 56 ]
POC   54 TId: 3 ( B-SLICE, nQP 27 QP 27 )      12568 bits [Y 42.5491 dB    U 48.0829 dB    V 48.7398 dB] [ET     7 ] [L0 52 48 ] [L1 56 52 ]
POC   53 TId: 4 ( B-SLICE, nQP 29 QP 29 )       3248 bits [Y 42.2690 dB    U 48.1146 dB    V 48.7189 dB] [ET     6 ] [L0 52 48 ] [L1 54 56 ]
POC   55 TId: 4 ( B-SLICE, nQP 29 QP 29 )       3384 bits [Y 42.2808 dB    U 48.0396 dB    V 48.7239 dB] [ET     6 ] [L0 54 52 ] [L1 56 54 ]
POC   58 TId: 3 ( B-SLICE, nQP 27 QP 27 )      20600 bits [Y 42.4314 dB    U 47.9901 dB    V 48.6745 dB] [ET     7 ] [L0 56 48 ] [L1 56 48 ]
POC   57 TId: 4 ( B-SLICE, nQP 29 QP 29 )       3360 bits [Y 42.2402 dB    U 47.9413 dB    V 48.7116 dB] [ET     6 ] [L0 56 48 ] [L1 58 56 ]
POC   59 TId: 4 ( B-SLICE, nQP 29 QP 29 )       7320 bits [Y 42.1161 dB    U 47.9005 dB    V 48.5845 dB] [ET     6 ] [L0 58 56 ] [L1 58 56 ]


SUMMARY --------------------------------------------------------
	Total Frames |   Bitrate     Y-PSNR    U-PSNR    V-PSNR    YUV-PSNR  
	       60    a    2037.0400   42.8467   48.3212   48.9681   44.0211  


I Slices--------------------------------------------------------
	Total Frames |   Bitrate     Y-PSNR    U-PSNR    V-PSNR    YUV-PSNR  
	        2    i   29094.0000   45.4922   49.0774   49.5256   46.4314  


P Slices--------------------------------------------------------
	Total Frames |   Bitrate     Y-PSNR    U-PSNR    V-PSNR    YUV-PSNR  
	        0    p         -nan      -nan      -nan      -nan      -nan  


B Slices--------------------------------------------------------
	Total Frames |   Bitrate     Y-PSNR    U-PSNR    V-PSNR    YUV-PSNR  
	       58    b    1104.0414   42.7555   48.2951   48.9489   43.9578  

RVM: 0.000
Bytes written to file: 254630 (2037.040 kbps)

 Total Time:      429.862 sec.
