
Warning: Hierarchical coding or Referenced B slices used.
         Make sure that you have allocated enough references
         in reference buffer to achieve best performance.
Setting Default Parameters...
Parsing Configfile /home/pc-einstein/Documents/Alex/Vitech_Gerenciador/JM/bin/encoder.cfg.............................................................................................................................................................................................................................................................................................................................................................................................................................
Parsing command line string 'SourceWidth = 1280'.
Parsing command line string 'SourceHeight = 720'.
Parsing command line string 'FrameRate = 60.00'.
Parsing command line string 'SourceBitDepthLuma = 8'.
Parsing command line string 'SourceBitDepthChroma = 8'.
Parsing command line string 'OutputBitDepthLuma = 8'.
Parsing command line string 'OutputBitDepthChroma = 8'.
Parsing command line string 'QPISlice = 22'.
Parsing command line string 'QPPSlice = 22'.
Parsing command line string 'FramesToBeEncoded = 60'.
Parsing command line string 'OutputFile = /home/pc-einstein/Documents/Alex/Vitech_Gerenciador/Johnny_1280x720_60_120f/cq_22/video/coded_JM.h264'.
Parsing command line string 'InputFile = /home/pc-einstein/Documents/Alex/class_C/Johnny_1280x720_60_120f.yuv'.
Parsing command line string 'ReconFile = /home/pc-einstein/Documents/Alex/Vitech_Gerenciador/Johnny_1280x720_60_120f/cq_22/video/coded_JM.yuv'.
Parsing command line string 'LeakyBucketParamFile = /home/pc-einstein/Documents/Alex/Vitech_Gerenciador/Johnny_1280x720_60_120f/cq_22/log/leakybucketparam.cfg'.
Parsing command line string 'StatsFile = /home/pc-einstein/Documents/Alex/Vitech_Gerenciador/Johnny_1280x720_60_120f/cq_22/log/stats.dat'.

------------------------------- JM 19.0 (FRExt) -------------------------------
 Input YUV file                    : /home/pc-einstein/Documents/Alex/class_C/Johnny_1280x720_60_120f.yuv 
 Output H.264 bitstream            : /home/pc-einstein/Documents/Alex/Vitech_Gerenciador/Johnny_1280x720_60_120f/cq_22/video/coded_JM.h264 
 Output YUV file                   : /home/pc-einstein/Documents/Alex/Vitech_Gerenciador/Johnny_1280x720_60_120f/cq_22/video/coded_JM.yuv 
 YUV Format                        : YUV 4:2:0 
 Frames to be encoded              : 60
 Freq. for encoded bitstream       : 60.00
 PicInterlace / MbInterlace        : 0/0
 Transform8x8Mode                  : 1
 ME Metric for Refinement Level 0  : SAD
 ME Metric for Refinement Level 1  : Hadamard SAD
 ME Metric for Refinement Level 2  : Hadamard SAD
 Mode Decision Metric              : Hadamard SAD
 Motion Estimation for components  : Y
 Image format                      : 1280x720 (1280x720)
 Error robustness                  : Off
 Search range                      : 32
 Total number of references        : 5
 References for P slices           : 5
 References for B slices (L0, L1)  : 5, 1
 Sequence type                     : Hierarchy (QP: I 22, P 22, B 30) 
 Entropy coding method             : CABAC
 Profile/Level IDC                 : (100,40)
 Motion Estimation Scheme          : EPZS
 EPZS Pattern                      : Extended Diamond
 EPZS Dual Pattern                 : Extended Diamond
 EPZS Fixed Predictors             : Aggressive
 EPZS Aggressive Predictors        : Disabled
 EPZS Temporal Predictors          : Enabled
 EPZS Spatial Predictors           : Enabled
 EPZS Threshold Multipliers        : (1 0 2)
 EPZS Subpel ME                    : Basic
 EPZS Subpel ME BiPred             : Basic
 Search range restrictions         : none
 RD-optimized mode decision        : used
 Data Partitioning Mode            : 1 partition 
 Output File Format                : H.264/AVC Annex B Byte Stream Format 
-------------------------------------------------------------------------------
Frame     Bit/pic    QP   SnrY    SnrU    SnrV    Time(ms) MET(ms) Frm/Fld Ref  
-------------------------------------------------------------------------------
00000(NVB)     336 
00000(IDR)  473952   22  44.191  47.998  48.390      1104       0    FRM    3
00008( P )  183616   22  43.536  47.685  48.156      1675     272    FRM    2
00004( B )    6008   30  41.583  47.430  47.862      2388     809    FRM    1
00002( B )    2392   31  41.523  47.364  47.860      2536     970    FRM    1
00001( B )     912   32  44.000  47.987  48.370      2503    1043    FRM    0
00003( B )     632   32  40.980  47.441  47.927      2709    1154    FRM    0
00006( B )    3184   31  41.571  47.396  47.921      2806    1185    FRM    1
00005( B )     592   32  40.768  47.384  47.798      2862    1301    FRM    0
00007( B )     784   32  41.294  47.462  47.772      2789    1299    FRM    0
00016( P )  183976   22  43.652  47.687  48.137      2716    1260    FRM    2
00012( B )    6808   30  41.720  47.444  47.981      3088    1443    FRM    1
00010( B )    4000   31  41.506  47.429  47.838      3006    1414    FRM    1
00009( B )     896   32  41.335  47.485  47.858      2801    1304    FRM    0
00011( B )    1200   32  40.947  47.371  47.743      2810    1312    FRM    0
00014( B )    4096   31  41.569  47.373  47.797      3056    1448    FRM    1
00013( B )    1392   32  40.821  47.411  47.779      2818    1313    FRM    0
00015( B )    1496   32  41.261  47.323  47.780      2827    1301    FRM    0
00024( P )  174024   22  43.723  47.775  48.215      2672    1242    FRM    2
00020( B )    6296   30  41.871  47.565  48.096      3050    1444    FRM    1
00018( B )    3528   31  41.647  47.484  48.031      2949    1372    FRM    1
00017( B )     936   32  41.286  47.424  47.945      2886    1284    FRM    0
00019( B )    1024   32  41.040  47.411  47.852      2858    1303    FRM    0
00022( B )    3176   31  41.723  47.521  48.010      2994    1367    FRM    1
00021( B )     824   32  41.303  47.550  47.986      2861    1319    FRM    0
00023( B )     376   32  41.430  47.468  48.008      2932    1354    FRM    0
00032( P )  153992   22  43.787  47.793  48.260      2723    1252    FRM    2
00028( B )    6104   30  42.118  47.562  48.107      3018    1415    FRM    1
00026( B )    3656   31  41.760  47.536  47.986      2930    1343    FRM    1
00025( B )     688   32  41.505  47.501  48.076      2712    1248    FRM    0
00027( B )    1064   32  41.237  47.399  47.943      2715    1254    FRM    0
00030( B )    2688   31  42.020  47.619  48.144      2863    1323    FRM    1
00029( B )     888   32  41.409  47.366  48.070      2769    1232    FRM    0
00031( B )     904   32  41.905  47.506  48.055      2742    1232    FRM    0
00040( P )  163872   22  43.781  47.734  48.155      2649    1222    FRM    2
00036( B )    7568   30  41.978  47.493  48.003      2975    1399    FRM    1
00034( B )    4440   31  41.960  47.490  48.043      2841    1309    FRM    1
00033( B )     968   32  41.708  47.507  48.045      2689    1223    FRM    0
00035( B )    1200   32  41.314  47.465  48.020      2719    1233    FRM    0
00038( B )    3512   31  41.656  47.420  47.932      2872    1346    FRM    1
00037( B )    1088   32  41.201  47.234  47.967      2716    1248    FRM    0
00039( B )    1128   32  41.434  47.487  47.970      2726    1272    FRM    0
00048( P )  176528   22  43.749  47.720  48.188      2664    1235    FRM    2
00044( B )    9120   30  41.718  47.501  47.878      2958    1403    FRM    1
00042( B )    4360   31  41.480  47.540  47.910      2909    1355    FRM    1
00041( B )     904   32  41.304  47.341  47.883      2769    1262    FRM    0
00043( B )    1344   32  40.911  47.412  47.785      2796    1278    FRM    0
00046( B )    3864   31  41.462  47.403  47.963      2929    1369    FRM    1
00045( B )    1296   32  41.012  47.189  47.829      2775    1284    FRM    0
00047( B )    1224   32  40.965  47.328  47.895      2773    1289    FRM    0
00056( P )  171776   22  43.707  47.694  48.144      2663    1210    FRM    2
00052( B )    7640   30  41.767  47.474  47.910      2970    1400    FRM    1
00050( B )    4656   31  41.592  47.534  47.829      2890    1345    FRM    1
00049( B )    1984   32  41.371  47.336  47.949      2702    1255    FRM    0
00051( B )    1640   32  41.068  47.179  47.688      2684    1255    FRM    0
00054( B )    4176   31  41.666  47.410  47.882      2839    1323    FRM    1
00053( B )    1632   32  41.105  47.392  47.735      2689    1256    FRM    0
00055( B )    1688   32  41.405  47.444  47.892      2701    1256    FRM    0
00059( P )  150000   22  43.716  47.726  48.238      2517    1130    FRM    2
00057( B )    3312   30  41.866  47.481  48.080      2734    1283    FRM    0
00058( B )    3816   30  41.843  47.550  48.107      2722    1279    FRM    0
-------------------------------------------------------------------------------
 Total Frames:  60 
 LeakyBucketRate File does not exist. Using rate calculated from avg. rate 
 Number Leaky Buckets: 8 
     Rmin     Bmin     Fmin 
  1970820   624721   624721 
  2463480   616510   616510 
  2956140   608299   608299 
  3448800   600088   600088 
  3941460   591877   591877 
  4434120   583666   583666 
  4926780   575455   575455 
  5419440   567244   567244 
------------------ Average data all frames  -----------------------------------

 Total encoding time for the seq.  : 165.071 sec (0.36 fps)
 Total ME time for sequence        :  74.558 sec 

 Y { PSNR (dB), cSNR (dB), MSE }   : {  41.846,  41.758,   4.33827 }
 U { PSNR (dB), cSNR (dB), MSE }   : {  47.494,  47.491,   1.15871 }
 V { PSNR (dB), cSNR (dB), MSE }   : {  47.978,  47.975,   1.03648 }

 Total bits                        : 1971176 (I 473952, P 1357784, B 139104 NVB 336) 
 Bit rate (kbit/s)  @ 60.00 Hz     : 1971.18
 Bits to avoid Startcode Emulation : 420 
 Bits for parameter sets           : 336 
 Bits for filler data              : 0 

-------------------------------------------------------------------------------
Exit JM 19 (FRExt) encoder ver 19.0 
