
Warning: Hierarchical coding or Referenced B slices used.
         Make sure that you have allocated enough references
         in reference buffer to achieve best performance.
Warning: Automatic cropping activated: Coded frame Size: 1920x1088
Setting Default Parameters...
Parsing Configfile /home/pc-chomsky/Documents/h264_gerenciador/JM/bin/encoder.cfg.............................................................................................................................................................................................................................................................................................................................................................................................................................
Parsing command line string 'LevelIDC = 50'.
Parsing command line string 'SourceWidth = 1920'.
Parsing command line string 'SourceHeight = 1080'.
Parsing command line string 'FrameRate = 60.00'.
Parsing command line string 'SourceBitDepthLuma = 8'.
Parsing command line string 'SourceBitDepthChroma = 8'.
Parsing command line string 'OutputBitDepthLuma = 8'.
Parsing command line string 'OutputBitDepthChroma = 8'.
Parsing command line string 'QPISlice = 22'.
Parsing command line string 'QPPSlice = 22'.
Parsing command line string 'FramesToBeEncoded = 60'.
Parsing command line string 'OutputFile = /home/pc-chomsky/Documents/h264_gerenciador/BQTerrace_1920x1080_60/cq_22/video/coded_JM.h264'.
Parsing command line string 'InputFile = /home/pc-chomsky/Videos/class_E/BQTerrace_1920x1080_60.yuv'.
Parsing command line string 'ReconFile = /home/pc-chomsky/Documents/h264_gerenciador/BQTerrace_1920x1080_60/cq_22/video/coded_JM.yuv'.
Parsing command line string 'LeakyBucketParamFile = /home/pc-chomsky/Documents/h264_gerenciador/BQTerrace_1920x1080_60/cq_22/log/leakybucketparam.cfg'.
Parsing command line string 'StatsFile = /home/pc-chomsky/Documents/h264_gerenciador/BQTerrace_1920x1080_60/cq_22/log/stats.dat'.

------------------------------- JM 19.0 (FRExt) -------------------------------
 Input YUV file                    : /home/pc-chomsky/Videos/class_E/BQTerrace_1920x1080_60.yuv 
 Output H.264 bitstream            : /home/pc-chomsky/Documents/h264_gerenciador/BQTerrace_1920x1080_60/cq_22/video/coded_JM.h264 
 Output YUV file                   : /home/pc-chomsky/Documents/h264_gerenciador/BQTerrace_1920x1080_60/cq_22/video/coded_JM.yuv 
 YUV Format                        : YUV 4:2:0 
 Frames to be encoded              : 60
 Freq. for encoded bitstream       : 60.00
 PicInterlace / MbInterlace        : 0/0
 Transform8x8Mode                  : 1
 ME Metric for Refinement Level 0  : SAD
 ME Metric for Refinement Level 1  : Hadamard SAD
 ME Metric for Refinement Level 2  : Hadamard SAD
 Mode Decision Metric              : Hadamard SAD
 Motion Estimation for components  : Y
 Image format                      : 1920x1080 (1920x1088)
 Error robustness                  : Off
 Search range                      : 32
 Total number of references        : 5
 References for P slices           : 5
 References for B slices (L0, L1)  : 5, 1
 Sequence type                     : Hierarchy (QP: I 22, P 22, B 30) 
 Entropy coding method             : CABAC
 Profile/Level IDC                 : (100,50)
 Motion Estimation Scheme          : EPZS
 EPZS Pattern                      : Extended Diamond
 EPZS Dual Pattern                 : Extended Diamond
 EPZS Fixed Predictors             : Aggressive
 EPZS Aggressive Predictors        : Disabled
 EPZS Temporal Predictors          : Enabled
 EPZS Spatial Predictors           : Enabled
 EPZS Threshold Multipliers        : (1 0 2)
 EPZS Subpel ME                    : Basic
 EPZS Subpel ME BiPred             : Basic
 Search range restrictions         : none
 RD-optimized mode decision        : used
 Data Partitioning Mode            : 1 partition 
 Output File Format                : H.264/AVC Annex B Byte Stream Format 
-------------------------------------------------------------------------------
Frame     Bit/pic    QP   SnrY    SnrU    SnrV    Time(ms) MET(ms) Frm/Fld Ref  
-------------------------------------------------------------------------------
00000(NVB)     344 
00000(IDR) 3619120   22  42.999  42.909  44.464      2948       0    FRM    3
00008( P ) 2456936   22  41.684  42.343  44.072      4449     632    FRM    2
00004( B )  137512   30  34.881  41.134  43.280      5309    1987    FRM    1
00002( B )   70952   31  34.665  41.043  43.262      5761    2391    FRM    1
00001( B )   16112   32  34.345  41.408  43.525      5662    2659    FRM    0
00003( B )   25808   32  34.143  40.778  43.003      5756    2741    FRM    0
00006( B )   79896   31  34.767  41.068  43.310      6119    2868    FRM    1
00005( B )   19040   32  34.307  40.884  43.135      6177    3159    FRM    0
00007( B )   20200   32  34.426  41.305  43.429      6187    3175    FRM    0
00016( P ) 2245808   22  41.811  42.464  44.068      6798    2850    FRM    2
00012( B )  173880   30  34.998  41.016  43.209      6807    3382    FRM    1
00010( B )   69848   31  34.645  40.910  43.040      6502    3264    FRM    1
00009( B )   22496   32  34.388  41.075  43.160      6143    3132    FRM    0
00011( B )   24200   32  34.263  40.728  42.965      6171    3145    FRM    0
00014( B )   76472   31  34.659  40.905  43.007      6526    3245    FRM    1
00013( B )   18224   32  34.292  40.771  42.935      6099    3083    FRM    0
00015( B )   21408   32  34.358  41.095  43.129      6295    3233    FRM    0
00024( P ) 2226328   22  41.944  42.513  44.123      6786    2826    FRM    2
00020( B )  172464   30  35.039  41.052  43.204      6784    3374    FRM    1
00018( B )   61424   31  34.753  40.918  43.011      6484    3234    FRM    1
00017( B )   19624   32  34.532  41.098  43.059      6107    3118    FRM    0
00019( B )   22712   32  34.343  40.663  42.758      6179    3126    FRM    0
00022( B )   71168   31  34.629  40.890  42.970      6641    3313    FRM    1
00021( B )   25024   32  34.252  40.606  42.757      6286    3187    FRM    0
00023( B )   20168   32  34.479  41.021  43.002      6218    3162    FRM    0
00032( P ) 2252880   22  42.015  42.519  44.117      6722    2719    FRM    2
00028( B )  143904   30  35.147  40.895  43.042      6641    3386    FRM    1
00026( B )   89288   31  34.653  40.758  42.879      6562    3274    FRM    1
00025( B )   16336   32  34.611  40.809  42.825      6072    3070    FRM    0
00027( B )   31472   32  34.110  40.409  42.567      6343    3253    FRM    0
00030( B )   83176   31  34.754  40.804  42.988      6463    3205    FRM    1
00029( B )   34504   32  34.267  40.373  42.511      6157    3151    FRM    0
00031( B )   17888   32  34.545  40.816  42.860      6176    3245    FRM    0
00040( P ) 2256888   22  42.008  42.508  44.083      6851    2795    FRM    2
00036( B )  135552   30  35.263  41.149  43.303      6617    3342    FRM    1
00034( B )   90632   31  34.762  40.841  43.048      6564    3256    FRM    1
00033( B )   20440   32  34.415  40.908  43.002      6140    3100    FRM    0
00035( B )   31800   32  34.284  40.386  42.646      6319    3239    FRM    0
00038( B )   70168   31  34.891  40.865  43.092      6532    3265    FRM    1
00037( B )   28448   32  34.471  40.398  42.612      6052    3046    FRM    0
00039( B )   31888   32  34.374  40.688  42.824      6089    3109    FRM    0
00048( P ) 2330664   22  42.038  42.535  44.154      6751    2787    FRM    2
00044( B )  127480   30  35.304  41.375  43.507      6674    3330    FRM    1
00042( B )   53000   31  35.164  40.906  43.077      6325    3098    FRM    1
00041( B )   41264   32  34.292  40.589  42.697      6186    3141    FRM    0
00043( B )   39136   32  34.404  40.448  42.709      6062    3141    FRM    0
00046( B )   68368   31  34.856  40.907  43.030      6611    3321    FRM    1
00045( B )   42224   32  34.219  40.555  42.704      6190    3153    FRM    0
00047( B )   40584   32  34.242  40.703  42.827      6120    3073    FRM    0
00056( P ) 2274816   22  41.929  42.643  44.301      6847    2834    FRM    2
00052( B )  152520   30  35.242  41.232  43.354      6731    3345    FRM    1
00050( B )   64336   31  34.896  40.795  42.951      6513    3205    FRM    1
00049( B )   39584   32  34.410  40.737  42.915      6248    3169    FRM    0
00051( B )   37872   32  34.336  40.421  42.677      6156    3102    FRM    0
00054( B )   81816   31  34.954  41.127  43.198      6450    3295    FRM    1
00053( B )   31280   32  34.465  40.460  42.665      6094    3076    FRM    0
00055( B )   21040   32  34.916  40.874  43.138      6009    3155    FRM    0
00059( P ) 2217888   22  41.948  42.495  44.157      6707    2747    FRM    2
00057( B )   56864   30  35.558  41.550  43.615      6301    3143    FRM    0
00058( B )   75312   30  35.300  41.399  43.455      6399    3218    FRM    0
-------------------------------------------------------------------------------
 Total Frames:  60 
 LeakyBucketRate File does not exist. Using rate calculated from avg. rate 
 Number Leaky Buckets: 8 
     Rmin     Bmin     Fmin 
 24848100  5661921  5661921 
 31060080  5558388  5558388 
 37272060  5454855  5454855 
 43484040  5351322  5351322 
 49696020  5247789  5247789 
 55908000  5144256  5144256 
 62119980  5040723  5040723 
 68331960  4937190  4937190 
------------------ Average data all frames  -----------------------------------

 Total encoding time for the seq.  : 374.897 sec (0.16 fps)
 Total ME time for sequence        : 180.104 sec 

 Y { PSNR (dB), cSNR (dB), MSE }   : {  35.744,  35.188,  19.69382 }
 U { PSNR (dB), cSNR (dB), MSE }   : {  41.125,  41.079,   5.07232 }
 V { PSNR (dB), cSNR (dB), MSE }   : {  43.190,  43.165,   3.13757 }

 Total bits                        : 24848480 (I 3619120, P 18262208, B 2966808 NVB 344) 
 Bit rate (kbit/s)  @ 60.00 Hz     : 24848.48
 Bits to avoid Startcode Emulation : 402 
 Bits for parameter sets           : 344 
 Bits for filler data              : 0 

-------------------------------------------------------------------------------
Exit JM 19 (FRExt) encoder ver 19.0 
