******************************************************************
** WARNING: --SEIDecodedPictureHash is now disabled by default. **
**          Automatic verification of decoded pictures by a     **
**          decoder requires this option to be enabled.         **
******************************************************************
***************************************************************************
** WARNING: For conforming bitstreams a valid Level value must be set!   **
***************************************************************************

HM software: Encoder Version [16.20] (including RExt)[Linux][GCC 9.4.0][64 bit] 


Input          File                    : /home/pc-poincare/Documents/Alex/class_E/CrowdRun_1920x1080_25.yuv
Bitstream      File                    : /home/pc-poincare/Documents/Alex/ViTech_Gerenciador-main/CrowdRun_1920x1080_25/cq_22/video/coded_HM.hevc
Reconstruction File                    : /home/pc-poincare/Documents/Alex/ViTech_Gerenciador-main/CrowdRun_1920x1080_25/cq_22/video/coded_HM.yuv
Real     Format                        : 1920x1080 24Hz
Internal Format                        : 1920x1080 24Hz
Sequence PSNR output                   : Linear average only
Sequence MSE output                    : Disabled
Frame MSE output                       : Disabled
MS-SSIM output                         : Disabled
xPSNR calculation                      : Disabled
Cabac-zero-word-padding                : Enabled
Frame/Field                            : Frame based coding
Frame index                            : 0 - 59 (60 frames)
Profile                                : main
CU size / depth / total-depth          : 64 / 4 / 4
RQT trans. size (min / max)            : 4 / 32
Max RQT depth inter                    : 3
Max RQT depth intra                    : 3
Min PCM size                           : 8
Motion search range                    : 384
Intra period                           : 32
Decoding refresh type                  : 1
QP                                     : 22
Max dQP signaling depth                : 0
Cb QP Offset                           : 0
Cr QP Offset                           : 0
QP adaptation                          : 0 (range=0)
GOP size                               : 16
Input bit depth                        : (Y:8, C:8)
MSB-extended bit depth                 : (Y:8, C:8)
Internal bit depth                     : (Y:8, C:8)
PCM sample bit depth                   : (Y:8, C:8)
Intra reference smoothing              : Enabled
diff_cu_chroma_qp_offset_depth         : -1
extended_precision_processing_flag     : Disabled
implicit_rdpcm_enabled_flag            : Disabled
explicit_rdpcm_enabled_flag            : Disabled
transform_skip_rotation_enabled_flag   : Disabled
transform_skip_context_enabled_flag    : Disabled
cross_component_prediction_enabled_flag: Disabled
high_precision_offsets_enabled_flag    : Disabled
persistent_rice_adaptation_enabled_flag: Disabled
cabac_bypass_alignment_enabled_flag    : Disabled
log2_sao_offset_scale_luma             : 0
log2_sao_offset_scale_chroma           : 0
Cost function:                         : Lossy coding (default)
RateControl                            : 0
WPMethod                               : 0
Max Num Merge Candidates               : 5

TOOL CFG: IBD:0 HAD:1 RDQ:1 RDQTS:1 RDpenalty:0 LQP:0 SQP:0 ASR:1 MinSearchWindow:96 RestrictMESampling:0 FEN:1 ECU:0 FDM:1 CFM:0 ESD:0 RQT:1 TransformSkip:1 TransformSkipFast:1 TransformSkipLog2MaxSize:2 Slice: M=0 SliceSegment: M=0 CIP:0 SAO:1 PCM:0 TransQuantBypassEnabled:0 WPP:0 WPB:0 PME:2  WaveFrontSynchro:0 WaveFrontSubstreams:1 ScalingList:0 TMVPMode:1 AQpS:0 SignBitHidingFlag:1 RecalQP:0

Non-environment-variable-controlled macros set as follows: 

                                RExt__DECODER_DEBUG_BIT_STATISTICS =   0
                                      RExt__HIGH_BIT_DEPTH_SUPPORT =   0
                            RExt__HIGH_PRECISION_FORWARD_TRANSFORM =   0
                                        O0043_BEST_EFFORT_DECODING =   0
                                         ME_ENABLE_ROUNDING_OF_MVS =   1

                   Input ChromaFormatIDC =   4:2:0
       Output (internal) ChromaFormatIDC =   4:2:0

POC    0 TId: 0 ( I-SLICE, nQP 19 QP 19 )    5355656 bits [Y 43.7378 dB    U 43.3426 dB    V 43.6966 dB] [ET    15 ] [L0 ] [L1 ]
POC   16 TId: 0 ( B-SLICE, nQP 23 QP 23 )    3180632 bits [Y 40.1085 dB    U 40.7290 dB    V 41.2662 dB] [ET    69 ] [L0 0 ] [L1 0 ]
POC    8 TId: 1 ( B-SLICE, nQP 23 QP 23 )    2870184 bits [Y 40.0849 dB    U 40.7751 dB    V 41.3567 dB] [ET    66 ] [L0 0 16 ] [L1 16 0 ]
POC    4 TId: 2 ( B-SLICE, nQP 26 QP 26 )    1786160 bits [Y 37.8380 dB    U 39.2850 dB    V 39.9828 dB] [ET    57 ] [L0 0 8 ] [L1 8 16 ]
POC    2 TId: 3 ( B-SLICE, nQP 27 QP 27 )    1312280 bits [Y 37.0566 dB    U 38.8980 dB    V 39.6757 dB] [ET    47 ] [L0 0 4 ] [L1 4 8 ]
POC    1 TId: 4 ( B-SLICE, nQP 29 QP 29 )     658576 bits [Y 36.2034 dB    U 38.7611 dB    V 39.6325 dB] [ET    36 ] [L0 0 2 ] [L1 2 4 ]
POC    3 TId: 4 ( B-SLICE, nQP 29 QP 29 )     636576 bits [Y 36.2374 dB    U 38.4753 dB    V 39.2478 dB] [ET    38 ] [L0 2 0 ] [L1 4 8 ]
POC    6 TId: 3 ( B-SLICE, nQP 27 QP 27 )    1286632 bits [Y 37.1172 dB    U 38.8355 dB    V 39.5769 dB] [ET    53 ] [L0 4 0 ] [L1 8 16 ]
POC    5 TId: 4 ( B-SLICE, nQP 29 QP 29 )     656480 bits [Y 36.1010 dB    U 38.3720 dB    V 39.1479 dB] [ET    39 ] [L0 4 0 ] [L1 6 8 ]
POC    7 TId: 4 ( B-SLICE, nQP 29 QP 29 )     612072 bits [Y 36.4769 dB    U 38.7283 dB    V 39.5246 dB] [ET    41 ] [L0 6 4 ] [L1 8 16 ]
POC   12 TId: 2 ( B-SLICE, nQP 26 QP 26 )    1839704 bits [Y 37.7330 dB    U 39.1233 dB    V 39.8003 dB] [ET    58 ] [L0 8 0 ] [L1 16 8 ]
POC   10 TId: 3 ( B-SLICE, nQP 27 QP 27 )    1284960 bits [Y 37.1335 dB    U 38.8142 dB    V 39.5609 dB] [ET    54 ] [L0 8 0 ] [L1 12 16 ]
POC    9 TId: 4 ( B-SLICE, nQP 29 QP 29 )     631648 bits [Y 36.3144 dB    U 38.6374 dB    V 39.4421 dB] [ET    42 ] [L0 8 0 ] [L1 10 12 ]
POC   11 TId: 4 ( B-SLICE, nQP 29 QP 29 )     637520 bits [Y 36.2241 dB    U 38.3748 dB    V 39.1356 dB] [ET    39 ] [L0 10 8 ] [L1 12 16 ]
POC   14 TId: 3 ( B-SLICE, nQP 27 QP 27 )    1297600 bits [Y 37.1567 dB    U 38.7579 dB    V 39.5268 dB] [ET    47 ] [L0 12 8 ] [L1 16 12 ]
POC   13 TId: 4 ( B-SLICE, nQP 29 QP 29 )     677856 bits [Y 36.0280 dB    U 38.2323 dB    V 39.0134 dB] [ET    40 ] [L0 12 8 ] [L1 14 16 ]
POC   15 TId: 4 ( B-SLICE, nQP 29 QP 29 )     624648 bits [Y 36.3268 dB    U 38.6576 dB    V 39.4483 dB] [ET    35 ] [L0 14 12 ] [L1 16 14 ]
POC   32 TId: 0 ( I-SLICE, nQP 19 QP 19 )    5186832 bits [Y 43.8044 dB    U 43.3414 dB    V 43.6988 dB] [ET    15 ] [L0 ] [L1 ]
POC   24 TId: 1 ( B-SLICE, nQP 23 QP 23 )    2845728 bits [Y 40.0282 dB    U 40.7477 dB    V 41.3228 dB] [ET    80 ] [L0 16 8 ] [L1 32 16 ]
POC   20 TId: 2 ( B-SLICE, nQP 26 QP 26 )    1789864 bits [Y 37.7614 dB    U 39.1702 dB    V 39.8702 dB] [ET    68 ] [L0 16 8 ] [L1 24 32 ]
POC   18 TId: 3 ( B-SLICE, nQP 27 QP 27 )    1214312 bits [Y 37.2866 dB    U 38.9170 dB    V 39.6127 dB] [ET    53 ] [L0 16 8 ] [L1 20 24 ]
POC   17 TId: 4 ( B-SLICE, nQP 29 QP 29 )     631688 bits [Y 36.3008 dB    U 38.6209 dB    V 39.4086 dB] [ET    36 ] [L0 16 18 ] [L1 18 20 ]
POC   19 TId: 4 ( B-SLICE, nQP 29 QP 29 )     643400 bits [Y 36.1794 dB    U 38.4412 dB    V 39.1643 dB] [ET    39 ] [L0 18 16 ] [L1 20 24 ]
POC   22 TId: 3 ( B-SLICE, nQP 27 QP 27 )    1230224 bits [Y 37.2525 dB    U 38.9329 dB    V 39.6496 dB] [ET    53 ] [L0 20 16 ] [L1 24 32 ]
POC   21 TId: 4 ( B-SLICE, nQP 29 QP 29 )     633496 bits [Y 36.2729 dB    U 38.4149 dB    V 39.2047 dB] [ET    39 ] [L0 20 16 ] [L1 22 24 ]
POC   23 TId: 4 ( B-SLICE, nQP 29 QP 29 )     632856 bits [Y 36.2545 dB    U 38.6915 dB    V 39.5010 dB] [ET    42 ] [L0 22 20 ] [L1 24 32 ]
POC   28 TId: 2 ( B-SLICE, nQP 26 QP 26 )    1741648 bits [Y 37.7996 dB    U 39.2325 dB    V 39.9557 dB] [ET    59 ] [L0 24 16 ] [L1 32 24 ]
POC   26 TId: 3 ( B-SLICE, nQP 27 QP 27 )    1226688 bits [Y 37.1683 dB    U 38.9337 dB    V 39.7137 dB] [ET    53 ] [L0 24 16 ] [L1 28 32 ]
POC   25 TId: 4 ( B-SLICE, nQP 29 QP 29 )     627056 bits [Y 36.3225 dB    U 38.7374 dB    V 39.5560 dB] [ET    41 ] [L0 24 16 ] [L1 26 28 ]
POC   27 TId: 4 ( B-SLICE, nQP 29 QP 29 )     651680 bits [Y 36.1413 dB    U 38.4452 dB    V 39.2210 dB] [ET    40 ] [L0 26 24 ] [L1 28 32 ]
POC   30 TId: 3 ( B-SLICE, nQP 27 QP 27 )    1175176 bits [Y 37.3580 dB    U 39.0939 dB    V 39.9289 dB] [ET    46 ] [L0 28 24 ] [L1 32 28 ]
POC   29 TId: 4 ( B-SLICE, nQP 29 QP 29 )     629840 bits [Y 36.2692 dB    U 38.5058 dB    V 39.3104 dB] [ET    39 ] [L0 28 24 ] [L1 30 32 ]
POC   31 TId: 4 ( B-SLICE, nQP 29 QP 29 )     594168 bits [Y 36.4529 dB    U 38.9961 dB    V 39.9374 dB] [ET    36 ] [L0 30 28 ] [L1 32 30 ]
POC   48 TId: 0 ( B-SLICE, nQP 23 QP 23 )    3190192 bits [Y 40.1162 dB    U 40.6945 dB    V 41.2437 dB] [ET    69 ] [L0 32 ] [L1 32 ]
POC   40 TId: 1 ( B-SLICE, nQP 23 QP 23 )    2804104 bits [Y 40.1769 dB    U 40.7487 dB    V 41.3189 dB] [ET    66 ] [L0 32 48 ] [L1 48 32 ]
POC   36 TId: 2 ( B-SLICE, nQP 26 QP 26 )    1675016 bits [Y 38.0941 dB    U 39.3351 dB    V 40.0203 dB] [ET    57 ] [L0 32 40 ] [L1 40 48 ]
POC   34 TId: 3 ( B-SLICE, nQP 27 QP 27 )    1203528 bits [Y 37.3951 dB    U 39.0450 dB    V 39.8027 dB] [ET    49 ] [L0 32 36 ] [L1 36 40 ]
POC   33 TId: 4 ( B-SLICE, nQP 29 QP 29 )     623656 bits [Y 36.5077 dB    U 38.9317 dB    V 39.7902 dB] [ET    37 ] [L0 32 34 ] [L1 34 36 ]
POC   35 TId: 4 ( B-SLICE, nQP 29 QP 29 )     606280 bits [Y 36.5108 dB    U 38.5871 dB    V 39.3354 dB] [ET    40 ] [L0 34 32 ] [L1 36 40 ]
POC   38 TId: 3 ( B-SLICE, nQP 27 QP 27 )    1229968 bits [Y 37.2517 dB    U 38.8753 dB    V 39.5852 dB] [ET    54 ] [L0 36 32 ] [L1 40 48 ]
POC   37 TId: 4 ( B-SLICE, nQP 29 QP 29 )     621720 bits [Y 36.3443 dB    U 38.4739 dB    V 39.2306 dB] [ET    40 ] [L0 36 32 ] [L1 38 40 ]
POC   39 TId: 4 ( B-SLICE, nQP 29 QP 29 )     587544 bits [Y 36.5760 dB    U 38.7442 dB    V 39.5230 dB] [ET    42 ] [L0 38 36 ] [L1 40 48 ]
POC   44 TId: 2 ( B-SLICE, nQP 26 QP 26 )    1726440 bits [Y 37.9258 dB    U 39.1832 dB    V 39.9146 dB] [ET    59 ] [L0 40 32 ] [L1 48 40 ]
POC   42 TId: 3 ( B-SLICE, nQP 27 QP 27 )    1156136 bits [Y 37.5020 dB    U 38.9389 dB    V 39.7090 dB] [ET    54 ] [L0 40 32 ] [L1 44 48 ]
POC   41 TId: 4 ( B-SLICE, nQP 29 QP 29 )     590432 bits [Y 36.5295 dB    U 38.6356 dB    V 39.4806 dB] [ET    42 ] [L0 40 32 ] [L1 42 44 ]
POC   43 TId: 4 ( B-SLICE, nQP 29 QP 29 )     624504 bits [Y 36.3172 dB    U 38.4025 dB    V 39.2154 dB] [ET    39 ] [L0 42 40 ] [L1 44 48 ]
POC   46 TId: 3 ( B-SLICE, nQP 27 QP 27 )    1209168 bits [Y 37.2632 dB    U 38.8445 dB    V 39.6172 dB] [ET    47 ] [L0 44 40 ] [L1 48 44 ]
POC   45 TId: 4 ( B-SLICE, nQP 29 QP 29 )     589904 bits [Y 36.5230 dB    U 38.4336 dB    V 39.2641 dB] [ET    39 ] [L0 44 40 ] [L1 46 48 ]
POC   47 TId: 4 ( B-SLICE, nQP 29 QP 29 )     612472 bits [Y 36.3734 dB    U 38.6139 dB    V 39.4375 dB] [ET    36 ] [L0 46 44 ] [L1 48 46 ]
POC   56 TId: 1 ( B-SLICE, nQP 23 QP 23 )    2939208 bits [Y 40.1505 dB    U 40.7055 dB    V 41.2311 dB] [ET    75 ] [L0 48 40 ] [L1 48 40 ]
POC   52 TId: 2 ( B-SLICE, nQP 26 QP 26 )    1698600 bits [Y 37.9490 dB    U 39.2117 dB    V 39.9201 dB] [ET    59 ] [L0 48 40 ] [L1 56 48 ]
POC   50 TId: 3 ( B-SLICE, nQP 27 QP 27 )    1186816 bits [Y 37.4019 dB    U 38.9145 dB    V 39.6475 dB] [ET    54 ] [L0 48 40 ] [L1 52 56 ]
POC   49 TId: 4 ( B-SLICE, nQP 29 QP 29 )     623568 bits [Y 36.3474 dB    U 38.5621 dB    V 39.3272 dB] [ET    36 ] [L0 48 50 ] [L1 50 52 ]
POC   51 TId: 4 ( B-SLICE, nQP 29 QP 29 )     619320 bits [Y 36.4045 dB    U 38.4484 dB    V 39.1815 dB] [ET    39 ] [L0 50 48 ] [L1 52 56 ]
POC   54 TId: 3 ( B-SLICE, nQP 27 QP 27 )    1175208 bits [Y 37.4261 dB    U 38.9327 dB    V 39.6510 dB] [ET    46 ] [L0 52 48 ] [L1 56 52 ]
POC   53 TId: 4 ( B-SLICE, nQP 29 QP 29 )     619304 bits [Y 36.2777 dB    U 38.4480 dB    V 39.1993 dB] [ET    40 ] [L0 52 48 ] [L1 54 56 ]
POC   55 TId: 4 ( B-SLICE, nQP 29 QP 29 )     587096 bits [Y 36.5479 dB    U 38.6703 dB    V 39.4619 dB] [ET    36 ] [L0 54 52 ] [L1 56 54 ]
POC   58 TId: 3 ( B-SLICE, nQP 27 QP 27 )    1386472 bits [Y 37.2671 dB    U 38.7814 dB    V 39.5005 dB] [ET    50 ] [L0 56 48 ] [L1 56 48 ]
POC   57 TId: 4 ( B-SLICE, nQP 29 QP 29 )     586424 bits [Y 36.4713 dB    U 38.5964 dB    V 39.3661 dB] [ET    39 ] [L0 56 48 ] [L1 58 56 ]
POC   59 TId: 4 ( B-SLICE, nQP 29 QP 29 )     831496 bits [Y 36.0778 dB    U 38.0792 dB    V 38.8229 dB] [ET    38 ] [L0 58 56 ] [L1 58 56 ]


SUMMARY --------------------------------------------------------
	Total Frames |   Bitrate     Y-PSNR    U-PSNR    V-PSNR    YUV-PSNR  
	       60    a   31243.3664   37.3710   39.0977   39.8315   37.7550  


I Slices--------------------------------------------------------
	Total Frames |   Bitrate     Y-PSNR    U-PSNR    V-PSNR    YUV-PSNR  
	        2    i  126509.8560   43.7711   43.3420   43.6977   43.6844  


P Slices--------------------------------------------------------
	Total Frames |   Bitrate     Y-PSNR    U-PSNR    V-PSNR    YUV-PSNR  
	        0    p         -nan      -nan      -nan      -nan      -nan  


B Slices--------------------------------------------------------
	Total Frames |   Bitrate     Y-PSNR    U-PSNR    V-PSNR    YUV-PSNR  
	       58    b   27958.3150   37.1503   38.9513   39.6982   37.6448  

RVM: 0.000
Bytes written to file: 9763552 (31243.366 kbps)

 Total Time:     2802.804 sec.
