******************************************************************
** WARNING: --SEIDecodedPictureHash is now disabled by default. **
**          Automatic verification of decoded pictures by a     **
**          decoder requires this option to be enabled.         **
******************************************************************
***************************************************************************
** WARNING: For conforming bitstreams a valid Level value must be set!   **
***************************************************************************

HM software: Encoder Version [16.20] (including RExt)[Linux][GCC 11.3.0][64 bit] 


Input          File                    : /home/pc-einstein/Documents/Alex/class_C/vidyo4_720p_60fps_120f.yuv
Bitstream      File                    : /home/pc-einstein/Documents/Alex/Vitech_Gerenciador/vidyo4_720p_60fps_120f/cq_22/video/coded_HM.hevc
Reconstruction File                    : /home/pc-einstein/Documents/Alex/Vitech_Gerenciador/vidyo4_720p_60fps_120f/cq_22/video/coded_HM.yuv
Real     Format                        : 1280x720 60Hz
Internal Format                        : 1280x720 60Hz
Sequence PSNR output                   : Linear average only
Sequence MSE output                    : Disabled
Frame MSE output                       : Disabled
MS-SSIM output                         : Disabled
xPSNR calculation                      : Disabled
Cabac-zero-word-padding                : Enabled
Frame/Field                            : Frame based coding
Frame index                            : 0 - 59 (60 frames)
Profile                                : main
CU size / depth / total-depth          : 64 / 4 / 4
RQT trans. size (min / max)            : 4 / 32
Max RQT depth inter                    : 3
Max RQT depth intra                    : 3
Min PCM size                           : 8
Motion search range                    : 384
Intra period                           : 32
Decoding refresh type                  : 1
QP                                     : 22
Max dQP signaling depth                : 0
Cb QP Offset                           : 0
Cr QP Offset                           : 0
QP adaptation                          : 0 (range=0)
GOP size                               : 16
Input bit depth                        : (Y:8, C:8)
MSB-extended bit depth                 : (Y:8, C:8)
Internal bit depth                     : (Y:8, C:8)
PCM sample bit depth                   : (Y:8, C:8)
Intra reference smoothing              : Enabled
diff_cu_chroma_qp_offset_depth         : -1
extended_precision_processing_flag     : Disabled
implicit_rdpcm_enabled_flag            : Disabled
explicit_rdpcm_enabled_flag            : Disabled
transform_skip_rotation_enabled_flag   : Disabled
transform_skip_context_enabled_flag    : Disabled
cross_component_prediction_enabled_flag: Disabled
high_precision_offsets_enabled_flag    : Disabled
persistent_rice_adaptation_enabled_flag: Disabled
cabac_bypass_alignment_enabled_flag    : Disabled
log2_sao_offset_scale_luma             : 0
log2_sao_offset_scale_chroma           : 0
Cost function:                         : Lossy coding (default)
RateControl                            : 0
WPMethod                               : 0
Max Num Merge Candidates               : 5

TOOL CFG: IBD:0 HAD:1 RDQ:1 RDQTS:1 RDpenalty:0 LQP:0 SQP:0 ASR:1 MinSearchWindow:96 RestrictMESampling:0 FEN:1 ECU:0 FDM:1 CFM:0 ESD:0 RQT:1 TransformSkip:1 TransformSkipFast:1 TransformSkipLog2MaxSize:2 Slice: M=0 SliceSegment: M=0 CIP:0 SAO:1 PCM:0 TransQuantBypassEnabled:0 WPP:0 WPB:0 PME:2  WaveFrontSynchro:0 WaveFrontSubstreams:1 ScalingList:0 TMVPMode:1 AQpS:0 SignBitHidingFlag:1 RecalQP:0

Non-environment-variable-controlled macros set as follows: 

                                RExt__DECODER_DEBUG_BIT_STATISTICS =   0
                                      RExt__HIGH_BIT_DEPTH_SUPPORT =   0
                            RExt__HIGH_PRECISION_FORWARD_TRANSFORM =   0
                                        O0043_BEST_EFFORT_DECODING =   0
                                         ME_ENABLE_ROUNDING_OF_MVS =   1

                   Input ChromaFormatIDC =   4:2:0
       Output (internal) ChromaFormatIDC =   4:2:0

POC    0 TId: 0 ( I-SLICE, nQP 19 QP 19 )     524024 bits [Y 46.0046 dB    U 49.5753 dB    V 49.8897 dB] [ET     4 ] [L0 ] [L1 ]
POC   16 TId: 0 ( B-SLICE, nQP 23 QP 23 )     169984 bits [Y 43.9003 dB    U 48.7519 dB    V 49.0153 dB] [ET    14 ] [L0 0 ] [L1 0 ]
POC    8 TId: 1 ( B-SLICE, nQP 23 QP 23 )     112376 bits [Y 44.1064 dB    U 48.7447 dB    V 48.8921 dB] [ET    11 ] [L0 0 16 ] [L1 16 0 ]
POC    4 TId: 2 ( B-SLICE, nQP 26 QP 26 )      30488 bits [Y 43.3345 dB    U 48.6735 dB    V 48.8529 dB] [ET     9 ] [L0 0 8 ] [L1 8 16 ]
POC    2 TId: 3 ( B-SLICE, nQP 27 QP 27 )      16832 bits [Y 43.3700 dB    U 48.9438 dB    V 49.0662 dB] [ET     7 ] [L0 0 4 ] [L1 4 8 ]
POC    1 TId: 4 ( B-SLICE, nQP 29 QP 29 )        288 bits [Y 45.9969 dB    U 49.5736 dB    V 49.8925 dB] [ET     5 ] [L0 0 2 ] [L1 2 4 ]
POC    3 TId: 4 ( B-SLICE, nQP 29 QP 29 )       3872 bits [Y 43.0620 dB    U 48.8960 dB    V 49.3051 dB] [ET     7 ] [L0 2 0 ] [L1 4 8 ]
POC    6 TId: 3 ( B-SLICE, nQP 27 QP 27 )      15056 bits [Y 43.0150 dB    U 48.6473 dB    V 48.8589 dB] [ET     9 ] [L0 4 0 ] [L1 8 16 ]
POC    5 TId: 4 ( B-SLICE, nQP 29 QP 29 )       3440 bits [Y 43.1259 dB    U 48.8419 dB    V 49.2023 dB] [ET     6 ] [L0 4 0 ] [L1 6 8 ]
POC    7 TId: 4 ( B-SLICE, nQP 29 QP 29 )       5064 bits [Y 42.8735 dB    U 48.8567 dB    V 49.1564 dB] [ET     7 ] [L0 6 4 ] [L1 8 16 ]
POC   12 TId: 2 ( B-SLICE, nQP 26 QP 26 )      29224 bits [Y 43.0470 dB    U 48.6619 dB    V 48.9193 dB] [ET     9 ] [L0 8 0 ] [L1 16 8 ]
POC   10 TId: 3 ( B-SLICE, nQP 27 QP 27 )      13104 bits [Y 43.0412 dB    U 48.6469 dB    V 48.8627 dB] [ET     8 ] [L0 8 0 ] [L1 12 16 ]
POC    9 TId: 4 ( B-SLICE, nQP 29 QP 29 )       4168 bits [Y 43.0342 dB    U 48.8514 dB    V 49.1671 dB] [ET     7 ] [L0 8 0 ] [L1 10 12 ]
POC   11 TId: 4 ( B-SLICE, nQP 29 QP 29 )       6072 bits [Y 42.7256 dB    U 48.8109 dB    V 49.1562 dB] [ET     7 ] [L0 10 8 ] [L1 12 16 ]
POC   14 TId: 3 ( B-SLICE, nQP 27 QP 27 )      17112 bits [Y 42.8700 dB    U 48.5893 dB    V 48.8849 dB] [ET     7 ] [L0 12 8 ] [L1 16 12 ]
POC   13 TId: 4 ( B-SLICE, nQP 29 QP 29 )       6928 bits [Y 42.7880 dB    U 48.8089 dB    V 49.1222 dB] [ET     7 ] [L0 12 8 ] [L1 14 16 ]
POC   15 TId: 4 ( B-SLICE, nQP 29 QP 29 )       6600 bits [Y 42.6270 dB    U 48.7692 dB    V 49.2143 dB] [ET     6 ] [L0 14 12 ] [L1 16 14 ]
POC   32 TId: 0 ( I-SLICE, nQP 19 QP 19 )     559024 bits [Y 45.7190 dB    U 49.7345 dB    V 49.9168 dB] [ET     4 ] [L0 ] [L1 ]
POC   24 TId: 1 ( B-SLICE, nQP 23 QP 23 )     135304 bits [Y 43.8409 dB    U 48.9402 dB    V 49.3993 dB] [ET    15 ] [L0 16 8 ] [L1 32 16 ]
POC   20 TId: 2 ( B-SLICE, nQP 26 QP 26 )      33712 bits [Y 43.1022 dB    U 48.7677 dB    V 49.1925 dB] [ET    12 ] [L0 16 8 ] [L1 24 32 ]
POC   18 TId: 3 ( B-SLICE, nQP 27 QP 27 )      18528 bits [Y 42.9491 dB    U 48.7578 dB    V 49.1094 dB] [ET     9 ] [L0 16 8 ] [L1 20 24 ]
POC   17 TId: 4 ( B-SLICE, nQP 29 QP 29 )       6672 bits [Y 42.8834 dB    U 48.9025 dB    V 49.1600 dB] [ET     6 ] [L0 16 18 ] [L1 18 20 ]
POC   19 TId: 4 ( B-SLICE, nQP 29 QP 29 )       6736 bits [Y 42.6241 dB    U 48.7914 dB    V 49.1842 dB] [ET     7 ] [L0 18 16 ] [L1 20 24 ]
POC   22 TId: 3 ( B-SLICE, nQP 27 QP 27 )      19056 bits [Y 42.8100 dB    U 48.8223 dB    V 49.2139 dB] [ET     9 ] [L0 20 16 ] [L1 24 32 ]
POC   21 TId: 4 ( B-SLICE, nQP 29 QP 29 )       6736 bits [Y 42.7550 dB    U 48.8499 dB    V 49.1844 dB] [ET     7 ] [L0 20 16 ] [L1 22 24 ]
POC   23 TId: 4 ( B-SLICE, nQP 29 QP 29 )       7776 bits [Y 42.2030 dB    U 48.8620 dB    V 49.2839 dB] [ET     8 ] [L0 22 20 ] [L1 24 32 ]
POC   28 TId: 2 ( B-SLICE, nQP 26 QP 26 )      47000 bits [Y 42.6066 dB    U 48.9195 dB    V 49.3147 dB] [ET    11 ] [L0 24 16 ] [L1 32 24 ]
POC   26 TId: 3 ( B-SLICE, nQP 27 QP 27 )      19704 bits [Y 42.4987 dB    U 48.9201 dB    V 49.3848 dB] [ET     9 ] [L0 24 16 ] [L1 28 32 ]
POC   25 TId: 4 ( B-SLICE, nQP 29 QP 29 )       7728 bits [Y 42.3426 dB    U 48.8829 dB    V 49.2860 dB] [ET     7 ] [L0 24 16 ] [L1 26 28 ]
POC   27 TId: 4 ( B-SLICE, nQP 29 QP 29 )       6840 bits [Y 42.1479 dB    U 48.9940 dB    V 49.3301 dB] [ET     7 ] [L0 26 24 ] [L1 28 32 ]
POC   30 TId: 3 ( B-SLICE, nQP 27 QP 27 )      24752 bits [Y 42.3649 dB    U 49.0042 dB    V 49.4309 dB] [ET     8 ] [L0 28 24 ] [L1 32 28 ]
POC   29 TId: 4 ( B-SLICE, nQP 29 QP 29 )       7152 bits [Y 42.2130 dB    U 48.9050 dB    V 49.2012 dB] [ET     7 ] [L0 28 24 ] [L1 30 32 ]
POC   31 TId: 4 ( B-SLICE, nQP 29 QP 29 )       8544 bits [Y 42.2874 dB    U 49.2171 dB    V 49.4622 dB] [ET     6 ] [L0 30 28 ] [L1 32 30 ]
POC   48 TId: 0 ( B-SLICE, nQP 23 QP 23 )     214600 bits [Y 43.4357 dB    U 48.8257 dB    V 49.1364 dB] [ET    13 ] [L0 32 ] [L1 32 ]
POC   40 TId: 1 ( B-SLICE, nQP 23 QP 23 )     175320 bits [Y 43.4667 dB    U 48.7365 dB    V 49.0673 dB] [ET    12 ] [L0 32 48 ] [L1 48 32 ]
POC   36 TId: 2 ( B-SLICE, nQP 26 QP 26 )      43064 bits [Y 42.3869 dB    U 48.8059 dB    V 49.1384 dB] [ET    10 ] [L0 32 40 ] [L1 40 48 ]
POC   34 TId: 3 ( B-SLICE, nQP 27 QP 27 )      22400 bits [Y 42.3275 dB    U 48.9687 dB    V 49.3424 dB] [ET     8 ] [L0 32 36 ] [L1 36 40 ]
POC   33 TId: 4 ( B-SLICE, nQP 29 QP 29 )       7488 bits [Y 42.3950 dB    U 49.1734 dB    V 49.2438 dB] [ET     6 ] [L0 32 34 ] [L1 34 36 ]
POC   35 TId: 4 ( B-SLICE, nQP 29 QP 29 )       6936 bits [Y 41.9304 dB    U 48.7538 dB    V 49.0136 dB] [ET     7 ] [L0 34 32 ] [L1 36 40 ]
POC   38 TId: 3 ( B-SLICE, nQP 27 QP 27 )      23480 bits [Y 42.0302 dB    U 48.6516 dB    V 49.0787 dB] [ET    10 ] [L0 36 32 ] [L1 40 48 ]
POC   37 TId: 4 ( B-SLICE, nQP 29 QP 29 )       6832 bits [Y 41.9550 dB    U 48.6881 dB    V 48.9326 dB] [ET     7 ] [L0 36 32 ] [L1 38 40 ]
POC   39 TId: 4 ( B-SLICE, nQP 29 QP 29 )       6512 bits [Y 41.6869 dB    U 48.6150 dB    V 48.8444 dB] [ET     8 ] [L0 38 36 ] [L1 40 48 ]
POC   44 TId: 2 ( B-SLICE, nQP 26 QP 26 )      53384 bits [Y 42.2403 dB    U 48.4880 dB    V 48.9378 dB] [ET    11 ] [L0 40 32 ] [L1 48 40 ]
POC   42 TId: 3 ( B-SLICE, nQP 27 QP 27 )      27928 bits [Y 41.9826 dB    U 48.4757 dB    V 48.9079 dB] [ET    10 ] [L0 40 32 ] [L1 44 48 ]
POC   41 TId: 4 ( B-SLICE, nQP 29 QP 29 )       7144 bits [Y 41.8737 dB    U 48.4953 dB    V 48.7794 dB] [ET     8 ] [L0 40 32 ] [L1 42 44 ]
POC   43 TId: 4 ( B-SLICE, nQP 29 QP 29 )       7040 bits [Y 41.6700 dB    U 48.3136 dB    V 48.6473 dB] [ET     7 ] [L0 42 40 ] [L1 44 48 ]
POC   46 TId: 3 ( B-SLICE, nQP 27 QP 27 )      26304 bits [Y 41.9623 dB    U 48.6260 dB    V 48.9529 dB] [ET     8 ] [L0 44 40 ] [L1 48 44 ]
POC   45 TId: 4 ( B-SLICE, nQP 29 QP 29 )       8416 bits [Y 41.7720 dB    U 48.4478 dB    V 48.6834 dB] [ET     7 ] [L0 44 40 ] [L1 46 48 ]
POC   47 TId: 4 ( B-SLICE, nQP 29 QP 29 )       8960 bits [Y 41.7813 dB    U 48.5010 dB    V 48.7488 dB] [ET     6 ] [L0 46 44 ] [L1 48 46 ]
POC   56 TId: 1 ( B-SLICE, nQP 23 QP 23 )     172416 bits [Y 43.5695 dB    U 48.6519 dB    V 48.9178 dB] [ET    16 ] [L0 48 40 ] [L1 48 40 ]
POC   52 TId: 2 ( B-SLICE, nQP 26 QP 26 )      45568 bits [Y 42.4153 dB    U 48.5866 dB    V 48.9525 dB] [ET    11 ] [L0 48 40 ] [L1 56 48 ]
POC   50 TId: 3 ( B-SLICE, nQP 27 QP 27 )      27432 bits [Y 42.0525 dB    U 48.5754 dB    V 48.9874 dB] [ET    10 ] [L0 48 40 ] [L1 52 56 ]
POC   49 TId: 4 ( B-SLICE, nQP 29 QP 29 )       9368 bits [Y 41.9139 dB    U 48.4897 dB    V 48.7434 dB] [ET     6 ] [L0 48 50 ] [L1 50 52 ]
POC   51 TId: 4 ( B-SLICE, nQP 29 QP 29 )       7920 bits [Y 41.8947 dB    U 48.4281 dB    V 48.7399 dB] [ET     7 ] [L0 50 48 ] [L1 52 56 ]
POC   54 TId: 3 ( B-SLICE, nQP 27 QP 27 )      27088 bits [Y 42.1839 dB    U 48.5086 dB    V 48.9073 dB] [ET     8 ] [L0 52 48 ] [L1 56 52 ]
POC   53 TId: 4 ( B-SLICE, nQP 29 QP 29 )       8576 bits [Y 42.0476 dB    U 48.4776 dB    V 48.6923 dB] [ET     7 ] [L0 52 48 ] [L1 54 56 ]
POC   55 TId: 4 ( B-SLICE, nQP 29 QP 29 )       8216 bits [Y 42.0096 dB    U 48.4281 dB    V 48.6319 dB] [ET     6 ] [L0 54 52 ] [L1 56 54 ]
POC   58 TId: 3 ( B-SLICE, nQP 27 QP 27 )      54248 bits [Y 42.1025 dB    U 48.4097 dB    V 48.7059 dB] [ET     9 ] [L0 56 48 ] [L1 56 48 ]
POC   57 TId: 4 ( B-SLICE, nQP 29 QP 29 )       8504 bits [Y 41.9256 dB    U 48.4257 dB    V 48.5084 dB] [ET     7 ] [L0 56 48 ] [L1 58 56 ]
POC   59 TId: 4 ( B-SLICE, nQP 29 QP 29 )      17960 bits [Y 41.5966 dB    U 48.1205 dB    V 48.2723 dB] [ET     7 ] [L0 58 56 ] [L1 58 56 ]


SUMMARY --------------------------------------------------------
	Total Frames |   Bitrate     Y-PSNR    U-PSNR    V-PSNR    YUV-PSNR  
	       60    a    2913.0000   42.7146   48.7597   49.0671   43.9014  


I Slices--------------------------------------------------------
	Total Frames |   Bitrate     Y-PSNR    U-PSNR    V-PSNR    YUV-PSNR  
	        2    i   32491.4400   45.8618   49.6549   49.9033   46.8182  


P Slices--------------------------------------------------------
	Total Frames |   Bitrate     Y-PSNR    U-PSNR    V-PSNR    YUV-PSNR  
	        0    p         -nan      -nan      -nan      -nan      -nan  


B Slices--------------------------------------------------------
	Total Frames |   Bitrate     Y-PSNR    U-PSNR    V-PSNR    YUV-PSNR  
	       58    b    1893.0538   42.6061   48.7288   49.0383   43.8288  

RVM: 0.000
Bytes written to file: 364125 (2913.000 kbps)

 Total Time:      496.658 sec.
