******************************************************************
** WARNING: --SEIDecodedPictureHash is now disabled by default. **
**          Automatic verification of decoded pictures by a     **
**          decoder requires this option to be enabled.         **
******************************************************************
***************************************************************************
** WARNING: For conforming bitstreams a valid Level value must be set!   **
***************************************************************************

HM software: Encoder Version [16.20] (including RExt)[Linux][GCC 9.4.0][64 bit] 


Input          File                    : /home/pc-poincare/Documents/Alex/class_E/Netflix_Crosswalk_1920x1080_60fps_8bit_420_60f.yuv
Bitstream      File                    : /home/pc-poincare/Documents/Alex/ViTech_Gerenciador-main/Netflix_Crosswalk_1920x1080_60fps_8bit_420_60f/cq_22/video/coded_HM.hevc
Reconstruction File                    : /home/pc-poincare/Documents/Alex/ViTech_Gerenciador-main/Netflix_Crosswalk_1920x1080_60fps_8bit_420_60f/cq_22/video/coded_HM.yuv
Real     Format                        : 1920x1080 60Hz
Internal Format                        : 1920x1080 60Hz
Sequence PSNR output                   : Linear average only
Sequence MSE output                    : Disabled
Frame MSE output                       : Disabled
MS-SSIM output                         : Disabled
xPSNR calculation                      : Disabled
Cabac-zero-word-padding                : Enabled
Frame/Field                            : Frame based coding
Frame index                            : 0 - 59 (60 frames)
Profile                                : main
CU size / depth / total-depth          : 64 / 4 / 4
RQT trans. size (min / max)            : 4 / 32
Max RQT depth inter                    : 3
Max RQT depth intra                    : 3
Min PCM size                           : 8
Motion search range                    : 384
Intra period                           : 32
Decoding refresh type                  : 1
QP                                     : 22
Max dQP signaling depth                : 0
Cb QP Offset                           : 0
Cr QP Offset                           : 0
QP adaptation                          : 0 (range=0)
GOP size                               : 16
Input bit depth                        : (Y:8, C:8)
MSB-extended bit depth                 : (Y:8, C:8)
Internal bit depth                     : (Y:8, C:8)
PCM sample bit depth                   : (Y:8, C:8)
Intra reference smoothing              : Enabled
diff_cu_chroma_qp_offset_depth         : -1
extended_precision_processing_flag     : Disabled
implicit_rdpcm_enabled_flag            : Disabled
explicit_rdpcm_enabled_flag            : Disabled
transform_skip_rotation_enabled_flag   : Disabled
transform_skip_context_enabled_flag    : Disabled
cross_component_prediction_enabled_flag: Disabled
high_precision_offsets_enabled_flag    : Disabled
persistent_rice_adaptation_enabled_flag: Disabled
cabac_bypass_alignment_enabled_flag    : Disabled
log2_sao_offset_scale_luma             : 0
log2_sao_offset_scale_chroma           : 0
Cost function:                         : Lossy coding (default)
RateControl                            : 0
WPMethod                               : 0
Max Num Merge Candidates               : 5

TOOL CFG: IBD:0 HAD:1 RDQ:1 RDQTS:1 RDpenalty:0 LQP:0 SQP:0 ASR:1 MinSearchWindow:96 RestrictMESampling:0 FEN:1 ECU:0 FDM:1 CFM:0 ESD:0 RQT:1 TransformSkip:1 TransformSkipFast:1 TransformSkipLog2MaxSize:2 Slice: M=0 SliceSegment: M=0 CIP:0 SAO:1 PCM:0 TransQuantBypassEnabled:0 WPP:0 WPB:0 PME:2  WaveFrontSynchro:0 WaveFrontSubstreams:1 ScalingList:0 TMVPMode:1 AQpS:0 SignBitHidingFlag:1 RecalQP:0

Non-environment-variable-controlled macros set as follows: 

                                RExt__DECODER_DEBUG_BIT_STATISTICS =   0
                                      RExt__HIGH_BIT_DEPTH_SUPPORT =   0
                            RExt__HIGH_PRECISION_FORWARD_TRANSFORM =   0
                                        O0043_BEST_EFFORT_DECODING =   0
                                         ME_ENABLE_ROUNDING_OF_MVS =   1

                   Input ChromaFormatIDC =   4:2:0
       Output (internal) ChromaFormatIDC =   4:2:0

POC    0 TId: 0 ( I-SLICE, nQP 19 QP 19 )     608888 bits [Y 46.4173 dB    U 48.6961 dB    V 50.3896 dB] [ET     9 ] [L0 ] [L1 ]
POC   16 TId: 0 ( B-SLICE, nQP 23 QP 23 )     272976 bits [Y 45.6769 dB    U 47.8012 dB    V 49.5726 dB] [ET    43 ] [L0 0 ] [L1 0 ]
POC    8 TId: 1 ( B-SLICE, nQP 23 QP 23 )     173736 bits [Y 45.6645 dB    U 47.8246 dB    V 49.6273 dB] [ET    35 ] [L0 0 16 ] [L1 16 0 ]
POC    4 TId: 2 ( B-SLICE, nQP 26 QP 26 )      88336 bits [Y 44.9797 dB    U 47.5875 dB    V 49.4027 dB] [ET    32 ] [L0 0 8 ] [L1 8 16 ]
POC    2 TId: 3 ( B-SLICE, nQP 27 QP 27 )      46992 bits [Y 44.9031 dB    U 47.7120 dB    V 49.5264 dB] [ET    22 ] [L0 0 4 ] [L1 4 8 ]
POC    1 TId: 4 ( B-SLICE, nQP 29 QP 29 )      18432 bits [Y 44.9126 dB    U 47.7869 dB    V 49.6177 dB] [ET    17 ] [L0 0 2 ] [L1 2 4 ]
POC    3 TId: 4 ( B-SLICE, nQP 29 QP 29 )      19768 bits [Y 44.7266 dB    U 47.5213 dB    V 49.3107 dB] [ET    19 ] [L0 2 0 ] [L1 4 8 ]
POC    6 TId: 3 ( B-SLICE, nQP 27 QP 27 )      46568 bits [Y 45.0241 dB    U 47.5100 dB    V 49.3225 dB] [ET    28 ] [L0 4 0 ] [L1 8 16 ]
POC    5 TId: 4 ( B-SLICE, nQP 29 QP 29 )      19936 bits [Y 44.7614 dB    U 47.4356 dB    V 49.2218 dB] [ET    19 ] [L0 4 0 ] [L1 6 8 ]
POC    7 TId: 4 ( B-SLICE, nQP 29 QP 29 )      18648 bits [Y 44.9624 dB    U 47.5046 dB    V 49.3073 dB] [ET    22 ] [L0 6 4 ] [L1 8 16 ]
POC   12 TId: 2 ( B-SLICE, nQP 26 QP 26 )      69360 bits [Y 45.3616 dB    U 47.6214 dB    V 49.4278 dB] [ET    32 ] [L0 8 0 ] [L1 16 8 ]
POC   10 TId: 3 ( B-SLICE, nQP 27 QP 27 )      41400 bits [Y 45.2780 dB    U 47.5930 dB    V 49.3589 dB] [ET    28 ] [L0 8 0 ] [L1 12 16 ]
POC    9 TId: 4 ( B-SLICE, nQP 29 QP 29 )      18616 bits [Y 45.1261 dB    U 47.5458 dB    V 49.3278 dB] [ET    22 ] [L0 8 0 ] [L1 10 12 ]
POC   11 TId: 4 ( B-SLICE, nQP 29 QP 29 )      16640 bits [Y 45.1212 dB    U 47.5311 dB    V 49.3017 dB] [ET    19 ] [L0 10 8 ] [L1 12 16 ]
POC   14 TId: 3 ( B-SLICE, nQP 27 QP 27 )      39608 bits [Y 45.2674 dB    U 47.5348 dB    V 49.3270 dB] [ET    21 ] [L0 12 8 ] [L1 16 12 ]
POC   13 TId: 4 ( B-SLICE, nQP 29 QP 29 )      18040 bits [Y 45.1473 dB    U 47.5133 dB    V 49.2735 dB] [ET    19 ] [L0 12 8 ] [L1 14 16 ]
POC   15 TId: 4 ( B-SLICE, nQP 29 QP 29 )      18920 bits [Y 45.1031 dB    U 47.4295 dB    V 49.2018 dB] [ET    16 ] [L0 14 12 ] [L1 16 14 ]
POC   32 TId: 0 ( I-SLICE, nQP 19 QP 19 )     647032 bits [Y 46.3744 dB    U 48.7126 dB    V 50.4043 dB] [ET     9 ] [L0 ] [L1 ]
POC   24 TId: 1 ( B-SLICE, nQP 23 QP 23 )     179280 bits [Y 45.3102 dB    U 47.7642 dB    V 49.6279 dB] [ET    49 ] [L0 16 8 ] [L1 32 16 ]
POC   20 TId: 2 ( B-SLICE, nQP 26 QP 26 )      68864 bits [Y 44.9042 dB    U 47.4573 dB    V 49.2867 dB] [ET    39 ] [L0 16 8 ] [L1 24 32 ]
POC   18 TId: 3 ( B-SLICE, nQP 27 QP 27 )      40416 bits [Y 45.0028 dB    U 47.4372 dB    V 49.2373 dB] [ET    26 ] [L0 16 8 ] [L1 20 24 ]
POC   17 TId: 4 ( B-SLICE, nQP 29 QP 29 )      18536 bits [Y 44.9901 dB    U 47.3990 dB    V 49.2010 dB] [ET    16 ] [L0 16 18 ] [L1 18 20 ]
POC   19 TId: 4 ( B-SLICE, nQP 29 QP 29 )      16384 bits [Y 44.7225 dB    U 47.3259 dB    V 49.1772 dB] [ET    18 ] [L0 18 16 ] [L1 20 24 ]
POC   22 TId: 3 ( B-SLICE, nQP 27 QP 27 )      34808 bits [Y 44.8195 dB    U 47.5049 dB    V 49.3542 dB] [ET    27 ] [L0 20 16 ] [L1 24 32 ]
POC   21 TId: 4 ( B-SLICE, nQP 29 QP 29 )      15248 bits [Y 44.6586 dB    U 47.4042 dB    V 49.2373 dB] [ET    18 ] [L0 20 16 ] [L1 22 24 ]
POC   23 TId: 4 ( B-SLICE, nQP 29 QP 29 )      14960 bits [Y 44.7701 dB    U 47.5573 dB    V 49.3859 dB] [ET    21 ] [L0 22 20 ] [L1 24 32 ]
POC   28 TId: 2 ( B-SLICE, nQP 26 QP 26 )      72624 bits [Y 44.8083 dB    U 47.6858 dB    V 49.5065 dB] [ET    31 ] [L0 24 16 ] [L1 32 24 ]
POC   26 TId: 3 ( B-SLICE, nQP 27 QP 27 )      37432 bits [Y 44.8403 dB    U 47.6196 dB    V 49.4471 dB] [ET    27 ] [L0 24 16 ] [L1 28 32 ]
POC   25 TId: 4 ( B-SLICE, nQP 29 QP 29 )      16064 bits [Y 44.7774 dB    U 47.5783 dB    V 49.4162 dB] [ET    21 ] [L0 24 16 ] [L1 26 28 ]
POC   27 TId: 4 ( B-SLICE, nQP 29 QP 29 )      17160 bits [Y 44.6535 dB    U 47.5563 dB    V 49.3765 dB] [ET    19 ] [L0 26 24 ] [L1 28 32 ]
POC   30 TId: 3 ( B-SLICE, nQP 27 QP 27 )      41656 bits [Y 44.8363 dB    U 47.7692 dB    V 49.6089 dB] [ET    21 ] [L0 28 24 ] [L1 32 28 ]
POC   29 TId: 4 ( B-SLICE, nQP 29 QP 29 )      16256 bits [Y 44.5724 dB    U 47.6606 dB    V 49.4526 dB] [ET    18 ] [L0 28 24 ] [L1 30 32 ]
POC   31 TId: 4 ( B-SLICE, nQP 29 QP 29 )      14968 bits [Y 44.9318 dB    U 47.9218 dB    V 49.7432 dB] [ET    16 ] [L0 30 28 ] [L1 32 30 ]
POC   48 TId: 0 ( B-SLICE, nQP 23 QP 23 )     400680 bits [Y 45.1079 dB    U 47.5807 dB    V 49.3122 dB] [ET    49 ] [L0 32 ] [L1 32 ]
POC   40 TId: 1 ( B-SLICE, nQP 23 QP 23 )     299584 bits [Y 45.2642 dB    U 47.8559 dB    V 49.5914 dB] [ET    41 ] [L0 32 48 ] [L1 48 32 ]
POC   36 TId: 2 ( B-SLICE, nQP 26 QP 26 )     108632 bits [Y 44.6341 dB    U 47.8233 dB    V 49.5973 dB] [ET    36 ] [L0 32 40 ] [L1 40 48 ]
POC   34 TId: 3 ( B-SLICE, nQP 27 QP 27 )      45648 bits [Y 44.8113 dB    U 47.8931 dB    V 49.7353 dB] [ET    22 ] [L0 32 36 ] [L1 36 40 ]
POC   33 TId: 4 ( B-SLICE, nQP 29 QP 29 )      17336 bits [Y 44.9230 dB    U 47.9258 dB    V 49.7934 dB] [ET    16 ] [L0 32 34 ] [L1 34 36 ]
POC   35 TId: 4 ( B-SLICE, nQP 29 QP 29 )      17712 bits [Y 44.4762 dB    U 47.7773 dB    V 49.6124 dB] [ET    19 ] [L0 34 32 ] [L1 36 40 ]
POC   38 TId: 3 ( B-SLICE, nQP 27 QP 27 )      62896 bits [Y 44.4188 dB    U 47.7184 dB    V 49.4530 dB] [ET    31 ] [L0 36 32 ] [L1 40 48 ]
POC   37 TId: 4 ( B-SLICE, nQP 29 QP 29 )      20632 bits [Y 44.2561 dB    U 47.7026 dB    V 49.4670 dB] [ET    19 ] [L0 36 32 ] [L1 38 40 ]
POC   39 TId: 4 ( B-SLICE, nQP 29 QP 29 )      23224 bits [Y 44.3324 dB    U 47.6503 dB    V 49.3752 dB] [ET    23 ] [L0 38 36 ] [L1 40 48 ]
POC   44 TId: 2 ( B-SLICE, nQP 26 QP 26 )     157952 bits [Y 44.3195 dB    U 47.3072 dB    V 49.0798 dB] [ET    38 ] [L0 40 32 ] [L1 48 40 ]
POC   42 TId: 3 ( B-SLICE, nQP 27 QP 27 )      78872 bits [Y 44.2191 dB    U 47.3883 dB    V 49.1910 dB] [ET    32 ] [L0 40 32 ] [L1 44 48 ]
POC   41 TId: 4 ( B-SLICE, nQP 29 QP 29 )      25816 bits [Y 44.2030 dB    U 47.4917 dB    V 49.2899 dB] [ET    24 ] [L0 40 32 ] [L1 42 44 ]
POC   43 TId: 4 ( B-SLICE, nQP 29 QP 29 )      27280 bits [Y 43.9005 dB    U 47.2977 dB    V 49.0862 dB] [ET    20 ] [L0 42 40 ] [L1 44 48 ]
POC   46 TId: 3 ( B-SLICE, nQP 27 QP 27 )      85056 bits [Y 44.0638 dB    U 47.1748 dB    V 48.9857 dB] [ET    24 ] [L0 44 40 ] [L1 48 44 ]
POC   45 TId: 4 ( B-SLICE, nQP 29 QP 29 )      28704 bits [Y 43.8198 dB    U 47.1699 dB    V 48.9762 dB] [ET    21 ] [L0 44 40 ] [L1 46 48 ]
POC   47 TId: 4 ( B-SLICE, nQP 29 QP 29 )      30544 bits [Y 43.9508 dB    U 47.1774 dB    V 49.0031 dB] [ET    18 ] [L0 46 44 ] [L1 48 46 ]
POC   56 TId: 1 ( B-SLICE, nQP 23 QP 23 )     344672 bits [Y 45.2266 dB    U 47.3856 dB    V 49.1212 dB] [ET    57 ] [L0 48 40 ] [L1 48 40 ]
POC   52 TId: 2 ( B-SLICE, nQP 26 QP 26 )     171304 bits [Y 44.2966 dB    U 47.0613 dB    V 48.7695 dB] [ET    38 ] [L0 48 40 ] [L1 56 48 ]
POC   50 TId: 3 ( B-SLICE, nQP 27 QP 27 )      96128 bits [Y 44.0377 dB    U 47.0737 dB    V 48.8695 dB] [ET    33 ] [L0 48 40 ] [L1 52 56 ]
POC   49 TId: 4 ( B-SLICE, nQP 29 QP 29 )      34880 bits [Y 43.8937 dB    U 47.1110 dB    V 48.8963 dB] [ET    18 ] [L0 48 50 ] [L1 50 52 ]
POC   51 TId: 4 ( B-SLICE, nQP 29 QP 29 )      35808 bits [Y 43.7137 dB    U 46.9845 dB    V 48.7334 dB] [ET    21 ] [L0 50 48 ] [L1 52 56 ]
POC   54 TId: 3 ( B-SLICE, nQP 27 QP 27 )     101472 bits [Y 44.2228 dB    U 47.0388 dB    V 48.8174 dB] [ET    24 ] [L0 52 48 ] [L1 56 52 ]
POC   53 TId: 4 ( B-SLICE, nQP 29 QP 29 )      36464 bits [Y 43.8011 dB    U 47.0315 dB    V 48.7761 dB] [ET    20 ] [L0 52 48 ] [L1 54 56 ]
POC   55 TId: 4 ( B-SLICE, nQP 29 QP 29 )      36344 bits [Y 43.9999 dB    U 47.1566 dB    V 48.9000 dB] [ET    18 ] [L0 54 52 ] [L1 56 54 ]
POC   58 TId: 3 ( B-SLICE, nQP 27 QP 27 )     148152 bits [Y 44.0745 dB    U 46.8196 dB    V 48.5744 dB] [ET    32 ] [L0 56 48 ] [L1 56 48 ]
POC   57 TId: 4 ( B-SLICE, nQP 29 QP 29 )      41192 bits [Y 43.9692 dB    U 47.0305 dB    V 48.8495 dB] [ET    23 ] [L0 56 48 ] [L1 58 56 ]
POC   59 TId: 4 ( B-SLICE, nQP 29 QP 29 )      80680 bits [Y 43.4462 dB    U 46.5472 dB    V 48.2460 dB] [ET    21 ] [L0 58 56 ] [L1 58 56 ]


SUMMARY --------------------------------------------------------
	Total Frames |   Bitrate     Y-PSNR    U-PSNR    V-PSNR    YUV-PSNR  
	       60    a    5346.2160   44.7131   47.5113   49.3014   45.5816  


I Slices--------------------------------------------------------
	Total Frames |   Bitrate     Y-PSNR    U-PSNR    V-PSNR    YUV-PSNR  
	        2    i   37677.6000   46.3958   48.7043   50.3969   47.2001  


P Slices--------------------------------------------------------
	Total Frames |   Bitrate     Y-PSNR    U-PSNR    V-PSNR    YUV-PSNR  
	        0    p         -nan      -nan      -nan      -nan      -nan  


B Slices--------------------------------------------------------
	Total Frames |   Bitrate     Y-PSNR    U-PSNR    V-PSNR    YUV-PSNR  
	       58    b    4231.3407   44.6551   47.4702   49.2636   45.5353  

RVM: 0.000
Bytes written to file: 668277 (5346.216 kbps)

 Total Time:     1519.452 sec.
