******************************************************************
** WARNING: --SEIDecodedPictureHash is now disabled by default. **
**          Automatic verification of decoded pictures by a     **
**          decoder requires this option to be enabled.         **
******************************************************************
***************************************************************************
** WARNING: For conforming bitstreams a valid Level value must be set!   **
***************************************************************************

HM software: Encoder Version [16.20] (including RExt)[Linux][GCC 11.3.0][64 bit] 


Input          File                    : /home/pc-einstein/Documents/Alex/class_C/Vidyo4_1280x720_60.yuv
Bitstream      File                    : /home/pc-einstein/Documents/Alex/Vitech_Gerenciador/Vidyo4_1280x720_60/cq_22/video/coded_HM.hevc
Reconstruction File                    : /home/pc-einstein/Documents/Alex/Vitech_Gerenciador/Vidyo4_1280x720_60/cq_22/video/coded_HM.yuv
Real     Format                        : 1280x720 60Hz
Internal Format                        : 1280x720 60Hz
Sequence PSNR output                   : Linear average only
Sequence MSE output                    : Disabled
Frame MSE output                       : Disabled
MS-SSIM output                         : Disabled
xPSNR calculation                      : Disabled
Cabac-zero-word-padding                : Enabled
Frame/Field                            : Frame based coding
Frame index                            : 0 - 59 (60 frames)
Profile                                : main
CU size / depth / total-depth          : 64 / 4 / 4
RQT trans. size (min / max)            : 4 / 32
Max RQT depth inter                    : 3
Max RQT depth intra                    : 3
Min PCM size                           : 8
Motion search range                    : 384
Intra period                           : 32
Decoding refresh type                  : 1
QP                                     : 22
Max dQP signaling depth                : 0
Cb QP Offset                           : 0
Cr QP Offset                           : 0
QP adaptation                          : 0 (range=0)
GOP size                               : 16
Input bit depth                        : (Y:8, C:8)
MSB-extended bit depth                 : (Y:8, C:8)
Internal bit depth                     : (Y:8, C:8)
PCM sample bit depth                   : (Y:8, C:8)
Intra reference smoothing              : Enabled
diff_cu_chroma_qp_offset_depth         : -1
extended_precision_processing_flag     : Disabled
implicit_rdpcm_enabled_flag            : Disabled
explicit_rdpcm_enabled_flag            : Disabled
transform_skip_rotation_enabled_flag   : Disabled
transform_skip_context_enabled_flag    : Disabled
cross_component_prediction_enabled_flag: Disabled
high_precision_offsets_enabled_flag    : Disabled
persistent_rice_adaptation_enabled_flag: Disabled
cabac_bypass_alignment_enabled_flag    : Disabled
log2_sao_offset_scale_luma             : 0
log2_sao_offset_scale_chroma           : 0
Cost function:                         : Lossy coding (default)
RateControl                            : 0
WPMethod                               : 0
Max Num Merge Candidates               : 5

TOOL CFG: IBD:0 HAD:1 RDQ:1 RDQTS:1 RDpenalty:0 LQP:0 SQP:0 ASR:1 MinSearchWindow:96 RestrictMESampling:0 FEN:1 ECU:0 FDM:1 CFM:0 ESD:0 RQT:1 TransformSkip:1 TransformSkipFast:1 TransformSkipLog2MaxSize:2 Slice: M=0 SliceSegment: M=0 CIP:0 SAO:1 PCM:0 TransQuantBypassEnabled:0 WPP:0 WPB:0 PME:2  WaveFrontSynchro:0 WaveFrontSubstreams:1 ScalingList:0 TMVPMode:1 AQpS:0 SignBitHidingFlag:1 RecalQP:0

Non-environment-variable-controlled macros set as follows: 

                                RExt__DECODER_DEBUG_BIT_STATISTICS =   0
                                      RExt__HIGH_BIT_DEPTH_SUPPORT =   0
                            RExt__HIGH_PRECISION_FORWARD_TRANSFORM =   0
                                        O0043_BEST_EFFORT_DECODING =   0
                                         ME_ENABLE_ROUNDING_OF_MVS =   1

                   Input ChromaFormatIDC =   4:2:0
       Output (internal) ChromaFormatIDC =   4:2:0

POC    0 TId: 0 ( I-SLICE, nQP 19 QP 19 )     524024 bits [Y 46.0046 dB    U 49.5753 dB    V 49.8897 dB] [ET     4 ] [L0 ] [L1 ]
POC   16 TId: 0 ( B-SLICE, nQP 23 QP 23 )     155776 bits [Y 43.9257 dB    U 48.8565 dB    V 49.2852 dB] [ET    14 ] [L0 0 ] [L1 0 ]
POC    8 TId: 1 ( B-SLICE, nQP 23 QP 23 )     105336 bits [Y 44.0941 dB    U 48.8758 dB    V 49.1712 dB] [ET    11 ] [L0 0 16 ] [L1 16 0 ]
POC    4 TId: 2 ( B-SLICE, nQP 26 QP 26 )      31136 bits [Y 43.3832 dB    U 48.7644 dB    V 49.1813 dB] [ET     9 ] [L0 0 8 ] [L1 8 16 ]
POC    2 TId: 3 ( B-SLICE, nQP 27 QP 27 )      18232 bits [Y 43.1969 dB    U 48.8483 dB    V 49.2896 dB] [ET     7 ] [L0 0 4 ] [L1 4 8 ]
POC    1 TId: 4 ( B-SLICE, nQP 29 QP 29 )       8408 bits [Y 43.0772 dB    U 48.8820 dB    V 48.9561 dB] [ET     6 ] [L0 0 2 ] [L1 2 4 ]
POC    3 TId: 4 ( B-SLICE, nQP 29 QP 29 )       6096 bits [Y 42.8666 dB    U 48.5915 dB    V 48.7118 dB] [ET     6 ] [L0 2 0 ] [L1 4 8 ]
POC    6 TId: 3 ( B-SLICE, nQP 27 QP 27 )      13392 bits [Y 42.9697 dB    U 48.7948 dB    V 49.1471 dB] [ET     8 ] [L0 4 0 ] [L1 8 16 ]
POC    5 TId: 4 ( B-SLICE, nQP 29 QP 29 )       6680 bits [Y 42.7813 dB    U 48.5037 dB    V 48.6719 dB] [ET     7 ] [L0 4 0 ] [L1 6 8 ]
POC    7 TId: 4 ( B-SLICE, nQP 29 QP 29 )       6488 bits [Y 42.8075 dB    U 48.6276 dB    V 48.6746 dB] [ET     7 ] [L0 6 4 ] [L1 8 16 ]
POC   12 TId: 2 ( B-SLICE, nQP 26 QP 26 )      26656 bits [Y 43.0668 dB    U 48.7589 dB    V 49.1706 dB] [ET     9 ] [L0 8 0 ] [L1 16 8 ]
POC   10 TId: 3 ( B-SLICE, nQP 27 QP 27 )      15112 bits [Y 42.8591 dB    U 48.8147 dB    V 49.1863 dB] [ET     8 ] [L0 8 0 ] [L1 12 16 ]
POC    9 TId: 4 ( B-SLICE, nQP 29 QP 29 )       6400 bits [Y 42.7838 dB    U 48.5839 dB    V 48.6851 dB] [ET     7 ] [L0 8 0 ] [L1 10 12 ]
POC   11 TId: 4 ( B-SLICE, nQP 29 QP 29 )       7072 bits [Y 42.5570 dB    U 48.5940 dB    V 48.7487 dB] [ET     7 ] [L0 10 8 ] [L1 12 16 ]
POC   14 TId: 3 ( B-SLICE, nQP 27 QP 27 )      15464 bits [Y 42.7579 dB    U 48.7093 dB    V 49.2293 dB] [ET     7 ] [L0 12 8 ] [L1 16 12 ]
POC   13 TId: 4 ( B-SLICE, nQP 29 QP 29 )       7336 bits [Y 42.5986 dB    U 48.4865 dB    V 48.7058 dB] [ET     7 ] [L0 12 8 ] [L1 14 16 ]
POC   15 TId: 4 ( B-SLICE, nQP 29 QP 29 )       7712 bits [Y 42.4661 dB    U 48.5911 dB    V 48.7694 dB] [ET     6 ] [L0 14 12 ] [L1 16 14 ]
POC   32 TId: 0 ( I-SLICE, nQP 19 QP 19 )     555504 bits [Y 45.7430 dB    U 49.7478 dB    V 49.9640 dB] [ET     4 ] [L0 ] [L1 ]
POC   24 TId: 1 ( B-SLICE, nQP 23 QP 23 )     129728 bits [Y 43.8284 dB    U 49.0494 dB    V 49.4871 dB] [ET    14 ] [L0 16 8 ] [L1 32 16 ]
POC   20 TId: 2 ( B-SLICE, nQP 26 QP 26 )      32016 bits [Y 43.1600 dB    U 48.8889 dB    V 49.3393 dB] [ET    11 ] [L0 16 8 ] [L1 24 32 ]
POC   18 TId: 3 ( B-SLICE, nQP 27 QP 27 )      19232 bits [Y 42.8785 dB    U 48.8236 dB    V 49.2932 dB] [ET     9 ] [L0 16 8 ] [L1 20 24 ]
POC   17 TId: 4 ( B-SLICE, nQP 29 QP 29 )       7448 bits [Y 42.7086 dB    U 48.6046 dB    V 48.8114 dB] [ET     6 ] [L0 16 18 ] [L1 18 20 ]
POC   19 TId: 4 ( B-SLICE, nQP 29 QP 29 )       6608 bits [Y 42.5505 dB    U 48.6062 dB    V 48.8297 dB] [ET     7 ] [L0 18 16 ] [L1 20 24 ]
POC   22 TId: 3 ( B-SLICE, nQP 27 QP 27 )      23112 bits [Y 42.5010 dB    U 48.8940 dB    V 49.4223 dB] [ET     9 ] [L0 20 16 ] [L1 24 32 ]
POC   21 TId: 4 ( B-SLICE, nQP 29 QP 29 )       7384 bits [Y 42.5534 dB    U 48.6938 dB    V 48.8720 dB] [ET     7 ] [L0 20 16 ] [L1 22 24 ]
POC   23 TId: 4 ( B-SLICE, nQP 29 QP 29 )       7744 bits [Y 42.1900 dB    U 48.7694 dB    V 48.9880 dB] [ET     7 ] [L0 22 20 ] [L1 24 32 ]
POC   28 TId: 2 ( B-SLICE, nQP 26 QP 26 )      41768 bits [Y 42.6704 dB    U 48.9427 dB    V 49.3403 dB] [ET    10 ] [L0 24 16 ] [L1 32 24 ]
POC   26 TId: 3 ( B-SLICE, nQP 27 QP 27 )      23920 bits [Y 42.4536 dB    U 49.0601 dB    V 49.5180 dB] [ET     9 ] [L0 24 16 ] [L1 28 32 ]
POC   25 TId: 4 ( B-SLICE, nQP 29 QP 29 )       7264 bits [Y 42.2385 dB    U 48.7883 dB    V 48.9929 dB] [ET     7 ] [L0 24 16 ] [L1 26 28 ]
POC   27 TId: 4 ( B-SLICE, nQP 29 QP 29 )       9784 bits [Y 41.9574 dB    U 48.7432 dB    V 48.9384 dB] [ET     7 ] [L0 26 24 ] [L1 28 32 ]
POC   30 TId: 3 ( B-SLICE, nQP 27 QP 27 )      22824 bits [Y 42.4418 dB    U 49.1600 dB    V 49.6111 dB] [ET     8 ] [L0 28 24 ] [L1 32 28 ]
POC   29 TId: 4 ( B-SLICE, nQP 29 QP 29 )       8328 bits [Y 42.0573 dB    U 48.8301 dB    V 49.0395 dB] [ET     7 ] [L0 28 24 ] [L1 30 32 ]
POC   31 TId: 4 ( B-SLICE, nQP 29 QP 29 )       8216 bits [Y 42.3025 dB    U 49.1282 dB    V 49.0993 dB] [ET     6 ] [L0 30 28 ] [L1 32 30 ]
POC   48 TId: 0 ( B-SLICE, nQP 23 QP 23 )     210056 bits [Y 43.4770 dB    U 48.8303 dB    V 49.1635 dB] [ET    13 ] [L0 32 ] [L1 32 ]
POC   40 TId: 1 ( B-SLICE, nQP 23 QP 23 )     172248 bits [Y 43.4970 dB    U 48.6712 dB    V 49.0789 dB] [ET    12 ] [L0 32 48 ] [L1 48 32 ]
POC   36 TId: 2 ( B-SLICE, nQP 26 QP 26 )      43728 bits [Y 42.3992 dB    U 48.7325 dB    V 49.1825 dB] [ET    10 ] [L0 32 40 ] [L1 40 48 ]
POC   34 TId: 3 ( B-SLICE, nQP 27 QP 27 )      23608 bits [Y 42.1987 dB    U 48.9133 dB    V 49.3658 dB] [ET     8 ] [L0 32 36 ] [L1 36 40 ]
POC   33 TId: 4 ( B-SLICE, nQP 29 QP 29 )       7368 bits [Y 42.2110 dB    U 48.9609 dB    V 49.0759 dB] [ET     6 ] [L0 32 34 ] [L1 34 36 ]
POC   35 TId: 4 ( B-SLICE, nQP 29 QP 29 )       7184 bits [Y 41.9505 dB    U 48.6697 dB    V 48.7840 dB] [ET     7 ] [L0 34 32 ] [L1 36 40 ]
POC   38 TId: 3 ( B-SLICE, nQP 27 QP 27 )      25432 bits [Y 41.9576 dB    U 48.6642 dB    V 49.1239 dB] [ET     9 ] [L0 36 32 ] [L1 40 48 ]
POC   37 TId: 4 ( B-SLICE, nQP 29 QP 29 )       6784 bits [Y 41.7809 dB    U 48.4499 dB    V 48.6562 dB] [ET     7 ] [L0 36 32 ] [L1 38 40 ]
POC   39 TId: 4 ( B-SLICE, nQP 29 QP 29 )       7224 bits [Y 41.7299 dB    U 48.5003 dB    V 48.5997 dB] [ET     7 ] [L0 38 36 ] [L1 40 48 ]
POC   44 TId: 2 ( B-SLICE, nQP 26 QP 26 )      49624 bits [Y 42.2862 dB    U 48.5778 dB    V 48.9647 dB] [ET    10 ] [L0 40 32 ] [L1 48 40 ]
POC   42 TId: 3 ( B-SLICE, nQP 27 QP 27 )      25576 bits [Y 41.9613 dB    U 48.4845 dB    V 48.9613 dB] [ET     9 ] [L0 40 32 ] [L1 44 48 ]
POC   41 TId: 4 ( B-SLICE, nQP 29 QP 29 )       7768 bits [Y 41.7843 dB    U 48.3966 dB    V 48.5790 dB] [ET     7 ] [L0 40 32 ] [L1 42 44 ]
POC   43 TId: 4 ( B-SLICE, nQP 29 QP 29 )       7984 bits [Y 41.6333 dB    U 48.3932 dB    V 48.5126 dB] [ET     7 ] [L0 42 40 ] [L1 44 48 ]
POC   46 TId: 3 ( B-SLICE, nQP 27 QP 27 )      26328 bits [Y 42.0058 dB    U 48.6021 dB    V 49.0053 dB] [ET     8 ] [L0 44 40 ] [L1 48 44 ]
POC   45 TId: 4 ( B-SLICE, nQP 29 QP 29 )       8424 bits [Y 41.7015 dB    U 48.4874 dB    V 48.5360 dB] [ET     7 ] [L0 44 40 ] [L1 46 48 ]
POC   47 TId: 4 ( B-SLICE, nQP 29 QP 29 )       9504 bits [Y 41.7869 dB    U 48.6232 dB    V 48.6033 dB] [ET     6 ] [L0 46 44 ] [L1 48 46 ]
POC   56 TId: 1 ( B-SLICE, nQP 23 QP 23 )     177960 bits [Y 43.6230 dB    U 48.6153 dB    V 48.9260 dB] [ET    15 ] [L0 48 40 ] [L1 48 40 ]
POC   52 TId: 2 ( B-SLICE, nQP 26 QP 26 )      52024 bits [Y 42.4819 dB    U 48.5836 dB    V 48.8981 dB] [ET    11 ] [L0 48 40 ] [L1 56 48 ]
POC   50 TId: 3 ( B-SLICE, nQP 27 QP 27 )      24168 bits [Y 42.1128 dB    U 48.5276 dB    V 48.9803 dB] [ET     9 ] [L0 48 40 ] [L1 52 56 ]
POC   49 TId: 4 ( B-SLICE, nQP 29 QP 29 )      10304 bits [Y 41.7878 dB    U 48.4926 dB    V 48.6002 dB] [ET     6 ] [L0 48 50 ] [L1 50 52 ]
POC   51 TId: 4 ( B-SLICE, nQP 29 QP 29 )       8856 bits [Y 41.9012 dB    U 48.4145 dB    V 48.4095 dB] [ET     7 ] [L0 50 48 ] [L1 52 56 ]
POC   54 TId: 3 ( B-SLICE, nQP 27 QP 27 )      25416 bits [Y 42.1937 dB    U 48.4769 dB    V 48.8353 dB] [ET     8 ] [L0 52 48 ] [L1 56 52 ]
POC   53 TId: 4 ( B-SLICE, nQP 29 QP 29 )       8720 bits [Y 41.9027 dB    U 48.3464 dB    V 48.3610 dB] [ET     7 ] [L0 52 48 ] [L1 54 56 ]
POC   55 TId: 4 ( B-SLICE, nQP 29 QP 29 )       8864 bits [Y 41.9688 dB    U 48.3947 dB    V 48.3305 dB] [ET     6 ] [L0 54 52 ] [L1 56 54 ]
POC   58 TId: 3 ( B-SLICE, nQP 27 QP 27 )      45320 bits [Y 42.1890 dB    U 48.3767 dB    V 48.6985 dB] [ET     9 ] [L0 56 48 ] [L1 56 48 ]
POC   57 TId: 4 ( B-SLICE, nQP 29 QP 29 )       9384 bits [Y 41.8087 dB    U 48.3928 dB    V 48.3849 dB] [ET     7 ] [L0 56 48 ] [L1 58 56 ]
POC   59 TId: 4 ( B-SLICE, nQP 29 QP 29 )      21280 bits [Y 41.5213 dB    U 48.0839 dB    V 48.1551 dB] [ET     7 ] [L0 58 56 ] [L1 58 56 ]


SUMMARY --------------------------------------------------------
	Total Frames |   Bitrate     Y-PSNR    U-PSNR    V-PSNR    YUV-PSNR  
	       60    a    2903.3360   42.6047   48.7042   48.9632   43.8083  


I Slices--------------------------------------------------------
	Total Frames |   Bitrate     Y-PSNR    U-PSNR    V-PSNR    YUV-PSNR  
	        2    i   32385.8400   45.8738   49.6616   49.9269   46.8309  


P Slices--------------------------------------------------------
	Total Frames |   Bitrate     Y-PSNR    U-PSNR    V-PSNR    YUV-PSNR  
	        0    p         -nan      -nan      -nan      -nan      -nan  


B Slices--------------------------------------------------------
	Total Frames |   Bitrate     Y-PSNR    U-PSNR    V-PSNR    YUV-PSNR  
	       58    b    1886.6979   42.4920   48.6712   48.9300   43.7339  

RVM: 0.000
Bytes written to file: 362917 (2903.336 kbps)

 Total Time:      484.622 sec.
