
Warning: Hierarchical coding or Referenced B slices used.
         Make sure that you have allocated enough references
         in reference buffer to achieve best performance.
Setting Default Parameters...
Parsing Configfile /home/pc-einstein/Documents/Alex/Vitech_Gerenciador/JM/bin/encoder.cfg.............................................................................................................................................................................................................................................................................................................................................................................................................................
Parsing command line string 'SourceWidth = 1280'.
Parsing command line string 'SourceHeight = 720'.
Parsing command line string 'FrameRate = 60.00'.
Parsing command line string 'SourceBitDepthLuma = 8'.
Parsing command line string 'SourceBitDepthChroma = 8'.
Parsing command line string 'OutputBitDepthLuma = 8'.
Parsing command line string 'OutputBitDepthChroma = 8'.
Parsing command line string 'QPISlice = 22'.
Parsing command line string 'QPPSlice = 22'.
Parsing command line string 'FramesToBeEncoded = 60'.
Parsing command line string 'OutputFile = /home/pc-einstein/Documents/Alex/Vitech_Gerenciador/Vidyo4_1280x720_60/cq_22/video/coded_JM.h264'.
Parsing command line string 'InputFile = /home/pc-einstein/Documents/Alex/class_C/Vidyo4_1280x720_60.yuv'.
Parsing command line string 'ReconFile = /home/pc-einstein/Documents/Alex/Vitech_Gerenciador/Vidyo4_1280x720_60/cq_22/video/coded_JM.yuv'.
Parsing command line string 'LeakyBucketParamFile = /home/pc-einstein/Documents/Alex/Vitech_Gerenciador/Vidyo4_1280x720_60/cq_22/log/leakybucketparam.cfg'.
Parsing command line string 'StatsFile = /home/pc-einstein/Documents/Alex/Vitech_Gerenciador/Vidyo4_1280x720_60/cq_22/log/stats.dat'.

------------------------------- JM 19.0 (FRExt) -------------------------------
 Input YUV file                    : /home/pc-einstein/Documents/Alex/class_C/Vidyo4_1280x720_60.yuv 
 Output H.264 bitstream            : /home/pc-einstein/Documents/Alex/Vitech_Gerenciador/Vidyo4_1280x720_60/cq_22/video/coded_JM.h264 
 Output YUV file                   : /home/pc-einstein/Documents/Alex/Vitech_Gerenciador/Vidyo4_1280x720_60/cq_22/video/coded_JM.yuv 
 YUV Format                        : YUV 4:2:0 
 Frames to be encoded              : 60
 Freq. for encoded bitstream       : 60.00
 PicInterlace / MbInterlace        : 0/0
 Transform8x8Mode                  : 1
 ME Metric for Refinement Level 0  : SAD
 ME Metric for Refinement Level 1  : Hadamard SAD
 ME Metric for Refinement Level 2  : Hadamard SAD
 Mode Decision Metric              : Hadamard SAD
 Motion Estimation for components  : Y
 Image format                      : 1280x720 (1280x720)
 Error robustness                  : Off
 Search range                      : 32
 Total number of references        : 5
 References for P slices           : 5
 References for B slices (L0, L1)  : 5, 1
 Sequence type                     : Hierarchy (QP: I 22, P 22, B 30) 
 Entropy coding method             : CABAC
 Profile/Level IDC                 : (100,40)
 Motion Estimation Scheme          : EPZS
 EPZS Pattern                      : Extended Diamond
 EPZS Dual Pattern                 : Extended Diamond
 EPZS Fixed Predictors             : Aggressive
 EPZS Aggressive Predictors        : Disabled
 EPZS Temporal Predictors          : Enabled
 EPZS Spatial Predictors           : Enabled
 EPZS Threshold Multipliers        : (1 0 2)
 EPZS Subpel ME                    : Basic
 EPZS Subpel ME BiPred             : Basic
 Search range restrictions         : none
 RD-optimized mode decision        : used
 Data Partitioning Mode            : 1 partition 
 Output File Format                : H.264/AVC Annex B Byte Stream Format 
-------------------------------------------------------------------------------
Frame     Bit/pic    QP   SnrY    SnrU    SnrV    Time(ms) MET(ms) Frm/Fld Ref  
-------------------------------------------------------------------------------
00000(NVB)     336 
00000(IDR)  479152   22  44.486  48.619  48.796      1087       0    FRM    3
00008( P )  220216   22  44.031  48.471  48.526      1680     284    FRM    2
00004( B )    8808   30  41.597  48.075  48.269      2336     783    FRM    1
00002( B )    5344   31  41.304  48.072  48.265      2499     947    FRM    1
00001( B )    2856   32  41.019  48.032  48.000      2532    1078    FRM    0
00003( B )    2296   32  40.657  47.847  47.799      2592    1099    FRM    0
00006( B )    5168   31  41.295  48.171  48.342      2836    1197    FRM    1
00005( B )    3016   32  40.721  47.821  47.791      2748    1278    FRM    0
00007( B )    2784   32  41.138  48.034  47.990      2816    1309    FRM    0
00016( P )  235048   22  44.168  48.464  48.611      2847    1305    FRM    2
00012( B )   10784   30  41.655  48.160  48.380      3032    1406    FRM    1
00010( B )    7320   31  41.440  48.243  48.417      2944    1369    FRM    1
00009( B )    2480   32  41.485  48.112  47.991      2775    1256    FRM    0
00011( B )    3488   32  40.907  47.936  47.977      2783    1299    FRM    0
00014( B )    6424   31  41.514  48.115  48.422      2971    1391    FRM    1
00013( B )    3280   32  40.961  47.857  47.942      2756    1282    FRM    0
00015( B )    3296   32  41.250  48.078  48.009      2762    1288    FRM    0
00024( P )  254768   22  43.874  48.492  48.700      2799    1260    FRM    2
00020( B )   11896   30  41.541  48.226  48.506      2972    1391    FRM    1
00018( B )    6856   31  41.331  48.156  48.417      2860    1325    FRM    1
00017( B )    3112   32  41.251  48.008  48.025      2725    1247    FRM    0
00019( B )    3976   32  40.725  47.878  47.956      2753    1279    FRM    0
00022( B )    8384   31  40.799  48.152  48.509      2946    1366    FRM    1
00021( B )    4456   32  40.673  47.877  47.966      2811    1305    FRM    0
00023( B )    3928   32  40.668  48.044  48.125      2762    1287    FRM    0
00032( P )  262608   22  43.798  48.450  48.697      2803    1244    FRM    2
00028( B )   13728   30  40.939  48.115  48.376      2993    1396    FRM    1
00026( B )    8584   31  40.785  48.248  48.582      2924    1367    FRM    1
00025( B )    3536   32  40.829  48.035  48.198      2766    1281    FRM    0
00027( B )    4448   32  40.004  47.840  47.948      2818    1306    FRM    0
00030( B )    8104   31  40.821  48.219  48.577      2975    1366    FRM    1
00029( B )    4448   32  40.117  47.891  48.063      2880    1332    FRM    0
00031( B )    3864   32  40.708  48.112  48.084      2791    1310    FRM    0
00040( P )  297816   22  43.699  48.300  48.541      2834    1236    FRM    2
00036( B )   14328   30  40.889  48.106  48.437      3018    1425    FRM    1
00034( B )    7920   31  40.613  48.087  48.527      3021    1383    FRM    1
00033( B )    3224   32  40.632  47.930  48.092      2795    1307    FRM    0
00035( B )    3904   32  40.122  47.814  47.973      2801    1315    FRM    0
00038( B )    8392   31  40.420  48.096  48.397      2943    1373    FRM    1
00037( B )    3608   32  40.070  47.717  47.949      2844    1334    FRM    0
00039( B )    4040   32  40.413  47.987  47.921      2810    1317    FRM    0
00048( P )  285560   22  43.750  48.374  48.642      2861    1285    FRM    2
00044( B )   17440   30  40.720  48.053  48.346      3051    1458    FRM    1
00042( B )    9576   31  40.439  47.911  48.255      2951    1382    FRM    1
00041( B )    3960   32  40.354  47.817  47.859      2792    1302    FRM    0
00043( B )    5200   32  39.882  47.660  47.798      2808    1320    FRM    0
00046( B )    9776   31  40.495  48.025  48.376      3482    1654    FRM    1
00045( B )    5400   32  39.944  47.855  47.955      3878    1819    FRM    0
00047( B )    5240   32  40.255  48.034  48.011      3911    1830    FRM    0
00056( P )  267168   22  43.867  48.302  48.465      3154    1401    FRM    2
00052( B )   19152   30  40.975  47.992  48.348      3569    1695    FRM    1
00050( B )   10488   31  40.704  48.049  48.389      3050    1418    FRM    1
00049( B )    5648   32  40.296  47.990  48.065      2956    1380    FRM    0
00051( B )    5592   32  40.100  47.834  47.885      3141    1479    FRM    0
00054( B )    9696   31  40.667  47.947  48.238      2994    1398    FRM    1
00053( B )    5400   32  40.122  47.791  47.874      2812    1283    FRM    0
00055( B )    4728   32  40.494  47.923  47.840      2754    1269    FRM    0
00059( P )  233448   22  43.842  48.253  48.353      2749    1187    FRM    2
00057( B )    8232   30  41.037  48.137  48.091      2911    1306    FRM    0
00058( B )    7552   30  41.324  48.233  48.433      2800    1311    FRM    0
-------------------------------------------------------------------------------
 Total Frames:  60 
 LeakyBucketRate File does not exist. Using rate calculated from avg. rate 
 Number Leaky Buckets: 8 
     Rmin     Bmin     Fmin 
  2870940   651519   651519 
  3588660   639557   639557 
  4306380   627595   627595 
  5024100   615633   615633 
  5741820   603671   603671 
  6459540   591709   591709 
  7177260   579747   579747 
  7894980   567785   567785 
------------------ Average data all frames  -----------------------------------

 Total encoding time for the seq.  : 171.295 sec (0.35 fps)
 Total ME time for sequence        :  77.528 sec 

 Y { PSNR (dB), cSNR (dB), MSE }   : {  41.244,  41.095,   5.05331 }
 U { PSNR (dB), cSNR (dB), MSE }   : {  48.068,  48.063,   1.01569 }
 V { PSNR (dB), cSNR (dB), MSE }   : {  48.222,  48.213,   0.98114 }

 Total bits                        : 2871280 (I 479152, P 2056632, B 335160 NVB 336) 
 Bit rate (kbit/s)  @ 60.00 Hz     : 2871.28
 Bits to avoid Startcode Emulation : 417 
 Bits for parameter sets           : 336 
 Bits for filler data              : 0 

-------------------------------------------------------------------------------
Exit JM 19 (FRExt) encoder ver 19.0 
