******************************************************************
** WARNING: --SEIDecodedPictureHash is now disabled by default. **
**          Automatic verification of decoded pictures by a     **
**          decoder requires this option to be enabled.         **
******************************************************************
***************************************************************************
** WARNING: For conforming bitstreams a valid Level value must be set!   **
***************************************************************************

HM software: Encoder Version [16.20] (including RExt)[Linux][GCC 11.3.0][64 bit] 


Input          File                    : /home/pc-einstein/Documents/Alex/class_C/boat_hdr_amazon_720p.yuv
Bitstream      File                    : /home/pc-einstein/Documents/Alex/Vitech_Gerenciador/boat_hdr_amazon_720p/cq_22/video/coded_HM.hevc
Reconstruction File                    : /home/pc-einstein/Documents/Alex/Vitech_Gerenciador/boat_hdr_amazon_720p/cq_22/video/coded_HM.yuv
Real     Format                        : 1280x720 23Hz
Internal Format                        : 1280x720 23Hz
Sequence PSNR output                   : Linear average only
Sequence MSE output                    : Disabled
Frame MSE output                       : Disabled
MS-SSIM output                         : Disabled
xPSNR calculation                      : Disabled
Cabac-zero-word-padding                : Enabled
Frame/Field                            : Frame based coding
Frame index                            : 0 - 59 (60 frames)
Profile                                : main10
CU size / depth / total-depth          : 64 / 4 / 4
RQT trans. size (min / max)            : 4 / 32
Max RQT depth inter                    : 3
Max RQT depth intra                    : 3
Min PCM size                           : 8
Motion search range                    : 384
Intra period                           : 32
Decoding refresh type                  : 1
QP                                     : 22
Max dQP signaling depth                : 0
Cb QP Offset                           : 0
Cr QP Offset                           : 0
QP adaptation                          : 0 (range=0)
GOP size                               : 16
Input bit depth                        : (Y:10, C:10)
MSB-extended bit depth                 : (Y:10, C:10)
Internal bit depth                     : (Y:10, C:10)
PCM sample bit depth                   : (Y:10, C:10)
Intra reference smoothing              : Enabled
diff_cu_chroma_qp_offset_depth         : -1
extended_precision_processing_flag     : Disabled
implicit_rdpcm_enabled_flag            : Disabled
explicit_rdpcm_enabled_flag            : Disabled
transform_skip_rotation_enabled_flag   : Disabled
transform_skip_context_enabled_flag    : Disabled
cross_component_prediction_enabled_flag: Disabled
high_precision_offsets_enabled_flag    : Disabled
persistent_rice_adaptation_enabled_flag: Disabled
cabac_bypass_alignment_enabled_flag    : Disabled
log2_sao_offset_scale_luma             : 0
log2_sao_offset_scale_chroma           : 0
Cost function:                         : Lossy coding (default)
RateControl                            : 0
WPMethod                               : 0
Max Num Merge Candidates               : 5

TOOL CFG: IBD:0 HAD:1 RDQ:1 RDQTS:1 RDpenalty:0 LQP:0 SQP:0 ASR:1 MinSearchWindow:96 RestrictMESampling:0 FEN:1 ECU:0 FDM:1 CFM:0 ESD:0 RQT:1 TransformSkip:1 TransformSkipFast:1 TransformSkipLog2MaxSize:2 Slice: M=0 SliceSegment: M=0 CIP:0 SAO:1 PCM:0 TransQuantBypassEnabled:0 WPP:0 WPB:0 PME:2  WaveFrontSynchro:0 WaveFrontSubstreams:1 ScalingList:0 TMVPMode:1 AQpS:0 SignBitHidingFlag:1 RecalQP:0

Non-environment-variable-controlled macros set as follows: 

                                RExt__DECODER_DEBUG_BIT_STATISTICS =   0
                                      RExt__HIGH_BIT_DEPTH_SUPPORT =   0
                            RExt__HIGH_PRECISION_FORWARD_TRANSFORM =   0
                                        O0043_BEST_EFFORT_DECODING =   0
                                         ME_ENABLE_ROUNDING_OF_MVS =   1

                   Input ChromaFormatIDC =   4:2:0
       Output (internal) ChromaFormatIDC =   4:2:0

POC    0 TId: 0 ( I-SLICE, nQP 19 QP 19 )     553256 bits [Y 46.5619 dB    U 48.2442 dB    V 49.4765 dB] [ET     4 ] [L0 ] [L1 ]
POC   16 TId: 0 ( B-SLICE, nQP 23 QP 23 )     199528 bits [Y 44.6603 dB    U 47.4052 dB    V 48.9237 dB] [ET    15 ] [L0 0 ] [L1 0 ]
POC    8 TId: 1 ( B-SLICE, nQP 23 QP 23 )     187976 bits [Y 44.7084 dB    U 47.3835 dB    V 48.9417 dB] [ET    15 ] [L0 0 16 ] [L1 16 0 ]
POC    4 TId: 2 ( B-SLICE, nQP 26 QP 26 )     131344 bits [Y 43.6321 dB    U 47.1513 dB    V 48.7906 dB] [ET    15 ] [L0 0 8 ] [L1 8 16 ]
POC    2 TId: 3 ( B-SLICE, nQP 27 QP 27 )     106216 bits [Y 43.4217 dB    U 47.3345 dB    V 48.8682 dB] [ET    12 ] [L0 0 4 ] [L1 4 8 ]
POC    1 TId: 4 ( B-SLICE, nQP 29 QP 29 )        240 bits [Y 46.5624 dB    U 48.2455 dB    V 49.4769 dB] [ET     6 ] [L0 0 2 ] [L1 2 4 ]
POC    3 TId: 4 ( B-SLICE, nQP 29 QP 29 )      77400 bits [Y 42.5151 dB    U 47.0276 dB    V 48.7681 dB] [ET    11 ] [L0 2 0 ] [L1 4 8 ]
POC    6 TId: 3 ( B-SLICE, nQP 27 QP 27 )     109632 bits [Y 43.2243 dB    U 47.0683 dB    V 48.7664 dB] [ET    15 ] [L0 4 0 ] [L1 8 16 ]
POC    5 TId: 4 ( B-SLICE, nQP 29 QP 29 )      75512 bits [Y 42.4718 dB    U 46.9484 dB    V 48.6725 dB] [ET    11 ] [L0 4 0 ] [L1 6 8 ]
POC    7 TId: 4 ( B-SLICE, nQP 29 QP 29 )      74864 bits [Y 42.4882 dB    U 47.0195 dB    V 48.7721 dB] [ET    12 ] [L0 6 4 ] [L1 8 16 ]
POC   12 TId: 2 ( B-SLICE, nQP 26 QP 26 )     132760 bits [Y 43.5709 dB    U 47.0275 dB    V 48.7610 dB] [ET    15 ] [L0 8 0 ] [L1 16 8 ]
POC   10 TId: 3 ( B-SLICE, nQP 27 QP 27 )     110864 bits [Y 43.1992 dB    U 46.9441 dB    V 48.6909 dB] [ET    14 ] [L0 8 0 ] [L1 12 16 ]
POC    9 TId: 4 ( B-SLICE, nQP 29 QP 29 )      74344 bits [Y 42.5168 dB    U 47.0302 dB    V 48.7427 dB] [ET    12 ] [L0 8 0 ] [L1 10 12 ]
POC   11 TId: 4 ( B-SLICE, nQP 29 QP 29 )      76056 bits [Y 42.4192 dB    U 46.8894 dB    V 48.7280 dB] [ET    11 ] [L0 10 8 ] [L1 12 16 ]
POC   14 TId: 3 ( B-SLICE, nQP 27 QP 27 )     113448 bits [Y 43.1561 dB    U 46.8879 dB    V 48.6751 dB] [ET    12 ] [L0 12 8 ] [L1 16 12 ]
POC   13 TId: 4 ( B-SLICE, nQP 29 QP 29 )      77304 bits [Y 42.3936 dB    U 46.8383 dB    V 48.6849 dB] [ET    11 ] [L0 12 8 ] [L1 14 16 ]
POC   15 TId: 4 ( B-SLICE, nQP 29 QP 29 )      76072 bits [Y 42.4571 dB    U 46.9701 dB    V 48.7653 dB] [ET    10 ] [L0 14 12 ] [L1 16 14 ]
POC   32 TId: 0 ( I-SLICE, nQP 19 QP 19 )     548640 bits [Y 46.5799 dB    U 48.2910 dB    V 49.5090 dB] [ET     4 ] [L0 ] [L1 ]
POC   24 TId: 1 ( B-SLICE, nQP 23 QP 23 )     186520 bits [Y 44.9313 dB    U 47.6935 dB    V 49.1937 dB] [ET    19 ] [L0 16 8 ] [L1 32 16 ]
POC   20 TId: 2 ( B-SLICE, nQP 26 QP 26 )     132888 bits [Y 43.6869 dB    U 47.1609 dB    V 48.7956 dB] [ET    17 ] [L0 16 8 ] [L1 24 32 ]
POC   18 TId: 3 ( B-SLICE, nQP 27 QP 27 )     111576 bits [Y 43.3048 dB    U 47.2077 dB    V 48.8882 dB] [ET    14 ] [L0 16 8 ] [L1 20 24 ]
POC   17 TId: 4 ( B-SLICE, nQP 29 QP 29 )      75176 bits [Y 42.5947 dB    U 47.1351 dB    V 48.8624 dB] [ET    10 ] [L0 16 18 ] [L1 18 20 ]
POC   19 TId: 4 ( B-SLICE, nQP 29 QP 29 )      77160 bits [Y 42.4872 dB    U 47.0743 dB    V 48.7188 dB] [ET    11 ] [L0 18 16 ] [L1 20 24 ]
POC   22 TId: 3 ( B-SLICE, nQP 27 QP 27 )     113048 bits [Y 43.3145 dB    U 47.1356 dB    V 48.8150 dB] [ET    15 ] [L0 20 16 ] [L1 24 32 ]
POC   21 TId: 4 ( B-SLICE, nQP 29 QP 29 )      76632 bits [Y 42.4696 dB    U 46.9295 dB    V 48.7034 dB] [ET    11 ] [L0 20 16 ] [L1 22 24 ]
POC   23 TId: 4 ( B-SLICE, nQP 29 QP 29 )      74128 bits [Y 42.5912 dB    U 47.1882 dB    V 48.9540 dB] [ET    12 ] [L0 22 20 ] [L1 24 32 ]
POC   28 TId: 2 ( B-SLICE, nQP 26 QP 26 )     130104 bits [Y 43.7964 dB    U 47.3409 dB    V 48.9421 dB] [ET    14 ] [L0 24 16 ] [L1 32 24 ]
POC   26 TId: 3 ( B-SLICE, nQP 27 QP 27 )     108056 bits [Y 43.3619 dB    U 47.2094 dB    V 48.9283 dB] [ET    14 ] [L0 24 16 ] [L1 28 32 ]
POC   25 TId: 4 ( B-SLICE, nQP 29 QP 29 )      74264 bits [Y 42.5893 dB    U 47.1426 dB    V 48.8506 dB] [ET    12 ] [L0 24 16 ] [L1 26 28 ]
POC   27 TId: 4 ( B-SLICE, nQP 29 QP 29 )      72656 bits [Y 42.5725 dB    U 47.1477 dB    V 48.8861 dB] [ET    11 ] [L0 26 24 ] [L1 28 32 ]
POC   30 TId: 3 ( B-SLICE, nQP 27 QP 27 )     111296 bits [Y 43.3768 dB    U 47.2852 dB    V 48.9745 dB] [ET    12 ] [L0 28 24 ] [L1 32 28 ]
POC   29 TId: 4 ( B-SLICE, nQP 29 QP 29 )      76056 bits [Y 42.5710 dB    U 47.2058 dB    V 48.8861 dB] [ET    11 ] [L0 28 24 ] [L1 30 32 ]
POC   31 TId: 4 ( B-SLICE, nQP 29 QP 29 )      72040 bits [Y 42.7752 dB    U 47.4210 dB    V 49.0381 dB] [ET    10 ] [L0 30 28 ] [L1 32 30 ]
POC   48 TId: 0 ( B-SLICE, nQP 23 QP 23 )     189288 bits [Y 44.7372 dB    U 47.5314 dB    V 49.0180 dB] [ET    14 ] [L0 32 ] [L1 32 ]
POC   40 TId: 1 ( B-SLICE, nQP 23 QP 23 )     188872 bits [Y 44.7304 dB    U 47.4977 dB    V 49.0122 dB] [ET    15 ] [L0 32 48 ] [L1 48 32 ]
POC   36 TId: 2 ( B-SLICE, nQP 26 QP 26 )     133056 bits [Y 43.6022 dB    U 47.1165 dB    V 48.8428 dB] [ET    14 ] [L0 32 40 ] [L1 40 48 ]
POC   34 TId: 3 ( B-SLICE, nQP 27 QP 27 )     109648 bits [Y 43.2982 dB    U 47.1635 dB    V 48.7904 dB] [ET    12 ] [L0 32 36 ] [L1 36 40 ]
POC   33 TId: 4 ( B-SLICE, nQP 29 QP 29 )      74536 bits [Y 42.6378 dB    U 47.2563 dB    V 48.8940 dB] [ET    10 ] [L0 32 34 ] [L1 34 36 ]
POC   35 TId: 4 ( B-SLICE, nQP 29 QP 29 )      75200 bits [Y 42.4781 dB    U 46.9838 dB    V 48.7495 dB] [ET    11 ] [L0 34 32 ] [L1 36 40 ]
POC   38 TId: 3 ( B-SLICE, nQP 27 QP 27 )     111640 bits [Y 43.2361 dB    U 47.0682 dB    V 48.7354 dB] [ET    14 ] [L0 36 32 ] [L1 40 48 ]
POC   37 TId: 4 ( B-SLICE, nQP 29 QP 29 )      77248 bits [Y 42.4446 dB    U 47.0149 dB    V 48.7238 dB] [ET    11 ] [L0 36 32 ] [L1 38 40 ]
POC   39 TId: 4 ( B-SLICE, nQP 29 QP 29 )      75624 bits [Y 42.5778 dB    U 47.0910 dB    V 48.7679 dB] [ET    12 ] [L0 38 36 ] [L1 40 48 ]
POC   44 TId: 2 ( B-SLICE, nQP 26 QP 26 )     127224 bits [Y 43.6019 dB    U 47.1223 dB    V 48.7692 dB] [ET    14 ] [L0 40 32 ] [L1 48 40 ]
POC   42 TId: 3 ( B-SLICE, nQP 27 QP 27 )     108400 bits [Y 43.2245 dB    U 47.0537 dB    V 48.7539 dB] [ET    14 ] [L0 40 32 ] [L1 44 48 ]
POC   41 TId: 4 ( B-SLICE, nQP 29 QP 29 )      73344 bits [Y 42.5322 dB    U 47.0765 dB    V 48.7749 dB] [ET    12 ] [L0 40 32 ] [L1 42 44 ]
POC   43 TId: 4 ( B-SLICE, nQP 29 QP 29 )      72544 bits [Y 42.4679 dB    U 47.0574 dB    V 48.7414 dB] [ET    11 ] [L0 42 40 ] [L1 44 48 ]
POC   46 TId: 3 ( B-SLICE, nQP 27 QP 27 )     106744 bits [Y 43.2522 dB    U 46.9972 dB    V 48.6812 dB] [ET    12 ] [L0 44 40 ] [L1 48 44 ]
POC   45 TId: 4 ( B-SLICE, nQP 29 QP 29 )      73848 bits [Y 42.4827 dB    U 46.9613 dB    V 48.7452 dB] [ET    11 ] [L0 44 40 ] [L1 46 48 ]
POC   47 TId: 4 ( B-SLICE, nQP 29 QP 29 )      70808 bits [Y 42.5896 dB    U 47.0813 dB    V 48.7455 dB] [ET    10 ] [L0 46 44 ] [L1 48 46 ]
POC   56 TId: 1 ( B-SLICE, nQP 23 QP 23 )     189960 bits [Y 44.6785 dB    U 47.4356 dB    V 48.9729 dB] [ET    17 ] [L0 48 40 ] [L1 48 40 ]
POC   52 TId: 2 ( B-SLICE, nQP 26 QP 26 )     130000 bits [Y 43.5661 dB    U 47.0786 dB    V 48.8295 dB] [ET    14 ] [L0 48 40 ] [L1 56 48 ]
POC   50 TId: 3 ( B-SLICE, nQP 27 QP 27 )     110824 bits [Y 43.1652 dB    U 47.0371 dB    V 48.6201 dB] [ET    14 ] [L0 48 40 ] [L1 52 56 ]
POC   49 TId: 4 ( B-SLICE, nQP 29 QP 29 )      73456 bits [Y 42.5310 dB    U 47.0573 dB    V 48.7830 dB] [ET    10 ] [L0 48 50 ] [L1 50 52 ]
POC   51 TId: 4 ( B-SLICE, nQP 29 QP 29 )      75144 bits [Y 42.3823 dB    U 46.9769 dB    V 48.7240 dB] [ET    11 ] [L0 50 48 ] [L1 52 56 ]
POC   54 TId: 3 ( B-SLICE, nQP 27 QP 27 )     109784 bits [Y 43.1922 dB    U 47.0164 dB    V 48.8394 dB] [ET    12 ] [L0 52 48 ] [L1 56 52 ]
POC   53 TId: 4 ( B-SLICE, nQP 29 QP 29 )      74368 bits [Y 42.4281 dB    U 46.9963 dB    V 48.7845 dB] [ET    11 ] [L0 52 48 ] [L1 54 56 ]
POC   55 TId: 4 ( B-SLICE, nQP 29 QP 29 )      75112 bits [Y 42.4551 dB    U 47.0449 dB    V 48.8047 dB] [ET    10 ] [L0 54 52 ] [L1 56 54 ]
POC   58 TId: 3 ( B-SLICE, nQP 27 QP 27 )     117232 bits [Y 43.1113 dB    U 46.8721 dB    V 48.6615 dB] [ET    12 ] [L0 56 48 ] [L1 56 48 ]
POC   57 TId: 4 ( B-SLICE, nQP 29 QP 29 )      77696 bits [Y 42.4645 dB    U 46.9079 dB    V 48.6336 dB] [ET    11 ] [L0 56 48 ] [L1 58 56 ]
POC   59 TId: 4 ( B-SLICE, nQP 29 QP 29 )      85632 bits [Y 42.2793 dB    U 46.7606 dB    V 48.6090 dB] [ET    10 ] [L0 58 56 ] [L1 58 56 ]


SUMMARY --------------------------------------------------------
	Total Frames |   Bitrate     Y-PSNR    U-PSNR    V-PSNR    YUV-PSNR  
	       60    a    2684.9771   43.2518   47.1707   48.8410   44.2366  


I Slices--------------------------------------------------------
	Total Frames |   Bitrate     Y-PSNR    U-PSNR    V-PSNR    YUV-PSNR  
	        2    i   12671.8040   46.5709   48.2676   49.4927   47.2033  


P Slices--------------------------------------------------------
	Total Frames |   Bitrate     Y-PSNR    U-PSNR    V-PSNR    YUV-PSNR  
	        0    p         -nan      -nan      -nan      -nan      -nan  


B Slices--------------------------------------------------------
	Total Frames |   Bitrate     Y-PSNR    U-PSNR    V-PSNR    YUV-PSNR  
	       58    b    2340.6037   43.1374   47.1329   48.8185   44.1631  

RVM: 0.000
Bytes written to file: 875536 (2684.977 kbps)

 Total Time:      732.245 sec.
