******************************************************************
** WARNING: --SEIDecodedPictureHash is now disabled by default. **
**          Automatic verification of decoded pictures by a     **
**          decoder requires this option to be enabled.         **
******************************************************************
***************************************************************************
** WARNING: For conforming bitstreams a valid Level value must be set!   **
***************************************************************************

HM software: Encoder Version [16.20] (including RExt)[Linux][GCC 11.3.0][64 bit] 


Input          File                    : /home/pc-einstein/Documents/Alex/class_C/rain_hdr_amazon_720p.yuv
Bitstream      File                    : /home/pc-einstein/Documents/Alex/Vitech_Gerenciador/rain_hdr_amazon_720p/cq_22/video/coded_HM.hevc
Reconstruction File                    : /home/pc-einstein/Documents/Alex/Vitech_Gerenciador/rain_hdr_amazon_720p/cq_22/video/coded_HM.yuv
Real     Format                        : 1280x720 23Hz
Internal Format                        : 1280x720 23Hz
Sequence PSNR output                   : Linear average only
Sequence MSE output                    : Disabled
Frame MSE output                       : Disabled
MS-SSIM output                         : Disabled
xPSNR calculation                      : Disabled
Cabac-zero-word-padding                : Enabled
Frame/Field                            : Frame based coding
Frame index                            : 0 - 59 (60 frames)
Profile                                : main10
CU size / depth / total-depth          : 64 / 4 / 4
RQT trans. size (min / max)            : 4 / 32
Max RQT depth inter                    : 3
Max RQT depth intra                    : 3
Min PCM size                           : 8
Motion search range                    : 384
Intra period                           : 32
Decoding refresh type                  : 1
QP                                     : 22
Max dQP signaling depth                : 0
Cb QP Offset                           : 0
Cr QP Offset                           : 0
QP adaptation                          : 0 (range=0)
GOP size                               : 16
Input bit depth                        : (Y:10, C:10)
MSB-extended bit depth                 : (Y:10, C:10)
Internal bit depth                     : (Y:10, C:10)
PCM sample bit depth                   : (Y:10, C:10)
Intra reference smoothing              : Enabled
diff_cu_chroma_qp_offset_depth         : -1
extended_precision_processing_flag     : Disabled
implicit_rdpcm_enabled_flag            : Disabled
explicit_rdpcm_enabled_flag            : Disabled
transform_skip_rotation_enabled_flag   : Disabled
transform_skip_context_enabled_flag    : Disabled
cross_component_prediction_enabled_flag: Disabled
high_precision_offsets_enabled_flag    : Disabled
persistent_rice_adaptation_enabled_flag: Disabled
cabac_bypass_alignment_enabled_flag    : Disabled
log2_sao_offset_scale_luma             : 0
log2_sao_offset_scale_chroma           : 0
Cost function:                         : Lossy coding (default)
RateControl                            : 0
WPMethod                               : 0
Max Num Merge Candidates               : 5

TOOL CFG: IBD:0 HAD:1 RDQ:1 RDQTS:1 RDpenalty:0 LQP:0 SQP:0 ASR:1 MinSearchWindow:96 RestrictMESampling:0 FEN:1 ECU:0 FDM:1 CFM:0 ESD:0 RQT:1 TransformSkip:1 TransformSkipFast:1 TransformSkipLog2MaxSize:2 Slice: M=0 SliceSegment: M=0 CIP:0 SAO:1 PCM:0 TransQuantBypassEnabled:0 WPP:0 WPB:0 PME:2  WaveFrontSynchro:0 WaveFrontSubstreams:1 ScalingList:0 TMVPMode:1 AQpS:0 SignBitHidingFlag:1 RecalQP:0

Non-environment-variable-controlled macros set as follows: 

                                RExt__DECODER_DEBUG_BIT_STATISTICS =   0
                                      RExt__HIGH_BIT_DEPTH_SUPPORT =   0
                            RExt__HIGH_PRECISION_FORWARD_TRANSFORM =   0
                                        O0043_BEST_EFFORT_DECODING =   0
                                         ME_ENABLE_ROUNDING_OF_MVS =   1

                   Input ChromaFormatIDC =   4:2:0
       Output (internal) ChromaFormatIDC =   4:2:0

POC    0 TId: 0 ( I-SLICE, nQP 19 QP 19 )    1120000 bits [Y 44.5562 dB    U 45.6201 dB    V 46.3925 dB] [ET     6 ] [L0 ] [L1 ]
POC   16 TId: 0 ( B-SLICE, nQP 23 QP 23 )     277696 bits [Y 41.8353 dB    U 44.5594 dB    V 45.6070 dB] [ET    15 ] [L0 0 ] [L1 0 ]
POC    8 TId: 1 ( B-SLICE, nQP 23 QP 23 )     211200 bits [Y 41.8285 dB    U 44.5411 dB    V 45.5594 dB] [ET    15 ] [L0 0 16 ] [L1 16 0 ]
POC    4 TId: 2 ( B-SLICE, nQP 26 QP 26 )      87384 bits [Y 40.8942 dB    U 44.5149 dB    V 45.5193 dB] [ET    10 ] [L0 0 8 ] [L1 8 16 ]
POC    2 TId: 3 ( B-SLICE, nQP 27 QP 27 )      50136 bits [Y 41.0452 dB    U 44.7492 dB    V 45.6478 dB] [ET     8 ] [L0 0 4 ] [L1 4 8 ]
POC    1 TId: 4 ( B-SLICE, nQP 29 QP 29 )        280 bits [Y 44.5509 dB    U 45.6203 dB    V 46.3931 dB] [ET     5 ] [L0 0 2 ] [L1 2 4 ]
POC    3 TId: 4 ( B-SLICE, nQP 29 QP 29 )      27896 bits [Y 40.3895 dB    U 44.5606 dB    V 45.5624 dB] [ET     7 ] [L0 2 0 ] [L1 4 8 ]
POC    6 TId: 3 ( B-SLICE, nQP 27 QP 27 )      62616 bits [Y 40.6302 dB    U 44.5013 dB    V 45.5174 dB] [ET     9 ] [L0 4 0 ] [L1 8 16 ]
POC    5 TId: 4 ( B-SLICE, nQP 29 QP 29 )      28552 bits [Y 40.2735 dB    U 44.4986 dB    V 45.5443 dB] [ET     7 ] [L0 4 0 ] [L1 6 8 ]
POC    7 TId: 4 ( B-SLICE, nQP 29 QP 29 )      28488 bits [Y 40.3319 dB    U 44.4882 dB    V 45.5432 dB] [ET     8 ] [L0 6 4 ] [L1 8 16 ]
POC   12 TId: 2 ( B-SLICE, nQP 26 QP 26 )      88056 bits [Y 40.7959 dB    U 44.5111 dB    V 45.5461 dB] [ET    11 ] [L0 8 0 ] [L1 16 8 ]
POC   10 TId: 3 ( B-SLICE, nQP 27 QP 27 )      61480 bits [Y 40.6091 dB    U 44.4916 dB    V 45.5381 dB] [ET    10 ] [L0 8 0 ] [L1 12 16 ]
POC    9 TId: 4 ( B-SLICE, nQP 29 QP 29 )      26296 bits [Y 40.3257 dB    U 44.4848 dB    V 45.5384 dB] [ET     8 ] [L0 8 0 ] [L1 10 12 ]
POC   11 TId: 4 ( B-SLICE, nQP 29 QP 29 )      26968 bits [Y 40.2162 dB    U 44.4677 dB    V 45.5302 dB] [ET     7 ] [L0 10 8 ] [L1 12 16 ]
POC   14 TId: 3 ( B-SLICE, nQP 27 QP 27 )      59360 bits [Y 40.5864 dB    U 44.4666 dB    V 45.5379 dB] [ET     8 ] [L0 12 8 ] [L1 16 12 ]
POC   13 TId: 4 ( B-SLICE, nQP 29 QP 29 )      25872 bits [Y 40.2073 dB    U 44.4583 dB    V 45.5363 dB] [ET     7 ] [L0 12 8 ] [L1 14 16 ]
POC   15 TId: 4 ( B-SLICE, nQP 29 QP 29 )      24896 bits [Y 40.3792 dB    U 44.4585 dB    V 45.5443 dB] [ET     7 ] [L0 14 12 ] [L1 16 14 ]
POC   32 TId: 0 ( I-SLICE, nQP 19 QP 19 )    1180928 bits [Y 44.5478 dB    U 45.5323 dB    V 46.3563 dB] [ET     6 ] [L0 ] [L1 ]
POC   24 TId: 1 ( B-SLICE, nQP 23 QP 23 )     180720 bits [Y 42.1216 dB    U 44.9717 dB    V 45.8980 dB] [ET    15 ] [L0 16 8 ] [L1 32 16 ]
POC   20 TId: 2 ( B-SLICE, nQP 26 QP 26 )      83920 bits [Y 41.1612 dB    U 44.8742 dB    V 45.8114 dB] [ET    11 ] [L0 16 8 ] [L1 24 32 ]
POC   18 TId: 3 ( B-SLICE, nQP 27 QP 27 )      58088 bits [Y 40.9543 dB    U 44.8655 dB    V 45.7974 dB] [ET     9 ] [L0 16 8 ] [L1 20 24 ]
POC   17 TId: 4 ( B-SLICE, nQP 29 QP 29 )      25768 bits [Y 40.6682 dB    U 44.8306 dB    V 45.7531 dB] [ET     7 ] [L0 16 18 ] [L1 18 20 ]
POC   19 TId: 4 ( B-SLICE, nQP 29 QP 29 )      24848 bits [Y 40.5812 dB    U 44.8707 dB    V 45.7984 dB] [ET     7 ] [L0 18 16 ] [L1 20 24 ]
POC   22 TId: 3 ( B-SLICE, nQP 27 QP 27 )      58704 bits [Y 40.9250 dB    U 44.8782 dB    V 45.8225 dB] [ET     9 ] [L0 20 16 ] [L1 24 32 ]
POC   21 TId: 4 ( B-SLICE, nQP 29 QP 29 )      26144 bits [Y 40.5431 dB    U 44.8512 dB    V 45.8065 dB] [ET     7 ] [L0 20 16 ] [L1 22 24 ]
POC   23 TId: 4 ( B-SLICE, nQP 29 QP 29 )      25184 bits [Y 40.6578 dB    U 44.9176 dB    V 45.8401 dB] [ET     7 ] [L0 22 20 ] [L1 24 32 ]
POC   28 TId: 2 ( B-SLICE, nQP 26 QP 26 )      89728 bits [Y 41.0876 dB    U 44.8423 dB    V 45.7965 dB] [ET    10 ] [L0 24 16 ] [L1 32 24 ]
POC   26 TId: 3 ( B-SLICE, nQP 27 QP 27 )      58728 bits [Y 40.8879 dB    U 44.8962 dB    V 45.8284 dB] [ET     9 ] [L0 24 16 ] [L1 28 32 ]
POC   25 TId: 4 ( B-SLICE, nQP 29 QP 29 )      23848 bits [Y 40.6345 dB    U 44.9007 dB    V 45.8655 dB] [ET     7 ] [L0 24 16 ] [L1 26 28 ]
POC   27 TId: 4 ( B-SLICE, nQP 29 QP 29 )      26840 bits [Y 40.4912 dB    U 44.8572 dB    V 45.8284 dB] [ET     7 ] [L0 26 24 ] [L1 28 32 ]
POC   30 TId: 3 ( B-SLICE, nQP 27 QP 27 )      61592 bits [Y 40.9321 dB    U 44.8636 dB    V 45.7876 dB] [ET     8 ] [L0 28 24 ] [L1 32 28 ]
POC   29 TId: 4 ( B-SLICE, nQP 29 QP 29 )      26248 bits [Y 40.5061 dB    U 44.8547 dB    V 45.8088 dB] [ET     7 ] [L0 28 24 ] [L1 30 32 ]
POC   31 TId: 4 ( B-SLICE, nQP 29 QP 29 )      26992 bits [Y 40.7914 dB    U 45.0066 dB    V 45.8438 dB] [ET     7 ] [L0 30 28 ] [L1 32 30 ]
POC   48 TId: 0 ( B-SLICE, nQP 23 QP 23 )     272032 bits [Y 41.7064 dB    U 44.4514 dB    V 45.4891 dB] [ET    14 ] [L0 32 ] [L1 32 ]
POC   40 TId: 1 ( B-SLICE, nQP 23 QP 23 )     207856 bits [Y 41.7515 dB    U 44.4931 dB    V 45.5355 dB] [ET    14 ] [L0 32 48 ] [L1 48 32 ]
POC   36 TId: 2 ( B-SLICE, nQP 26 QP 26 )      86448 bits [Y 40.7795 dB    U 44.4734 dB    V 45.5141 dB] [ET    10 ] [L0 32 40 ] [L1 40 48 ]
POC   34 TId: 3 ( B-SLICE, nQP 27 QP 27 )      61416 bits [Y 40.6855 dB    U 44.5482 dB    V 45.5283 dB] [ET     8 ] [L0 32 36 ] [L1 36 40 ]
POC   33 TId: 4 ( B-SLICE, nQP 29 QP 29 )      25048 bits [Y 40.5715 dB    U 44.7202 dB    V 45.6167 dB] [ET     7 ] [L0 32 34 ] [L1 34 36 ]
POC   35 TId: 4 ( B-SLICE, nQP 29 QP 29 )      24720 bits [Y 40.2328 dB    U 44.5277 dB    V 45.5056 dB] [ET     7 ] [L0 34 32 ] [L1 36 40 ]
POC   38 TId: 3 ( B-SLICE, nQP 27 QP 27 )      59392 bits [Y 40.5431 dB    U 44.4690 dB    V 45.5187 dB] [ET     9 ] [L0 36 32 ] [L1 40 48 ]
POC   37 TId: 4 ( B-SLICE, nQP 29 QP 29 )      24600 bits [Y 40.1791 dB    U 44.4573 dB    V 45.4918 dB] [ET     7 ] [L0 36 32 ] [L1 38 40 ]
POC   39 TId: 4 ( B-SLICE, nQP 29 QP 29 )      24728 bits [Y 40.2701 dB    U 44.4526 dB    V 45.5313 dB] [ET     7 ] [L0 38 36 ] [L1 40 48 ]
POC   44 TId: 2 ( B-SLICE, nQP 26 QP 26 )      84408 bits [Y 40.6548 dB    U 44.4209 dB    V 45.4442 dB] [ET    10 ] [L0 40 32 ] [L1 48 40 ]
POC   42 TId: 3 ( B-SLICE, nQP 27 QP 27 )      57608 bits [Y 40.4901 dB    U 44.4143 dB    V 45.5123 dB] [ET     9 ] [L0 40 32 ] [L1 44 48 ]
POC   41 TId: 4 ( B-SLICE, nQP 29 QP 29 )      23848 bits [Y 40.2714 dB    U 44.4434 dB    V 45.4726 dB] [ET     7 ] [L0 40 32 ] [L1 42 44 ]
POC   43 TId: 4 ( B-SLICE, nQP 29 QP 29 )      23200 bits [Y 40.1170 dB    U 44.4190 dB    V 45.4819 dB] [ET     7 ] [L0 42 40 ] [L1 44 48 ]
POC   46 TId: 3 ( B-SLICE, nQP 27 QP 27 )      58712 bits [Y 40.4426 dB    U 44.4215 dB    V 45.4506 dB] [ET     8 ] [L0 44 40 ] [L1 48 44 ]
POC   45 TId: 4 ( B-SLICE, nQP 29 QP 29 )      22808 bits [Y 40.0838 dB    U 44.3833 dB    V 45.4758 dB] [ET     7 ] [L0 44 40 ] [L1 46 48 ]
POC   47 TId: 4 ( B-SLICE, nQP 29 QP 29 )      24056 bits [Y 40.2029 dB    U 44.4027 dB    V 45.4674 dB] [ET     6 ] [L0 46 44 ] [L1 48 46 ]
POC   56 TId: 1 ( B-SLICE, nQP 23 QP 23 )     211400 bits [Y 41.7085 dB    U 44.4563 dB    V 45.5174 dB] [ET    14 ] [L0 48 40 ] [L1 48 40 ]
POC   52 TId: 2 ( B-SLICE, nQP 26 QP 26 )      82200 bits [Y 40.6723 dB    U 44.4163 dB    V 45.4716 dB] [ET     9 ] [L0 48 40 ] [L1 56 48 ]
POC   50 TId: 3 ( B-SLICE, nQP 27 QP 27 )      56576 bits [Y 40.4815 dB    U 44.4204 dB    V 45.4459 dB] [ET     8 ] [L0 48 40 ] [L1 52 56 ]
POC   49 TId: 4 ( B-SLICE, nQP 29 QP 29 )      23496 bits [Y 40.2464 dB    U 44.4414 dB    V 45.4835 dB] [ET     6 ] [L0 48 50 ] [L1 50 52 ]
POC   51 TId: 4 ( B-SLICE, nQP 29 QP 29 )      23488 bits [Y 40.1385 dB    U 44.4090 dB    V 45.4800 dB] [ET     7 ] [L0 50 48 ] [L1 52 56 ]
POC   54 TId: 3 ( B-SLICE, nQP 27 QP 27 )      56792 bits [Y 40.4450 dB    U 44.4117 dB    V 45.4243 dB] [ET     8 ] [L0 52 48 ] [L1 56 52 ]
POC   53 TId: 4 ( B-SLICE, nQP 29 QP 29 )      22888 bits [Y 40.0760 dB    U 44.4041 dB    V 45.4746 dB] [ET     7 ] [L0 52 48 ] [L1 54 56 ]
POC   55 TId: 4 ( B-SLICE, nQP 29 QP 29 )      23592 bits [Y 40.2093 dB    U 44.4387 dB    V 45.4815 dB] [ET     6 ] [L0 54 52 ] [L1 56 54 ]
POC   58 TId: 3 ( B-SLICE, nQP 27 QP 27 )      64584 bits [Y 40.3949 dB    U 44.3992 dB    V 45.4638 dB] [ET     8 ] [L0 56 48 ] [L1 56 48 ]
POC   57 TId: 4 ( B-SLICE, nQP 29 QP 29 )      23240 bits [Y 40.1979 dB    U 44.3924 dB    V 45.4398 dB] [ET     6 ] [L0 56 48 ] [L1 58 56 ]
POC   59 TId: 4 ( B-SLICE, nQP 29 QP 29 )      35960 bits [Y 39.9063 dB    U 44.3749 dB    V 45.4466 dB] [ET     6 ] [L0 58 56 ] [L1 58 56 ]


SUMMARY --------------------------------------------------------
	Total Frames |   Bitrate     Y-PSNR    U-PSNR    V-PSNR    YUV-PSNR  
	       60    a    2258.0449   40.8401   44.6311   45.6311   41.7775  


I Slices--------------------------------------------------------
	Total Frames |   Bitrate     Y-PSNR    U-PSNR    V-PSNR    YUV-PSNR  
	        2    i   26460.6720   44.5520   45.5762   46.3744   44.9717  


P Slices--------------------------------------------------------
	Total Frames |   Bitrate     Y-PSNR    U-PSNR    V-PSNR    YUV-PSNR  
	        0    p         -nan      -nan      -nan      -nan      -nan  


B Slices--------------------------------------------------------
	Total Frames |   Bitrate     Y-PSNR    U-PSNR    V-PSNR    YUV-PSNR  
	       58    b    1423.4716   40.7121   44.5985   45.6055   41.7002  

RVM: 0.000
Bytes written to file: 736319 (2258.045 kbps)

 Total Time:      508.471 sec.
