Codec: WebM Project VP9 Encoder v1.10.0
Source file: /home/pc-chomsky/Videos/class_E/pan_hdr_amazon_1080p.yuv File Type: RAW Format: I42016
Destination file: /home/pc-chomsky/Documents/vp9_gerenciador/pan_hdr_amazon_1080p/cq_20/video/coded_libvpx.vp9
Encoder parameters:
    g_usage                      = 0
    g_threads                    = 1
    g_profile                    = 2
    g_w                          = 1920
    g_h                          = 1080
    g_bit_depth                  = 10
    g_input_bit_depth            = 10
    g_timebase.num               = 1
    g_timebase.den               = 1000
    g_error_resilient            = 0
    g_pass                       = 0
    g_lag_in_frames              = 19
    rc_dropframe_thresh          = 0
    rc_resize_allowed            = 0
    rc_scaled_width              = 0
    rc_scaled_height             = 0
    rc_resize_up_thresh          = 60
    rc_resize_down_thresh        = 30
    rc_end_usage                 = 3
    rc_target_bitrate            = 256
    rc_min_quantizer             = 0
    rc_max_quantizer             = 63
    rc_undershoot_pct            = 25
    rc_overshoot_pct             = 25
    rc_buf_sz                    = 6000
    rc_buf_initial_sz            = 4000
    rc_buf_optimal_sz            = 5000
    rc_2pass_vbr_bias_pct        = 50
    rc_2pass_vbr_minsection_pct  = 0
    rc_2pass_vbr_maxsection_pct  = 2000
    rc_2pass_vbr_corpus_complexity = 0
    kf_mode                      = 1
    kf_min_dist                  = 1000
    kf_max_dist                  = 1000
Pass 1/2 frame    1/0          0B       0 us 0.00 fpm [ETA  unknown] Stream 0: Failed to encode frame: Invalid parameter
