******************************************************************
** WARNING: --SEIDecodedPictureHash is now disabled by default. **
**          Automatic verification of decoded pictures by a     **
**          decoder requires this option to be enabled.         **
******************************************************************
***************************************************************************
** WARNING: For conforming bitstreams a valid Level value must be set!   **
***************************************************************************

HM software: Encoder Version [16.20] (including RExt)[Linux][GCC 11.3.0][64 bit] 


Input          File                    : /home/pc-einstein/Documents/Alex/class_C/Netflix_DrivingPOV_1280x720_60fps_8bit_420_120f.yuv
Bitstream      File                    : /home/pc-einstein/Documents/Alex/Vitech_Gerenciador/Netflix_DrivingPOV_1280x720_60fps_8bit_420_120f/cq_22/video/coded_HM.hevc
Reconstruction File                    : /home/pc-einstein/Documents/Alex/Vitech_Gerenciador/Netflix_DrivingPOV_1280x720_60fps_8bit_420_120f/cq_22/video/coded_HM.yuv
Real     Format                        : 1280x720 60Hz
Internal Format                        : 1280x720 60Hz
Sequence PSNR output                   : Linear average only
Sequence MSE output                    : Disabled
Frame MSE output                       : Disabled
MS-SSIM output                         : Disabled
xPSNR calculation                      : Disabled
Cabac-zero-word-padding                : Enabled
Frame/Field                            : Frame based coding
Frame index                            : 0 - 59 (60 frames)
Profile                                : main
CU size / depth / total-depth          : 64 / 4 / 4
RQT trans. size (min / max)            : 4 / 32
Max RQT depth inter                    : 3
Max RQT depth intra                    : 3
Min PCM size                           : 8
Motion search range                    : 384
Intra period                           : 32
Decoding refresh type                  : 1
QP                                     : 22
Max dQP signaling depth                : 0
Cb QP Offset                           : 0
Cr QP Offset                           : 0
QP adaptation                          : 0 (range=0)
GOP size                               : 16
Input bit depth                        : (Y:8, C:8)
MSB-extended bit depth                 : (Y:8, C:8)
Internal bit depth                     : (Y:8, C:8)
PCM sample bit depth                   : (Y:8, C:8)
Intra reference smoothing              : Enabled
diff_cu_chroma_qp_offset_depth         : -1
extended_precision_processing_flag     : Disabled
implicit_rdpcm_enabled_flag            : Disabled
explicit_rdpcm_enabled_flag            : Disabled
transform_skip_rotation_enabled_flag   : Disabled
transform_skip_context_enabled_flag    : Disabled
cross_component_prediction_enabled_flag: Disabled
high_precision_offsets_enabled_flag    : Disabled
persistent_rice_adaptation_enabled_flag: Disabled
cabac_bypass_alignment_enabled_flag    : Disabled
log2_sao_offset_scale_luma             : 0
log2_sao_offset_scale_chroma           : 0
Cost function:                         : Lossy coding (default)
RateControl                            : 0
WPMethod                               : 0
Max Num Merge Candidates               : 5

TOOL CFG: IBD:0 HAD:1 RDQ:1 RDQTS:1 RDpenalty:0 LQP:0 SQP:0 ASR:1 MinSearchWindow:96 RestrictMESampling:0 FEN:1 ECU:0 FDM:1 CFM:0 ESD:0 RQT:1 TransformSkip:1 TransformSkipFast:1 TransformSkipLog2MaxSize:2 Slice: M=0 SliceSegment: M=0 CIP:0 SAO:1 PCM:0 TransQuantBypassEnabled:0 WPP:0 WPB:0 PME:2  WaveFrontSynchro:0 WaveFrontSubstreams:1 ScalingList:0 TMVPMode:1 AQpS:0 SignBitHidingFlag:1 RecalQP:0

Non-environment-variable-controlled macros set as follows: 

                                RExt__DECODER_DEBUG_BIT_STATISTICS =   0
                                      RExt__HIGH_BIT_DEPTH_SUPPORT =   0
                            RExt__HIGH_PRECISION_FORWARD_TRANSFORM =   0
                                        O0043_BEST_EFFORT_DECODING =   0
                                         ME_ENABLE_ROUNDING_OF_MVS =   1

                   Input ChromaFormatIDC =   4:2:0
       Output (internal) ChromaFormatIDC =   4:2:0

POC    0 TId: 0 ( I-SLICE, nQP 19 QP 19 )    1419616 bits [Y 44.8517 dB    U 46.4175 dB    V 45.4181 dB] [ET     6 ] [L0 ] [L1 ]
POC   16 TId: 0 ( B-SLICE, nQP 23 QP 23 )     544552 bits [Y 41.5793 dB    U 44.6759 dB    V 43.9207 dB] [ET    20 ] [L0 0 ] [L1 0 ]
POC    8 TId: 1 ( B-SLICE, nQP 23 QP 23 )     310464 bits [Y 41.7195 dB    U 44.8776 dB    V 43.9882 dB] [ET    17 ] [L0 0 16 ] [L1 16 0 ]
POC    4 TId: 2 ( B-SLICE, nQP 26 QP 26 )      97696 bits [Y 40.8436 dB    U 44.9242 dB    V 43.8988 dB] [ET    13 ] [L0 0 8 ] [L1 8 16 ]
POC    2 TId: 3 ( B-SLICE, nQP 27 QP 27 )      41056 bits [Y 40.9251 dB    U 44.9663 dB    V 43.9469 dB] [ET    10 ] [L0 0 4 ] [L1 4 8 ]
POC    1 TId: 4 ( B-SLICE, nQP 29 QP 29 )       8776 bits [Y 41.2869 dB    U 44.9410 dB    V 43.9039 dB] [ET     7 ] [L0 0 2 ] [L1 2 4 ]
POC    3 TId: 4 ( B-SLICE, nQP 29 QP 29 )      13248 bits [Y 40.3569 dB    U 44.8613 dB    V 43.8844 dB] [ET     8 ] [L0 2 0 ] [L1 4 8 ]
POC    6 TId: 3 ( B-SLICE, nQP 27 QP 27 )      42824 bits [Y 40.9168 dB    U 44.8510 dB    V 43.9883 dB] [ET    11 ] [L0 4 0 ] [L1 8 16 ]
POC    5 TId: 4 ( B-SLICE, nQP 29 QP 29 )      13744 bits [Y 40.2182 dB    U 44.7327 dB    V 43.7674 dB] [ET     9 ] [L0 4 0 ] [L1 6 8 ]
POC    7 TId: 4 ( B-SLICE, nQP 29 QP 29 )       9808 bits [Y 40.6877 dB    U 44.7394 dB    V 43.8423 dB] [ET     8 ] [L0 6 4 ] [L1 8 16 ]
POC   12 TId: 2 ( B-SLICE, nQP 26 QP 26 )     102024 bits [Y 40.6970 dB    U 44.6216 dB    V 43.7509 dB] [ET    13 ] [L0 8 0 ] [L1 16 8 ]
POC   10 TId: 3 ( B-SLICE, nQP 27 QP 27 )      42272 bits [Y 40.4367 dB    U 44.6286 dB    V 43.7743 dB] [ET    11 ] [L0 8 0 ] [L1 12 16 ]
POC    9 TId: 4 ( B-SLICE, nQP 29 QP 29 )       9024 bits [Y 40.3714 dB    U 44.6179 dB    V 43.6637 dB] [ET     8 ] [L0 8 0 ] [L1 10 12 ]
POC   11 TId: 4 ( B-SLICE, nQP 29 QP 29 )      12288 bits [Y 40.0378 dB    U 44.5052 dB    V 43.6362 dB] [ET     8 ] [L0 10 8 ] [L1 12 16 ]
POC   14 TId: 3 ( B-SLICE, nQP 27 QP 27 )      43400 bits [Y 40.2192 dB    U 44.5051 dB    V 43.7105 dB] [ET    10 ] [L0 12 8 ] [L1 16 12 ]
POC   13 TId: 4 ( B-SLICE, nQP 29 QP 29 )      10096 bits [Y 39.9736 dB    U 44.3961 dB    V 43.5701 dB] [ET     8 ] [L0 12 8 ] [L1 14 16 ]
POC   15 TId: 4 ( B-SLICE, nQP 29 QP 29 )      10584 bits [Y 40.0854 dB    U 44.4318 dB    V 43.5923 dB] [ET     7 ] [L0 14 12 ] [L1 16 14 ]
POC   32 TId: 0 ( I-SLICE, nQP 19 QP 19 )    1401376 bits [Y 44.9180 dB    U 46.3973 dB    V 45.4097 dB] [ET     6 ] [L0 ] [L1 ]
POC   24 TId: 1 ( B-SLICE, nQP 23 QP 23 )     306872 bits [Y 41.9914 dB    U 45.1845 dB    V 44.2964 dB] [ET    20 ] [L0 16 8 ] [L1 32 16 ]
POC   20 TId: 2 ( B-SLICE, nQP 26 QP 26 )     108008 bits [Y 40.6376 dB    U 44.7724 dB    V 43.9365 dB] [ET    15 ] [L0 16 8 ] [L1 24 32 ]
POC   18 TId: 3 ( B-SLICE, nQP 27 QP 27 )      48848 bits [Y 40.2365 dB    U 44.6601 dB    V 43.7864 dB] [ET    12 ] [L0 16 8 ] [L1 20 24 ]
POC   17 TId: 4 ( B-SLICE, nQP 29 QP 29 )      12296 bits [Y 40.4406 dB    U 44.5449 dB    V 43.7815 dB] [ET     8 ] [L0 16 18 ] [L1 18 20 ]
POC   19 TId: 4 ( B-SLICE, nQP 29 QP 29 )      12936 bits [Y 40.3256 dB    U 44.7435 dB    V 43.9677 dB] [ET     9 ] [L0 18 16 ] [L1 20 24 ]
POC   22 TId: 3 ( B-SLICE, nQP 27 QP 27 )      50192 bits [Y 40.4315 dB    U 44.7841 dB    V 43.9313 dB] [ET    11 ] [L0 20 16 ] [L1 24 32 ]
POC   21 TId: 4 ( B-SLICE, nQP 29 QP 29 )      11488 bits [Y 40.0152 dB    U 44.6908 dB    V 43.8067 dB] [ET     8 ] [L0 20 16 ] [L1 22 24 ]
POC   23 TId: 4 ( B-SLICE, nQP 29 QP 29 )      11920 bits [Y 40.2602 dB    U 44.8075 dB    V 43.8742 dB] [ET     9 ] [L0 22 20 ] [L1 24 32 ]
POC   28 TId: 2 ( B-SLICE, nQP 26 QP 26 )      98784 bits [Y 41.5045 dB    U 45.2673 dB    V 44.4008 dB] [ET    13 ] [L0 24 16 ] [L1 32 24 ]
POC   26 TId: 3 ( B-SLICE, nQP 27 QP 27 )      49032 bits [Y 40.6437 dB    U 45.0341 dB    V 44.0415 dB] [ET    12 ] [L0 24 16 ] [L1 28 32 ]
POC   25 TId: 4 ( B-SLICE, nQP 29 QP 29 )      12544 bits [Y 40.3557 dB    U 44.8924 dB    V 43.8915 dB] [ET     9 ] [L0 24 16 ] [L1 26 28 ]
POC   27 TId: 4 ( B-SLICE, nQP 29 QP 29 )      18688 bits [Y 40.3280 dB    U 45.0019 dB    V 44.0716 dB] [ET     9 ] [L0 26 24 ] [L1 28 32 ]
POC   30 TId: 3 ( B-SLICE, nQP 27 QP 27 )      46912 bits [Y 41.0585 dB    U 45.2047 dB    V 44.2092 dB] [ET    10 ] [L0 28 24 ] [L1 32 28 ]
POC   29 TId: 4 ( B-SLICE, nQP 29 QP 29 )      20512 bits [Y 40.3438 dB    U 44.9866 dB    V 43.9976 dB] [ET     9 ] [L0 28 24 ] [L1 30 32 ]
POC   31 TId: 4 ( B-SLICE, nQP 29 QP 29 )      11544 bits [Y 40.9057 dB    U 44.9886 dB    V 43.9273 dB] [ET     7 ] [L0 30 28 ] [L1 32 30 ]
POC   48 TId: 0 ( B-SLICE, nQP 23 QP 23 )     553912 bits [Y 41.6914 dB    U 44.6484 dB    V 43.8587 dB] [ET    21 ] [L0 32 ] [L1 32 ]
POC   40 TId: 1 ( B-SLICE, nQP 23 QP 23 )     323480 bits [Y 41.7851 dB    U 44.9073 dB    V 44.0665 dB] [ET    18 ] [L0 32 48 ] [L1 48 32 ]
POC   36 TId: 2 ( B-SLICE, nQP 26 QP 26 )     101592 bits [Y 40.8938 dB    U 44.9030 dB    V 43.9744 dB] [ET    14 ] [L0 32 40 ] [L1 40 48 ]
POC   34 TId: 3 ( B-SLICE, nQP 27 QP 27 )      45560 bits [Y 40.8422 dB    U 44.9002 dB    V 43.8807 dB] [ET    10 ] [L0 32 36 ] [L1 36 40 ]
POC   33 TId: 4 ( B-SLICE, nQP 29 QP 29 )      11936 bits [Y 40.9415 dB    U 44.9270 dB    V 43.8488 dB] [ET     8 ] [L0 32 34 ] [L1 34 36 ]
POC   35 TId: 4 ( B-SLICE, nQP 29 QP 29 )      16304 bits [Y 40.2095 dB    U 44.7889 dB    V 43.7912 dB] [ET     9 ] [L0 34 32 ] [L1 36 40 ]
POC   38 TId: 3 ( B-SLICE, nQP 27 QP 27 )      52128 bits [Y 40.7515 dB    U 44.7814 dB    V 43.9036 dB] [ET    12 ] [L0 36 32 ] [L1 40 48 ]
POC   37 TId: 4 ( B-SLICE, nQP 29 QP 29 )      16568 bits [Y 40.1785 dB    U 44.7373 dB    V 43.8094 dB] [ET     9 ] [L0 36 32 ] [L1 38 40 ]
POC   39 TId: 4 ( B-SLICE, nQP 29 QP 29 )      14216 bits [Y 40.1545 dB    U 44.6400 dB    V 43.7001 dB] [ET     9 ] [L0 38 36 ] [L1 40 48 ]
POC   44 TId: 2 ( B-SLICE, nQP 26 QP 26 )     110360 bits [Y 40.5513 dB    U 44.5271 dB    V 43.6990 dB] [ET    14 ] [L0 40 32 ] [L1 48 40 ]
POC   42 TId: 3 ( B-SLICE, nQP 27 QP 27 )      47544 bits [Y 40.3472 dB    U 44.5971 dB    V 43.6866 dB] [ET    12 ] [L0 40 32 ] [L1 44 48 ]
POC   41 TId: 4 ( B-SLICE, nQP 29 QP 29 )      11632 bits [Y 40.4120 dB    U 44.5779 dB    V 43.6922 dB] [ET     9 ] [L0 40 32 ] [L1 42 44 ]
POC   43 TId: 4 ( B-SLICE, nQP 29 QP 29 )      14000 bits [Y 39.9220 dB    U 44.4513 dB    V 43.6145 dB] [ET     8 ] [L0 42 40 ] [L1 44 48 ]
POC   46 TId: 3 ( B-SLICE, nQP 27 QP 27 )      51000 bits [Y 40.5141 dB    U 44.5758 dB    V 43.8556 dB] [ET    11 ] [L0 44 40 ] [L1 48 44 ]
POC   45 TId: 4 ( B-SLICE, nQP 29 QP 29 )      14752 bits [Y 39.7721 dB    U 44.4207 dB    V 43.5692 dB] [ET     9 ] [L0 44 40 ] [L1 46 48 ]
POC   47 TId: 4 ( B-SLICE, nQP 29 QP 29 )      14152 bits [Y 40.2594 dB    U 44.4551 dB    V 43.6897 dB] [ET     8 ] [L0 46 44 ] [L1 48 46 ]
POC   56 TId: 1 ( B-SLICE, nQP 23 QP 23 )     486048 bits [Y 41.5213 dB    U 44.4933 dB    V 43.7649 dB] [ET    23 ] [L0 48 40 ] [L1 48 40 ]
POC   52 TId: 2 ( B-SLICE, nQP 26 QP 26 )     103768 bits [Y 40.4748 dB    U 44.4270 dB    V 43.6473 dB] [ET    14 ] [L0 48 40 ] [L1 56 48 ]
POC   50 TId: 3 ( B-SLICE, nQP 27 QP 27 )      48224 bits [Y 40.1618 dB    U 44.3516 dB    V 43.5025 dB] [ET    12 ] [L0 48 40 ] [L1 52 56 ]
POC   49 TId: 4 ( B-SLICE, nQP 29 QP 29 )      14248 bits [Y 40.0428 dB    U 44.3480 dB    V 43.5326 dB] [ET     8 ] [L0 48 50 ] [L1 50 52 ]
POC   51 TId: 4 ( B-SLICE, nQP 29 QP 29 )      12928 bits [Y 39.8498 dB    U 44.2974 dB    V 43.4563 dB] [ET     8 ] [L0 50 48 ] [L1 52 56 ]
POC   54 TId: 3 ( B-SLICE, nQP 27 QP 27 )      46704 bits [Y 40.4924 dB    U 44.3441 dB    V 43.6601 dB] [ET    10 ] [L0 52 48 ] [L1 56 52 ]
POC   53 TId: 4 ( B-SLICE, nQP 29 QP 29 )      14504 bits [Y 39.9172 dB    U 44.2769 dB    V 43.5125 dB] [ET     8 ] [L0 52 48 ] [L1 54 56 ]
POC   55 TId: 4 ( B-SLICE, nQP 29 QP 29 )      11896 bits [Y 40.4815 dB    U 44.3273 dB    V 43.7198 dB] [ET     7 ] [L0 54 52 ] [L1 56 54 ]
POC   58 TId: 3 ( B-SLICE, nQP 27 QP 27 )      85024 bits [Y 39.8226 dB    U 44.0196 dB    V 43.4631 dB] [ET    12 ] [L0 56 48 ] [L1 56 48 ]
POC   57 TId: 4 ( B-SLICE, nQP 29 QP 29 )      12080 bits [Y 40.1332 dB    U 44.1826 dB    V 43.4955 dB] [ET     8 ] [L0 56 48 ] [L1 58 56 ]
POC   59 TId: 4 ( B-SLICE, nQP 29 QP 29 )      40976 bits [Y 39.0224 dB    U 43.8306 dB    V 43.2075 dB] [ET     9 ] [L0 58 56 ] [L1 58 56 ]


SUMMARY --------------------------------------------------------
	Total Frames |   Bitrate     Y-PSNR    U-PSNR    V-PSNR    YUV-PSNR  
	       60    a    7228.9600   40.6792   44.7232   43.8531   41.5052  


I Slices--------------------------------------------------------
	Total Frames |   Bitrate     Y-PSNR    U-PSNR    V-PSNR    YUV-PSNR  
	        2    i   84629.7600   44.8849   46.4074   45.4139   45.1925  


P Slices--------------------------------------------------------
	Total Frames |   Bitrate     Y-PSNR    U-PSNR    V-PSNR    YUV-PSNR  
	        0    p         -nan      -nan      -nan      -nan      -nan  


B Slices--------------------------------------------------------
	Total Frames |   Bitrate     Y-PSNR    U-PSNR    V-PSNR    YUV-PSNR  
	       58    b    4559.9669   40.5341   44.6651   43.7993   41.4203  

RVM: 0.000
Bytes written to file: 903620 (7228.960 kbps)

 Total Time:      640.780 sec.
