******************************************************************
** WARNING: --SEIDecodedPictureHash is now disabled by default. **
**          Automatic verification of decoded pictures by a     **
**          decoder requires this option to be enabled.         **
******************************************************************
***************************************************************************
** WARNING: For conforming bitstreams a valid Level value must be set!   **
***************************************************************************

HM software: Encoder Version [16.20] (including RExt)[Linux][GCC 9.4.0][64 bit] 


Input          File                    : /home/pc-poincare/Documents/Alex/class_E/Netflix_SquareAndTimelapse_1920x1080_60fps_8bit_420_60f.yuv
Bitstream      File                    : /home/pc-poincare/Documents/Alex/ViTech_Gerenciador-main/Netflix_SquareAndTimelapse_1920x1080_60fps_8bit_420_60f/cq_22/video/coded_HM.hevc
Reconstruction File                    : /home/pc-poincare/Documents/Alex/ViTech_Gerenciador-main/Netflix_SquareAndTimelapse_1920x1080_60fps_8bit_420_60f/cq_22/video/coded_HM.yuv
Real     Format                        : 1920x1080 60Hz
Internal Format                        : 1920x1080 60Hz
Sequence PSNR output                   : Linear average only
Sequence MSE output                    : Disabled
Frame MSE output                       : Disabled
MS-SSIM output                         : Disabled
xPSNR calculation                      : Disabled
Cabac-zero-word-padding                : Enabled
Frame/Field                            : Frame based coding
Frame index                            : 0 - 59 (60 frames)
Profile                                : main
CU size / depth / total-depth          : 64 / 4 / 4
RQT trans. size (min / max)            : 4 / 32
Max RQT depth inter                    : 3
Max RQT depth intra                    : 3
Min PCM size                           : 8
Motion search range                    : 384
Intra period                           : 32
Decoding refresh type                  : 1
QP                                     : 22
Max dQP signaling depth                : 0
Cb QP Offset                           : 0
Cr QP Offset                           : 0
QP adaptation                          : 0 (range=0)
GOP size                               : 16
Input bit depth                        : (Y:8, C:8)
MSB-extended bit depth                 : (Y:8, C:8)
Internal bit depth                     : (Y:8, C:8)
PCM sample bit depth                   : (Y:8, C:8)
Intra reference smoothing              : Enabled
diff_cu_chroma_qp_offset_depth         : -1
extended_precision_processing_flag     : Disabled
implicit_rdpcm_enabled_flag            : Disabled
explicit_rdpcm_enabled_flag            : Disabled
transform_skip_rotation_enabled_flag   : Disabled
transform_skip_context_enabled_flag    : Disabled
cross_component_prediction_enabled_flag: Disabled
high_precision_offsets_enabled_flag    : Disabled
persistent_rice_adaptation_enabled_flag: Disabled
cabac_bypass_alignment_enabled_flag    : Disabled
log2_sao_offset_scale_luma             : 0
log2_sao_offset_scale_chroma           : 0
Cost function:                         : Lossy coding (default)
RateControl                            : 0
WPMethod                               : 0
Max Num Merge Candidates               : 5

TOOL CFG: IBD:0 HAD:1 RDQ:1 RDQTS:1 RDpenalty:0 LQP:0 SQP:0 ASR:1 MinSearchWindow:96 RestrictMESampling:0 FEN:1 ECU:0 FDM:1 CFM:0 ESD:0 RQT:1 TransformSkip:1 TransformSkipFast:1 TransformSkipLog2MaxSize:2 Slice: M=0 SliceSegment: M=0 CIP:0 SAO:1 PCM:0 TransQuantBypassEnabled:0 WPP:0 WPB:0 PME:2  WaveFrontSynchro:0 WaveFrontSubstreams:1 ScalingList:0 TMVPMode:1 AQpS:0 SignBitHidingFlag:1 RecalQP:0

Non-environment-variable-controlled macros set as follows: 

                                RExt__DECODER_DEBUG_BIT_STATISTICS =   0
                                      RExt__HIGH_BIT_DEPTH_SUPPORT =   0
                            RExt__HIGH_PRECISION_FORWARD_TRANSFORM =   0
                                        O0043_BEST_EFFORT_DECODING =   0
                                         ME_ENABLE_ROUNDING_OF_MVS =   1

                   Input ChromaFormatIDC =   4:2:0
       Output (internal) ChromaFormatIDC =   4:2:0

POC    0 TId: 0 ( I-SLICE, nQP 19 QP 19 )    2480352 bits [Y 45.4450 dB    U 47.6458 dB    V 46.9607 dB] [ET    12 ] [L0 ] [L1 ]
POC   16 TId: 0 ( B-SLICE, nQP 23 QP 23 )     937000 bits [Y 43.0259 dB    U 46.3887 dB    V 45.5536 dB] [ET    43 ] [L0 0 ] [L1 0 ]
POC    8 TId: 1 ( B-SLICE, nQP 23 QP 23 )     598512 bits [Y 43.1741 dB    U 46.5917 dB    V 45.6770 dB] [ET    36 ] [L0 0 16 ] [L1 16 0 ]
POC    4 TId: 2 ( B-SLICE, nQP 26 QP 26 )     278424 bits [Y 42.3401 dB    U 46.6120 dB    V 45.6347 dB] [ET    31 ] [L0 0 8 ] [L1 8 16 ]
POC    2 TId: 3 ( B-SLICE, nQP 27 QP 27 )     138568 bits [Y 42.4831 dB    U 46.8750 dB    V 45.9445 dB] [ET    23 ] [L0 0 4 ] [L1 4 8 ]
POC    1 TId: 4 ( B-SLICE, nQP 29 QP 29 )      44536 bits [Y 42.7487 dB    U 46.9690 dB    V 46.0805 dB] [ET    17 ] [L0 0 2 ] [L1 2 4 ]
POC    3 TId: 4 ( B-SLICE, nQP 29 QP 29 )      47688 bits [Y 42.0289 dB    U 46.7702 dB    V 45.7471 dB] [ET    20 ] [L0 2 0 ] [L1 4 8 ]
POC    6 TId: 3 ( B-SLICE, nQP 27 QP 27 )     128416 bits [Y 42.2535 dB    U 46.5729 dB    V 45.5808 dB] [ET    26 ] [L0 4 0 ] [L1 8 16 ]
POC    5 TId: 4 ( B-SLICE, nQP 29 QP 29 )      45432 bits [Y 42.0179 dB    U 46.6160 dB    V 45.5721 dB] [ET    20 ] [L0 4 0 ] [L1 6 8 ]
POC    7 TId: 4 ( B-SLICE, nQP 29 QP 29 )      40832 bits [Y 42.2201 dB    U 46.5473 dB    V 45.5400 dB] [ET    20 ] [L0 6 4 ] [L1 8 16 ]
POC   12 TId: 2 ( B-SLICE, nQP 26 QP 26 )     255800 bits [Y 42.1166 dB    U 46.3586 dB    V 45.3496 dB] [ET    31 ] [L0 8 0 ] [L1 16 8 ]
POC   10 TId: 3 ( B-SLICE, nQP 27 QP 27 )     122512 bits [Y 42.0747 dB    U 46.4200 dB    V 45.4308 dB] [ET    27 ] [L0 8 0 ] [L1 12 16 ]
POC    9 TId: 4 ( B-SLICE, nQP 29 QP 29 )      40632 bits [Y 42.2102 dB    U 46.5090 dB    V 45.5321 dB] [ET    20 ] [L0 8 0 ] [L1 10 12 ]
POC   11 TId: 4 ( B-SLICE, nQP 29 QP 29 )      40464 bits [Y 41.8183 dB    U 46.4087 dB    V 45.3511 dB] [ET    19 ] [L0 10 8 ] [L1 12 16 ]
POC   14 TId: 3 ( B-SLICE, nQP 27 QP 27 )     115712 bits [Y 41.9938 dB    U 46.3346 dB    V 45.3356 dB] [ET    23 ] [L0 12 8 ] [L1 16 12 ]
POC   13 TId: 4 ( B-SLICE, nQP 29 QP 29 )      37896 bits [Y 41.8495 dB    U 46.3641 dB    V 45.3427 dB] [ET    19 ] [L0 12 8 ] [L1 14 16 ]
POC   15 TId: 4 ( B-SLICE, nQP 29 QP 29 )      38184 bits [Y 42.0077 dB    U 46.3137 dB    V 45.3537 dB] [ET    18 ] [L0 14 12 ] [L1 16 14 ]
POC   32 TId: 0 ( I-SLICE, nQP 19 QP 19 )    2435072 bits [Y 45.4432 dB    U 47.7189 dB    V 47.0054 dB] [ET    12 ] [L0 ] [L1 ]
POC   24 TId: 1 ( B-SLICE, nQP 23 QP 23 )     581344 bits [Y 43.5168 dB    U 46.9984 dB    V 46.0930 dB] [ET    46 ] [L0 16 8 ] [L1 32 16 ]
POC   20 TId: 2 ( B-SLICE, nQP 26 QP 26 )     265240 bits [Y 42.3668 dB    U 46.6324 dB    V 45.6205 dB] [ET    37 ] [L0 16 8 ] [L1 24 32 ]
POC   18 TId: 3 ( B-SLICE, nQP 27 QP 27 )     128328 bits [Y 42.1533 dB    U 46.5974 dB    V 45.5626 dB] [ET    27 ] [L0 16 8 ] [L1 20 24 ]
POC   17 TId: 4 ( B-SLICE, nQP 29 QP 29 )      42536 bits [Y 42.2402 dB    U 46.5111 dB    V 45.5231 dB] [ET    17 ] [L0 16 18 ] [L1 18 20 ]
POC   19 TId: 4 ( B-SLICE, nQP 29 QP 29 )      44840 bits [Y 41.8067 dB    U 46.6003 dB    V 45.5067 dB] [ET    20 ] [L0 18 16 ] [L1 20 24 ]
POC   22 TId: 3 ( B-SLICE, nQP 27 QP 27 )     123472 bits [Y 42.6900 dB    U 46.8910 dB    V 45.8736 dB] [ET    26 ] [L0 20 16 ] [L1 24 32 ]
POC   21 TId: 4 ( B-SLICE, nQP 29 QP 29 )      45296 bits [Y 42.2921 dB    U 46.7815 dB    V 45.7100 dB] [ET    20 ] [L0 20 16 ] [L1 22 24 ]
POC   23 TId: 4 ( B-SLICE, nQP 29 QP 29 )      43200 bits [Y 42.6261 dB    U 46.9049 dB    V 45.8602 dB] [ET    21 ] [L0 22 20 ] [L1 24 32 ]
POC   28 TId: 2 ( B-SLICE, nQP 26 QP 26 )     258896 bits [Y 42.7923 dB    U 47.0210 dB    V 46.0450 dB] [ET    30 ] [L0 24 16 ] [L1 32 24 ]
POC   26 TId: 3 ( B-SLICE, nQP 27 QP 27 )     129408 bits [Y 42.5378 dB    U 46.9235 dB    V 45.9038 dB] [ET    27 ] [L0 24 16 ] [L1 28 32 ]
POC   25 TId: 4 ( B-SLICE, nQP 29 QP 29 )      42648 bits [Y 42.4231 dB    U 46.8988 dB    V 45.8610 dB] [ET    20 ] [L0 24 16 ] [L1 26 28 ]
POC   27 TId: 4 ( B-SLICE, nQP 29 QP 29 )      44368 bits [Y 42.3047 dB    U 46.9415 dB    V 45.8746 dB] [ET    19 ] [L0 26 24 ] [L1 28 32 ]
POC   30 TId: 3 ( B-SLICE, nQP 27 QP 27 )     125944 bits [Y 42.9087 dB    U 47.2307 dB    V 46.2490 dB] [ET    23 ] [L0 28 24 ] [L1 32 28 ]
POC   29 TId: 4 ( B-SLICE, nQP 29 QP 29 )      42192 bits [Y 42.4749 dB    U 47.0991 dB    V 46.0412 dB] [ET    19 ] [L0 28 24 ] [L1 30 32 ]
POC   31 TId: 4 ( B-SLICE, nQP 29 QP 29 )      41312 bits [Y 43.1060 dB    U 47.2662 dB    V 46.3460 dB] [ET    17 ] [L0 30 28 ] [L1 32 30 ]
POC   48 TId: 0 ( B-SLICE, nQP 23 QP 23 )     910512 bits [Y 43.1988 dB    U 46.4364 dB    V 45.5811 dB] [ET    42 ] [L0 32 ] [L1 32 ]
POC   40 TId: 1 ( B-SLICE, nQP 23 QP 23 )     583224 bits [Y 43.1910 dB    U 46.6395 dB    V 45.7779 dB] [ET    36 ] [L0 32 48 ] [L1 48 32 ]
POC   36 TId: 2 ( B-SLICE, nQP 26 QP 26 )     266560 bits [Y 42.4700 dB    U 46.6933 dB    V 45.7974 dB] [ET    30 ] [L0 32 40 ] [L1 40 48 ]
POC   34 TId: 3 ( B-SLICE, nQP 27 QP 27 )     125528 bits [Y 42.7073 dB    U 46.9919 dB    V 46.1060 dB] [ET    22 ] [L0 32 36 ] [L1 36 40 ]
POC   33 TId: 4 ( B-SLICE, nQP 29 QP 29 )      43456 bits [Y 42.8029 dB    U 47.1227 dB    V 46.2454 dB] [ET    17 ] [L0 32 34 ] [L1 34 36 ]
POC   35 TId: 4 ( B-SLICE, nQP 29 QP 29 )      44040 bits [Y 42.2540 dB    U 46.8323 dB    V 45.8874 dB] [ET    19 ] [L0 34 32 ] [L1 36 40 ]
POC   38 TId: 3 ( B-SLICE, nQP 27 QP 27 )     125128 bits [Y 42.4212 dB    U 46.6897 dB    V 45.7461 dB] [ET    26 ] [L0 36 32 ] [L1 40 48 ]
POC   37 TId: 4 ( B-SLICE, nQP 29 QP 29 )      43576 bits [Y 42.0788 dB    U 46.6552 dB    V 45.7034 dB] [ET    19 ] [L0 36 32 ] [L1 38 40 ]
POC   39 TId: 4 ( B-SLICE, nQP 29 QP 29 )      40352 bits [Y 42.4060 dB    U 46.6628 dB    V 45.7458 dB] [ET    20 ] [L0 38 36 ] [L1 40 48 ]
POC   44 TId: 2 ( B-SLICE, nQP 26 QP 26 )     252216 bits [Y 42.3027 dB    U 46.3653 dB    V 45.4281 dB] [ET    30 ] [L0 40 32 ] [L1 48 40 ]
POC   42 TId: 3 ( B-SLICE, nQP 27 QP 27 )     127240 bits [Y 42.1210 dB    U 46.4436 dB    V 45.4880 dB] [ET    26 ] [L0 40 32 ] [L1 44 48 ]
POC   41 TId: 4 ( B-SLICE, nQP 29 QP 29 )      41112 bits [Y 42.1309 dB    U 46.4935 dB    V 45.5297 dB] [ET    20 ] [L0 40 32 ] [L1 42 44 ]
POC   43 TId: 4 ( B-SLICE, nQP 29 QP 29 )      39840 bits [Y 41.9636 dB    U 46.3836 dB    V 45.3653 dB] [ET    18 ] [L0 42 40 ] [L1 44 48 ]
POC   46 TId: 3 ( B-SLICE, nQP 27 QP 27 )     119440 bits [Y 42.0981 dB    U 46.3490 dB    V 45.3703 dB] [ET    22 ] [L0 44 40 ] [L1 48 44 ]
POC   45 TId: 4 ( B-SLICE, nQP 29 QP 29 )      39240 bits [Y 41.8816 dB    U 46.3574 dB    V 45.3550 dB] [ET    19 ] [L0 44 40 ] [L1 46 48 ]
POC   47 TId: 4 ( B-SLICE, nQP 29 QP 29 )      36096 bits [Y 42.1783 dB    U 46.3640 dB    V 45.4196 dB] [ET    17 ] [L0 46 44 ] [L1 48 46 ]
POC   56 TId: 1 ( B-SLICE, nQP 23 QP 23 )     777136 bits [Y 42.9084 dB    U 46.1774 dB    V 45.2632 dB] [ET    46 ] [L0 48 40 ] [L1 48 40 ]
POC   52 TId: 2 ( B-SLICE, nQP 26 QP 26 )     259568 bits [Y 42.1171 dB    U 46.1600 dB    V 45.1413 dB] [ET    31 ] [L0 48 40 ] [L1 56 48 ]
POC   50 TId: 3 ( B-SLICE, nQP 27 QP 27 )     115584 bits [Y 42.2547 dB    U 46.3195 dB    V 45.3242 dB] [ET    26 ] [L0 48 40 ] [L1 52 56 ]
POC   49 TId: 4 ( B-SLICE, nQP 29 QP 29 )      34888 bits [Y 42.3380 dB    U 46.3748 dB    V 45.4106 dB] [ET    17 ] [L0 48 50 ] [L1 50 52 ]
POC   51 TId: 4 ( B-SLICE, nQP 29 QP 29 )      41560 bits [Y 41.8791 dB    U 46.2193 dB    V 45.1665 dB] [ET    19 ] [L0 50 48 ] [L1 52 56 ]
POC   54 TId: 3 ( B-SLICE, nQP 27 QP 27 )     124216 bits [Y 42.0893 dB    U 46.1867 dB    V 45.1560 dB] [ET    22 ] [L0 52 48 ] [L1 56 52 ]
POC   53 TId: 4 ( B-SLICE, nQP 29 QP 29 )      42552 bits [Y 41.8280 dB    U 46.1461 dB    V 45.0697 dB] [ET    19 ] [L0 52 48 ] [L1 54 56 ]
POC   55 TId: 4 ( B-SLICE, nQP 29 QP 29 )      42648 bits [Y 42.0373 dB    U 46.1678 dB    V 45.1148 dB] [ET    17 ] [L0 54 52 ] [L1 56 54 ]
POC   58 TId: 3 ( B-SLICE, nQP 27 QP 27 )     206808 bits [Y 41.6163 dB    U 45.8688 dB    V 44.8242 dB] [ET    26 ] [L0 56 48 ] [L1 56 48 ]
POC   57 TId: 4 ( B-SLICE, nQP 29 QP 29 )      40912 bits [Y 41.8871 dB    U 46.0133 dB    V 44.9912 dB] [ET    18 ] [L0 56 48 ] [L1 58 56 ]
POC   59 TId: 4 ( B-SLICE, nQP 29 QP 29 )     106608 bits [Y 40.9366 dB    U 45.6740 dB    V 44.5159 dB] [ET    20 ] [L0 58 56 ] [L1 58 56 ]


SUMMARY --------------------------------------------------------
	Total Frames |   Bitrate     Y-PSNR    U-PSNR    V-PSNR    YUV-PSNR  
	       60    a   14415.0960   42.4265   46.6017   45.6264   43.2947  


I Slices--------------------------------------------------------
	Total Frames |   Bitrate     Y-PSNR    U-PSNR    V-PSNR    YUV-PSNR  
	        2    i  147462.7200   45.4441   47.6823   46.9830   45.9837  


P Slices--------------------------------------------------------
	Total Frames |   Bitrate     Y-PSNR    U-PSNR    V-PSNR    YUV-PSNR  
	        0    p         -nan      -nan      -nan      -nan      -nan  


B Slices--------------------------------------------------------
	Total Frames |   Bitrate     Y-PSNR    U-PSNR    V-PSNR    YUV-PSNR  
	       58    b    9827.2469   42.3224   46.5644   45.5797   43.2261  

RVM: 0.000
Bytes written to file: 1801887 (14415.096 kbps)

 Total Time:     1431.942 sec.
