******************************************************************
** WARNING: --SEIDecodedPictureHash is now disabled by default. **
**          Automatic verification of decoded pictures by a     **
**          decoder requires this option to be enabled.         **
******************************************************************
***************************************************************************
** WARNING: For conforming bitstreams a valid Level value must be set!   **
***************************************************************************

HM software: Encoder Version [16.20] (including RExt)[Linux][GCC 11.3.0][64 bit] 


Input          File                    : /home/pc-einstein/Documents/Alex/class_C/Netflix_DinnerScene_1280x720_60fps_8bit_420_120f.yuv
Bitstream      File                    : /home/pc-einstein/Documents/Alex/Vitech_Gerenciador/Netflix_DinnerScene_1280x720_60fps_8bit_420_120f/cq_22/video/coded_HM.hevc
Reconstruction File                    : /home/pc-einstein/Documents/Alex/Vitech_Gerenciador/Netflix_DinnerScene_1280x720_60fps_8bit_420_120f/cq_22/video/coded_HM.yuv
Real     Format                        : 1280x720 60Hz
Internal Format                        : 1280x720 60Hz
Sequence PSNR output                   : Linear average only
Sequence MSE output                    : Disabled
Frame MSE output                       : Disabled
MS-SSIM output                         : Disabled
xPSNR calculation                      : Disabled
Cabac-zero-word-padding                : Enabled
Frame/Field                            : Frame based coding
Frame index                            : 0 - 59 (60 frames)
Profile                                : main
CU size / depth / total-depth          : 64 / 4 / 4
RQT trans. size (min / max)            : 4 / 32
Max RQT depth inter                    : 3
Max RQT depth intra                    : 3
Min PCM size                           : 8
Motion search range                    : 384
Intra period                           : 32
Decoding refresh type                  : 1
QP                                     : 22
Max dQP signaling depth                : 0
Cb QP Offset                           : 0
Cr QP Offset                           : 0
QP adaptation                          : 0 (range=0)
GOP size                               : 16
Input bit depth                        : (Y:8, C:8)
MSB-extended bit depth                 : (Y:8, C:8)
Internal bit depth                     : (Y:8, C:8)
PCM sample bit depth                   : (Y:8, C:8)
Intra reference smoothing              : Enabled
diff_cu_chroma_qp_offset_depth         : -1
extended_precision_processing_flag     : Disabled
implicit_rdpcm_enabled_flag            : Disabled
explicit_rdpcm_enabled_flag            : Disabled
transform_skip_rotation_enabled_flag   : Disabled
transform_skip_context_enabled_flag    : Disabled
cross_component_prediction_enabled_flag: Disabled
high_precision_offsets_enabled_flag    : Disabled
persistent_rice_adaptation_enabled_flag: Disabled
cabac_bypass_alignment_enabled_flag    : Disabled
log2_sao_offset_scale_luma             : 0
log2_sao_offset_scale_chroma           : 0
Cost function:                         : Lossy coding (default)
RateControl                            : 0
WPMethod                               : 0
Max Num Merge Candidates               : 5

TOOL CFG: IBD:0 HAD:1 RDQ:1 RDQTS:1 RDpenalty:0 LQP:0 SQP:0 ASR:1 MinSearchWindow:96 RestrictMESampling:0 FEN:1 ECU:0 FDM:1 CFM:0 ESD:0 RQT:1 TransformSkip:1 TransformSkipFast:1 TransformSkipLog2MaxSize:2 Slice: M=0 SliceSegment: M=0 CIP:0 SAO:1 PCM:0 TransQuantBypassEnabled:0 WPP:0 WPB:0 PME:2  WaveFrontSynchro:0 WaveFrontSubstreams:1 ScalingList:0 TMVPMode:1 AQpS:0 SignBitHidingFlag:1 RecalQP:0

Non-environment-variable-controlled macros set as follows: 

                                RExt__DECODER_DEBUG_BIT_STATISTICS =   0
                                      RExt__HIGH_BIT_DEPTH_SUPPORT =   0
                            RExt__HIGH_PRECISION_FORWARD_TRANSFORM =   0
                                        O0043_BEST_EFFORT_DECODING =   0
                                         ME_ENABLE_ROUNDING_OF_MVS =   1

                   Input ChromaFormatIDC =   4:2:0
       Output (internal) ChromaFormatIDC =   4:2:0

POC    0 TId: 0 ( I-SLICE, nQP 19 QP 19 )     156560 bits [Y 46.5444 dB    U 46.0199 dB    V 49.3470 dB] [ET     3 ] [L0 ] [L1 ]
POC   16 TId: 0 ( B-SLICE, nQP 23 QP 23 )      29120 bits [Y 45.8680 dB    U 45.3969 dB    V 48.9777 dB] [ET     6 ] [L0 0 ] [L1 0 ]
POC    8 TId: 1 ( B-SLICE, nQP 23 QP 23 )      12960 bits [Y 45.8899 dB    U 45.3509 dB    V 48.9703 dB] [ET     7 ] [L0 0 16 ] [L1 16 0 ]
POC    4 TId: 2 ( B-SLICE, nQP 26 QP 26 )       3272 bits [Y 45.8402 dB    U 45.3554 dB    V 48.9922 dB] [ET     7 ] [L0 0 8 ] [L1 8 16 ]
POC    2 TId: 3 ( B-SLICE, nQP 27 QP 27 )        936 bits [Y 45.8545 dB    U 45.3411 dB    V 48.9800 dB] [ET     6 ] [L0 0 4 ] [L1 4 8 ]
POC    1 TId: 4 ( B-SLICE, nQP 29 QP 29 )        464 bits [Y 45.8844 dB    U 45.3403 dB    V 48.9696 dB] [ET     5 ] [L0 0 2 ] [L1 2 4 ]
POC    3 TId: 4 ( B-SLICE, nQP 29 QP 29 )        408 bits [Y 45.8070 dB    U 45.3132 dB    V 48.9495 dB] [ET     6 ] [L0 2 0 ] [L1 4 8 ]
POC    6 TId: 3 ( B-SLICE, nQP 27 QP 27 )       1248 bits [Y 45.8058 dB    U 45.3423 dB    V 48.9924 dB] [ET     7 ] [L0 4 0 ] [L1 8 16 ]
POC    5 TId: 4 ( B-SLICE, nQP 29 QP 29 )        392 bits [Y 45.7796 dB    U 45.3359 dB    V 48.9773 dB] [ET     6 ] [L0 4 0 ] [L1 6 8 ]
POC    7 TId: 4 ( B-SLICE, nQP 29 QP 29 )        400 bits [Y 45.8144 dB    U 45.2518 dB    V 48.9212 dB] [ET     6 ] [L0 6 4 ] [L1 8 16 ]
POC   12 TId: 2 ( B-SLICE, nQP 26 QP 26 )       2816 bits [Y 45.7747 dB    U 45.3412 dB    V 48.9060 dB] [ET     7 ] [L0 8 0 ] [L1 16 8 ]
POC   10 TId: 3 ( B-SLICE, nQP 27 QP 27 )       1120 bits [Y 45.7697 dB    U 45.3255 dB    V 48.9491 dB] [ET     7 ] [L0 8 0 ] [L1 12 16 ]
POC    9 TId: 4 ( B-SLICE, nQP 29 QP 29 )        512 bits [Y 45.7621 dB    U 45.3316 dB    V 48.9473 dB] [ET     6 ] [L0 8 0 ] [L1 10 12 ]
POC   11 TId: 4 ( B-SLICE, nQP 29 QP 29 )        448 bits [Y 45.7156 dB    U 45.3058 dB    V 48.9337 dB] [ET     6 ] [L0 10 8 ] [L1 12 16 ]
POC   14 TId: 3 ( B-SLICE, nQP 27 QP 27 )        952 bits [Y 45.7372 dB    U 45.3345 dB    V 48.9561 dB] [ET     6 ] [L0 12 8 ] [L1 16 12 ]
POC   13 TId: 4 ( B-SLICE, nQP 29 QP 29 )        464 bits [Y 45.7174 dB    U 45.3092 dB    V 48.9056 dB] [ET     6 ] [L0 12 8 ] [L1 14 16 ]
POC   15 TId: 4 ( B-SLICE, nQP 29 QP 29 )        344 bits [Y 45.6947 dB    U 45.3018 dB    V 48.9180 dB] [ET     5 ] [L0 14 12 ] [L1 16 14 ]
POC   32 TId: 0 ( I-SLICE, nQP 19 QP 19 )     160888 bits [Y 46.5927 dB    U 46.0918 dB    V 49.3326 dB] [ET     3 ] [L0 ] [L1 ]
POC   24 TId: 1 ( B-SLICE, nQP 23 QP 23 )      12096 bits [Y 46.0868 dB    U 45.4805 dB    V 49.0363 dB] [ET     8 ] [L0 16 8 ] [L1 32 16 ]
POC   20 TId: 2 ( B-SLICE, nQP 26 QP 26 )       3752 bits [Y 45.9223 dB    U 45.4372 dB    V 49.0991 dB] [ET     7 ] [L0 16 8 ] [L1 24 32 ]
POC   18 TId: 3 ( B-SLICE, nQP 27 QP 27 )       1984 bits [Y 45.8737 dB    U 45.4249 dB    V 49.0321 dB] [ET     6 ] [L0 16 8 ] [L1 20 24 ]
POC   17 TId: 4 ( B-SLICE, nQP 29 QP 29 )        544 bits [Y 45.8434 dB    U 45.3683 dB    V 48.9647 dB] [ET     5 ] [L0 16 18 ] [L1 18 20 ]
POC   19 TId: 4 ( B-SLICE, nQP 29 QP 29 )        480 bits [Y 45.8955 dB    U 45.4443 dB    V 49.0036 dB] [ET     6 ] [L0 18 16 ] [L1 20 24 ]
POC   22 TId: 3 ( B-SLICE, nQP 27 QP 27 )       1312 bits [Y 45.9180 dB    U 45.4302 dB    V 48.9909 dB] [ET     6 ] [L0 20 16 ] [L1 24 32 ]
POC   21 TId: 4 ( B-SLICE, nQP 29 QP 29 )        624 bits [Y 45.8819 dB    U 45.4483 dB    V 49.0085 dB] [ET     6 ] [L0 20 16 ] [L1 22 24 ]
POC   23 TId: 4 ( B-SLICE, nQP 29 QP 29 )        424 bits [Y 45.9482 dB    U 45.4284 dB    V 49.0212 dB] [ET     6 ] [L0 22 20 ] [L1 24 32 ]
POC   28 TId: 2 ( B-SLICE, nQP 26 QP 26 )       2792 bits [Y 45.9754 dB    U 45.4485 dB    V 49.0286 dB] [ET     6 ] [L0 24 16 ] [L1 32 24 ]
POC   26 TId: 3 ( B-SLICE, nQP 27 QP 27 )       1480 bits [Y 45.9400 dB    U 45.4589 dB    V 49.0642 dB] [ET     7 ] [L0 24 16 ] [L1 28 32 ]
POC   25 TId: 4 ( B-SLICE, nQP 29 QP 29 )        384 bits [Y 45.9607 dB    U 45.4496 dB    V 49.0143 dB] [ET     6 ] [L0 24 16 ] [L1 26 28 ]
POC   27 TId: 4 ( B-SLICE, nQP 29 QP 29 )        312 bits [Y 45.9150 dB    U 45.4311 dB    V 48.9914 dB] [ET     6 ] [L0 26 24 ] [L1 28 32 ]
POC   30 TId: 3 ( B-SLICE, nQP 27 QP 27 )       1456 bits [Y 46.0020 dB    U 45.4350 dB    V 49.0513 dB] [ET     6 ] [L0 28 24 ] [L1 32 28 ]
POC   29 TId: 4 ( B-SLICE, nQP 29 QP 29 )        400 bits [Y 45.9502 dB    U 45.3902 dB    V 48.9589 dB] [ET     6 ] [L0 28 24 ] [L1 30 32 ]
POC   31 TId: 4 ( B-SLICE, nQP 29 QP 29 )        432 bits [Y 45.9536 dB    U 45.3890 dB    V 48.9760 dB] [ET     6 ] [L0 30 28 ] [L1 32 30 ]
POC   48 TId: 0 ( B-SLICE, nQP 23 QP 23 )      24848 bits [Y 45.9277 dB    U 45.4738 dB    V 48.9323 dB] [ET     6 ] [L0 32 ] [L1 32 ]
POC   40 TId: 1 ( B-SLICE, nQP 23 QP 23 )      10664 bits [Y 45.9372 dB    U 45.3958 dB    V 48.9648 dB] [ET     7 ] [L0 32 48 ] [L1 48 32 ]
POC   36 TId: 2 ( B-SLICE, nQP 26 QP 26 )       3096 bits [Y 45.8810 dB    U 45.3998 dB    V 48.9198 dB] [ET     6 ] [L0 32 40 ] [L1 40 48 ]
POC   34 TId: 3 ( B-SLICE, nQP 27 QP 27 )        952 bits [Y 45.8663 dB    U 45.3446 dB    V 48.9589 dB] [ET     6 ] [L0 32 36 ] [L1 36 40 ]
POC   33 TId: 4 ( B-SLICE, nQP 29 QP 29 )        352 bits [Y 45.8984 dB    U 45.3236 dB    V 48.9220 dB] [ET     5 ] [L0 32 34 ] [L1 34 36 ]
POC   35 TId: 4 ( B-SLICE, nQP 29 QP 29 )        400 bits [Y 45.8444 dB    U 45.3157 dB    V 48.9129 dB] [ET     6 ] [L0 34 32 ] [L1 36 40 ]
POC   38 TId: 3 ( B-SLICE, nQP 27 QP 27 )        960 bits [Y 45.8569 dB    U 45.3135 dB    V 48.8837 dB] [ET     6 ] [L0 36 32 ] [L1 40 48 ]
POC   37 TId: 4 ( B-SLICE, nQP 29 QP 29 )        368 bits [Y 45.8343 dB    U 45.2839 dB    V 48.9074 dB] [ET     6 ] [L0 36 32 ] [L1 38 40 ]
POC   39 TId: 4 ( B-SLICE, nQP 29 QP 29 )        296 bits [Y 45.8199 dB    U 45.3217 dB    V 48.8570 dB] [ET     6 ] [L0 38 36 ] [L1 40 48 ]
POC   44 TId: 2 ( B-SLICE, nQP 26 QP 26 )       2784 bits [Y 45.8063 dB    U 45.3545 dB    V 48.8725 dB] [ET     6 ] [L0 40 32 ] [L1 48 40 ]
POC   42 TId: 3 ( B-SLICE, nQP 27 QP 27 )        840 bits [Y 45.8330 dB    U 45.2992 dB    V 48.8154 dB] [ET     6 ] [L0 40 32 ] [L1 44 48 ]
POC   41 TId: 4 ( B-SLICE, nQP 29 QP 29 )        296 bits [Y 45.8449 dB    U 45.3379 dB    V 48.8705 dB] [ET     6 ] [L0 40 32 ] [L1 42 44 ]
POC   43 TId: 4 ( B-SLICE, nQP 29 QP 29 )        288 bits [Y 45.7923 dB    U 45.3493 dB    V 48.8372 dB] [ET     6 ] [L0 42 40 ] [L1 44 48 ]
POC   46 TId: 3 ( B-SLICE, nQP 27 QP 27 )       1080 bits [Y 45.8302 dB    U 45.3354 dB    V 48.8871 dB] [ET     6 ] [L0 44 40 ] [L1 48 44 ]
POC   45 TId: 4 ( B-SLICE, nQP 29 QP 29 )        240 bits [Y 45.7829 dB    U 45.2925 dB    V 48.8260 dB] [ET     6 ] [L0 44 40 ] [L1 46 48 ]
POC   47 TId: 4 ( B-SLICE, nQP 29 QP 29 )        296 bits [Y 45.7607 dB    U 45.3542 dB    V 48.8632 dB] [ET     5 ] [L0 46 44 ] [L1 48 46 ]
POC   56 TId: 1 ( B-SLICE, nQP 23 QP 23 )      23008 bits [Y 45.8523 dB    U 45.4307 dB    V 48.8934 dB] [ET     8 ] [L0 48 40 ] [L1 48 40 ]
POC   52 TId: 2 ( B-SLICE, nQP 26 QP 26 )       4312 bits [Y 45.7486 dB    U 45.3152 dB    V 48.8613 dB] [ET     6 ] [L0 48 40 ] [L1 56 48 ]
POC   50 TId: 3 ( B-SLICE, nQP 27 QP 27 )       1456 bits [Y 45.7785 dB    U 45.3245 dB    V 48.8778 dB] [ET     6 ] [L0 48 40 ] [L1 52 56 ]
POC   49 TId: 4 ( B-SLICE, nQP 29 QP 29 )        608 bits [Y 45.7870 dB    U 45.3087 dB    V 48.8993 dB] [ET     5 ] [L0 48 50 ] [L1 50 52 ]
POC   51 TId: 4 ( B-SLICE, nQP 29 QP 29 )        408 bits [Y 45.7157 dB    U 45.3442 dB    V 48.8424 dB] [ET     6 ] [L0 50 48 ] [L1 52 56 ]
POC   54 TId: 3 ( B-SLICE, nQP 27 QP 27 )       1880 bits [Y 45.7487 dB    U 45.3562 dB    V 48.7963 dB] [ET     6 ] [L0 52 48 ] [L1 56 52 ]
POC   53 TId: 4 ( B-SLICE, nQP 29 QP 29 )        416 bits [Y 45.7436 dB    U 45.3197 dB    V 48.7857 dB] [ET     6 ] [L0 52 48 ] [L1 54 56 ]
POC   55 TId: 4 ( B-SLICE, nQP 29 QP 29 )        352 bits [Y 45.7117 dB    U 45.3588 dB    V 48.7915 dB] [ET     5 ] [L0 54 52 ] [L1 56 54 ]
POC   58 TId: 3 ( B-SLICE, nQP 27 QP 27 )       4552 bits [Y 45.6282 dB    U 45.3440 dB    V 48.8050 dB] [ET     6 ] [L0 56 48 ] [L1 56 48 ]
POC   57 TId: 4 ( B-SLICE, nQP 29 QP 29 )        520 bits [Y 45.6700 dB    U 45.3171 dB    V 48.8094 dB] [ET     6 ] [L0 56 48 ] [L1 58 56 ]
POC   59 TId: 4 ( B-SLICE, nQP 29 QP 29 )       2336 bits [Y 45.4953 dB    U 45.3346 dB    V 48.8231 dB] [ET     5 ] [L0 58 56 ] [L1 58 56 ]


SUMMARY --------------------------------------------------------
	Total Frames |   Bitrate     Y-PSNR    U-PSNR    V-PSNR    YUV-PSNR  
	       60    a     489.3840   45.8553   45.3850   48.9430   46.1479  


I Slices--------------------------------------------------------
	Total Frames |   Bitrate     Y-PSNR    U-PSNR    V-PSNR    YUV-PSNR  
	        2    i    9523.4400   46.5686   46.0558   49.3398   46.8267  


P Slices--------------------------------------------------------
	Total Frames |   Bitrate     Y-PSNR    U-PSNR    V-PSNR    YUV-PSNR  
	        0    p         -nan      -nan      -nan      -nan      -nan  


B Slices--------------------------------------------------------
	Total Frames |   Bitrate     Y-PSNR    U-PSNR    V-PSNR    YUV-PSNR  
	       58    b     177.8648   45.8307   45.3619   48.9294   46.1263  

RVM: 0.000
Bytes written to file: 61173 (489.384 kbps)

 Total Time:      361.418 sec.
