
Warning: Hierarchical coding or Referenced B slices used.
         Make sure that you have allocated enough references
         in reference buffer to achieve best performance.
Setting Default Parameters...
Parsing Configfile /home/pc-einstein/Documents/Alex/Vitech_Gerenciador/JM/bin/encoder.cfg.............................................................................................................................................................................................................................................................................................................................................................................................................................
Parsing command line string 'SourceWidth = 1280'.
Parsing command line string 'SourceHeight = 720'.
Parsing command line string 'FrameRate = 60.00'.
Parsing command line string 'SourceBitDepthLuma = 8'.
Parsing command line string 'SourceBitDepthChroma = 8'.
Parsing command line string 'OutputBitDepthLuma = 8'.
Parsing command line string 'OutputBitDepthChroma = 8'.
Parsing command line string 'QPISlice = 22'.
Parsing command line string 'QPPSlice = 22'.
Parsing command line string 'FramesToBeEncoded = 60'.
Parsing command line string 'OutputFile = /home/pc-einstein/Documents/Alex/Vitech_Gerenciador/Vidyo1_1280x720_60/cq_22/video/coded_JM.h264'.
Parsing command line string 'InputFile = /home/pc-einstein/Documents/Alex/class_C/Vidyo1_1280x720_60.yuv'.
Parsing command line string 'ReconFile = /home/pc-einstein/Documents/Alex/Vitech_Gerenciador/Vidyo1_1280x720_60/cq_22/video/coded_JM.yuv'.
Parsing command line string 'LeakyBucketParamFile = /home/pc-einstein/Documents/Alex/Vitech_Gerenciador/Vidyo1_1280x720_60/cq_22/log/leakybucketparam.cfg'.
Parsing command line string 'StatsFile = /home/pc-einstein/Documents/Alex/Vitech_Gerenciador/Vidyo1_1280x720_60/cq_22/log/stats.dat'.

------------------------------- JM 19.0 (FRExt) -------------------------------
 Input YUV file                    : /home/pc-einstein/Documents/Alex/class_C/Vidyo1_1280x720_60.yuv 
 Output H.264 bitstream            : /home/pc-einstein/Documents/Alex/Vitech_Gerenciador/Vidyo1_1280x720_60/cq_22/video/coded_JM.h264 
 Output YUV file                   : /home/pc-einstein/Documents/Alex/Vitech_Gerenciador/Vidyo1_1280x720_60/cq_22/video/coded_JM.yuv 
 YUV Format                        : YUV 4:2:0 
 Frames to be encoded              : 60
 Freq. for encoded bitstream       : 60.00
 PicInterlace / MbInterlace        : 0/0
 Transform8x8Mode                  : 1
 ME Metric for Refinement Level 0  : SAD
 ME Metric for Refinement Level 1  : Hadamard SAD
 ME Metric for Refinement Level 2  : Hadamard SAD
 Mode Decision Metric              : Hadamard SAD
 Motion Estimation for components  : Y
 Image format                      : 1280x720 (1280x720)
 Error robustness                  : Off
 Search range                      : 32
 Total number of references        : 5
 References for P slices           : 5
 References for B slices (L0, L1)  : 5, 1
 Sequence type                     : Hierarchy (QP: I 22, P 22, B 30) 
 Entropy coding method             : CABAC
 Profile/Level IDC                 : (100,40)
 Motion Estimation Scheme          : EPZS
 EPZS Pattern                      : Extended Diamond
 EPZS Dual Pattern                 : Extended Diamond
 EPZS Fixed Predictors             : Aggressive
 EPZS Aggressive Predictors        : Disabled
 EPZS Temporal Predictors          : Enabled
 EPZS Spatial Predictors           : Enabled
 EPZS Threshold Multipliers        : (1 0 2)
 EPZS Subpel ME                    : Basic
 EPZS Subpel ME BiPred             : Basic
 Search range restrictions         : none
 RD-optimized mode decision        : used
 Data Partitioning Mode            : 1 partition 
 Output File Format                : H.264/AVC Annex B Byte Stream Format 
-------------------------------------------------------------------------------
Frame     Bit/pic    QP   SnrY    SnrU    SnrV    Time(ms) MET(ms) Frm/Fld Ref  
-------------------------------------------------------------------------------
00000(NVB)     336 
00000(IDR)  521040   22  43.972  47.143  48.064      1137       0    FRM    3
00008( P )  209392   22  44.014  46.777  47.768      1724     295    FRM    2
00004( B )   10952   30  42.162  46.254  47.417      2375     790    FRM    1
00002( B )    6360   31  41.890  46.422  47.363      2501     930    FRM    1
00001( B )    2920   32  41.866  46.694  47.286      2540    1049    FRM    0
00003( B )    3560   32  41.383  46.255  47.113      2568    1078    FRM    0
00006( B )    6256   31  41.958  46.326  47.446      2753    1147    FRM    1
00005( B )    3216   32  41.576  46.138  47.145      2694    1235    FRM    0
00007( B )    2992   32  41.658  46.396  47.160      2758    1249    FRM    0
00016( P )  173360   22  44.157  46.727  47.752      2869    1295    FRM    2
00012( B )   12248   30  42.382  46.479  47.456      3008    1384    FRM    1
00010( B )    6656   31  42.216  46.391  47.368      2856    1310    FRM    1
00009( B )    3304   32  42.141  46.493  47.242      2735    1240    FRM    0
00011( B )    3504   32  41.705  46.428  47.166      2736    1252    FRM    0
00014( B )    7112   31  42.104  46.151  47.381      2924    1326    FRM    1
00013( B )    3288   32  41.684  46.301  47.073      2757    1260    FRM    0
00015( B )    3448   32  41.954  46.322  47.287      2802    1269    FRM    0
00024( P )  166856   22  44.282  46.765  47.806      2834    1304    FRM    2
00020( B )   11136   30  42.562  46.346  47.534      3081    1422    FRM    1
00018( B )    6688   31  42.348  46.398  47.462      3024    1383    FRM    1
00017( B )    3176   32  42.319  46.474  47.207      2733    1240    FRM    0
00019( B )    3144   32  41.910  46.345  47.234      2758    1255    FRM    0
00022( B )    5920   31  42.335  46.479  47.478      2961    1328    FRM    1
00021( B )    2864   32  41.858  46.269  47.133      2728    1244    FRM    0
00023( B )    2656   32  42.314  46.543  47.311      2908    1304    FRM    0
00032( P )  153408   22  44.333  46.815  47.843      2804    1282    FRM    2
00028( B )    7336   30  42.788  46.568  47.549      2926    1344    FRM    1
00026( B )    4656   31  42.515  46.492  47.437      2843    1293    FRM    1
00025( B )    2224   32  42.505  46.628  47.253      2726    1220    FRM    0
00027( B )    2520   32  42.080  46.402  47.103      2763    1240    FRM    0
00030( B )    4592   31  42.654  46.228  47.521      2876    1295    FRM    1
00029( B )    1760   32  42.174  46.396  47.262      2733    1239    FRM    0
00031( B )    1832   32  42.541  46.336  47.289      2756    1239    FRM    0
00040( P )  156808   22  44.420  46.877  47.855      2780    1266    FRM    2
00036( B )    6720   30  42.956  46.610  47.633      2920    1331    FRM    1
00034( B )    3408   31  42.722  46.660  47.670      2871    1282    FRM    1
00033( B )    1400   32  42.669  46.697  47.393      2713    1218    FRM    0
00035( B )    1448   32  42.304  46.485  47.281      2746    1230    FRM    0
00038( B )    4176   31  42.727  46.588  47.651      2884    1293    FRM    1
00037( B )    1328   32  42.311  46.616  47.354      2724    1219    FRM    0
00039( B )    1256   32  42.529  46.621  47.365      2719    1221    FRM    0
00048( P )  153000   22  44.418  46.924  47.812      2769    1276    FRM    2
00044( B )    9680   30  42.826  46.561  47.681      2929    1357    FRM    1
00042( B )    4184   31  42.661  46.620  47.634      2883    1295    FRM    1
00041( B )    1424   32  42.616  46.624  47.305      2766    1227    FRM    0
00043( B )    1704   32  42.171  46.545  47.394      2751    1236    FRM    0
00046( B )    4696   31  42.541  46.592  47.683      2892    1317    FRM    1
00045( B )    1472   32  42.112  46.494  47.344      2718    1232    FRM    0
00047( B )    1704   32  42.438  46.600  47.390      2702    1226    FRM    0
00056( P )  148472   22  44.486  46.906  47.869      2732    1241    FRM    2
00052( B )    8560   30  42.827  46.719  47.724      2980    1368    FRM    1
00050( B )    4664   31  42.534  46.586  47.663      2878    1319    FRM    1
00049( B )    1688   32  42.511  46.669  47.393      2727    1241    FRM    0
00051( B )    1696   32  42.108  46.489  47.348      2746    1256    FRM    0
00054( B )    4384   31  42.483  46.541  47.669      2901    1333    FRM    1
00053( B )    1784   32  42.103  46.593  47.366      2719    1239    FRM    0
00055( B )    1656   32  42.573  46.663  47.440      2722    1237    FRM    0
00059( P )  114792   22  44.440  46.942  47.857      2658    1176    FRM    2
00057( B )    3568   30  43.281  46.878  47.647      2908    1331    FRM    0
00058( B )    3632   30  43.061  46.786  47.862      2954    1358    FRM    0
-------------------------------------------------------------------------------
 Total Frames:  60 
 LeakyBucketRate File does not exist. Using rate calculated from avg. rate 
 Number Leaky Buckets: 8 
     Rmin     Bmin     Fmin 
  2009640   696938   696938 
  2512020   688565   688565 
  3014400   680192   680192 
  3516780   671819   671819 
  4019160   663446   663446 
  4521540   655073   655073 
  5023920   646700   646700 
  5526300   638327   638327 
------------------ Average data all frames  -----------------------------------

 Total encoding time for the seq.  : 164.919 sec (0.36 fps)
 Total ME time for sequence        :  73.096 sec 

 Y { PSNR (dB), cSNR (dB), MSE }   : {  42.619,  42.553,   3.61256 }
 U { PSNR (dB), cSNR (dB), MSE }   : {  46.551,  46.546,   1.44031 }
 V { PSNR (dB), cSNR (dB), MSE }   : {  47.470,  47.464,   1.16607 }

 Total bits                        : 2010016 (I 521040, P 1276088, B 212552 NVB 336) 
 Bit rate (kbit/s)  @ 60.00 Hz     : 2010.02
 Bits to avoid Startcode Emulation : 405 
 Bits for parameter sets           : 336 
 Bits for filler data              : 0 

-------------------------------------------------------------------------------
Exit JM 19 (FRExt) encoder ver 19.0 
