******************************************************************
** WARNING: --SEIDecodedPictureHash is now disabled by default. **
**          Automatic verification of decoded pictures by a     **
**          decoder requires this option to be enabled.         **
******************************************************************
***************************************************************************
** WARNING: For conforming bitstreams a valid Level value must be set!   **
***************************************************************************

HM software: Encoder Version [16.20] (including RExt)[Linux][GCC 11.3.0][64 bit] 


Input          File                    : /home/pc-einstein/Documents/Alex/class_C/Vidyo1_1280x720_60.yuv
Bitstream      File                    : /home/pc-einstein/Documents/Alex/Vitech_Gerenciador/Vidyo1_1280x720_60/cq_22/video/coded_HM.hevc
Reconstruction File                    : /home/pc-einstein/Documents/Alex/Vitech_Gerenciador/Vidyo1_1280x720_60/cq_22/video/coded_HM.yuv
Real     Format                        : 1280x720 60Hz
Internal Format                        : 1280x720 60Hz
Sequence PSNR output                   : Linear average only
Sequence MSE output                    : Disabled
Frame MSE output                       : Disabled
MS-SSIM output                         : Disabled
xPSNR calculation                      : Disabled
Cabac-zero-word-padding                : Enabled
Frame/Field                            : Frame based coding
Frame index                            : 0 - 59 (60 frames)
Profile                                : main
CU size / depth / total-depth          : 64 / 4 / 4
RQT trans. size (min / max)            : 4 / 32
Max RQT depth inter                    : 3
Max RQT depth intra                    : 3
Min PCM size                           : 8
Motion search range                    : 384
Intra period                           : 32
Decoding refresh type                  : 1
QP                                     : 22
Max dQP signaling depth                : 0
Cb QP Offset                           : 0
Cr QP Offset                           : 0
QP adaptation                          : 0 (range=0)
GOP size                               : 16
Input bit depth                        : (Y:8, C:8)
MSB-extended bit depth                 : (Y:8, C:8)
Internal bit depth                     : (Y:8, C:8)
PCM sample bit depth                   : (Y:8, C:8)
Intra reference smoothing              : Enabled
diff_cu_chroma_qp_offset_depth         : -1
extended_precision_processing_flag     : Disabled
implicit_rdpcm_enabled_flag            : Disabled
explicit_rdpcm_enabled_flag            : Disabled
transform_skip_rotation_enabled_flag   : Disabled
transform_skip_context_enabled_flag    : Disabled
cross_component_prediction_enabled_flag: Disabled
high_precision_offsets_enabled_flag    : Disabled
persistent_rice_adaptation_enabled_flag: Disabled
cabac_bypass_alignment_enabled_flag    : Disabled
log2_sao_offset_scale_luma             : 0
log2_sao_offset_scale_chroma           : 0
Cost function:                         : Lossy coding (default)
RateControl                            : 0
WPMethod                               : 0
Max Num Merge Candidates               : 5

TOOL CFG: IBD:0 HAD:1 RDQ:1 RDQTS:1 RDpenalty:0 LQP:0 SQP:0 ASR:1 MinSearchWindow:96 RestrictMESampling:0 FEN:1 ECU:0 FDM:1 CFM:0 ESD:0 RQT:1 TransformSkip:1 TransformSkipFast:1 TransformSkipLog2MaxSize:2 Slice: M=0 SliceSegment: M=0 CIP:0 SAO:1 PCM:0 TransQuantBypassEnabled:0 WPP:0 WPB:0 PME:2  WaveFrontSynchro:0 WaveFrontSubstreams:1 ScalingList:0 TMVPMode:1 AQpS:0 SignBitHidingFlag:1 RecalQP:0

Non-environment-variable-controlled macros set as follows: 

                                RExt__DECODER_DEBUG_BIT_STATISTICS =   0
                                      RExt__HIGH_BIT_DEPTH_SUPPORT =   0
                            RExt__HIGH_PRECISION_FORWARD_TRANSFORM =   0
                                        O0043_BEST_EFFORT_DECODING =   0
                                         ME_ENABLE_ROUNDING_OF_MVS =   1

                   Input ChromaFormatIDC =   4:2:0
       Output (internal) ChromaFormatIDC =   4:2:0

POC    0 TId: 0 ( I-SLICE, nQP 19 QP 19 )     582352 bits [Y 45.5491 dB    U 48.1107 dB    V 49.1582 dB] [ET     5 ] [L0 ] [L1 ]
POC   16 TId: 0 ( B-SLICE, nQP 23 QP 23 )     134968 bits [Y 44.0009 dB    U 47.0304 dB    V 48.2746 dB] [ET    12 ] [L0 0 ] [L1 0 ]
POC    8 TId: 1 ( B-SLICE, nQP 23 QP 23 )      84696 bits [Y 44.0950 dB    U 47.0272 dB    V 48.2844 dB] [ET    10 ] [L0 0 16 ] [L1 16 0 ]
POC    4 TId: 2 ( B-SLICE, nQP 26 QP 26 )      26840 bits [Y 43.6484 dB    U 46.8733 dB    V 48.2039 dB] [ET     8 ] [L0 0 8 ] [L1 8 16 ]
POC    2 TId: 3 ( B-SLICE, nQP 27 QP 27 )      17552 bits [Y 43.7999 dB    U 47.0443 dB    V 48.2690 dB] [ET     7 ] [L0 0 4 ] [L1 4 8 ]
POC    1 TId: 4 ( B-SLICE, nQP 29 QP 29 )       7184 bits [Y 43.7498 dB    U 47.4539 dB    V 48.2648 dB] [ET     6 ] [L0 0 2 ] [L1 2 4 ]
POC    3 TId: 4 ( B-SLICE, nQP 29 QP 29 )       6704 bits [Y 43.2897 dB    U 46.8910 dB    V 47.9587 dB] [ET     7 ] [L0 2 0 ] [L1 4 8 ]
POC    6 TId: 3 ( B-SLICE, nQP 27 QP 27 )      16464 bits [Y 43.4578 dB    U 46.8897 dB    V 48.1793 dB] [ET     8 ] [L0 4 0 ] [L1 8 16 ]
POC    5 TId: 4 ( B-SLICE, nQP 29 QP 29 )       6472 bits [Y 43.2150 dB    U 46.8012 dB    V 47.9346 dB] [ET     6 ] [L0 4 0 ] [L1 6 8 ]
POC    7 TId: 4 ( B-SLICE, nQP 29 QP 29 )       6648 bits [Y 43.1197 dB    U 46.9010 dB    V 47.8937 dB] [ET     7 ] [L0 6 4 ] [L1 8 16 ]
POC   12 TId: 2 ( B-SLICE, nQP 26 QP 26 )      26376 bits [Y 43.4393 dB    U 46.8747 dB    V 48.1678 dB] [ET     8 ] [L0 8 0 ] [L1 16 8 ]
POC   10 TId: 3 ( B-SLICE, nQP 27 QP 27 )      15416 bits [Y 43.3816 dB    U 46.8944 dB    V 48.1350 dB] [ET     8 ] [L0 8 0 ] [L1 12 16 ]
POC    9 TId: 4 ( B-SLICE, nQP 29 QP 29 )       5816 bits [Y 43.2123 dB    U 46.9113 dB    V 47.9389 dB] [ET     7 ] [L0 8 0 ] [L1 10 12 ]
POC   11 TId: 4 ( B-SLICE, nQP 29 QP 29 )       7600 bits [Y 43.0392 dB    U 46.8345 dB    V 47.8810 dB] [ET     7 ] [L0 10 8 ] [L1 12 16 ]
POC   14 TId: 3 ( B-SLICE, nQP 27 QP 27 )      17720 bits [Y 43.3549 dB    U 46.7497 dB    V 48.1245 dB] [ET     7 ] [L0 12 8 ] [L1 16 12 ]
POC   13 TId: 4 ( B-SLICE, nQP 29 QP 29 )       6168 bits [Y 43.0846 dB    U 46.8433 dB    V 47.8460 dB] [ET     6 ] [L0 12 8 ] [L1 14 16 ]
POC   15 TId: 4 ( B-SLICE, nQP 29 QP 29 )       7128 bits [Y 43.1184 dB    U 46.8947 dB    V 47.9466 dB] [ET     6 ] [L0 14 12 ] [L1 16 14 ]
POC   32 TId: 0 ( I-SLICE, nQP 19 QP 19 )     506288 bits [Y 46.0974 dB    U 48.1102 dB    V 49.1124 dB] [ET     4 ] [L0 ] [L1 ]
POC   24 TId: 1 ( B-SLICE, nQP 23 QP 23 )      62488 bits [Y 44.5450 dB    U 47.2937 dB    V 48.5846 dB] [ET    11 ] [L0 16 8 ] [L1 32 16 ]
POC   20 TId: 2 ( B-SLICE, nQP 26 QP 26 )      23672 bits [Y 43.9800 dB    U 47.0818 dB    V 48.4024 dB] [ET     9 ] [L0 16 8 ] [L1 24 32 ]
POC   18 TId: 3 ( B-SLICE, nQP 27 QP 27 )      15904 bits [Y 43.7656 dB    U 47.0865 dB    V 48.2954 dB] [ET     8 ] [L0 16 8 ] [L1 20 24 ]
POC   17 TId: 4 ( B-SLICE, nQP 29 QP 29 )       6472 bits [Y 43.5980 dB    U 47.0493 dB    V 48.0009 dB] [ET     6 ] [L0 16 18 ] [L1 18 20 ]
POC   19 TId: 4 ( B-SLICE, nQP 29 QP 29 )       5424 bits [Y 43.4917 dB    U 47.0543 dB    V 48.0446 dB] [ET     6 ] [L0 18 16 ] [L1 20 24 ]
POC   22 TId: 3 ( B-SLICE, nQP 27 QP 27 )      14144 bits [Y 43.8232 dB    U 47.1988 dB    V 48.3862 dB] [ET     7 ] [L0 20 16 ] [L1 24 32 ]
POC   21 TId: 4 ( B-SLICE, nQP 29 QP 29 )       5656 bits [Y 43.6022 dB    U 47.0505 dB    V 48.0297 dB] [ET     6 ] [L0 20 16 ] [L1 22 24 ]
POC   23 TId: 4 ( B-SLICE, nQP 29 QP 29 )       5168 bits [Y 43.6606 dB    U 47.2063 dB    V 48.1799 dB] [ET     6 ] [L0 22 20 ] [L1 24 32 ]
POC   28 TId: 2 ( B-SLICE, nQP 26 QP 26 )      17912 bits [Y 44.1588 dB    U 47.2299 dB    V 48.4428 dB] [ET     7 ] [L0 24 16 ] [L1 32 24 ]
POC   26 TId: 3 ( B-SLICE, nQP 27 QP 27 )      12624 bits [Y 43.9218 dB    U 47.2024 dB    V 48.3487 dB] [ET     7 ] [L0 24 16 ] [L1 28 32 ]
POC   25 TId: 4 ( B-SLICE, nQP 29 QP 29 )       4408 bits [Y 43.7584 dB    U 47.2162 dB    V 48.1206 dB] [ET     6 ] [L0 24 16 ] [L1 26 28 ]
POC   27 TId: 4 ( B-SLICE, nQP 29 QP 29 )       5392 bits [Y 43.7183 dB    U 47.1090 dB    V 48.0092 dB] [ET     6 ] [L0 26 24 ] [L1 28 32 ]
POC   30 TId: 3 ( B-SLICE, nQP 27 QP 27 )      11480 bits [Y 44.2378 dB    U 47.0776 dB    V 48.5189 dB] [ET     6 ] [L0 28 24 ] [L1 32 28 ]
POC   29 TId: 4 ( B-SLICE, nQP 29 QP 29 )       4440 bits [Y 43.9007 dB    U 47.1266 dB    V 48.1709 dB] [ET     6 ] [L0 28 24 ] [L1 30 32 ]
POC   31 TId: 4 ( B-SLICE, nQP 29 QP 29 )       4272 bits [Y 44.2912 dB    U 47.3702 dB    V 48.3594 dB] [ET     6 ] [L0 30 28 ] [L1 32 30 ]
POC   48 TId: 0 ( B-SLICE, nQP 23 QP 23 )     101480 bits [Y 44.2877 dB    U 47.1020 dB    V 48.3164 dB] [ET    11 ] [L0 32 ] [L1 32 ]
POC   40 TId: 1 ( B-SLICE, nQP 23 QP 23 )      65760 bits [Y 44.3918 dB    U 46.9782 dB    V 48.3228 dB] [ET     9 ] [L0 32 48 ] [L1 48 32 ]
POC   36 TId: 2 ( B-SLICE, nQP 26 QP 26 )      18744 bits [Y 44.0452 dB    U 47.0080 dB    V 48.3348 dB] [ET     7 ] [L0 32 40 ] [L1 40 48 ]
POC   34 TId: 3 ( B-SLICE, nQP 27 QP 27 )      10896 bits [Y 44.1762 dB    U 47.0852 dB    V 48.4120 dB] [ET     6 ] [L0 32 36 ] [L1 36 40 ]
POC   33 TId: 4 ( B-SLICE, nQP 29 QP 29 )       4136 bits [Y 44.2764 dB    U 47.4660 dB    V 48.3141 dB] [ET     6 ] [L0 32 34 ] [L1 34 36 ]
POC   35 TId: 4 ( B-SLICE, nQP 29 QP 29 )       4440 bits [Y 43.7734 dB    U 46.9191 dB    V 48.0383 dB] [ET     6 ] [L0 34 32 ] [L1 36 40 ]
POC   38 TId: 3 ( B-SLICE, nQP 27 QP 27 )      11600 bits [Y 43.8113 dB    U 46.9548 dB    V 48.2931 dB] [ET     7 ] [L0 36 32 ] [L1 40 48 ]
POC   37 TId: 4 ( B-SLICE, nQP 29 QP 29 )       4128 bits [Y 43.6049 dB    U 46.9887 dB    V 48.0116 dB] [ET     6 ] [L0 36 32 ] [L1 38 40 ]
POC   39 TId: 4 ( B-SLICE, nQP 29 QP 29 )       4072 bits [Y 43.6077 dB    U 46.9185 dB    V 48.0130 dB] [ET     6 ] [L0 38 36 ] [L1 40 48 ]
POC   44 TId: 2 ( B-SLICE, nQP 26 QP 26 )      22240 bits [Y 43.8132 dB    U 46.9316 dB    V 48.2858 dB] [ET     7 ] [L0 40 32 ] [L1 48 40 ]
POC   42 TId: 3 ( B-SLICE, nQP 27 QP 27 )      12496 bits [Y 43.7318 dB    U 46.9479 dB    V 48.2682 dB] [ET     7 ] [L0 40 32 ] [L1 44 48 ]
POC   41 TId: 4 ( B-SLICE, nQP 29 QP 29 )       3976 bits [Y 43.6055 dB    U 46.8843 dB    V 47.9597 dB] [ET     6 ] [L0 40 32 ] [L1 42 44 ]
POC   43 TId: 4 ( B-SLICE, nQP 29 QP 29 )       4312 bits [Y 43.4370 dB    U 46.8874 dB    V 47.9975 dB] [ET     6 ] [L0 42 40 ] [L1 44 48 ]
POC   46 TId: 3 ( B-SLICE, nQP 27 QP 27 )      12576 bits [Y 43.6204 dB    U 46.9830 dB    V 48.2348 dB] [ET     6 ] [L0 44 40 ] [L1 48 44 ]
POC   45 TId: 4 ( B-SLICE, nQP 29 QP 29 )       4368 bits [Y 43.4303 dB    U 46.9147 dB    V 47.9538 dB] [ET     6 ] [L0 44 40 ] [L1 46 48 ]
POC   47 TId: 4 ( B-SLICE, nQP 29 QP 29 )       4624 bits [Y 43.4560 dB    U 46.9504 dB    V 47.9530 dB] [ET     6 ] [L0 46 44 ] [L1 48 46 ]
POC   56 TId: 1 ( B-SLICE, nQP 23 QP 23 )      84384 bits [Y 44.3600 dB    U 47.0290 dB    V 48.2781 dB] [ET    11 ] [L0 48 40 ] [L1 48 40 ]
POC   52 TId: 2 ( B-SLICE, nQP 26 QP 26 )      20008 bits [Y 43.8239 dB    U 46.9869 dB    V 48.3039 dB] [ET     7 ] [L0 48 40 ] [L1 56 48 ]
POC   50 TId: 3 ( B-SLICE, nQP 27 QP 27 )      11968 bits [Y 43.6110 dB    U 46.9099 dB    V 48.2729 dB] [ET     7 ] [L0 48 40 ] [L1 52 56 ]
POC   49 TId: 4 ( B-SLICE, nQP 29 QP 29 )       4528 bits [Y 43.5209 dB    U 46.9631 dB    V 48.0215 dB] [ET     6 ] [L0 48 50 ] [L1 50 52 ]
POC   51 TId: 4 ( B-SLICE, nQP 29 QP 29 )       3888 bits [Y 43.4002 dB    U 46.8466 dB    V 47.9992 dB] [ET     6 ] [L0 50 48 ] [L1 52 56 ]
POC   54 TId: 3 ( B-SLICE, nQP 27 QP 27 )      12104 bits [Y 43.6421 dB    U 46.8806 dB    V 48.2542 dB] [ET     7 ] [L0 52 48 ] [L1 56 52 ]
POC   53 TId: 4 ( B-SLICE, nQP 29 QP 29 )       3776 bits [Y 43.4593 dB    U 46.8855 dB    V 47.9977 dB] [ET     6 ] [L0 52 48 ] [L1 54 56 ]
POC   55 TId: 4 ( B-SLICE, nQP 29 QP 29 )       2992 bits [Y 43.4824 dB    U 46.9265 dB    V 47.9739 dB] [ET     5 ] [L0 54 52 ] [L1 56 54 ]
POC   58 TId: 3 ( B-SLICE, nQP 27 QP 27 )      19560 bits [Y 43.5597 dB    U 46.8628 dB    V 48.2458 dB] [ET     7 ] [L0 56 48 ] [L1 56 48 ]
POC   57 TId: 4 ( B-SLICE, nQP 29 QP 29 )       3576 bits [Y 43.4911 dB    U 46.8964 dB    V 47.9615 dB] [ET     6 ] [L0 56 48 ] [L1 58 56 ]
POC   59 TId: 4 ( B-SLICE, nQP 29 QP 29 )       8064 bits [Y 43.1793 dB    U 46.8043 dB    V 47.9066 dB] [ET     5 ] [L0 58 56 ] [L1 58 56 ]


SUMMARY --------------------------------------------------------
	Total Frames |   Bitrate     Y-PSNR    U-PSNR    V-PSNR    YUV-PSNR  
	       60    a    2146.5440   43.7618   47.0400   48.1899   44.6780  


I Slices--------------------------------------------------------
	Total Frames |   Bitrate     Y-PSNR    U-PSNR    V-PSNR    YUV-PSNR  
	        2    i   32659.2000   45.8233   48.1105   49.1353   46.5590  


P Slices--------------------------------------------------------
	Total Frames |   Bitrate     Y-PSNR    U-PSNR    V-PSNR    YUV-PSNR  
	        0    p         -nan      -nan      -nan      -nan      -nan  


B Slices--------------------------------------------------------
	Total Frames |   Bitrate     Y-PSNR    U-PSNR    V-PSNR    YUV-PSNR  
	       58    b    1094.3834   43.6907   47.0031   48.1573   44.6256  

RVM: 0.000
Bytes written to file: 268318 (2146.544 kbps)

 Total Time:      417.745 sec.
