******************************************************************
** WARNING: --SEIDecodedPictureHash is now disabled by default. **
**          Automatic verification of decoded pictures by a     **
**          decoder requires this option to be enabled.         **
******************************************************************
***************************************************************************
** WARNING: For conforming bitstreams a valid Level value must be set!   **
***************************************************************************

HM software: Encoder Version [16.20] (including RExt)[Linux][GCC 9.4.0][64 bit] 


Input          File                    : /home/pc-poincare/Documents/Alex/class_E/WorldCup_far_1920x1080_30p.yuv
Bitstream      File                    : /home/pc-poincare/Documents/Alex/ViTech_Gerenciador-main/WorldCup_far_1920x1080_30p/cq_22/video/coded_HM.hevc
Reconstruction File                    : /home/pc-poincare/Documents/Alex/ViTech_Gerenciador-main/WorldCup_far_1920x1080_30p/cq_22/video/coded_HM.yuv
Real     Format                        : 1920x1080 30Hz
Internal Format                        : 1920x1080 30Hz
Sequence PSNR output                   : Linear average only
Sequence MSE output                    : Disabled
Frame MSE output                       : Disabled
MS-SSIM output                         : Disabled
xPSNR calculation                      : Disabled
Cabac-zero-word-padding                : Enabled
Frame/Field                            : Frame based coding
Frame index                            : 0 - 59 (60 frames)
Profile                                : main
CU size / depth / total-depth          : 64 / 4 / 4
RQT trans. size (min / max)            : 4 / 32
Max RQT depth inter                    : 3
Max RQT depth intra                    : 3
Min PCM size                           : 8
Motion search range                    : 384
Intra period                           : 32
Decoding refresh type                  : 1
QP                                     : 22
Max dQP signaling depth                : 0
Cb QP Offset                           : 0
Cr QP Offset                           : 0
QP adaptation                          : 0 (range=0)
GOP size                               : 16
Input bit depth                        : (Y:8, C:8)
MSB-extended bit depth                 : (Y:8, C:8)
Internal bit depth                     : (Y:8, C:8)
PCM sample bit depth                   : (Y:8, C:8)
Intra reference smoothing              : Enabled
diff_cu_chroma_qp_offset_depth         : -1
extended_precision_processing_flag     : Disabled
implicit_rdpcm_enabled_flag            : Disabled
explicit_rdpcm_enabled_flag            : Disabled
transform_skip_rotation_enabled_flag   : Disabled
transform_skip_context_enabled_flag    : Disabled
cross_component_prediction_enabled_flag: Disabled
high_precision_offsets_enabled_flag    : Disabled
persistent_rice_adaptation_enabled_flag: Disabled
cabac_bypass_alignment_enabled_flag    : Disabled
log2_sao_offset_scale_luma             : 0
log2_sao_offset_scale_chroma           : 0
Cost function:                         : Lossy coding (default)
RateControl                            : 0
WPMethod                               : 0
Max Num Merge Candidates               : 5

TOOL CFG: IBD:0 HAD:1 RDQ:1 RDQTS:1 RDpenalty:0 LQP:0 SQP:0 ASR:1 MinSearchWindow:96 RestrictMESampling:0 FEN:1 ECU:0 FDM:1 CFM:0 ESD:0 RQT:1 TransformSkip:1 TransformSkipFast:1 TransformSkipLog2MaxSize:2 Slice: M=0 SliceSegment: M=0 CIP:0 SAO:1 PCM:0 TransQuantBypassEnabled:0 WPP:0 WPB:0 PME:2  WaveFrontSynchro:0 WaveFrontSubstreams:1 ScalingList:0 TMVPMode:1 AQpS:0 SignBitHidingFlag:1 RecalQP:0

Non-environment-variable-controlled macros set as follows: 

                                RExt__DECODER_DEBUG_BIT_STATISTICS =   0
                                      RExt__HIGH_BIT_DEPTH_SUPPORT =   0
                            RExt__HIGH_PRECISION_FORWARD_TRANSFORM =   0
                                        O0043_BEST_EFFORT_DECODING =   0
                                         ME_ENABLE_ROUNDING_OF_MVS =   1

                   Input ChromaFormatIDC =   4:2:0
       Output (internal) ChromaFormatIDC =   4:2:0

POC    0 TId: 0 ( I-SLICE, nQP 19 QP 19 )    2709912 bits [Y 46.1161 dB    U 47.7218 dB    V 49.5715 dB] [ET    12 ] [L0 ] [L1 ]
POC   16 TId: 0 ( B-SLICE, nQP 23 QP 23 )    1063224 bits [Y 43.1280 dB    U 44.1039 dB    V 46.3704 dB] [ET    44 ] [L0 0 ] [L1 0 ]
POC    8 TId: 1 ( B-SLICE, nQP 23 QP 23 )     873712 bits [Y 43.4232 dB    U 44.4125 dB    V 46.6363 dB] [ET    44 ] [L0 0 16 ] [L1 16 0 ]
POC    4 TId: 2 ( B-SLICE, nQP 26 QP 26 )     492680 bits [Y 43.4314 dB    U 45.1416 dB    V 47.2219 dB] [ET    37 ] [L0 0 8 ] [L1 8 16 ]
POC    2 TId: 3 ( B-SLICE, nQP 27 QP 27 )     247320 bits [Y 43.8388 dB    U 45.9374 dB    V 48.0001 dB] [ET    27 ] [L0 0 4 ] [L1 4 8 ]
POC    1 TId: 4 ( B-SLICE, nQP 29 QP 29 )     189584 bits [Y 42.8858 dB    U 45.6111 dB    V 47.9581 dB] [ET    24 ] [L0 0 2 ] [L1 2 4 ]
POC    3 TId: 4 ( B-SLICE, nQP 29 QP 29 )     167240 bits [Y 42.8904 dB    U 45.2124 dB    V 47.2622 dB] [ET    24 ] [L0 2 0 ] [L1 4 8 ]
POC    6 TId: 3 ( B-SLICE, nQP 27 QP 27 )     265032 bits [Y 42.8552 dB    U 44.7102 dB    V 47.0696 dB] [ET    34 ] [L0 4 0 ] [L1 8 16 ]
POC    5 TId: 4 ( B-SLICE, nQP 29 QP 29 )     134848 bits [Y 41.5444 dB    U 44.0050 dB    V 46.3413 dB] [ET    26 ] [L0 4 0 ] [L1 6 8 ]
POC    7 TId: 4 ( B-SLICE, nQP 29 QP 29 )     125904 bits [Y 42.3090 dB    U 44.3934 dB    V 46.4799 dB] [ET    26 ] [L0 6 4 ] [L1 8 16 ]
POC   12 TId: 2 ( B-SLICE, nQP 26 QP 26 )     397424 bits [Y 41.9533 dB    U 43.3722 dB    V 45.7444 dB] [ET    35 ] [L0 8 0 ] [L1 16 8 ]
POC   10 TId: 3 ( B-SLICE, nQP 27 QP 27 )     210656 bits [Y 42.6872 dB    U 44.5700 dB    V 46.7742 dB] [ET    33 ] [L0 8 0 ] [L1 12 16 ]
POC    9 TId: 4 ( B-SLICE, nQP 29 QP 29 )     117584 bits [Y 42.0904 dB    U 44.2294 dB    V 46.3827 dB] [ET    26 ] [L0 8 0 ] [L1 10 12 ]
POC   11 TId: 4 ( B-SLICE, nQP 29 QP 29 )     106040 bits [Y 41.7038 dB    U 43.8526 dB    V 46.0252 dB] [ET    23 ] [L0 10 8 ] [L1 12 16 ]
POC   14 TId: 3 ( B-SLICE, nQP 27 QP 27 )     218152 bits [Y 42.5473 dB    U 44.4701 dB    V 46.7680 dB] [ET    26 ] [L0 12 8 ] [L1 16 12 ]
POC   13 TId: 4 ( B-SLICE, nQP 29 QP 29 )     111688 bits [Y 41.7839 dB    U 43.9384 dB    V 46.2384 dB] [ET    23 ] [L0 12 8 ] [L1 14 16 ]
POC   15 TId: 4 ( B-SLICE, nQP 29 QP 29 )     134736 bits [Y 41.7616 dB    U 44.1038 dB    V 46.3081 dB] [ET    22 ] [L0 14 12 ] [L1 16 14 ]
POC   32 TId: 0 ( I-SLICE, nQP 19 QP 19 )    2337800 bits [Y 46.1130 dB    U 46.6484 dB    V 48.8618 dB] [ET    12 ] [L0 ] [L1 ]
POC   24 TId: 1 ( B-SLICE, nQP 23 QP 23 )     833376 bits [Y 43.0395 dB    U 44.2832 dB    V 46.4470 dB] [ET    53 ] [L0 16 8 ] [L1 32 16 ]
POC   20 TId: 2 ( B-SLICE, nQP 26 QP 26 )     408240 bits [Y 41.7641 dB    U 43.0061 dB    V 45.4954 dB] [ET    46 ] [L0 16 8 ] [L1 24 32 ]
POC   18 TId: 3 ( B-SLICE, nQP 27 QP 27 )     391792 bits [Y 41.8818 dB    U 44.0899 dB    V 46.3560 dB] [ET    40 ] [L0 16 8 ] [L1 20 24 ]
POC   17 TId: 4 ( B-SLICE, nQP 29 QP 29 )     136056 bits [Y 40.9644 dB    U 43.6122 dB    V 45.8995 dB] [ET    23 ] [L0 16 18 ] [L1 18 20 ]
POC   19 TId: 4 ( B-SLICE, nQP 29 QP 29 )     139504 bits [Y 41.4124 dB    U 43.3720 dB    V 45.5875 dB] [ET    25 ] [L0 18 16 ] [L1 20 24 ]
POC   22 TId: 3 ( B-SLICE, nQP 27 QP 27 )     237544 bits [Y 42.4424 dB    U 44.4488 dB    V 46.4617 dB] [ET    33 ] [L0 20 16 ] [L1 24 32 ]
POC   21 TId: 4 ( B-SLICE, nQP 29 QP 29 )     134112 bits [Y 41.4951 dB    U 43.4234 dB    V 45.6858 dB] [ET    24 ] [L0 20 16 ] [L1 22 24 ]
POC   23 TId: 4 ( B-SLICE, nQP 29 QP 29 )     122904 bits [Y 41.6150 dB    U 44.1743 dB    V 46.2497 dB] [ET    26 ] [L0 22 20 ] [L1 24 32 ]
POC   28 TId: 2 ( B-SLICE, nQP 26 QP 26 )     354232 bits [Y 41.9395 dB    U 43.3374 dB    V 45.7462 dB] [ET    35 ] [L0 24 16 ] [L1 32 24 ]
POC   26 TId: 3 ( B-SLICE, nQP 27 QP 27 )     185952 bits [Y 42.6211 dB    U 44.5144 dB    V 46.5520 dB] [ET    30 ] [L0 24 16 ] [L1 28 32 ]
POC   25 TId: 4 ( B-SLICE, nQP 29 QP 29 )     105520 bits [Y 41.9361 dB    U 44.0233 dB    V 46.1622 dB] [ET    25 ] [L0 24 16 ] [L1 26 28 ]
POC   27 TId: 4 ( B-SLICE, nQP 29 QP 29 )     140640 bits [Y 41.2928 dB    U 43.5773 dB    V 45.9447 dB] [ET    24 ] [L0 26 24 ] [L1 28 32 ]
POC   30 TId: 3 ( B-SLICE, nQP 27 QP 27 )     213184 bits [Y 42.3539 dB    U 42.0206 dB    V 45.2777 dB] [ET    25 ] [L0 28 24 ] [L1 32 28 ]
POC   29 TId: 4 ( B-SLICE, nQP 29 QP 29 )     151864 bits [Y 40.4506 dB    U 41.7213 dB    V 44.5467 dB] [ET    25 ] [L0 28 24 ] [L1 30 32 ]
POC   31 TId: 4 ( B-SLICE, nQP 29 QP 29 )     108784 bits [Y 42.2142 dB    U 44.0145 dB    V 46.4649 dB] [ET    21 ] [L0 30 28 ] [L1 32 30 ]
POC   48 TId: 0 ( B-SLICE, nQP 23 QP 23 )     932496 bits [Y 43.4584 dB    U 44.6537 dB    V 46.9764 dB] [ET    44 ] [L0 32 ] [L1 32 ]
POC   40 TId: 1 ( B-SLICE, nQP 23 QP 23 )     796384 bits [Y 43.4487 dB    U 44.9044 dB    V 47.3579 dB] [ET    41 ] [L0 32 48 ] [L1 48 32 ]
POC   36 TId: 2 ( B-SLICE, nQP 26 QP 26 )     499224 bits [Y 42.1600 dB    U 44.2027 dB    V 46.4963 dB] [ET    39 ] [L0 32 40 ] [L1 40 48 ]
POC   34 TId: 3 ( B-SLICE, nQP 27 QP 27 )     312936 bits [Y 41.6576 dB    U 43.0147 dB    V 45.7133 dB] [ET    31 ] [L0 32 36 ] [L1 36 40 ]
POC   33 TId: 4 ( B-SLICE, nQP 29 QP 29 )     120008 bits [Y 42.1293 dB    U 43.9092 dB    V 46.4995 dB] [ET    21 ] [L0 32 34 ] [L1 34 36 ]
POC   35 TId: 4 ( B-SLICE, nQP 29 QP 29 )     123232 bits [Y 41.0016 dB    U 43.4977 dB    V 45.8524 dB] [ET    26 ] [L0 34 32 ] [L1 36 40 ]
POC   38 TId: 3 ( B-SLICE, nQP 27 QP 27 )     264240 bits [Y 41.4717 dB    U 42.4812 dB    V 45.4352 dB] [ET    31 ] [L0 36 32 ] [L1 40 48 ]
POC   37 TId: 4 ( B-SLICE, nQP 29 QP 29 )     151984 bits [Y 40.8949 dB    U 42.9439 dB    V 45.6287 dB] [ET    25 ] [L0 36 32 ] [L1 38 40 ]
POC   39 TId: 4 ( B-SLICE, nQP 29 QP 29 )     114672 bits [Y 41.1474 dB    U 43.0544 dB    V 45.6891 dB] [ET    25 ] [L0 38 36 ] [L1 40 48 ]
POC   44 TId: 2 ( B-SLICE, nQP 26 QP 26 )     403792 bits [Y 41.9506 dB    U 43.6262 dB    V 46.1328 dB] [ET    37 ] [L0 40 32 ] [L1 48 40 ]
POC   42 TId: 3 ( B-SLICE, nQP 27 QP 27 )     351144 bits [Y 41.3492 dB    U 42.5739 dB    V 45.3153 dB] [ET    36 ] [L0 40 32 ] [L1 44 48 ]
POC   41 TId: 4 ( B-SLICE, nQP 29 QP 29 )     120264 bits [Y 41.2723 dB    U 43.3212 dB    V 45.9077 dB] [ET    26 ] [L0 40 32 ] [L1 42 44 ]
POC   43 TId: 4 ( B-SLICE, nQP 29 QP 29 )     125456 bits [Y 41.3560 dB    U 43.3809 dB    V 45.8949 dB] [ET    24 ] [L0 42 40 ] [L1 44 48 ]
POC   46 TId: 3 ( B-SLICE, nQP 27 QP 27 )     242952 bits [Y 41.3043 dB    U 42.0210 dB    V 45.0395 dB] [ET    28 ] [L0 44 40 ] [L1 48 44 ]
POC   45 TId: 4 ( B-SLICE, nQP 29 QP 29 )     132040 bits [Y 41.0139 dB    U 42.9542 dB    V 45.6585 dB] [ET    25 ] [L0 44 40 ] [L1 46 48 ]
POC   47 TId: 4 ( B-SLICE, nQP 29 QP 29 )     145120 bits [Y 40.9435 dB    U 42.9210 dB    V 45.5309 dB] [ET    22 ] [L0 46 44 ] [L1 48 46 ]
POC   56 TId: 1 ( B-SLICE, nQP 23 QP 23 )     786568 bits [Y 43.4682 dB    U 44.6510 dB    V 46.7968 dB] [ET    47 ] [L0 48 40 ] [L1 48 40 ]
POC   52 TId: 2 ( B-SLICE, nQP 26 QP 26 )     379552 bits [Y 42.0188 dB    U 43.6757 dB    V 46.0085 dB] [ET    34 ] [L0 48 40 ] [L1 56 48 ]
POC   50 TId: 3 ( B-SLICE, nQP 27 QP 27 )     318400 bits [Y 40.9452 dB    U 41.7000 dB    V 44.6464 dB] [ET    35 ] [L0 48 40 ] [L1 52 56 ]
POC   49 TId: 4 ( B-SLICE, nQP 29 QP 29 )     155280 bits [Y 40.9641 dB    U 43.0907 dB    V 45.5830 dB] [ET    25 ] [L0 48 50 ] [L1 50 52 ]
POC   51 TId: 4 ( B-SLICE, nQP 29 QP 29 )     131328 bits [Y 41.0160 dB    U 42.8774 dB    V 45.3659 dB] [ET    25 ] [L0 50 48 ] [L1 52 56 ]
POC   54 TId: 3 ( B-SLICE, nQP 27 QP 27 )     252776 bits [Y 41.2352 dB    U 41.8521 dB    V 44.6931 dB] [ET    27 ] [L0 52 48 ] [L1 56 52 ]
POC   53 TId: 4 ( B-SLICE, nQP 29 QP 29 )     108280 bits [Y 41.1838 dB    U 43.0235 dB    V 45.4371 dB] [ET    24 ] [L0 52 48 ] [L1 54 56 ]
POC   55 TId: 4 ( B-SLICE, nQP 29 QP 29 )     122936 bits [Y 41.2348 dB    U 43.3225 dB    V 45.6808 dB] [ET    22 ] [L0 54 52 ] [L1 56 54 ]
POC   58 TId: 3 ( B-SLICE, nQP 27 QP 27 )     248488 bits [Y 41.3898 dB    U 42.1469 dB    V 44.9449 dB] [ET    29 ] [L0 56 48 ] [L1 56 48 ]
POC   57 TId: 4 ( B-SLICE, nQP 29 QP 29 )     173240 bits [Y 40.6522 dB    U 42.5956 dB    V 45.4419 dB] [ET    26 ] [L0 56 48 ] [L1 58 56 ]
POC   59 TId: 4 ( B-SLICE, nQP 29 QP 29 )     208400 bits [Y 40.2976 dB    U 41.5791 dB    V 44.5889 dB] [ET    23 ] [L0 58 56 ] [L1 58 56 ]


SUMMARY --------------------------------------------------------
	Total Frames |   Bitrate     Y-PSNR    U-PSNR    V-PSNR    YUV-PSNR  
	       60    a   10644.2160   42.0242   43.7338   46.1534   42.6342  


I Slices--------------------------------------------------------
	Total Frames |   Bitrate     Y-PSNR    U-PSNR    V-PSNR    YUV-PSNR  
	        2    i   75715.6800   46.1146   47.1851   49.2167   46.6708  


P Slices--------------------------------------------------------
	Total Frames |   Bitrate     Y-PSNR    U-PSNR    V-PSNR    YUV-PSNR  
	        0    p         -nan      -nan      -nan      -nan      -nan  


B Slices--------------------------------------------------------
	Total Frames |   Bitrate     Y-PSNR    U-PSNR    V-PSNR    YUV-PSNR  
	       58    b    8400.3724   41.8831   43.6148   46.0478   42.5445  

RVM: 0.000
Bytes written to file: 2661054 (10644.216 kbps)

 Total Time:     1749.777 sec.
