******************************************************************
** WARNING: --SEIDecodedPictureHash is now disabled by default. **
**          Automatic verification of decoded pictures by a     **
**          decoder requires this option to be enabled.         **
******************************************************************
***************************************************************************
** WARNING: For conforming bitstreams a valid Level value must be set!   **
***************************************************************************

HM software: Encoder Version [16.20] (including RExt)[Linux][GCC 11.3.0][64 bit] 


Input          File                    : /home/pc-einstein/Documents/Alex/class_C/FourPeople_1280x720_60.yuv
Bitstream      File                    : /home/pc-einstein/Documents/Alex/Vitech_Gerenciador/FourPeople_1280x720_60/cq_22/video/coded_HM.hevc
Reconstruction File                    : /home/pc-einstein/Documents/Alex/Vitech_Gerenciador/FourPeople_1280x720_60/cq_22/video/coded_HM.yuv
Real     Format                        : 1280x720 60Hz
Internal Format                        : 1280x720 60Hz
Sequence PSNR output                   : Linear average only
Sequence MSE output                    : Disabled
Frame MSE output                       : Disabled
MS-SSIM output                         : Disabled
xPSNR calculation                      : Disabled
Cabac-zero-word-padding                : Enabled
Frame/Field                            : Frame based coding
Frame index                            : 0 - 59 (60 frames)
Profile                                : main
CU size / depth / total-depth          : 64 / 4 / 4
RQT trans. size (min / max)            : 4 / 32
Max RQT depth inter                    : 3
Max RQT depth intra                    : 3
Min PCM size                           : 8
Motion search range                    : 384
Intra period                           : 32
Decoding refresh type                  : 1
QP                                     : 22
Max dQP signaling depth                : 0
Cb QP Offset                           : 0
Cr QP Offset                           : 0
QP adaptation                          : 0 (range=0)
GOP size                               : 16
Input bit depth                        : (Y:8, C:8)
MSB-extended bit depth                 : (Y:8, C:8)
Internal bit depth                     : (Y:8, C:8)
PCM sample bit depth                   : (Y:8, C:8)
Intra reference smoothing              : Enabled
diff_cu_chroma_qp_offset_depth         : -1
extended_precision_processing_flag     : Disabled
implicit_rdpcm_enabled_flag            : Disabled
explicit_rdpcm_enabled_flag            : Disabled
transform_skip_rotation_enabled_flag   : Disabled
transform_skip_context_enabled_flag    : Disabled
cross_component_prediction_enabled_flag: Disabled
high_precision_offsets_enabled_flag    : Disabled
persistent_rice_adaptation_enabled_flag: Disabled
cabac_bypass_alignment_enabled_flag    : Disabled
log2_sao_offset_scale_luma             : 0
log2_sao_offset_scale_chroma           : 0
Cost function:                         : Lossy coding (default)
RateControl                            : 0
WPMethod                               : 0
Max Num Merge Candidates               : 5

TOOL CFG: IBD:0 HAD:1 RDQ:1 RDQTS:1 RDpenalty:0 LQP:0 SQP:0 ASR:1 MinSearchWindow:96 RestrictMESampling:0 FEN:1 ECU:0 FDM:1 CFM:0 ESD:0 RQT:1 TransformSkip:1 TransformSkipFast:1 TransformSkipLog2MaxSize:2 Slice: M=0 SliceSegment: M=0 CIP:0 SAO:1 PCM:0 TransQuantBypassEnabled:0 WPP:0 WPB:0 PME:2  WaveFrontSynchro:0 WaveFrontSubstreams:1 ScalingList:0 TMVPMode:1 AQpS:0 SignBitHidingFlag:1 RecalQP:0

Non-environment-variable-controlled macros set as follows: 

                                RExt__DECODER_DEBUG_BIT_STATISTICS =   0
                                      RExt__HIGH_BIT_DEPTH_SUPPORT =   0
                            RExt__HIGH_PRECISION_FORWARD_TRANSFORM =   0
                                        O0043_BEST_EFFORT_DECODING =   0
                                         ME_ENABLE_ROUNDING_OF_MVS =   1

                   Input ChromaFormatIDC =   4:2:0
       Output (internal) ChromaFormatIDC =   4:2:0

POC    0 TId: 0 ( I-SLICE, nQP 19 QP 19 )     702488 bits [Y 45.4317 dB    U 48.0859 dB    V 49.1440 dB] [ET     5 ] [L0 ] [L1 ]
POC   16 TId: 0 ( B-SLICE, nQP 23 QP 23 )     130384 bits [Y 43.2524 dB    U 47.0205 dB    V 48.3528 dB] [ET    11 ] [L0 0 ] [L1 0 ]
POC    8 TId: 1 ( B-SLICE, nQP 23 QP 23 )      83264 bits [Y 43.3072 dB    U 47.0579 dB    V 48.4205 dB] [ET    10 ] [L0 0 16 ] [L1 16 0 ]
POC    4 TId: 2 ( B-SLICE, nQP 26 QP 26 )      23496 bits [Y 43.0183 dB    U 47.0976 dB    V 48.4849 dB] [ET     7 ] [L0 0 8 ] [L1 8 16 ]
POC    2 TId: 3 ( B-SLICE, nQP 27 QP 27 )      10560 bits [Y 43.2466 dB    U 47.3489 dB    V 48.6119 dB] [ET     6 ] [L0 0 4 ] [L1 4 8 ]
POC    1 TId: 4 ( B-SLICE, nQP 29 QP 29 )       3744 bits [Y 42.6060 dB    U 47.0367 dB    V 48.4812 dB] [ET     6 ] [L0 0 2 ] [L1 2 4 ]
POC    3 TId: 4 ( B-SLICE, nQP 29 QP 29 )       3120 bits [Y 42.5417 dB    U 46.9898 dB    V 48.4188 dB] [ET     6 ] [L0 2 0 ] [L1 4 8 ]
POC    6 TId: 3 ( B-SLICE, nQP 27 QP 27 )      10080 bits [Y 42.8238 dB    U 47.0712 dB    V 48.3990 dB] [ET     7 ] [L0 4 0 ] [L1 8 16 ]
POC    5 TId: 4 ( B-SLICE, nQP 29 QP 29 )       3488 bits [Y 42.5441 dB    U 46.9242 dB    V 48.3822 dB] [ET     6 ] [L0 4 0 ] [L1 6 8 ]
POC    7 TId: 4 ( B-SLICE, nQP 29 QP 29 )       3504 bits [Y 42.5305 dB    U 46.9737 dB    V 48.3606 dB] [ET     6 ] [L0 6 4 ] [L1 8 16 ]
POC   12 TId: 2 ( B-SLICE, nQP 26 QP 26 )      24184 bits [Y 42.7236 dB    U 46.8866 dB    V 48.2536 dB] [ET     8 ] [L0 8 0 ] [L1 16 8 ]
POC   10 TId: 3 ( B-SLICE, nQP 27 QP 27 )      10576 bits [Y 42.6813 dB    U 46.9329 dB    V 48.2936 dB] [ET     7 ] [L0 8 0 ] [L1 12 16 ]
POC    9 TId: 4 ( B-SLICE, nQP 29 QP 29 )       3368 bits [Y 42.4967 dB    U 46.9183 dB    V 48.3600 dB] [ET     6 ] [L0 8 0 ] [L1 10 12 ]
POC   11 TId: 4 ( B-SLICE, nQP 29 QP 29 )       4296 bits [Y 42.4460 dB    U 46.9303 dB    V 48.3224 dB] [ET     6 ] [L0 10 8 ] [L1 12 16 ]
POC   14 TId: 3 ( B-SLICE, nQP 27 QP 27 )      11472 bits [Y 42.6943 dB    U 46.8835 dB    V 48.2292 dB] [ET     6 ] [L0 12 8 ] [L1 16 12 ]
POC   13 TId: 4 ( B-SLICE, nQP 29 QP 29 )       3848 bits [Y 42.4251 dB    U 46.8982 dB    V 48.2477 dB] [ET     6 ] [L0 12 8 ] [L1 14 16 ]
POC   15 TId: 4 ( B-SLICE, nQP 29 QP 29 )       4088 bits [Y 42.4215 dB    U 46.8850 dB    V 48.2331 dB] [ET     6 ] [L0 14 12 ] [L1 16 14 ]
POC   32 TId: 0 ( I-SLICE, nQP 19 QP 19 )     699440 bits [Y 45.4201 dB    U 48.0871 dB    V 49.1072 dB] [ET     5 ] [L0 ] [L1 ]
POC   24 TId: 1 ( B-SLICE, nQP 23 QP 23 )      83784 bits [Y 43.5366 dB    U 47.4002 dB    V 48.6298 dB] [ET    12 ] [L0 16 8 ] [L1 32 16 ]
POC   20 TId: 2 ( B-SLICE, nQP 26 QP 26 )      26000 bits [Y 42.9851 dB    U 47.1365 dB    V 48.4883 dB] [ET     9 ] [L0 16 8 ] [L1 24 32 ]
POC   18 TId: 3 ( B-SLICE, nQP 27 QP 27 )      12176 bits [Y 42.9451 dB    U 47.1199 dB    V 48.4008 dB] [ET     7 ] [L0 16 8 ] [L1 20 24 ]
POC   17 TId: 4 ( B-SLICE, nQP 29 QP 29 )       4392 bits [Y 42.6330 dB    U 46.9733 dB    V 48.4498 dB] [ET     6 ] [L0 16 18 ] [L1 18 20 ]
POC   19 TId: 4 ( B-SLICE, nQP 29 QP 29 )       4256 bits [Y 42.6744 dB    U 46.9462 dB    V 48.4682 dB] [ET     6 ] [L0 18 16 ] [L1 20 24 ]
POC   22 TId: 3 ( B-SLICE, nQP 27 QP 27 )      12784 bits [Y 42.9217 dB    U 47.2046 dB    V 48.4727 dB] [ET     7 ] [L0 20 16 ] [L1 24 32 ]
POC   21 TId: 4 ( B-SLICE, nQP 29 QP 29 )       4272 bits [Y 42.6587 dB    U 47.1486 dB    V 48.4619 dB] [ET     6 ] [L0 20 16 ] [L1 22 24 ]
POC   23 TId: 4 ( B-SLICE, nQP 29 QP 29 )       4000 bits [Y 42.7343 dB    U 47.2035 dB    V 48.5197 dB] [ET     6 ] [L0 22 20 ] [L1 24 32 ]
POC   28 TId: 2 ( B-SLICE, nQP 26 QP 26 )      27104 bits [Y 43.0269 dB    U 47.3075 dB    V 48.6449 dB] [ET     8 ] [L0 24 16 ] [L1 32 24 ]
POC   26 TId: 3 ( B-SLICE, nQP 27 QP 27 )      14848 bits [Y 42.8626 dB    U 47.2122 dB    V 48.5127 dB] [ET     7 ] [L0 24 16 ] [L1 28 32 ]
POC   25 TId: 4 ( B-SLICE, nQP 29 QP 29 )       4232 bits [Y 42.7703 dB    U 47.2502 dB    V 48.5518 dB] [ET     6 ] [L0 24 16 ] [L1 26 28 ]
POC   27 TId: 4 ( B-SLICE, nQP 29 QP 29 )       4568 bits [Y 42.7273 dB    U 47.2283 dB    V 48.4980 dB] [ET     6 ] [L0 26 24 ] [L1 28 32 ]
POC   30 TId: 3 ( B-SLICE, nQP 27 QP 27 )      19256 bits [Y 42.9429 dB    U 47.3428 dB    V 48.6677 dB] [ET     7 ] [L0 28 24 ] [L1 32 28 ]
POC   29 TId: 4 ( B-SLICE, nQP 29 QP 29 )       4896 bits [Y 42.6846 dB    U 47.0699 dB    V 48.6446 dB] [ET     6 ] [L0 28 24 ] [L1 30 32 ]
POC   31 TId: 4 ( B-SLICE, nQP 29 QP 29 )       5024 bits [Y 42.6159 dB    U 47.2018 dB    V 48.6097 dB] [ET     6 ] [L0 30 28 ] [L1 32 30 ]
POC   48 TId: 0 ( B-SLICE, nQP 23 QP 23 )     148064 bits [Y 43.2080 dB    U 46.8712 dB    V 48.2139 dB] [ET    11 ] [L0 32 ] [L1 32 ]
POC   40 TId: 1 ( B-SLICE, nQP 23 QP 23 )      88696 bits [Y 43.2579 dB    U 46.9445 dB    V 48.3601 dB] [ET    10 ] [L0 32 48 ] [L1 48 32 ]
POC   36 TId: 2 ( B-SLICE, nQP 26 QP 26 )      21704 bits [Y 42.8262 dB    U 47.0723 dB    V 48.4496 dB] [ET     7 ] [L0 32 40 ] [L1 40 48 ]
POC   34 TId: 3 ( B-SLICE, nQP 27 QP 27 )      15552 bits [Y 42.7615 dB    U 47.2483 dB    V 48.4936 dB] [ET     7 ] [L0 32 36 ] [L1 36 40 ]
POC   33 TId: 4 ( B-SLICE, nQP 29 QP 29 )       4392 bits [Y 42.4801 dB    U 46.9328 dB    V 48.4116 dB] [ET     6 ] [L0 32 34 ] [L1 34 36 ]
POC   35 TId: 4 ( B-SLICE, nQP 29 QP 29 )       3384 bits [Y 42.3447 dB    U 46.8306 dB    V 48.3443 dB] [ET     6 ] [L0 34 32 ] [L1 36 40 ]
POC   38 TId: 3 ( B-SLICE, nQP 27 QP 27 )      13840 bits [Y 42.4712 dB    U 46.8785 dB    V 48.2905 dB] [ET     7 ] [L0 36 32 ] [L1 40 48 ]
POC   37 TId: 4 ( B-SLICE, nQP 29 QP 29 )       2816 bits [Y 42.4387 dB    U 46.7752 dB    V 48.3304 dB] [ET     6 ] [L0 36 32 ] [L1 38 40 ]
POC   39 TId: 4 ( B-SLICE, nQP 29 QP 29 )       3032 bits [Y 42.3568 dB    U 46.8377 dB    V 48.2566 dB] [ET     6 ] [L0 38 36 ] [L1 40 48 ]
POC   44 TId: 2 ( B-SLICE, nQP 26 QP 26 )      20888 bits [Y 42.6124 dB    U 46.8583 dB    V 48.2473 dB] [ET     7 ] [L0 40 32 ] [L1 48 40 ]
POC   42 TId: 3 ( B-SLICE, nQP 27 QP 27 )      14384 bits [Y 42.4170 dB    U 46.7760 dB    V 48.2184 dB] [ET     7 ] [L0 40 32 ] [L1 44 48 ]
POC   41 TId: 4 ( B-SLICE, nQP 29 QP 29 )       2288 bits [Y 42.4383 dB    U 46.8071 dB    V 48.2835 dB] [ET     6 ] [L0 40 32 ] [L1 42 44 ]
POC   43 TId: 4 ( B-SLICE, nQP 29 QP 29 )       2864 bits [Y 42.2711 dB    U 46.7794 dB    V 48.2408 dB] [ET     6 ] [L0 42 40 ] [L1 44 48 ]
POC   46 TId: 3 ( B-SLICE, nQP 27 QP 27 )      17424 bits [Y 42.3587 dB    U 46.7448 dB    V 48.1231 dB] [ET     7 ] [L0 44 40 ] [L1 48 44 ]
POC   45 TId: 4 ( B-SLICE, nQP 29 QP 29 )       3272 bits [Y 42.3219 dB    U 46.7685 dB    V 48.1903 dB] [ET     6 ] [L0 44 40 ] [L1 46 48 ]
POC   47 TId: 4 ( B-SLICE, nQP 29 QP 29 )       3832 bits [Y 42.2042 dB    U 46.6690 dB    V 48.1789 dB] [ET     6 ] [L0 46 44 ] [L1 48 46 ]
POC   56 TId: 1 ( B-SLICE, nQP 23 QP 23 )     115584 bits [Y 43.1994 dB    U 46.8641 dB    V 48.2499 dB] [ET    12 ] [L0 48 40 ] [L1 48 40 ]
POC   52 TId: 2 ( B-SLICE, nQP 26 QP 26 )      27784 bits [Y 42.5805 dB    U 46.7851 dB    V 48.0995 dB] [ET     7 ] [L0 48 40 ] [L1 56 48 ]
POC   50 TId: 3 ( B-SLICE, nQP 27 QP 27 )      23560 bits [Y 42.3535 dB    U 46.6572 dB    V 48.0207 dB] [ET     8 ] [L0 48 40 ] [L1 52 56 ]
POC   49 TId: 4 ( B-SLICE, nQP 29 QP 29 )       5136 bits [Y 42.3204 dB    U 46.6837 dB    V 48.1130 dB] [ET     6 ] [L0 48 50 ] [L1 50 52 ]
POC   51 TId: 4 ( B-SLICE, nQP 29 QP 29 )       6112 bits [Y 42.2793 dB    U 46.6506 dB    V 48.0647 dB] [ET     6 ] [L0 50 48 ] [L1 52 56 ]
POC   54 TId: 3 ( B-SLICE, nQP 27 QP 27 )      21336 bits [Y 42.3437 dB    U 46.6200 dB    V 48.0174 dB] [ET     7 ] [L0 52 48 ] [L1 56 52 ]
POC   53 TId: 4 ( B-SLICE, nQP 29 QP 29 )       5616 bits [Y 42.3308 dB    U 46.6229 dB    V 48.0654 dB] [ET     6 ] [L0 52 48 ] [L1 54 56 ]
POC   55 TId: 4 ( B-SLICE, nQP 29 QP 29 )       5496 bits [Y 42.2705 dB    U 46.6581 dB    V 48.0528 dB] [ET     6 ] [L0 54 52 ] [L1 56 54 ]
POC   58 TId: 3 ( B-SLICE, nQP 27 QP 27 )      31216 bits [Y 42.2721 dB    U 46.5500 dB    V 47.9178 dB] [ET     7 ] [L0 56 48 ] [L1 56 48 ]
POC   57 TId: 4 ( B-SLICE, nQP 29 QP 29 )       6784 bits [Y 42.2191 dB    U 46.5847 dB    V 48.0119 dB] [ET     6 ] [L0 56 48 ] [L1 58 56 ]
POC   59 TId: 4 ( B-SLICE, nQP 29 QP 29 )      14824 bits [Y 42.0037 dB    U 46.4476 dB    V 47.7903 dB] [ET     6 ] [L0 58 56 ] [L1 58 56 ]


SUMMARY --------------------------------------------------------
	Total Frames |   Bitrate     Y-PSNR    U-PSNR    V-PSNR    YUV-PSNR  
	       60    a    2596.8720   42.7379   46.9782   48.3527   43.8119  


I Slices--------------------------------------------------------
	Total Frames |   Bitrate     Y-PSNR    U-PSNR    V-PSNR    YUV-PSNR  
	        2    i   42057.8400   45.4259   48.0865   49.1256   46.2451  


P Slices--------------------------------------------------------
	Total Frames |   Bitrate     Y-PSNR    U-PSNR    V-PSNR    YUV-PSNR  
	        0    p         -nan      -nan      -nan      -nan      -nan  


B Slices--------------------------------------------------------
	Total Frames |   Bitrate     Y-PSNR    U-PSNR    V-PSNR    YUV-PSNR  
	       58    b    1236.1490   42.6452   46.9400   48.3260   43.7481  

RVM: 0.000
Bytes written to file: 324609 (2596.872 kbps)

 Total Time:      413.727 sec.
