******************************************************************
** WARNING: --SEIDecodedPictureHash is now disabled by default. **
**          Automatic verification of decoded pictures by a     **
**          decoder requires this option to be enabled.         **
******************************************************************
***************************************************************************
** WARNING: For conforming bitstreams a valid Level value must be set!   **
***************************************************************************

HM software: Encoder Version [16.20] (including RExt)[Linux][GCC 11.3.0][64 bit] 


Input          File                    : /home/pc-einstein/Documents/Alex/class_C/Netflix_FoodMarket2_1280x720_60fps_8bit_420_120f.yuv
Bitstream      File                    : /home/pc-einstein/Documents/Alex/Vitech_Gerenciador/Netflix_FoodMarket2_1280x720_60fps_8bit_420_120f/cq_22/video/coded_HM.hevc
Reconstruction File                    : /home/pc-einstein/Documents/Alex/Vitech_Gerenciador/Netflix_FoodMarket2_1280x720_60fps_8bit_420_120f/cq_22/video/coded_HM.yuv
Real     Format                        : 1280x720 60Hz
Internal Format                        : 1280x720 60Hz
Sequence PSNR output                   : Linear average only
Sequence MSE output                    : Disabled
Frame MSE output                       : Disabled
MS-SSIM output                         : Disabled
xPSNR calculation                      : Disabled
Cabac-zero-word-padding                : Enabled
Frame/Field                            : Frame based coding
Frame index                            : 0 - 59 (60 frames)
Profile                                : main
CU size / depth / total-depth          : 64 / 4 / 4
RQT trans. size (min / max)            : 4 / 32
Max RQT depth inter                    : 3
Max RQT depth intra                    : 3
Min PCM size                           : 8
Motion search range                    : 384
Intra period                           : 32
Decoding refresh type                  : 1
QP                                     : 22
Max dQP signaling depth                : 0
Cb QP Offset                           : 0
Cr QP Offset                           : 0
QP adaptation                          : 0 (range=0)
GOP size                               : 16
Input bit depth                        : (Y:8, C:8)
MSB-extended bit depth                 : (Y:8, C:8)
Internal bit depth                     : (Y:8, C:8)
PCM sample bit depth                   : (Y:8, C:8)
Intra reference smoothing              : Enabled
diff_cu_chroma_qp_offset_depth         : -1
extended_precision_processing_flag     : Disabled
implicit_rdpcm_enabled_flag            : Disabled
explicit_rdpcm_enabled_flag            : Disabled
transform_skip_rotation_enabled_flag   : Disabled
transform_skip_context_enabled_flag    : Disabled
cross_component_prediction_enabled_flag: Disabled
high_precision_offsets_enabled_flag    : Disabled
persistent_rice_adaptation_enabled_flag: Disabled
cabac_bypass_alignment_enabled_flag    : Disabled
log2_sao_offset_scale_luma             : 0
log2_sao_offset_scale_chroma           : 0
Cost function:                         : Lossy coding (default)
RateControl                            : 0
WPMethod                               : 0
Max Num Merge Candidates               : 5

TOOL CFG: IBD:0 HAD:1 RDQ:1 RDQTS:1 RDpenalty:0 LQP:0 SQP:0 ASR:1 MinSearchWindow:96 RestrictMESampling:0 FEN:1 ECU:0 FDM:1 CFM:0 ESD:0 RQT:1 TransformSkip:1 TransformSkipFast:1 TransformSkipLog2MaxSize:2 Slice: M=0 SliceSegment: M=0 CIP:0 SAO:1 PCM:0 TransQuantBypassEnabled:0 WPP:0 WPB:0 PME:2  WaveFrontSynchro:0 WaveFrontSubstreams:1 ScalingList:0 TMVPMode:1 AQpS:0 SignBitHidingFlag:1 RecalQP:0

Non-environment-variable-controlled macros set as follows: 

                                RExt__DECODER_DEBUG_BIT_STATISTICS =   0
                                      RExt__HIGH_BIT_DEPTH_SUPPORT =   0
                            RExt__HIGH_PRECISION_FORWARD_TRANSFORM =   0
                                        O0043_BEST_EFFORT_DECODING =   0
                                         ME_ENABLE_ROUNDING_OF_MVS =   1

                   Input ChromaFormatIDC =   4:2:0
       Output (internal) ChromaFormatIDC =   4:2:0

POC    0 TId: 0 ( I-SLICE, nQP 19 QP 19 )    1106800 bits [Y 45.3618 dB    U 46.4762 dB    V 46.7573 dB] [ET     6 ] [L0 ] [L1 ]
POC   16 TId: 0 ( B-SLICE, nQP 23 QP 23 )     610872 bits [Y 42.6332 dB    U 44.6166 dB    V 44.9473 dB] [ET    24 ] [L0 0 ] [L1 0 ]
POC    8 TId: 1 ( B-SLICE, nQP 23 QP 23 )     313992 bits [Y 42.8838 dB    U 45.0521 dB    V 45.4091 dB] [ET    21 ] [L0 0 16 ] [L1 16 0 ]
POC    4 TId: 2 ( B-SLICE, nQP 26 QP 26 )     127320 bits [Y 42.0484 dB    U 45.0151 dB    V 45.4063 dB] [ET    18 ] [L0 0 8 ] [L1 8 16 ]
POC    2 TId: 3 ( B-SLICE, nQP 27 QP 27 )      67968 bits [Y 42.0537 dB    U 45.1142 dB    V 45.4328 dB] [ET    14 ] [L0 0 4 ] [L1 4 8 ]
POC    1 TId: 4 ( B-SLICE, nQP 29 QP 29 )      22200 bits [Y 42.4325 dB    U 45.5519 dB    V 45.9318 dB] [ET     8 ] [L0 0 2 ] [L1 2 4 ]
POC    3 TId: 4 ( B-SLICE, nQP 29 QP 29 )      21144 bits [Y 41.7525 dB    U 44.9612 dB    V 45.4023 dB] [ET     9 ] [L0 2 0 ] [L1 4 8 ]
POC    6 TId: 3 ( B-SLICE, nQP 27 QP 27 )      53472 bits [Y 41.9605 dB    U 44.9355 dB    V 45.3382 dB] [ET    13 ] [L0 4 0 ] [L1 8 16 ]
POC    5 TId: 4 ( B-SLICE, nQP 29 QP 29 )      22944 bits [Y 41.5752 dB    U 44.8265 dB    V 45.2713 dB] [ET     9 ] [L0 4 0 ] [L1 6 8 ]
POC    7 TId: 4 ( B-SLICE, nQP 29 QP 29 )      21800 bits [Y 41.8798 dB    U 44.8956 dB    V 45.2976 dB] [ET    10 ] [L0 6 4 ] [L1 8 16 ]
POC   12 TId: 2 ( B-SLICE, nQP 26 QP 26 )     108616 bits [Y 41.8788 dB    U 44.7312 dB    V 45.0726 dB] [ET    16 ] [L0 8 0 ] [L1 16 8 ]
POC   10 TId: 3 ( B-SLICE, nQP 27 QP 27 )      58992 bits [Y 41.7431 dB    U 44.6826 dB    V 45.1198 dB] [ET    13 ] [L0 8 0 ] [L1 12 16 ]
POC    9 TId: 4 ( B-SLICE, nQP 29 QP 29 )      21792 bits [Y 41.6871 dB    U 44.7869 dB    V 45.1889 dB] [ET    10 ] [L0 8 0 ] [L1 10 12 ]
POC   11 TId: 4 ( B-SLICE, nQP 29 QP 29 )      24688 bits [Y 41.4235 dB    U 44.6316 dB    V 45.0629 dB] [ET     9 ] [L0 10 8 ] [L1 12 16 ]
POC   14 TId: 3 ( B-SLICE, nQP 27 QP 27 )      68736 bits [Y 41.4174 dB    U 44.3864 dB    V 44.7897 dB] [ET    11 ] [L0 12 8 ] [L1 16 12 ]
POC   13 TId: 4 ( B-SLICE, nQP 29 QP 29 )      27672 bits [Y 41.1303 dB    U 44.4395 dB    V 44.8236 dB] [ET     9 ] [L0 12 8 ] [L1 14 16 ]
POC   15 TId: 4 ( B-SLICE, nQP 29 QP 29 )      26632 bits [Y 41.3863 dB    U 44.3895 dB    V 44.7670 dB] [ET     8 ] [L0 14 12 ] [L1 16 14 ]
POC   32 TId: 0 ( I-SLICE, nQP 19 QP 19 )    1199240 bits [Y 45.2391 dB    U 46.2573 dB    V 46.4506 dB] [ET     6 ] [L0 ] [L1 ]
POC   24 TId: 1 ( B-SLICE, nQP 23 QP 23 )     297552 bits [Y 43.0923 dB    U 45.4414 dB    V 45.7268 dB] [ET    25 ] [L0 16 8 ] [L1 32 16 ]
POC   20 TId: 2 ( B-SLICE, nQP 26 QP 26 )     119792 bits [Y 41.9186 dB    U 44.8410 dB    V 45.0928 dB] [ET    19 ] [L0 16 8 ] [L1 24 32 ]
POC   18 TId: 3 ( B-SLICE, nQP 27 QP 27 )      65792 bits [Y 41.7126 dB    U 44.6094 dB    V 44.9269 dB] [ET    13 ] [L0 16 8 ] [L1 20 24 ]
POC   17 TId: 4 ( B-SLICE, nQP 29 QP 29 )      25576 bits [Y 41.5961 dB    U 44.5276 dB    V 44.8868 dB] [ET     8 ] [L0 16 18 ] [L1 18 20 ]
POC   19 TId: 4 ( B-SLICE, nQP 29 QP 29 )      27896 bits [Y 41.3345 dB    U 44.5522 dB    V 44.8742 dB] [ET     9 ] [L0 18 16 ] [L1 20 24 ]
POC   22 TId: 3 ( B-SLICE, nQP 27 QP 27 )      60456 bits [Y 41.9850 dB    U 44.9765 dB    V 45.2251 dB] [ET    13 ] [L0 20 16 ] [L1 24 32 ]
POC   21 TId: 4 ( B-SLICE, nQP 29 QP 29 )      23360 bits [Y 41.5901 dB    U 44.8217 dB    V 45.0638 dB] [ET     9 ] [L0 20 16 ] [L1 22 24 ]
POC   23 TId: 4 ( B-SLICE, nQP 29 QP 29 )      21840 bits [Y 41.9965 dB    U 45.1152 dB    V 45.3703 dB] [ET    10 ] [L0 22 20 ] [L1 24 32 ]
POC   28 TId: 2 ( B-SLICE, nQP 26 QP 26 )     106120 bits [Y 42.5681 dB    U 45.5032 dB    V 45.7157 dB] [ET    16 ] [L0 24 16 ] [L1 32 24 ]
POC   26 TId: 3 ( B-SLICE, nQP 27 QP 27 )      55160 bits [Y 42.3228 dB    U 45.2888 dB    V 45.6120 dB] [ET    13 ] [L0 24 16 ] [L1 28 32 ]
POC   25 TId: 4 ( B-SLICE, nQP 29 QP 29 )      21808 bits [Y 42.1751 dB    U 45.1948 dB    V 45.5371 dB] [ET    10 ] [L0 24 16 ] [L1 26 28 ]
POC   27 TId: 4 ( B-SLICE, nQP 29 QP 29 )      22240 bits [Y 42.0187 dB    U 45.2995 dB    V 45.6280 dB] [ET     9 ] [L0 26 24 ] [L1 28 32 ]
POC   30 TId: 3 ( B-SLICE, nQP 27 QP 27 )      53000 bits [Y 42.7395 dB    U 45.5301 dB    V 45.7636 dB] [ET    11 ] [L0 28 24 ] [L1 32 28 ]
POC   29 TId: 4 ( B-SLICE, nQP 29 QP 29 )      21976 bits [Y 42.1980 dB    U 45.3413 dB    V 45.6206 dB] [ET     9 ] [L0 28 24 ] [L1 30 32 ]
POC   31 TId: 4 ( B-SLICE, nQP 29 QP 29 )      19848 bits [Y 42.8584 dB    U 45.6240 dB    V 45.8538 dB] [ET     8 ] [L0 30 28 ] [L1 32 30 ]
POC   48 TId: 0 ( B-SLICE, nQP 23 QP 23 )     679064 bits [Y 41.8605 dB    U 43.9690 dB    V 44.2628 dB] [ET    24 ] [L0 32 ] [L1 32 ]
POC   40 TId: 1 ( B-SLICE, nQP 23 QP 23 )     283480 bits [Y 42.4129 dB    U 44.7029 dB    V 44.9157 dB] [ET    19 ] [L0 32 48 ] [L1 48 32 ]
POC   36 TId: 2 ( B-SLICE, nQP 26 QP 26 )     114208 bits [Y 41.8485 dB    U 44.8498 dB    V 45.0613 dB] [ET    16 ] [L0 32 40 ] [L1 40 48 ]
POC   34 TId: 3 ( B-SLICE, nQP 27 QP 27 )      55984 bits [Y 42.4042 dB    U 45.2058 dB    V 45.4705 dB] [ET    11 ] [L0 32 36 ] [L1 36 40 ]
POC   33 TId: 4 ( B-SLICE, nQP 29 QP 29 )      21448 bits [Y 42.5336 dB    U 45.4597 dB    V 45.6939 dB] [ET     8 ] [L0 32 34 ] [L1 34 36 ]
POC   35 TId: 4 ( B-SLICE, nQP 29 QP 29 )      23872 bits [Y 41.8022 dB    U 44.9393 dB    V 45.2188 dB] [ET     9 ] [L0 34 32 ] [L1 36 40 ]
POC   38 TId: 3 ( B-SLICE, nQP 27 QP 27 )      47416 bits [Y 41.6929 dB    U 44.6029 dB    V 44.8778 dB] [ET    12 ] [L0 36 32 ] [L1 40 48 ]
POC   37 TId: 4 ( B-SLICE, nQP 29 QP 29 )      23728 bits [Y 41.3867 dB    U 44.6139 dB    V 44.8442 dB] [ET     9 ] [L0 36 32 ] [L1 38 40 ]
POC   39 TId: 4 ( B-SLICE, nQP 29 QP 29 )      19816 bits [Y 41.5637 dB    U 44.5088 dB    V 44.8112 dB] [ET    10 ] [L0 38 36 ] [L1 40 48 ]
POC   44 TId: 2 ( B-SLICE, nQP 26 QP 26 )      91800 bits [Y 41.3900 dB    U 44.1811 dB    V 44.4556 dB] [ET    15 ] [L0 40 32 ] [L1 48 40 ]
POC   42 TId: 3 ( B-SLICE, nQP 27 QP 27 )      47552 bits [Y 41.3210 dB    U 44.2106 dB    V 44.5212 dB] [ET    13 ] [L0 40 32 ] [L1 44 48 ]
POC   41 TId: 4 ( B-SLICE, nQP 29 QP 29 )      19256 bits [Y 41.3904 dB    U 44.2756 dB    V 44.5539 dB] [ET    10 ] [L0 40 32 ] [L1 42 44 ]
POC   43 TId: 4 ( B-SLICE, nQP 29 QP 29 )      18976 bits [Y 41.0559 dB    U 44.0795 dB    V 44.3588 dB] [ET     9 ] [L0 42 40 ] [L1 44 48 ]
POC   46 TId: 3 ( B-SLICE, nQP 27 QP 27 )      41384 bits [Y 41.2353 dB    U 43.9732 dB    V 44.2747 dB] [ET    10 ] [L0 44 40 ] [L1 48 44 ]
POC   45 TId: 4 ( B-SLICE, nQP 29 QP 29 )      17824 bits [Y 41.1221 dB    U 43.9194 dB    V 44.2433 dB] [ET     9 ] [L0 44 40 ] [L1 46 48 ]
POC   47 TId: 4 ( B-SLICE, nQP 29 QP 29 )      16504 bits [Y 41.1666 dB    U 43.8363 dB    V 44.1565 dB] [ET     8 ] [L0 46 44 ] [L1 48 46 ]
POC   56 TId: 1 ( B-SLICE, nQP 23 QP 23 )     486280 bits [Y 41.5630 dB    U 43.5644 dB    V 43.9019 dB] [ET    26 ] [L0 48 40 ] [L1 48 40 ]
POC   52 TId: 2 ( B-SLICE, nQP 26 QP 26 )      90040 bits [Y 41.0951 dB    U 43.6751 dB    V 43.9765 dB] [ET    15 ] [L0 48 40 ] [L1 56 48 ]
POC   50 TId: 3 ( B-SLICE, nQP 27 QP 27 )      43128 bits [Y 41.1030 dB    U 43.7608 dB    V 44.0930 dB] [ET    12 ] [L0 48 40 ] [L1 52 56 ]
POC   49 TId: 4 ( B-SLICE, nQP 29 QP 29 )      18336 bits [Y 41.1088 dB    U 43.7805 dB    V 44.0873 dB] [ET     8 ] [L0 48 50 ] [L1 50 52 ]
POC   51 TId: 4 ( B-SLICE, nQP 29 QP 29 )      18728 bits [Y 40.7734 dB    U 43.6325 dB    V 43.9299 dB] [ET     9 ] [L0 50 48 ] [L1 52 56 ]
POC   54 TId: 3 ( B-SLICE, nQP 27 QP 27 )      46560 bits [Y 40.9024 dB    U 43.5251 dB    V 43.8615 dB] [ET    10 ] [L0 52 48 ] [L1 56 52 ]
POC   53 TId: 4 ( B-SLICE, nQP 29 QP 29 )      19176 bits [Y 40.7995 dB    U 43.5587 dB    V 43.8369 dB] [ET     9 ] [L0 52 48 ] [L1 54 56 ]
POC   55 TId: 4 ( B-SLICE, nQP 29 QP 29 )      17840 bits [Y 40.8160 dB    U 43.4616 dB    V 43.7813 dB] [ET     8 ] [L0 54 52 ] [L1 56 54 ]
POC   58 TId: 3 ( B-SLICE, nQP 27 QP 27 )      94872 bits [Y 40.1304 dB    U 43.0522 dB    V 43.4213 dB] [ET    13 ] [L0 56 48 ] [L1 56 48 ]
POC   57 TId: 4 ( B-SLICE, nQP 29 QP 29 )      18896 bits [Y 40.4514 dB    U 43.2604 dB    V 43.6034 dB] [ET     9 ] [L0 56 48 ] [L1 58 56 ]
POC   59 TId: 4 ( B-SLICE, nQP 29 QP 29 )      50792 bits [Y 39.5276 dB    U 42.7850 dB    V 43.1603 dB] [ET    10 ] [L0 58 56 ] [L1 58 56 ]


SUMMARY --------------------------------------------------------
	Total Frames |   Bitrate     Y-PSNR    U-PSNR    V-PSNR    YUV-PSNR  
	       60    a    7274.2560   41.7842   44.5967   44.9123   42.4817  


I Slices--------------------------------------------------------
	Total Frames |   Bitrate     Y-PSNR    U-PSNR    V-PSNR    YUV-PSNR  
	        2    i   69181.2000   45.3005   46.3667   46.6040   45.6593  


P Slices--------------------------------------------------------
	Total Frames |   Bitrate     Y-PSNR    U-PSNR    V-PSNR    YUV-PSNR  
	        0    p         -nan      -nan      -nan      -nan      -nan  


B Slices--------------------------------------------------------
	Total Frames |   Bitrate     Y-PSNR    U-PSNR    V-PSNR    YUV-PSNR  
	       58    b    5139.5338   41.6629   44.5356   44.8540   42.4047  

RVM: 0.000
Bytes written to file: 909282 (7274.256 kbps)

 Total Time:      714.558 sec.
