******************************************************************
** WARNING: --SEIDecodedPictureHash is now disabled by default. **
**          Automatic verification of decoded pictures by a     **
**          decoder requires this option to be enabled.         **
******************************************************************
***************************************************************************
** WARNING: For conforming bitstreams a valid Level value must be set!   **
***************************************************************************

HM software: Encoder Version [16.20] (including RExt)[Linux][GCC 11.3.0][64 bit] 


Input          File                    : /home/pc-einstein/Documents/Alex/class_C/vidyo1_720p_60fps_120f.yuv
Bitstream      File                    : /home/pc-einstein/Documents/Alex/Vitech_Gerenciador/vidyo1_720p_60fps_120f/cq_22/video/coded_HM.hevc
Reconstruction File                    : /home/pc-einstein/Documents/Alex/Vitech_Gerenciador/vidyo1_720p_60fps_120f/cq_22/video/coded_HM.yuv
Real     Format                        : 1280x720 60Hz
Internal Format                        : 1280x720 60Hz
Sequence PSNR output                   : Linear average only
Sequence MSE output                    : Disabled
Frame MSE output                       : Disabled
MS-SSIM output                         : Disabled
xPSNR calculation                      : Disabled
Cabac-zero-word-padding                : Enabled
Frame/Field                            : Frame based coding
Frame index                            : 0 - 59 (60 frames)
Profile                                : main
CU size / depth / total-depth          : 64 / 4 / 4
RQT trans. size (min / max)            : 4 / 32
Max RQT depth inter                    : 3
Max RQT depth intra                    : 3
Min PCM size                           : 8
Motion search range                    : 384
Intra period                           : 32
Decoding refresh type                  : 1
QP                                     : 22
Max dQP signaling depth                : 0
Cb QP Offset                           : 0
Cr QP Offset                           : 0
QP adaptation                          : 0 (range=0)
GOP size                               : 16
Input bit depth                        : (Y:8, C:8)
MSB-extended bit depth                 : (Y:8, C:8)
Internal bit depth                     : (Y:8, C:8)
PCM sample bit depth                   : (Y:8, C:8)
Intra reference smoothing              : Enabled
diff_cu_chroma_qp_offset_depth         : -1
extended_precision_processing_flag     : Disabled
implicit_rdpcm_enabled_flag            : Disabled
explicit_rdpcm_enabled_flag            : Disabled
transform_skip_rotation_enabled_flag   : Disabled
transform_skip_context_enabled_flag    : Disabled
cross_component_prediction_enabled_flag: Disabled
high_precision_offsets_enabled_flag    : Disabled
persistent_rice_adaptation_enabled_flag: Disabled
cabac_bypass_alignment_enabled_flag    : Disabled
log2_sao_offset_scale_luma             : 0
log2_sao_offset_scale_chroma           : 0
Cost function:                         : Lossy coding (default)
RateControl                            : 0
WPMethod                               : 0
Max Num Merge Candidates               : 5

TOOL CFG: IBD:0 HAD:1 RDQ:1 RDQTS:1 RDpenalty:0 LQP:0 SQP:0 ASR:1 MinSearchWindow:96 RestrictMESampling:0 FEN:1 ECU:0 FDM:1 CFM:0 ESD:0 RQT:1 TransformSkip:1 TransformSkipFast:1 TransformSkipLog2MaxSize:2 Slice: M=0 SliceSegment: M=0 CIP:0 SAO:1 PCM:0 TransQuantBypassEnabled:0 WPP:0 WPB:0 PME:2  WaveFrontSynchro:0 WaveFrontSubstreams:1 ScalingList:0 TMVPMode:1 AQpS:0 SignBitHidingFlag:1 RecalQP:0

Non-environment-variable-controlled macros set as follows: 

                                RExt__DECODER_DEBUG_BIT_STATISTICS =   0
                                      RExt__HIGH_BIT_DEPTH_SUPPORT =   0
                            RExt__HIGH_PRECISION_FORWARD_TRANSFORM =   0
                                        O0043_BEST_EFFORT_DECODING =   0
                                         ME_ENABLE_ROUNDING_OF_MVS =   1

                   Input ChromaFormatIDC =   4:2:0
       Output (internal) ChromaFormatIDC =   4:2:0

POC    0 TId: 0 ( I-SLICE, nQP 19 QP 19 )     582352 bits [Y 45.5491 dB    U 48.1107 dB    V 49.1582 dB] [ET     5 ] [L0 ] [L1 ]
POC   16 TId: 0 ( B-SLICE, nQP 23 QP 23 )     141392 bits [Y 44.0182 dB    U 47.1031 dB    V 48.1717 dB] [ET    13 ] [L0 0 ] [L1 0 ]
POC    8 TId: 1 ( B-SLICE, nQP 23 QP 23 )      83864 bits [Y 44.0917 dB    U 47.0707 dB    V 48.1022 dB] [ET    10 ] [L0 0 16 ] [L1 16 0 ]
POC    4 TId: 2 ( B-SLICE, nQP 26 QP 26 )      26256 bits [Y 43.7457 dB    U 46.9873 dB    V 48.1045 dB] [ET     8 ] [L0 0 8 ] [L1 8 16 ]
POC    2 TId: 3 ( B-SLICE, nQP 27 QP 27 )      14648 bits [Y 44.0421 dB    U 47.5139 dB    V 48.3782 dB] [ET     7 ] [L0 0 4 ] [L1 4 8 ]
POC    1 TId: 4 ( B-SLICE, nQP 29 QP 29 )        256 bits [Y 45.5336 dB    U 48.0967 dB    V 49.1492 dB] [ET     5 ] [L0 0 2 ] [L1 2 4 ]
POC    3 TId: 4 ( B-SLICE, nQP 29 QP 29 )       6216 bits [Y 43.5721 dB    U 47.0674 dB    V 48.2838 dB] [ET     7 ] [L0 2 0 ] [L1 4 8 ]
POC    6 TId: 3 ( B-SLICE, nQP 27 QP 27 )      16080 bits [Y 43.5031 dB    U 46.8713 dB    V 48.0912 dB] [ET     8 ] [L0 4 0 ] [L1 8 16 ]
POC    5 TId: 4 ( B-SLICE, nQP 29 QP 29 )       6144 bits [Y 43.3298 dB    U 46.8546 dB    V 48.2060 dB] [ET     7 ] [L0 4 0 ] [L1 6 8 ]
POC    7 TId: 4 ( B-SLICE, nQP 29 QP 29 )       6752 bits [Y 43.2883 dB    U 46.8934 dB    V 48.1647 dB] [ET     7 ] [L0 6 4 ] [L1 8 16 ]
POC   12 TId: 2 ( B-SLICE, nQP 26 QP 26 )      26296 bits [Y 43.4772 dB    U 46.9317 dB    V 48.0381 dB] [ET     8 ] [L0 8 0 ] [L1 16 8 ]
POC   10 TId: 3 ( B-SLICE, nQP 27 QP 27 )      14824 bits [Y 43.4085 dB    U 46.9575 dB    V 48.0675 dB] [ET     8 ] [L0 8 0 ] [L1 12 16 ]
POC    9 TId: 4 ( B-SLICE, nQP 29 QP 29 )       6120 bits [Y 43.2424 dB    U 46.9085 dB    V 48.1753 dB] [ET     7 ] [L0 8 0 ] [L1 10 12 ]
POC   11 TId: 4 ( B-SLICE, nQP 29 QP 29 )       7352 bits [Y 43.1679 dB    U 46.8286 dB    V 48.0538 dB] [ET     7 ] [L0 10 8 ] [L1 12 16 ]
POC   14 TId: 3 ( B-SLICE, nQP 27 QP 27 )      15752 bits [Y 43.3649 dB    U 46.9138 dB    V 47.9992 dB] [ET     7 ] [L0 12 8 ] [L1 16 12 ]
POC   13 TId: 4 ( B-SLICE, nQP 29 QP 29 )       7680 bits [Y 43.0538 dB    U 46.8314 dB    V 48.0876 dB] [ET     7 ] [L0 12 8 ] [L1 14 16 ]
POC   15 TId: 4 ( B-SLICE, nQP 29 QP 29 )       6640 bits [Y 43.2156 dB    U 46.7565 dB    V 48.0845 dB] [ET     6 ] [L0 14 12 ] [L1 16 14 ]
POC   32 TId: 0 ( I-SLICE, nQP 19 QP 19 )     505136 bits [Y 46.0994 dB    U 48.1932 dB    V 49.1080 dB] [ET     4 ] [L0 ] [L1 ]
POC   24 TId: 1 ( B-SLICE, nQP 23 QP 23 )      59216 bits [Y 44.5181 dB    U 47.3715 dB    V 48.5217 dB] [ET    11 ] [L0 16 8 ] [L1 32 16 ]
POC   20 TId: 2 ( B-SLICE, nQP 26 QP 26 )      23136 bits [Y 43.9681 dB    U 47.2243 dB    V 48.3998 dB] [ET     9 ] [L0 16 8 ] [L1 24 32 ]
POC   18 TId: 3 ( B-SLICE, nQP 27 QP 27 )      14600 bits [Y 43.8103 dB    U 47.1302 dB    V 48.2601 dB] [ET     7 ] [L0 16 8 ] [L1 20 24 ]
POC   17 TId: 4 ( B-SLICE, nQP 29 QP 29 )       7384 bits [Y 43.4894 dB    U 46.9854 dB    V 48.2644 dB] [ET     6 ] [L0 16 18 ] [L1 18 20 ]
POC   19 TId: 4 ( B-SLICE, nQP 29 QP 29 )       6416 bits [Y 43.5376 dB    U 46.9502 dB    V 48.1519 dB] [ET     7 ] [L0 18 16 ] [L1 20 24 ]
POC   22 TId: 3 ( B-SLICE, nQP 27 QP 27 )      12512 bits [Y 43.8987 dB    U 47.1857 dB    V 48.3062 dB] [ET     7 ] [L0 20 16 ] [L1 24 32 ]
POC   21 TId: 4 ( B-SLICE, nQP 29 QP 29 )       6208 bits [Y 43.5644 dB    U 46.8809 dB    V 48.1983 dB] [ET     7 ] [L0 20 16 ] [L1 22 24 ]
POC   23 TId: 4 ( B-SLICE, nQP 29 QP 29 )       6136 bits [Y 43.6258 dB    U 47.0579 dB    V 48.2139 dB] [ET     7 ] [L0 22 20 ] [L1 24 32 ]
POC   28 TId: 2 ( B-SLICE, nQP 26 QP 26 )      17712 bits [Y 44.1785 dB    U 47.2971 dB    V 48.3347 dB] [ET     7 ] [L0 24 16 ] [L1 32 24 ]
POC   26 TId: 3 ( B-SLICE, nQP 27 QP 27 )      11288 bits [Y 43.9777 dB    U 47.3488 dB    V 48.3752 dB] [ET     7 ] [L0 24 16 ] [L1 28 32 ]
POC   25 TId: 4 ( B-SLICE, nQP 29 QP 29 )       5040 bits [Y 43.6737 dB    U 47.0173 dB    V 48.2445 dB] [ET     7 ] [L0 24 16 ] [L1 26 28 ]
POC   27 TId: 4 ( B-SLICE, nQP 29 QP 29 )       5440 bits [Y 43.7056 dB    U 47.0220 dB    V 48.0964 dB] [ET     6 ] [L0 26 24 ] [L1 28 32 ]
POC   30 TId: 3 ( B-SLICE, nQP 27 QP 27 )       9472 bits [Y 44.3169 dB    U 47.3139 dB    V 48.4692 dB] [ET     6 ] [L0 28 24 ] [L1 32 28 ]
POC   29 TId: 4 ( B-SLICE, nQP 29 QP 29 )       5288 bits [Y 43.8426 dB    U 47.0409 dB    V 48.1468 dB] [ET     7 ] [L0 28 24 ] [L1 30 32 ]
POC   31 TId: 4 ( B-SLICE, nQP 29 QP 29 )       4552 bits [Y 44.3338 dB    U 47.1649 dB    V 48.3341 dB] [ET     6 ] [L0 30 28 ] [L1 32 30 ]
POC   48 TId: 0 ( B-SLICE, nQP 23 QP 23 )     103696 bits [Y 44.2910 dB    U 47.2269 dB    V 48.2935 dB] [ET    11 ] [L0 32 ] [L1 32 ]
POC   40 TId: 1 ( B-SLICE, nQP 23 QP 23 )      64792 bits [Y 44.3983 dB    U 47.1632 dB    V 48.3096 dB] [ET     9 ] [L0 32 48 ] [L1 48 32 ]
POC   36 TId: 2 ( B-SLICE, nQP 26 QP 26 )      17040 bits [Y 44.0667 dB    U 47.0902 dB    V 48.3018 dB] [ET     7 ] [L0 32 40 ] [L1 40 48 ]
POC   34 TId: 3 ( B-SLICE, nQP 27 QP 27 )       9448 bits [Y 44.2195 dB    U 47.2041 dB    V 48.4063 dB] [ET     6 ] [L0 32 36 ] [L1 36 40 ]
POC   33 TId: 4 ( B-SLICE, nQP 29 QP 29 )       4808 bits [Y 44.2248 dB    U 47.1139 dB    V 48.2109 dB] [ET     6 ] [L0 32 34 ] [L1 34 36 ]
POC   35 TId: 4 ( B-SLICE, nQP 29 QP 29 )       3952 bits [Y 43.7498 dB    U 46.7375 dB    V 47.9337 dB] [ET     6 ] [L0 34 32 ] [L1 36 40 ]
POC   38 TId: 3 ( B-SLICE, nQP 27 QP 27 )       9720 bits [Y 43.8481 dB    U 47.1353 dB    V 48.2663 dB] [ET     7 ] [L0 36 32 ] [L1 40 48 ]
POC   37 TId: 4 ( B-SLICE, nQP 29 QP 29 )       4104 bits [Y 43.5911 dB    U 46.7315 dB    V 47.8760 dB] [ET     6 ] [L0 36 32 ] [L1 38 40 ]
POC   39 TId: 4 ( B-SLICE, nQP 29 QP 29 )       4032 bits [Y 43.6499 dB    U 46.7577 dB    V 47.9151 dB] [ET     6 ] [L0 38 36 ] [L1 40 48 ]
POC   44 TId: 2 ( B-SLICE, nQP 26 QP 26 )      21856 bits [Y 43.8419 dB    U 47.0922 dB    V 48.2975 dB] [ET     8 ] [L0 40 32 ] [L1 48 40 ]
POC   42 TId: 3 ( B-SLICE, nQP 27 QP 27 )      10344 bits [Y 43.8293 dB    U 47.0769 dB    V 48.2011 dB] [ET     7 ] [L0 40 32 ] [L1 44 48 ]
POC   41 TId: 4 ( B-SLICE, nQP 29 QP 29 )       4440 bits [Y 43.6055 dB    U 46.7262 dB    V 47.8940 dB] [ET     6 ] [L0 40 32 ] [L1 42 44 ]
POC   43 TId: 4 ( B-SLICE, nQP 29 QP 29 )       4608 bits [Y 43.4749 dB    U 46.7471 dB    V 47.8917 dB] [ET     6 ] [L0 42 40 ] [L1 44 48 ]
POC   46 TId: 3 ( B-SLICE, nQP 27 QP 27 )      10824 bits [Y 43.7134 dB    U 47.0904 dB    V 48.2391 dB] [ET     6 ] [L0 44 40 ] [L1 48 44 ]
POC   45 TId: 4 ( B-SLICE, nQP 29 QP 29 )       4880 bits [Y 43.4120 dB    U 46.7277 dB    V 47.8883 dB] [ET     6 ] [L0 44 40 ] [L1 46 48 ]
POC   47 TId: 4 ( B-SLICE, nQP 29 QP 29 )       4848 bits [Y 43.4639 dB    U 46.8143 dB    V 47.9121 dB] [ET     6 ] [L0 46 44 ] [L1 48 46 ]
POC   56 TId: 1 ( B-SLICE, nQP 23 QP 23 )      85128 bits [Y 44.3441 dB    U 47.1896 dB    V 48.3012 dB] [ET    11 ] [L0 48 40 ] [L1 48 40 ]
POC   52 TId: 2 ( B-SLICE, nQP 26 QP 26 )      20560 bits [Y 43.8279 dB    U 47.0685 dB    V 48.2846 dB] [ET     8 ] [L0 48 40 ] [L1 56 48 ]
POC   50 TId: 3 ( B-SLICE, nQP 27 QP 27 )      10000 bits [Y 43.6971 dB    U 47.0864 dB    V 48.2393 dB] [ET     7 ] [L0 48 40 ] [L1 52 56 ]
POC   49 TId: 4 ( B-SLICE, nQP 29 QP 29 )       4416 bits [Y 43.4923 dB    U 46.8237 dB    V 47.8799 dB] [ET     6 ] [L0 48 50 ] [L1 50 52 ]
POC   51 TId: 4 ( B-SLICE, nQP 29 QP 29 )       4528 bits [Y 43.4054 dB    U 46.7220 dB    V 47.8941 dB] [ET     6 ] [L0 50 48 ] [L1 52 56 ]
POC   54 TId: 3 ( B-SLICE, nQP 27 QP 27 )       8400 bits [Y 43.7233 dB    U 47.0549 dB    V 48.2563 dB] [ET     6 ] [L0 52 48 ] [L1 56 52 ]
POC   53 TId: 4 ( B-SLICE, nQP 29 QP 29 )       3800 bits [Y 43.4331 dB    U 46.7821 dB    V 47.8962 dB] [ET     6 ] [L0 52 48 ] [L1 54 56 ]
POC   55 TId: 4 ( B-SLICE, nQP 29 QP 29 )       4104 bits [Y 43.4712 dB    U 46.7347 dB    V 47.8952 dB] [ET     6 ] [L0 54 52 ] [L1 56 54 ]
POC   58 TId: 3 ( B-SLICE, nQP 27 QP 27 )      16728 bits [Y 43.6118 dB    U 47.0354 dB    V 48.2364 dB] [ET     6 ] [L0 56 48 ] [L1 56 48 ]
POC   57 TId: 4 ( B-SLICE, nQP 29 QP 29 )       3584 bits [Y 43.4784 dB    U 46.7493 dB    V 47.8506 dB] [ET     6 ] [L0 56 48 ] [L1 58 56 ]
POC   59 TId: 4 ( B-SLICE, nQP 29 QP 29 )       8896 bits [Y 43.1631 dB    U 46.6271 dB    V 47.9008 dB] [ET     6 ] [L0 58 56 ] [L1 58 56 ]


SUMMARY --------------------------------------------------------
	Total Frames |   Bitrate     Y-PSNR    U-PSNR    V-PSNR    YUV-PSNR  
	       60    a    2121.6960   43.8195   47.0532   48.2035   44.7243  


I Slices--------------------------------------------------------
	Total Frames |   Bitrate     Y-PSNR    U-PSNR    V-PSNR    YUV-PSNR  
	        2    i   32624.6400   45.8243   48.1520   49.1331   46.5643  


P Slices--------------------------------------------------------
	Total Frames |   Bitrate     Y-PSNR    U-PSNR    V-PSNR    YUV-PSNR  
	        0    p         -nan      -nan      -nan      -nan      -nan  


B Slices--------------------------------------------------------
	Total Frames |   Bitrate     Y-PSNR    U-PSNR    V-PSNR    YUV-PSNR  
	       58    b    1069.8703   43.7504   47.0153   48.1715   44.6729  

RVM: 0.000
Bytes written to file: 265212 (2121.696 kbps)

 Total Time:      420.266 sec.
