
Warning: Hierarchical coding or Referenced B slices used.
         Make sure that you have allocated enough references
         in reference buffer to achieve best performance.
Setting Default Parameters...
Parsing Configfile /home/pc-einstein/Documents/Alex/Vitech_Gerenciador/JM/bin/encoder.cfg.............................................................................................................................................................................................................................................................................................................................................................................................................................
Parsing command line string 'SourceWidth = 1280'.
Parsing command line string 'SourceHeight = 720'.
Parsing command line string 'FrameRate = 60.00'.
Parsing command line string 'SourceBitDepthLuma = 8'.
Parsing command line string 'SourceBitDepthChroma = 8'.
Parsing command line string 'OutputBitDepthLuma = 8'.
Parsing command line string 'OutputBitDepthChroma = 8'.
Parsing command line string 'QPISlice = 22'.
Parsing command line string 'QPPSlice = 22'.
Parsing command line string 'FramesToBeEncoded = 60'.
Parsing command line string 'OutputFile = /home/pc-einstein/Documents/Alex/Vitech_Gerenciador/vidyo1_720p_60fps_120f/cq_22/video/coded_JM.h264'.
Parsing command line string 'InputFile = /home/pc-einstein/Documents/Alex/class_C/vidyo1_720p_60fps_120f.yuv'.
Parsing command line string 'ReconFile = /home/pc-einstein/Documents/Alex/Vitech_Gerenciador/vidyo1_720p_60fps_120f/cq_22/video/coded_JM.yuv'.
Parsing command line string 'LeakyBucketParamFile = /home/pc-einstein/Documents/Alex/Vitech_Gerenciador/vidyo1_720p_60fps_120f/cq_22/log/leakybucketparam.cfg'.
Parsing command line string 'StatsFile = /home/pc-einstein/Documents/Alex/Vitech_Gerenciador/vidyo1_720p_60fps_120f/cq_22/log/stats.dat'.

------------------------------- JM 19.0 (FRExt) -------------------------------
 Input YUV file                    : /home/pc-einstein/Documents/Alex/class_C/vidyo1_720p_60fps_120f.yuv 
 Output H.264 bitstream            : /home/pc-einstein/Documents/Alex/Vitech_Gerenciador/vidyo1_720p_60fps_120f/cq_22/video/coded_JM.h264 
 Output YUV file                   : /home/pc-einstein/Documents/Alex/Vitech_Gerenciador/vidyo1_720p_60fps_120f/cq_22/video/coded_JM.yuv 
 YUV Format                        : YUV 4:2:0 
 Frames to be encoded              : 60
 Freq. for encoded bitstream       : 60.00
 PicInterlace / MbInterlace        : 0/0
 Transform8x8Mode                  : 1
 ME Metric for Refinement Level 0  : SAD
 ME Metric for Refinement Level 1  : Hadamard SAD
 ME Metric for Refinement Level 2  : Hadamard SAD
 Mode Decision Metric              : Hadamard SAD
 Motion Estimation for components  : Y
 Image format                      : 1280x720 (1280x720)
 Error robustness                  : Off
 Search range                      : 32
 Total number of references        : 5
 References for P slices           : 5
 References for B slices (L0, L1)  : 5, 1
 Sequence type                     : Hierarchy (QP: I 22, P 22, B 30) 
 Entropy coding method             : CABAC
 Profile/Level IDC                 : (100,40)
 Motion Estimation Scheme          : EPZS
 EPZS Pattern                      : Extended Diamond
 EPZS Dual Pattern                 : Extended Diamond
 EPZS Fixed Predictors             : Aggressive
 EPZS Aggressive Predictors        : Disabled
 EPZS Temporal Predictors          : Enabled
 EPZS Spatial Predictors           : Enabled
 EPZS Threshold Multipliers        : (1 0 2)
 EPZS Subpel ME                    : Basic
 EPZS Subpel ME BiPred             : Basic
 Search range restrictions         : none
 RD-optimized mode decision        : used
 Data Partitioning Mode            : 1 partition 
 Output File Format                : H.264/AVC Annex B Byte Stream Format 
-------------------------------------------------------------------------------
Frame     Bit/pic    QP   SnrY    SnrU    SnrV    Time(ms) MET(ms) Frm/Fld Ref  
-------------------------------------------------------------------------------
00000(NVB)     336 
00000(IDR)  521040   22  43.972  47.143  48.064      1114       0    FRM    3
00008( P )  213144   22  44.030  46.864  47.687      1689     294    FRM    2
00004( B )   10928   30  42.221  46.387  47.306      2345     782    FRM    1
00002( B )    5256   31  42.279  46.768  47.449      2472     915    FRM    1
00001( B )     928   32  43.878  47.089  48.034      2419     985    FRM    0
00003( B )    3056   32  41.731  46.368  47.324      2489    1040    FRM    0
00006( B )    6920   31  42.076  46.234  47.325      2740    1109    FRM    1
00005( B )    3352   32  41.674  46.146  47.311      2654    1217    FRM    0
00007( B )    3176   32  41.849  46.313  47.387      2685    1227    FRM    0
00016( P )  173696   22  44.164  46.808  47.704      2813    1277    FRM    2
00012( B )   12168   30  42.473  46.582  47.403      2977    1368    FRM    1
00010( B )    6552   31  42.284  46.454  47.414      2823    1293    FRM    1
00009( B )    3288   32  42.113  46.406  47.484      2698    1219    FRM    0
00011( B )    3824   32  41.733  46.208  47.259      2710    1242    FRM    0
00014( B )    6968   31  42.183  46.382  47.339      2883    1314    FRM    1
00013( B )    4064   32  41.472  46.329  47.198      2707    1242    FRM    0
00015( B )    3192   32  42.033  46.039  47.342      2725    1240    FRM    0
00024( P )  169856   22  44.292  46.912  47.758      2707    1238    FRM    2
00020( B )   11256   30  42.608  46.492  47.481      2957    1357    FRM    1
00018( B )    6560   31  42.366  46.391  47.371      2839    1291    FRM    1
00017( B )    2968   32  41.890  46.243  47.367      2695    1224    FRM    0
00019( B )    3320   32  41.849  46.192  47.294      2711    1234    FRM    0
00022( B )    6080   31  42.477  46.305  47.357      2852    1302    FRM    1
00021( B )    3176   32  41.902  46.058  47.330      2706    1228    FRM    0
00023( B )    2688   32  42.156  46.374  47.345      2713    1240    FRM    0
00032( P )  159264   22  44.346  46.868  47.755      2765    1249    FRM    2
00028( B )    7816   30  42.814  46.558  47.388      2972    1339    FRM    1
00026( B )    5040   31  42.617  46.617  47.402      2798    1273    FRM    1
00025( B )    2280   32  42.267  46.417  47.427      2682    1218    FRM    0
00027( B )    2088   32  42.028  46.272  47.233      2686    1223    FRM    0
00030( B )    4160   31  42.724  46.522  47.501      2837    1288    FRM    1
00029( B )    2304   32  42.133  46.382  47.299      2719    1211    FRM    0
00031( B )    1752   32  42.474  46.111  47.386      2689    1215    FRM    0
00040( P )  155144   22  44.409  47.030  47.830      2699    1235    FRM    2
00036( B )    6984   30  42.989  46.687  47.500      2925    1318    FRM    1
00034( B )    3536   31  42.861  46.790  47.542      2783    1252    FRM    1
00033( B )    1544   32  42.601  46.425  47.474      2651    1195    FRM    0
00035( B )    1328   32  42.326  46.527  47.422      2678    1207    FRM    0
00038( B )    3656   31  42.714  46.780  47.529      2810    1267    FRM    1
00037( B )    1544   32  42.304  46.385  47.315      2657    1197    FRM    0
00039( B )    1312   32  42.563  46.520  47.471      2673    1208    FRM    0
00048( P )  153000   22  44.411  46.999  47.817      2728    1253    FRM    2
00044( B )    9592   30  42.844  46.768  47.659      2882    1332    FRM    1
00042( B )    3960   31  42.766  46.661  47.453      2799    1262    FRM    1
00041( B )    1400   32  42.576  46.479  47.456      2649    1192    FRM    0
00043( B )    1608   32  42.122  46.459  47.364      2682    1207    FRM    0
00046( B )    4360   31  42.632  46.657  47.587      2835    1282    FRM    1
00045( B )    1840   32  41.965  46.381  47.403      2682    1212    FRM    0
00047( B )    1416   32  42.349  46.518  47.529      2673    1207    FRM    0
00056( P )  152480   22  44.487  47.040  47.853      2754    1241    FRM    2
00052( B )    8896   30  42.844  46.703  47.646      2902    1347    FRM    1
00050( B )    4240   31  42.678  46.784  47.620      2816    1283    FRM    1
00049( B )    1696   32  42.571  46.638  47.488      2673    1213    FRM    0
00051( B )    1976   32  42.043  46.442  47.477      2686    1224    FRM    0
00054( B )    3944   31  42.687  46.795  47.612      2835    1299    FRM    1
00053( B )    1656   32  42.151  46.565  47.472      2645    1203    FRM    0
00055( B )    1824   32  42.298  46.451  47.498      2740    1226    FRM    0
00059( P )  113400   22  44.461  46.865  47.912      2632    1162    FRM    2
00057( B )    3328   30  43.223  46.723  47.678      2805    1255    FRM    0
00058( B )    3304   30  43.353  46.939  47.783      2813    1265    FRM    0
-------------------------------------------------------------------------------
 Total Frames:  60 
 LeakyBucketRate File does not exist. Using rate calculated from avg. rate 
 Number Leaky Buckets: 8 
     Rmin     Bmin     Fmin 
  2021100   700499   700499 
  2526360   692078   692078 
  3031620   683657   683657 
  3536880   675236   675236 
  4042140   666815   666815 
  4547400   658394   658394 
  5052660   649973   649973 
  5557920   641552   641552 
------------------ Average data all frames  -----------------------------------

 Total encoding time for the seq.  : 161.410 sec (0.37 fps)
 Total ME time for sequence        :  71.465 sec 

 Y { PSNR (dB), cSNR (dB), MSE }   : {  42.672,  42.604,   3.57025 }
 U { PSNR (dB), cSNR (dB), MSE }   : {  46.554,  46.546,   1.44041 }
 V { PSNR (dB), cSNR (dB), MSE }   : {  47.502,  47.498,   1.15695 }

 Total bits                        : 2021464 (I 521040, P 1289984, B 210104 NVB 336) 
 Bit rate (kbit/s)  @ 60.00 Hz     : 2021.46
 Bits to avoid Startcode Emulation : 419 
 Bits for parameter sets           : 336 
 Bits for filler data              : 0 

-------------------------------------------------------------------------------
Exit JM 19 (FRExt) encoder ver 19.0 
