******************************************************************
** WARNING: --SEIDecodedPictureHash is now disabled by default. **
**          Automatic verification of decoded pictures by a     **
**          decoder requires this option to be enabled.         **
******************************************************************
***************************************************************************
** WARNING: For conforming bitstreams a valid Level value must be set!   **
***************************************************************************

HM software: Encoder Version [16.20] (including RExt)[Linux][GCC 11.3.0][64 bit] 


Input          File                    : /home/pc-einstein/Documents/Alex/class_C/Vidyo3_1280x720_60.yuv
Bitstream      File                    : /home/pc-einstein/Documents/Alex/Vitech_Gerenciador/Vidyo3_1280x720_60/cq_22/video/coded_HM.hevc
Reconstruction File                    : /home/pc-einstein/Documents/Alex/Vitech_Gerenciador/Vidyo3_1280x720_60/cq_22/video/coded_HM.yuv
Real     Format                        : 1280x720 60Hz
Internal Format                        : 1280x720 60Hz
Sequence PSNR output                   : Linear average only
Sequence MSE output                    : Disabled
Frame MSE output                       : Disabled
MS-SSIM output                         : Disabled
xPSNR calculation                      : Disabled
Cabac-zero-word-padding                : Enabled
Frame/Field                            : Frame based coding
Frame index                            : 0 - 59 (60 frames)
Profile                                : main
CU size / depth / total-depth          : 64 / 4 / 4
RQT trans. size (min / max)            : 4 / 32
Max RQT depth inter                    : 3
Max RQT depth intra                    : 3
Min PCM size                           : 8
Motion search range                    : 384
Intra period                           : 32
Decoding refresh type                  : 1
QP                                     : 22
Max dQP signaling depth                : 0
Cb QP Offset                           : 0
Cr QP Offset                           : 0
QP adaptation                          : 0 (range=0)
GOP size                               : 16
Input bit depth                        : (Y:8, C:8)
MSB-extended bit depth                 : (Y:8, C:8)
Internal bit depth                     : (Y:8, C:8)
PCM sample bit depth                   : (Y:8, C:8)
Intra reference smoothing              : Enabled
diff_cu_chroma_qp_offset_depth         : -1
extended_precision_processing_flag     : Disabled
implicit_rdpcm_enabled_flag            : Disabled
explicit_rdpcm_enabled_flag            : Disabled
transform_skip_rotation_enabled_flag   : Disabled
transform_skip_context_enabled_flag    : Disabled
cross_component_prediction_enabled_flag: Disabled
high_precision_offsets_enabled_flag    : Disabled
persistent_rice_adaptation_enabled_flag: Disabled
cabac_bypass_alignment_enabled_flag    : Disabled
log2_sao_offset_scale_luma             : 0
log2_sao_offset_scale_chroma           : 0
Cost function:                         : Lossy coding (default)
RateControl                            : 0
WPMethod                               : 0
Max Num Merge Candidates               : 5

TOOL CFG: IBD:0 HAD:1 RDQ:1 RDQTS:1 RDpenalty:0 LQP:0 SQP:0 ASR:1 MinSearchWindow:96 RestrictMESampling:0 FEN:1 ECU:0 FDM:1 CFM:0 ESD:0 RQT:1 TransformSkip:1 TransformSkipFast:1 TransformSkipLog2MaxSize:2 Slice: M=0 SliceSegment: M=0 CIP:0 SAO:1 PCM:0 TransQuantBypassEnabled:0 WPP:0 WPB:0 PME:2  WaveFrontSynchro:0 WaveFrontSubstreams:1 ScalingList:0 TMVPMode:1 AQpS:0 SignBitHidingFlag:1 RecalQP:0

Non-environment-variable-controlled macros set as follows: 

                                RExt__DECODER_DEBUG_BIT_STATISTICS =   0
                                      RExt__HIGH_BIT_DEPTH_SUPPORT =   0
                            RExt__HIGH_PRECISION_FORWARD_TRANSFORM =   0
                                        O0043_BEST_EFFORT_DECODING =   0
                                         ME_ENABLE_ROUNDING_OF_MVS =   1

                   Input ChromaFormatIDC =   4:2:0
       Output (internal) ChromaFormatIDC =   4:2:0

POC    0 TId: 0 ( I-SLICE, nQP 19 QP 19 )     666704 bits [Y 45.0437 dB    U 49.4668 dB    V 49.2716 dB] [ET     5 ] [L0 ] [L1 ]
POC   16 TId: 0 ( B-SLICE, nQP 23 QP 23 )     224864 bits [Y 43.7853 dB    U 48.6293 dB    V 48.3478 dB] [ET    15 ] [L0 0 ] [L1 0 ]
POC    8 TId: 1 ( B-SLICE, nQP 23 QP 23 )     134896 bits [Y 43.8182 dB    U 48.6772 dB    V 48.4840 dB] [ET    12 ] [L0 0 16 ] [L1 16 0 ]
POC    4 TId: 2 ( B-SLICE, nQP 26 QP 26 )      44024 bits [Y 42.9823 dB    U 48.6844 dB    V 48.6202 dB] [ET     9 ] [L0 0 8 ] [L1 8 16 ]
POC    2 TId: 3 ( B-SLICE, nQP 27 QP 27 )      42328 bits [Y 42.4936 dB    U 48.8541 dB    V 48.4633 dB] [ET     9 ] [L0 0 4 ] [L1 4 8 ]
POC    1 TId: 4 ( B-SLICE, nQP 29 QP 29 )       9720 bits [Y 42.3337 dB    U 48.8793 dB    V 48.3208 dB] [ET     6 ] [L0 0 2 ] [L1 2 4 ]
POC    3 TId: 4 ( B-SLICE, nQP 29 QP 29 )       7184 bits [Y 42.4321 dB    U 48.6324 dB    V 48.0564 dB] [ET     7 ] [L0 2 0 ] [L1 4 8 ]
POC    6 TId: 3 ( B-SLICE, nQP 27 QP 27 )      38080 bits [Y 42.5931 dB    U 48.7461 dB    V 48.3406 dB] [ET     9 ] [L0 4 0 ] [L1 8 16 ]
POC    5 TId: 4 ( B-SLICE, nQP 29 QP 29 )       6952 bits [Y 42.4615 dB    U 48.5446 dB    V 48.0224 dB] [ET     7 ] [L0 4 0 ] [L1 6 8 ]
POC    7 TId: 4 ( B-SLICE, nQP 29 QP 29 )       6664 bits [Y 42.3611 dB    U 48.5267 dB    V 47.9544 dB] [ET     7 ] [L0 6 4 ] [L1 8 16 ]
POC   12 TId: 2 ( B-SLICE, nQP 26 QP 26 )      42864 bits [Y 42.8663 dB    U 48.5670 dB    V 48.3679 dB] [ET     9 ] [L0 8 0 ] [L1 16 8 ]
POC   10 TId: 3 ( B-SLICE, nQP 27 QP 27 )      38936 bits [Y 42.5096 dB    U 48.6586 dB    V 48.2258 dB] [ET    10 ] [L0 8 0 ] [L1 12 16 ]
POC    9 TId: 4 ( B-SLICE, nQP 29 QP 29 )       7632 bits [Y 42.3514 dB    U 48.5027 dB    V 48.0030 dB] [ET     7 ] [L0 8 0 ] [L1 10 12 ]
POC   11 TId: 4 ( B-SLICE, nQP 29 QP 29 )       7376 bits [Y 42.2695 dB    U 48.4868 dB    V 47.8478 dB] [ET     7 ] [L0 10 8 ] [L1 12 16 ]
POC   14 TId: 3 ( B-SLICE, nQP 27 QP 27 )      38744 bits [Y 42.6105 dB    U 48.6348 dB    V 48.1964 dB] [ET     9 ] [L0 12 8 ] [L1 16 12 ]
POC   13 TId: 4 ( B-SLICE, nQP 29 QP 29 )       6560 bits [Y 42.3574 dB    U 48.4156 dB    V 47.9026 dB] [ET     7 ] [L0 12 8 ] [L1 14 16 ]
POC   15 TId: 4 ( B-SLICE, nQP 29 QP 29 )       7248 bits [Y 42.3579 dB    U 48.4712 dB    V 47.8413 dB] [ET     6 ] [L0 14 12 ] [L1 16 14 ]
POC   32 TId: 0 ( I-SLICE, nQP 19 QP 19 )     508408 bits [Y 45.9501 dB    U 49.4613 dB    V 49.2578 dB] [ET     4 ] [L0 ] [L1 ]
POC   24 TId: 1 ( B-SLICE, nQP 23 QP 23 )     130304 bits [Y 44.2388 dB    U 48.7037 dB    V 48.6834 dB] [ET    13 ] [L0 16 8 ] [L1 32 16 ]
POC   20 TId: 2 ( B-SLICE, nQP 26 QP 26 )      54656 bits [Y 43.1861 dB    U 48.5636 dB    V 48.5928 dB] [ET    10 ] [L0 16 8 ] [L1 24 32 ]
POC   18 TId: 3 ( B-SLICE, nQP 27 QP 27 )      38256 bits [Y 42.8728 dB    U 48.7087 dB    V 48.4223 dB] [ET     9 ] [L0 16 8 ] [L1 20 24 ]
POC   17 TId: 4 ( B-SLICE, nQP 29 QP 29 )       7104 bits [Y 42.6780 dB    U 48.4453 dB    V 47.9938 dB] [ET     6 ] [L0 16 18 ] [L1 18 20 ]
POC   19 TId: 4 ( B-SLICE, nQP 29 QP 29 )       9720 bits [Y 42.6109 dB    U 48.5524 dB    V 48.1457 dB] [ET     7 ] [L0 18 16 ] [L1 20 24 ]
POC   22 TId: 3 ( B-SLICE, nQP 27 QP 27 )      35344 bits [Y 42.9083 dB    U 48.6895 dB    V 48.5212 dB] [ET     9 ] [L0 20 16 ] [L1 24 32 ]
POC   21 TId: 4 ( B-SLICE, nQP 29 QP 29 )       8600 bits [Y 42.5995 dB    U 48.5132 dB    V 48.1992 dB] [ET     7 ] [L0 20 16 ] [L1 22 24 ]
POC   23 TId: 4 ( B-SLICE, nQP 29 QP 29 )       8760 bits [Y 42.7805 dB    U 48.4925 dB    V 48.1177 dB] [ET     7 ] [L0 22 20 ] [L1 24 32 ]
POC   28 TId: 2 ( B-SLICE, nQP 26 QP 26 )      56736 bits [Y 43.4822 dB    U 48.6055 dB    V 48.5234 dB] [ET     9 ] [L0 24 16 ] [L1 32 24 ]
POC   26 TId: 3 ( B-SLICE, nQP 27 QP 27 )      29904 bits [Y 43.2883 dB    U 48.5528 dB    V 48.4499 dB] [ET     8 ] [L0 24 16 ] [L1 28 32 ]
POC   25 TId: 4 ( B-SLICE, nQP 29 QP 29 )       8880 bits [Y 42.9835 dB    U 48.5599 dB    V 48.1595 dB] [ET     7 ] [L0 24 16 ] [L1 26 28 ]
POC   27 TId: 4 ( B-SLICE, nQP 29 QP 29 )      11160 bits [Y 42.8541 dB    U 48.4056 dB    V 47.9881 dB] [ET     7 ] [L0 26 24 ] [L1 28 32 ]
POC   30 TId: 3 ( B-SLICE, nQP 27 QP 27 )      33152 bits [Y 43.3484 dB    U 48.9272 dB    V 48.7799 dB] [ET     7 ] [L0 28 24 ] [L1 32 28 ]
POC   29 TId: 4 ( B-SLICE, nQP 29 QP 29 )      11696 bits [Y 42.8228 dB    U 48.7140 dB    V 48.1936 dB] [ET     7 ] [L0 28 24 ] [L1 30 32 ]
POC   31 TId: 4 ( B-SLICE, nQP 29 QP 29 )      10576 bits [Y 43.1646 dB    U 49.0554 dB    V 48.4922 dB] [ET     6 ] [L0 30 28 ] [L1 32 30 ]
POC   48 TId: 0 ( B-SLICE, nQP 23 QP 23 )     153264 bits [Y 44.1392 dB    U 48.6447 dB    V 48.5267 dB] [ET    10 ] [L0 32 ] [L1 32 ]
POC   40 TId: 1 ( B-SLICE, nQP 23 QP 23 )     119208 bits [Y 44.2042 dB    U 48.6824 dB    V 48.5695 dB] [ET     9 ] [L0 32 48 ] [L1 48 32 ]
POC   36 TId: 2 ( B-SLICE, nQP 26 QP 26 )      56096 bits [Y 43.3099 dB    U 48.6676 dB    V 48.5612 dB] [ET     8 ] [L0 32 40 ] [L1 40 48 ]
POC   34 TId: 3 ( B-SLICE, nQP 27 QP 27 )      33312 bits [Y 43.1444 dB    U 48.7977 dB    V 48.6345 dB] [ET     7 ] [L0 32 36 ] [L1 36 40 ]
POC   33 TId: 4 ( B-SLICE, nQP 29 QP 29 )      10016 bits [Y 42.8694 dB    U 48.9799 dB    V 48.3518 dB] [ET     6 ] [L0 32 34 ] [L1 34 36 ]
POC   35 TId: 4 ( B-SLICE, nQP 29 QP 29 )       8928 bits [Y 42.7055 dB    U 48.5726 dB    V 47.9575 dB] [ET     7 ] [L0 34 32 ] [L1 36 40 ]
POC   38 TId: 3 ( B-SLICE, nQP 27 QP 27 )      27304 bits [Y 43.0572 dB    U 48.5704 dB    V 48.5047 dB] [ET     8 ] [L0 36 32 ] [L1 40 48 ]
POC   37 TId: 4 ( B-SLICE, nQP 29 QP 29 )       8528 bits [Y 42.7209 dB    U 48.5293 dB    V 48.0452 dB] [ET     7 ] [L0 36 32 ] [L1 38 40 ]
POC   39 TId: 4 ( B-SLICE, nQP 29 QP 29 )       7976 bits [Y 42.7781 dB    U 48.5647 dB    V 48.0402 dB] [ET     7 ] [L0 38 36 ] [L1 40 48 ]
POC   44 TId: 2 ( B-SLICE, nQP 26 QP 26 )      42984 bits [Y 43.3875 dB    U 48.4825 dB    V 48.3809 dB] [ET     8 ] [L0 40 32 ] [L1 48 40 ]
POC   42 TId: 3 ( B-SLICE, nQP 27 QP 27 )      22808 bits [Y 43.1515 dB    U 48.6412 dB    V 48.5171 dB] [ET     8 ] [L0 40 32 ] [L1 44 48 ]
POC   41 TId: 4 ( B-SLICE, nQP 29 QP 29 )       6680 bits [Y 42.8374 dB    U 48.5951 dB    V 47.9789 dB] [ET     7 ] [L0 40 32 ] [L1 42 44 ]
POC   43 TId: 4 ( B-SLICE, nQP 29 QP 29 )       7032 bits [Y 42.8143 dB    U 48.4528 dB    V 47.8967 dB] [ET     6 ] [L0 42 40 ] [L1 44 48 ]
POC   46 TId: 3 ( B-SLICE, nQP 27 QP 27 )      22632 bits [Y 43.1411 dB    U 48.4926 dB    V 48.4047 dB] [ET     7 ] [L0 44 40 ] [L1 48 44 ]
POC   45 TId: 4 ( B-SLICE, nQP 29 QP 29 )       7024 bits [Y 42.8360 dB    U 48.2779 dB    V 47.8025 dB] [ET     6 ] [L0 44 40 ] [L1 46 48 ]
POC   47 TId: 4 ( B-SLICE, nQP 29 QP 29 )       6640 bits [Y 42.9155 dB    U 48.5405 dB    V 47.9512 dB] [ET     6 ] [L0 46 44 ] [L1 48 46 ]
POC   56 TId: 1 ( B-SLICE, nQP 23 QP 23 )     127344 bits [Y 44.1173 dB    U 48.4933 dB    V 48.4416 dB] [ET    11 ] [L0 48 40 ] [L1 48 40 ]
POC   52 TId: 2 ( B-SLICE, nQP 26 QP 26 )      39256 bits [Y 43.2068 dB    U 48.5186 dB    V 48.4635 dB] [ET     8 ] [L0 48 40 ] [L1 56 48 ]
POC   50 TId: 3 ( B-SLICE, nQP 27 QP 27 )      19664 bits [Y 43.2149 dB    U 48.5874 dB    V 48.5160 dB] [ET     8 ] [L0 48 40 ] [L1 52 56 ]
POC   49 TId: 4 ( B-SLICE, nQP 29 QP 29 )       6592 bits [Y 42.9667 dB    U 48.5162 dB    V 48.0750 dB] [ET     6 ] [L0 48 50 ] [L1 50 52 ]
POC   51 TId: 4 ( B-SLICE, nQP 29 QP 29 )       6056 bits [Y 42.9079 dB    U 48.4934 dB    V 48.0885 dB] [ET     6 ] [L0 50 48 ] [L1 52 56 ]
POC   54 TId: 3 ( B-SLICE, nQP 27 QP 27 )      19152 bits [Y 43.0098 dB    U 48.4879 dB    V 48.4531 dB] [ET     7 ] [L0 52 48 ] [L1 56 52 ]
POC   53 TId: 4 ( B-SLICE, nQP 29 QP 29 )       6144 bits [Y 42.7993 dB    U 48.4424 dB    V 48.0422 dB] [ET     6 ] [L0 52 48 ] [L1 54 56 ]
POC   55 TId: 4 ( B-SLICE, nQP 29 QP 29 )       5872 bits [Y 42.8737 dB    U 48.3592 dB    V 47.8661 dB] [ET     6 ] [L0 54 52 ] [L1 56 54 ]
POC   58 TId: 3 ( B-SLICE, nQP 27 QP 27 )      33176 bits [Y 43.0138 dB    U 48.4337 dB    V 48.3976 dB] [ET     7 ] [L0 56 48 ] [L1 56 48 ]
POC   57 TId: 4 ( B-SLICE, nQP 29 QP 29 )       5816 bits [Y 42.7640 dB    U 48.3542 dB    V 47.8635 dB] [ET     6 ] [L0 56 48 ] [L1 58 56 ]
POC   59 TId: 4 ( B-SLICE, nQP 29 QP 29 )      15392 bits [Y 42.4827 dB    U 48.2830 dB    V 47.8329 dB] [ET     6 ] [L0 58 56 ] [L1 58 56 ]


SUMMARY --------------------------------------------------------
	Total Frames |   Bitrate     Y-PSNR    U-PSNR    V-PSNR    YUV-PSNR  
	       60    a    3118.9280   43.0461   48.6132   48.2825   44.1816  


I Slices--------------------------------------------------------
	Total Frames |   Bitrate     Y-PSNR    U-PSNR    V-PSNR    YUV-PSNR  
	        2    i   35253.3600   45.4969   49.4640   49.2647   46.4273  


P Slices--------------------------------------------------------
	Total Frames |   Bitrate     Y-PSNR    U-PSNR    V-PSNR    YUV-PSNR  
	        0    p         -nan      -nan      -nan      -nan      -nan  


B Slices--------------------------------------------------------
	Total Frames |   Bitrate     Y-PSNR    U-PSNR    V-PSNR    YUV-PSNR  
	       58    b    2010.8441   42.9616   48.5838   48.2486   44.1215  

RVM: 0.000
Bytes written to file: 389866 (3118.928 kbps)

 Total Time:      453.082 sec.
