
Warning: Hierarchical coding or Referenced B slices used.
         Make sure that you have allocated enough references
         in reference buffer to achieve best performance.
Setting Default Parameters...
Parsing Configfile /home/pc-einstein/Documents/Alex/Vitech_Gerenciador/JM/bin/encoder.cfg.............................................................................................................................................................................................................................................................................................................................................................................................................................
Parsing command line string 'SourceWidth = 1280'.
Parsing command line string 'SourceHeight = 720'.
Parsing command line string 'FrameRate = 60.00'.
Parsing command line string 'SourceBitDepthLuma = 8'.
Parsing command line string 'SourceBitDepthChroma = 8'.
Parsing command line string 'OutputBitDepthLuma = 8'.
Parsing command line string 'OutputBitDepthChroma = 8'.
Parsing command line string 'QPISlice = 22'.
Parsing command line string 'QPPSlice = 22'.
Parsing command line string 'FramesToBeEncoded = 60'.
Parsing command line string 'OutputFile = /home/pc-einstein/Documents/Alex/Vitech_Gerenciador/Vidyo3_1280x720_60/cq_22/video/coded_JM.h264'.
Parsing command line string 'InputFile = /home/pc-einstein/Documents/Alex/class_C/Vidyo3_1280x720_60.yuv'.
Parsing command line string 'ReconFile = /home/pc-einstein/Documents/Alex/Vitech_Gerenciador/Vidyo3_1280x720_60/cq_22/video/coded_JM.yuv'.
Parsing command line string 'LeakyBucketParamFile = /home/pc-einstein/Documents/Alex/Vitech_Gerenciador/Vidyo3_1280x720_60/cq_22/log/leakybucketparam.cfg'.
Parsing command line string 'StatsFile = /home/pc-einstein/Documents/Alex/Vitech_Gerenciador/Vidyo3_1280x720_60/cq_22/log/stats.dat'.

------------------------------- JM 19.0 (FRExt) -------------------------------
 Input YUV file                    : /home/pc-einstein/Documents/Alex/class_C/Vidyo3_1280x720_60.yuv 
 Output H.264 bitstream            : /home/pc-einstein/Documents/Alex/Vitech_Gerenciador/Vidyo3_1280x720_60/cq_22/video/coded_JM.h264 
 Output YUV file                   : /home/pc-einstein/Documents/Alex/Vitech_Gerenciador/Vidyo3_1280x720_60/cq_22/video/coded_JM.yuv 
 YUV Format                        : YUV 4:2:0 
 Frames to be encoded              : 60
 Freq. for encoded bitstream       : 60.00
 PicInterlace / MbInterlace        : 0/0
 Transform8x8Mode                  : 1
 ME Metric for Refinement Level 0  : SAD
 ME Metric for Refinement Level 1  : Hadamard SAD
 ME Metric for Refinement Level 2  : Hadamard SAD
 Mode Decision Metric              : Hadamard SAD
 Motion Estimation for components  : Y
 Image format                      : 1280x720 (1280x720)
 Error robustness                  : Off
 Search range                      : 32
 Total number of references        : 5
 References for P slices           : 5
 References for B slices (L0, L1)  : 5, 1
 Sequence type                     : Hierarchy (QP: I 22, P 22, B 30) 
 Entropy coding method             : CABAC
 Profile/Level IDC                 : (100,40)
 Motion Estimation Scheme          : EPZS
 EPZS Pattern                      : Extended Diamond
 EPZS Dual Pattern                 : Extended Diamond
 EPZS Fixed Predictors             : Aggressive
 EPZS Aggressive Predictors        : Disabled
 EPZS Temporal Predictors          : Enabled
 EPZS Spatial Predictors           : Enabled
 EPZS Threshold Multipliers        : (1 0 2)
 EPZS Subpel ME                    : Basic
 EPZS Subpel ME BiPred             : Basic
 Search range restrictions         : none
 RD-optimized mode decision        : used
 Data Partitioning Mode            : 1 partition 
 Output File Format                : H.264/AVC Annex B Byte Stream Format 
-------------------------------------------------------------------------------
Frame     Bit/pic    QP   SnrY    SnrU    SnrV    Time(ms) MET(ms) Frm/Fld Ref  
-------------------------------------------------------------------------------
00000(NVB)     336 
00000(IDR)  570064   22  43.244  48.373  48.064      1156       0    FRM    3
00008( P )  278824   22  43.877  48.088  47.773      1776     310    FRM    2
00004( B )   14920   30  41.321  47.996  47.706      2417     811    FRM    1
00002( B )   13976   31  40.305  47.956  47.406      2581     988    FRM    1
00001( B )    3160   32  40.428  47.897  47.247      2571    1089    FRM    0
00003( B )    3208   32  40.482  47.858  47.112      2575    1101    FRM    0
00006( B )   10600   31  40.464  47.952  47.353      2784    1191    FRM    1
00005( B )    2952   32  40.619  47.788  47.097      2753    1267    FRM    0
00007( B )    2672   32  40.728  47.882  47.179      2781    1274    FRM    0
00016( P )  248600   22  44.089  48.150  47.679      2861    1328    FRM    2
00012( B )   13584   30  41.553  48.029  47.557      3031    1391    FRM    1
00010( B )   12200   31  40.691  48.093  47.346      2969    1380    FRM    1
00009( B )    2912   32  40.994  47.892  47.174      2853    1265    FRM    0
00011( B )    3240   32  40.639  47.899  47.028      2767    1274    FRM    0
00014( B )    9384   31  40.928  48.074  47.335      2977    1382    FRM    1
00013( B )    2712   32  41.025  47.910  47.117      2750    1256    FRM    0
00015( B )    2504   32  40.992  47.856  47.050      2778    1269    FRM    0
00024( P )  262880   22  44.279  48.122  47.683      2893    1351    FRM    2
00020( B )   21952   30  41.528  47.910  47.549      2984    1382    FRM    1
00018( B )   12152   31  41.020  47.984  47.224      2945    1361    FRM    1
00017( B )    2296   32  41.249  47.795  46.980      2728    1251    FRM    0
00019( B )    4048   32  40.749  47.808  47.069      2738    1263    FRM    0
00022( B )   11720   31  41.226  47.946  47.374      2911    1339    FRM    1
00021( B )    4928   32  40.703  47.752  47.077      2767    1281    FRM    0
00023( B )    3504   32  41.335  47.748  47.077      2733    1248    FRM    0
00032( P )  236544   22  44.315  48.171  47.740      2780    1233    FRM    2
00028( B )   26888   30  41.706  47.849  47.483      3031    1374    FRM    1
00026( B )   13064   31  41.754  47.858  47.420      2830    1283    FRM    1
00025( B )    3944   32  41.671  47.901  47.281      2691    1212    FRM    0
00027( B )    5888   32  41.070  47.666  47.106      2726    1234    FRM    0
00030( B )   14600   31  41.481  47.956  47.599      2903    1316    FRM    1
00029( B )    5384   32  40.923  47.781  47.243      2746    1238    FRM    0
00031( B )    4584   32  41.411  47.929  47.345      2710    1231    FRM    0
00040( P )  221184   22  44.398  48.209  47.782      2737    1175    FRM    2
00036( B )   25104   30  41.803  47.944  47.542      2949    1329    FRM    1
00034( B )   14824   31  41.406  47.926  47.474      2922    1305    FRM    1
00033( B )    4088   32  41.021  47.900  47.173      2752    1246    FRM    0
00035( B )    4152   32  40.993  47.744  46.974      2771    1253    FRM    0
00038( B )   10608   31  41.579  47.848  47.509      2840    1283    FRM    1
00037( B )    2976   32  41.080  47.756  47.192      2692    1217    FRM    0
00039( B )    3040   32  41.612  47.871  47.242      2678    1200    FRM    0
00048( P )  201560   22  44.344  48.206  47.788      2694    1141    FRM    2
00044( B )   18216   30  42.204  47.925  47.482      2962    1304    FRM    1
00042( B )    9480   31  41.973  48.016  47.598      2819    1247    FRM    1
00041( B )    2688   32  41.638  48.000  47.266      2662    1194    FRM    0
00043( B )    3560   32  41.538  47.805  47.105      2690    1203    FRM    0
00046( B )    9264   31  41.983  47.869  47.494      2849    1272    FRM    1
00045( B )    3456   32  41.562  47.655  47.008      2697    1212    FRM    0
00047( B )    3320   32  41.767  47.946  47.248      2693    1209    FRM    0
00056( P )  197448   22  44.322  48.185  47.705      2629    1140    FRM    2
00052( B )   18072   30  41.871  48.062  47.612      2958    1359    FRM    1
00050( B )    8464   31  42.059  48.076  47.700      3789    1656    FRM    1
00049( B )    3040   32  41.984  48.000  47.399      3974    1791    FRM    0
00051( B )    3128   32  41.509  47.990  47.396      3576    1609    FRM    0
00054( B )    9312   31  41.810  47.974  47.599      3132    1419    FRM    1
00053( B )    3272   32  41.451  47.912  47.302      3371    1519    FRM    0
00055( B )    2920   32  41.910  47.892  47.171      2822    1276    FRM    0
00059( P )  155752   22  44.289  48.173  47.668      2715    1166    FRM    2
00057( B )    5968   30  42.307  48.033  47.434      2896    1300    FRM    0
00058( B )    5792   30  42.340  48.145  47.789      2792    1251    FRM    0
-------------------------------------------------------------------------------
 Total Frames:  60 
 LeakyBucketRate File does not exist. Using rate calculated from avg. rate 
 Number Leaky Buckets: 8 
     Rmin     Bmin     Fmin 
  2780520   802546   802546 
  3475620   790961   790961 
  4170720   779376   779376 
  4865820   767791   767791 
  5560920   756206   756206 
  6256020   744621   744621 
  6951120   733036   733036 
  7646220   721451   721451 
------------------ Average data all frames  -----------------------------------

 Total encoding time for the seq.  : 168.590 sec (0.36 fps)
 Total ME time for sequence        :  74.477 sec 

 Y { PSNR (dB), cSNR (dB), MSE }   : {  41.759,  41.632,   4.46601 }
 U { PSNR (dB), cSNR (dB), MSE }   : {  47.949,  47.947,   1.04333 }
 V { PSNR (dB), cSNR (dB), MSE }   : {  47.385,  47.378,   1.18925 }

 Total bits                        : 2780912 (I 570064, P 1802792, B 407720 NVB 336) 
 Bit rate (kbit/s)  @ 60.00 Hz     : 2780.91
 Bits to avoid Startcode Emulation : 416 
 Bits for parameter sets           : 336 
 Bits for filler data              : 0 

-------------------------------------------------------------------------------
Exit JM 19 (FRExt) encoder ver 19.0 
