******************************************************************
** WARNING: --SEIDecodedPictureHash is now disabled by default. **
**          Automatic verification of decoded pictures by a     **
**          decoder requires this option to be enabled.         **
******************************************************************
***************************************************************************
** WARNING: For conforming bitstreams a valid Level value must be set!   **
***************************************************************************

HM software: Encoder Version [16.20] (including RExt)[Linux][GCC 9.4.0][64 bit] 


Input          File                    : /home/pc-poincare/Documents/Alex/class_E/Netflix_PierSeaside_1920x1080_60fps_8bit_420_60f.yuv
Bitstream      File                    : /home/pc-poincare/Documents/Alex/ViTech_Gerenciador-main/Netflix_PierSeaside_1920x1080_60fps_8bit_420_60f/cq_22/video/coded_HM.hevc
Reconstruction File                    : /home/pc-poincare/Documents/Alex/ViTech_Gerenciador-main/Netflix_PierSeaside_1920x1080_60fps_8bit_420_60f/cq_22/video/coded_HM.yuv
Real     Format                        : 1920x1080 60Hz
Internal Format                        : 1920x1080 60Hz
Sequence PSNR output                   : Linear average only
Sequence MSE output                    : Disabled
Frame MSE output                       : Disabled
MS-SSIM output                         : Disabled
xPSNR calculation                      : Disabled
Cabac-zero-word-padding                : Enabled
Frame/Field                            : Frame based coding
Frame index                            : 0 - 59 (60 frames)
Profile                                : main
CU size / depth / total-depth          : 64 / 4 / 4
RQT trans. size (min / max)            : 4 / 32
Max RQT depth inter                    : 3
Max RQT depth intra                    : 3
Min PCM size                           : 8
Motion search range                    : 384
Intra period                           : 32
Decoding refresh type                  : 1
QP                                     : 22
Max dQP signaling depth                : 0
Cb QP Offset                           : 0
Cr QP Offset                           : 0
QP adaptation                          : 0 (range=0)
GOP size                               : 16
Input bit depth                        : (Y:8, C:8)
MSB-extended bit depth                 : (Y:8, C:8)
Internal bit depth                     : (Y:8, C:8)
PCM sample bit depth                   : (Y:8, C:8)
Intra reference smoothing              : Enabled
diff_cu_chroma_qp_offset_depth         : -1
extended_precision_processing_flag     : Disabled
implicit_rdpcm_enabled_flag            : Disabled
explicit_rdpcm_enabled_flag            : Disabled
transform_skip_rotation_enabled_flag   : Disabled
transform_skip_context_enabled_flag    : Disabled
cross_component_prediction_enabled_flag: Disabled
high_precision_offsets_enabled_flag    : Disabled
persistent_rice_adaptation_enabled_flag: Disabled
cabac_bypass_alignment_enabled_flag    : Disabled
log2_sao_offset_scale_luma             : 0
log2_sao_offset_scale_chroma           : 0
Cost function:                         : Lossy coding (default)
RateControl                            : 0
WPMethod                               : 0
Max Num Merge Candidates               : 5

TOOL CFG: IBD:0 HAD:1 RDQ:1 RDQTS:1 RDpenalty:0 LQP:0 SQP:0 ASR:1 MinSearchWindow:96 RestrictMESampling:0 FEN:1 ECU:0 FDM:1 CFM:0 ESD:0 RQT:1 TransformSkip:1 TransformSkipFast:1 TransformSkipLog2MaxSize:2 Slice: M=0 SliceSegment: M=0 CIP:0 SAO:1 PCM:0 TransQuantBypassEnabled:0 WPP:0 WPB:0 PME:2  WaveFrontSynchro:0 WaveFrontSubstreams:1 ScalingList:0 TMVPMode:1 AQpS:0 SignBitHidingFlag:1 RecalQP:0

Non-environment-variable-controlled macros set as follows: 

                                RExt__DECODER_DEBUG_BIT_STATISTICS =   0
                                      RExt__HIGH_BIT_DEPTH_SUPPORT =   0
                            RExt__HIGH_PRECISION_FORWARD_TRANSFORM =   0
                                        O0043_BEST_EFFORT_DECODING =   0
                                         ME_ENABLE_ROUNDING_OF_MVS =   1

                   Input ChromaFormatIDC =   4:2:0
       Output (internal) ChromaFormatIDC =   4:2:0

POC    0 TId: 0 ( I-SLICE, nQP 19 QP 19 )    1373736 bits [Y 46.9862 dB    U 47.9050 dB    V 46.6528 dB] [ET     9 ] [L0 ] [L1 ]
POC   16 TId: 0 ( B-SLICE, nQP 23 QP 23 )     251208 bits [Y 44.6724 dB    U 46.1878 dB    V 44.6601 dB] [ET    24 ] [L0 0 ] [L1 0 ]
POC    8 TId: 1 ( B-SLICE, nQP 23 QP 23 )     178040 bits [Y 44.8666 dB    U 46.3030 dB    V 44.8395 dB] [ET    22 ] [L0 0 16 ] [L1 16 0 ]
POC    4 TId: 2 ( B-SLICE, nQP 26 QP 26 )      48176 bits [Y 44.4114 dB    U 46.1800 dB    V 44.5818 dB] [ET    17 ] [L0 0 8 ] [L1 8 16 ]
POC    2 TId: 3 ( B-SLICE, nQP 27 QP 27 )      12232 bits [Y 44.4726 dB    U 46.0961 dB    V 44.4437 dB] [ET    14 ] [L0 0 4 ] [L1 4 8 ]
POC    1 TId: 4 ( B-SLICE, nQP 29 QP 29 )       3072 bits [Y 44.5949 dB    U 46.1833 dB    V 44.5170 dB] [ET    13 ] [L0 0 2 ] [L1 2 4 ]
POC    3 TId: 4 ( B-SLICE, nQP 29 QP 29 )       3824 bits [Y 44.1031 dB    U 46.0678 dB    V 44.4679 dB] [ET    15 ] [L0 2 0 ] [L1 4 8 ]
POC    6 TId: 3 ( B-SLICE, nQP 27 QP 27 )      13720 bits [Y 44.2058 dB    U 46.0233 dB    V 44.3866 dB] [ET    16 ] [L0 4 0 ] [L1 8 16 ]
POC    5 TId: 4 ( B-SLICE, nQP 29 QP 29 )       4120 bits [Y 43.9831 dB    U 46.0040 dB    V 44.3938 dB] [ET    15 ] [L0 4 0 ] [L1 6 8 ]
POC    7 TId: 4 ( B-SLICE, nQP 29 QP 29 )       4136 bits [Y 44.2078 dB    U 46.0276 dB    V 44.4306 dB] [ET    15 ] [L0 6 4 ] [L1 8 16 ]
POC   12 TId: 2 ( B-SLICE, nQP 26 QP 26 )      60592 bits [Y 43.9965 dB    U 45.8630 dB    V 44.3724 dB] [ET    18 ] [L0 8 0 ] [L1 16 8 ]
POC   10 TId: 3 ( B-SLICE, nQP 27 QP 27 )      14688 bits [Y 44.1035 dB    U 45.8882 dB    V 44.3284 dB] [ET    16 ] [L0 8 0 ] [L1 12 16 ]
POC    9 TId: 4 ( B-SLICE, nQP 29 QP 29 )       4008 bits [Y 44.1132 dB    U 45.9403 dB    V 44.3570 dB] [ET    15 ] [L0 8 0 ] [L1 10 12 ]
POC   11 TId: 4 ( B-SLICE, nQP 29 QP 29 )       4008 bits [Y 43.7593 dB    U 45.7495 dB    V 44.2428 dB] [ET    15 ] [L0 10 8 ] [L1 12 16 ]
POC   14 TId: 3 ( B-SLICE, nQP 27 QP 27 )      15872 bits [Y 43.8192 dB    U 45.8265 dB    V 44.2662 dB] [ET    15 ] [L0 12 8 ] [L1 16 12 ]
POC   13 TId: 4 ( B-SLICE, nQP 29 QP 29 )       3000 bits [Y 43.7914 dB    U 45.7860 dB    V 44.2486 dB] [ET    14 ] [L0 12 8 ] [L1 14 16 ]
POC   15 TId: 4 ( B-SLICE, nQP 29 QP 29 )       3208 bits [Y 43.8894 dB    U 45.7721 dB    V 44.2335 dB] [ET    13 ] [L0 14 12 ] [L1 16 14 ]
POC   32 TId: 0 ( I-SLICE, nQP 19 QP 19 )    1534064 bits [Y 46.6801 dB    U 47.6391 dB    V 46.3435 dB] [ET    10 ] [L0 ] [L1 ]
POC   24 TId: 1 ( B-SLICE, nQP 23 QP 23 )     191968 bits [Y 45.0711 dB    U 46.3891 dB    V 44.7130 dB] [ET    25 ] [L0 16 8 ] [L1 32 16 ]
POC   20 TId: 2 ( B-SLICE, nQP 26 QP 26 )      66440 bits [Y 44.3520 dB    U 46.2919 dB    V 44.7223 dB] [ET    20 ] [L0 16 8 ] [L1 24 32 ]
POC   18 TId: 3 ( B-SLICE, nQP 27 QP 27 )      20280 bits [Y 44.0090 dB    U 45.9499 dB    V 44.4016 dB] [ET    17 ] [L0 16 8 ] [L1 20 24 ]
POC   17 TId: 4 ( B-SLICE, nQP 29 QP 29 )       4904 bits [Y 44.1176 dB    U 45.9988 dB    V 44.4104 dB] [ET    14 ] [L0 16 18 ] [L1 18 20 ]
POC   19 TId: 4 ( B-SLICE, nQP 29 QP 29 )       2656 bits [Y 44.0217 dB    U 45.9308 dB    V 44.3802 dB] [ET    15 ] [L0 18 16 ] [L1 20 24 ]
POC   22 TId: 3 ( B-SLICE, nQP 27 QP 27 )      20216 bits [Y 44.0086 dB    U 46.0617 dB    V 44.4935 dB] [ET    18 ] [L0 20 16 ] [L1 24 32 ]
POC   21 TId: 4 ( B-SLICE, nQP 29 QP 29 )       3296 bits [Y 43.9515 dB    U 45.9495 dB    V 44.4133 dB] [ET    15 ] [L0 20 16 ] [L1 22 24 ]
POC   23 TId: 4 ( B-SLICE, nQP 29 QP 29 )       3288 bits [Y 44.1799 dB    U 46.0292 dB    V 44.4113 dB] [ET    15 ] [L0 22 20 ] [L1 24 32 ]
POC   28 TId: 2 ( B-SLICE, nQP 26 QP 26 )      75720 bits [Y 44.2087 dB    U 46.1296 dB    V 44.4157 dB] [ET    19 ] [L0 24 16 ] [L1 32 24 ]
POC   26 TId: 3 ( B-SLICE, nQP 27 QP 27 )      17808 bits [Y 44.1307 dB    U 46.0410 dB    V 44.4059 dB] [ET    17 ] [L0 24 16 ] [L1 28 32 ]
POC   25 TId: 4 ( B-SLICE, nQP 29 QP 29 )       3224 bits [Y 44.2511 dB    U 45.8550 dB    V 44.2493 dB] [ET    15 ] [L0 24 16 ] [L1 26 28 ]
POC   27 TId: 4 ( B-SLICE, nQP 29 QP 29 )       3072 bits [Y 43.9450 dB    U 45.9264 dB    V 44.2734 dB] [ET    15 ] [L0 26 24 ] [L1 28 32 ]
POC   30 TId: 3 ( B-SLICE, nQP 27 QP 27 )      21680 bits [Y 44.0201 dB    U 46.0675 dB    V 44.3182 dB] [ET    16 ] [L0 28 24 ] [L1 32 28 ]
POC   29 TId: 4 ( B-SLICE, nQP 29 QP 29 )       3896 bits [Y 43.8655 dB    U 45.9918 dB    V 44.2762 dB] [ET    15 ] [L0 28 24 ] [L1 30 32 ]
POC   31 TId: 4 ( B-SLICE, nQP 29 QP 29 )       2304 bits [Y 44.4579 dB    U 46.0848 dB    V 44.2373 dB] [ET    14 ] [L0 30 28 ] [L1 32 30 ]
POC   48 TId: 0 ( B-SLICE, nQP 23 QP 23 )     302336 bits [Y 44.3083 dB    U 45.9360 dB    V 44.4335 dB] [ET    24 ] [L0 32 ] [L1 32 ]
POC   40 TId: 1 ( B-SLICE, nQP 23 QP 23 )     250240 bits [Y 44.4010 dB    U 45.9333 dB    V 44.3884 dB] [ET    24 ] [L0 32 48 ] [L1 48 32 ]
POC   36 TId: 2 ( B-SLICE, nQP 26 QP 26 )      87768 bits [Y 43.6546 dB    U 45.7153 dB    V 44.0329 dB] [ET    20 ] [L0 32 40 ] [L1 40 48 ]
POC   34 TId: 3 ( B-SLICE, nQP 27 QP 27 )      20872 bits [Y 43.6926 dB    U 45.8447 dB    V 44.1228 dB] [ET    15 ] [L0 32 36 ] [L1 36 40 ]
POC   33 TId: 4 ( B-SLICE, nQP 29 QP 29 )       1728 bits [Y 44.1704 dB    U 45.7877 dB    V 43.9800 dB] [ET    13 ] [L0 32 34 ] [L1 34 36 ]
POC   35 TId: 4 ( B-SLICE, nQP 29 QP 29 )       2160 bits [Y 43.4566 dB    U 45.5513 dB    V 43.8709 dB] [ET    15 ] [L0 34 32 ] [L1 36 40 ]
POC   38 TId: 3 ( B-SLICE, nQP 27 QP 27 )      22448 bits [Y 43.5308 dB    U 45.7021 dB    V 44.0474 dB] [ET    17 ] [L0 36 32 ] [L1 40 48 ]
POC   37 TId: 4 ( B-SLICE, nQP 29 QP 29 )       2712 bits [Y 43.3123 dB    U 45.5584 dB    V 43.9746 dB] [ET    15 ] [L0 36 32 ] [L1 38 40 ]
POC   39 TId: 4 ( B-SLICE, nQP 29 QP 29 )       3256 bits [Y 43.6327 dB    U 45.5917 dB    V 44.0076 dB] [ET    15 ] [L0 38 36 ] [L1 40 48 ]
POC   44 TId: 2 ( B-SLICE, nQP 26 QP 26 )      95488 bits [Y 43.4049 dB    U 45.6121 dB    V 44.0748 dB] [ET    20 ] [L0 40 32 ] [L1 48 40 ]
POC   42 TId: 3 ( B-SLICE, nQP 27 QP 27 )      23736 bits [Y 43.3593 dB    U 45.5517 dB    V 43.9866 dB] [ET    18 ] [L0 40 32 ] [L1 44 48 ]
POC   41 TId: 4 ( B-SLICE, nQP 29 QP 29 )       3024 bits [Y 43.6213 dB    U 45.4382 dB    V 43.8917 dB] [ET    15 ] [L0 40 32 ] [L1 42 44 ]
POC   43 TId: 4 ( B-SLICE, nQP 29 QP 29 )       2864 bits [Y 43.2051 dB    U 45.5215 dB    V 43.9531 dB] [ET    15 ] [L0 42 40 ] [L1 44 48 ]
POC   46 TId: 3 ( B-SLICE, nQP 27 QP 27 )      22064 bits [Y 43.3138 dB    U 45.4580 dB    V 43.9202 dB] [ET    15 ] [L0 44 40 ] [L1 48 44 ]
POC   45 TId: 4 ( B-SLICE, nQP 29 QP 29 )       3472 bits [Y 43.0433 dB    U 45.4176 dB    V 43.8616 dB] [ET    15 ] [L0 44 40 ] [L1 46 48 ]
POC   47 TId: 4 ( B-SLICE, nQP 29 QP 29 )       2064 bits [Y 43.3764 dB    U 45.2852 dB    V 43.7136 dB] [ET    13 ] [L0 46 44 ] [L1 48 46 ]
POC   56 TId: 1 ( B-SLICE, nQP 23 QP 23 )     305112 bits [Y 44.1502 dB    U 45.8295 dB    V 44.2997 dB] [ET    29 ] [L0 48 40 ] [L1 48 40 ]
POC   52 TId: 2 ( B-SLICE, nQP 26 QP 26 )      92544 bits [Y 43.3757 dB    U 45.6713 dB    V 44.0420 dB] [ET    19 ] [L0 48 40 ] [L1 56 48 ]
POC   50 TId: 3 ( B-SLICE, nQP 27 QP 27 )      23776 bits [Y 43.3057 dB    U 45.4843 dB    V 43.9067 dB] [ET    17 ] [L0 48 40 ] [L1 52 56 ]
POC   49 TId: 4 ( B-SLICE, nQP 29 QP 29 )       2792 bits [Y 43.4093 dB    U 45.3065 dB    V 43.7951 dB] [ET    13 ] [L0 48 50 ] [L1 50 52 ]
POC   51 TId: 4 ( B-SLICE, nQP 29 QP 29 )       2656 bits [Y 43.0236 dB    U 45.2323 dB    V 43.6805 dB] [ET    14 ] [L0 50 48 ] [L1 52 56 ]
POC   54 TId: 3 ( B-SLICE, nQP 27 QP 27 )      24304 bits [Y 43.1435 dB    U 45.4284 dB    V 43.8267 dB] [ET    15 ] [L0 52 48 ] [L1 56 52 ]
POC   53 TId: 4 ( B-SLICE, nQP 29 QP 29 )       3008 bits [Y 42.9195 dB    U 45.2958 dB    V 43.7131 dB] [ET    14 ] [L0 52 48 ] [L1 54 56 ]
POC   55 TId: 4 ( B-SLICE, nQP 29 QP 29 )       3848 bits [Y 43.0805 dB    U 45.2376 dB    V 43.6333 dB] [ET    13 ] [L0 54 52 ] [L1 56 54 ]
POC   58 TId: 3 ( B-SLICE, nQP 27 QP 27 )      64016 bits [Y 42.9071 dB    U 45.2978 dB    V 43.7672 dB] [ET    16 ] [L0 56 48 ] [L1 56 48 ]
POC   57 TId: 4 ( B-SLICE, nQP 29 QP 29 )       2512 bits [Y 43.2039 dB    U 45.1847 dB    V 43.5924 dB] [ET    13 ] [L0 56 48 ] [L1 58 56 ]
POC   59 TId: 4 ( B-SLICE, nQP 29 QP 29 )      24224 bits [Y 42.1008 dB    U 45.0434 dB    V 43.5703 dB] [ET    14 ] [L0 58 56 ] [L1 58 56 ]


SUMMARY --------------------------------------------------------
	Total Frames |   Bitrate     Y-PSNR    U-PSNR    V-PSNR    YUV-PSNR  
	       60    a    5367.4800   43.9225   45.8509   44.2662   44.1972  


I Slices--------------------------------------------------------
	Total Frames |   Bitrate     Y-PSNR    U-PSNR    V-PSNR    YUV-PSNR  
	        2    i   87234.0000   46.8332   47.7721   46.4982   46.9140  


P Slices--------------------------------------------------------
	Total Frames |   Bitrate     Y-PSNR    U-PSNR    V-PSNR    YUV-PSNR  
	        0    p         -nan      -nan      -nan      -nan      -nan  


B Slices--------------------------------------------------------
	Total Frames |   Bitrate     Y-PSNR    U-PSNR    V-PSNR    YUV-PSNR  
	       58    b    2544.4966   43.8221   45.7847   44.1893   44.1281  

RVM: 0.000
Bytes written to file: 670935 (5367.480 kbps)

 Total Time:      969.933 sec.
