******************************************************************
** WARNING: --SEIDecodedPictureHash is now disabled by default. **
**          Automatic verification of decoded pictures by a     **
**          decoder requires this option to be enabled.         **
******************************************************************
***************************************************************************
** WARNING: For conforming bitstreams a valid Level value must be set!   **
***************************************************************************

HM software: Encoder Version [16.20] (including RExt)[Linux][GCC 9.4.0][64 bit] 


Input          File                    : /home/pc-poincare/Documents/Alex/class_E/WorldCupFarSky_1920x1080_30p.yuv
Bitstream      File                    : /home/pc-poincare/Documents/Alex/ViTech_Gerenciador-main/WorldCupFarSky_1920x1080_30p/cq_22/video/coded_HM.hevc
Reconstruction File                    : /home/pc-poincare/Documents/Alex/ViTech_Gerenciador-main/WorldCupFarSky_1920x1080_30p/cq_22/video/coded_HM.yuv
Real     Format                        : 1920x1080 30Hz
Internal Format                        : 1920x1080 30Hz
Sequence PSNR output                   : Linear average only
Sequence MSE output                    : Disabled
Frame MSE output                       : Disabled
MS-SSIM output                         : Disabled
xPSNR calculation                      : Disabled
Cabac-zero-word-padding                : Enabled
Frame/Field                            : Frame based coding
Frame index                            : 0 - 59 (60 frames)
Profile                                : main
CU size / depth / total-depth          : 64 / 4 / 4
RQT trans. size (min / max)            : 4 / 32
Max RQT depth inter                    : 3
Max RQT depth intra                    : 3
Min PCM size                           : 8
Motion search range                    : 384
Intra period                           : 32
Decoding refresh type                  : 1
QP                                     : 22
Max dQP signaling depth                : 0
Cb QP Offset                           : 0
Cr QP Offset                           : 0
QP adaptation                          : 0 (range=0)
GOP size                               : 16
Input bit depth                        : (Y:8, C:8)
MSB-extended bit depth                 : (Y:8, C:8)
Internal bit depth                     : (Y:8, C:8)
PCM sample bit depth                   : (Y:8, C:8)
Intra reference smoothing              : Enabled
diff_cu_chroma_qp_offset_depth         : -1
extended_precision_processing_flag     : Disabled
implicit_rdpcm_enabled_flag            : Disabled
explicit_rdpcm_enabled_flag            : Disabled
transform_skip_rotation_enabled_flag   : Disabled
transform_skip_context_enabled_flag    : Disabled
cross_component_prediction_enabled_flag: Disabled
high_precision_offsets_enabled_flag    : Disabled
persistent_rice_adaptation_enabled_flag: Disabled
cabac_bypass_alignment_enabled_flag    : Disabled
log2_sao_offset_scale_luma             : 0
log2_sao_offset_scale_chroma           : 0
Cost function:                         : Lossy coding (default)
RateControl                            : 0
WPMethod                               : 0
Max Num Merge Candidates               : 5

TOOL CFG: IBD:0 HAD:1 RDQ:1 RDQTS:1 RDpenalty:0 LQP:0 SQP:0 ASR:1 MinSearchWindow:96 RestrictMESampling:0 FEN:1 ECU:0 FDM:1 CFM:0 ESD:0 RQT:1 TransformSkip:1 TransformSkipFast:1 TransformSkipLog2MaxSize:2 Slice: M=0 SliceSegment: M=0 CIP:0 SAO:1 PCM:0 TransQuantBypassEnabled:0 WPP:0 WPB:0 PME:2  WaveFrontSynchro:0 WaveFrontSubstreams:1 ScalingList:0 TMVPMode:1 AQpS:0 SignBitHidingFlag:1 RecalQP:0

Non-environment-variable-controlled macros set as follows: 

                                RExt__DECODER_DEBUG_BIT_STATISTICS =   0
                                      RExt__HIGH_BIT_DEPTH_SUPPORT =   0
                            RExt__HIGH_PRECISION_FORWARD_TRANSFORM =   0
                                        O0043_BEST_EFFORT_DECODING =   0
                                         ME_ENABLE_ROUNDING_OF_MVS =   1

                   Input ChromaFormatIDC =   4:2:0
       Output (internal) ChromaFormatIDC =   4:2:0

POC    0 TId: 0 ( I-SLICE, nQP 19 QP 19 )    1526720 bits [Y 47.5603 dB    U 50.1630 dB    V 49.2911 dB] [ET    10 ] [L0 ] [L1 ]
POC   16 TId: 0 ( B-SLICE, nQP 23 QP 23 )     643080 bits [Y 44.7337 dB    U 47.2516 dB    V 46.4594 dB] [ET    37 ] [L0 0 ] [L1 0 ]
POC    8 TId: 1 ( B-SLICE, nQP 23 QP 23 )     480584 bits [Y 44.9884 dB    U 47.4140 dB    V 46.5498 dB] [ET    33 ] [L0 0 16 ] [L1 16 0 ]
POC    4 TId: 2 ( B-SLICE, nQP 26 QP 26 )     200400 bits [Y 44.4405 dB    U 47.5171 dB    V 46.7775 dB] [ET    28 ] [L0 0 8 ] [L1 8 16 ]
POC    2 TId: 3 ( B-SLICE, nQP 27 QP 27 )     108472 bits [Y 44.8795 dB    U 48.6049 dB    V 47.6938 dB] [ET    21 ] [L0 0 4 ] [L1 4 8 ]
POC    1 TId: 4 ( B-SLICE, nQP 29 QP 29 )      69856 bits [Y 44.5815 dB    U 48.9850 dB    V 48.1158 dB] [ET    19 ] [L0 0 2 ] [L1 2 4 ]
POC    3 TId: 4 ( B-SLICE, nQP 29 QP 29 )      64848 bits [Y 43.9261 dB    U 48.2350 dB    V 47.4877 dB] [ET    21 ] [L0 2 0 ] [L1 4 8 ]
POC    6 TId: 3 ( B-SLICE, nQP 27 QP 27 )     118176 bits [Y 44.2070 dB    U 47.6485 dB    V 46.7616 dB] [ET    26 ] [L0 4 0 ] [L1 8 16 ]
POC    5 TId: 4 ( B-SLICE, nQP 29 QP 29 )      65728 bits [Y 43.3939 dB    U 47.5082 dB    V 46.5282 dB] [ET    20 ] [L0 4 0 ] [L1 6 8 ]
POC    7 TId: 4 ( B-SLICE, nQP 29 QP 29 )      67808 bits [Y 43.5245 dB    U 47.5154 dB    V 46.5186 dB] [ET    23 ] [L0 6 4 ] [L1 8 16 ]
POC   12 TId: 2 ( B-SLICE, nQP 26 QP 26 )     235104 bits [Y 43.3627 dB    U 46.3128 dB    V 45.4873 dB] [ET    29 ] [L0 8 0 ] [L1 16 8 ]
POC   10 TId: 3 ( B-SLICE, nQP 27 QP 27 )     126264 bits [Y 43.7893 dB    U 47.1930 dB    V 46.4095 dB] [ET    26 ] [L0 8 0 ] [L1 12 16 ]
POC    9 TId: 4 ( B-SLICE, nQP 29 QP 29 )      68568 bits [Y 43.1170 dB    U 47.0803 dB    V 46.1457 dB] [ET    22 ] [L0 8 0 ] [L1 10 12 ]
POC   11 TId: 4 ( B-SLICE, nQP 29 QP 29 )      71488 bits [Y 42.7727 dB    U 46.6361 dB    V 45.9273 dB] [ET    21 ] [L0 10 8 ] [L1 12 16 ]
POC   14 TId: 3 ( B-SLICE, nQP 27 QP 27 )     119064 bits [Y 43.8133 dB    U 47.2809 dB    V 46.4637 dB] [ET    21 ] [L0 12 8 ] [L1 16 12 ]
POC   13 TId: 4 ( B-SLICE, nQP 29 QP 29 )      69056 bits [Y 42.7967 dB    U 46.7030 dB    V 45.8089 dB] [ET    20 ] [L0 12 8 ] [L1 14 16 ]
POC   15 TId: 4 ( B-SLICE, nQP 29 QP 29 )      69880 bits [Y 42.9868 dB    U 46.9654 dB    V 46.0467 dB] [ET    18 ] [L0 14 12 ] [L1 16 14 ]
POC   32 TId: 0 ( I-SLICE, nQP 19 QP 19 )    1453504 bits [Y 47.5899 dB    U 50.0649 dB    V 49.1614 dB] [ET    10 ] [L0 ] [L1 ]
POC   24 TId: 1 ( B-SLICE, nQP 23 QP 23 )     509192 bits [Y 44.6055 dB    U 47.1735 dB    V 46.3635 dB] [ET    45 ] [L0 16 8 ] [L1 32 16 ]
POC   20 TId: 2 ( B-SLICE, nQP 26 QP 26 )     242400 bits [Y 43.3255 dB    U 46.4199 dB    V 45.5803 dB] [ET    35 ] [L0 16 8 ] [L1 24 32 ]
POC   18 TId: 3 ( B-SLICE, nQP 27 QP 27 )     134320 bits [Y 43.7241 dB    U 47.1356 dB    V 46.3257 dB] [ET    26 ] [L0 16 8 ] [L1 20 24 ]
POC   17 TId: 4 ( B-SLICE, nQP 29 QP 29 )      68944 bits [Y 43.1267 dB    U 47.1297 dB    V 46.2841 dB] [ET    18 ] [L0 16 18 ] [L1 18 20 ]
POC   19 TId: 4 ( B-SLICE, nQP 29 QP 29 )      66400 bits [Y 42.8830 dB    U 46.9680 dB    V 46.0696 dB] [ET    20 ] [L0 18 16 ] [L1 20 24 ]
POC   22 TId: 3 ( B-SLICE, nQP 27 QP 27 )     126760 bits [Y 43.6010 dB    U 47.2596 dB    V 46.4319 dB] [ET    26 ] [L0 20 16 ] [L1 24 32 ]
POC   21 TId: 4 ( B-SLICE, nQP 29 QP 29 )      71704 bits [Y 42.6901 dB    U 46.8059 dB    V 45.9017 dB] [ET    21 ] [L0 20 16 ] [L1 22 24 ]
POC   23 TId: 4 ( B-SLICE, nQP 29 QP 29 )      73008 bits [Y 42.8021 dB    U 46.8945 dB    V 45.8855 dB] [ET    22 ] [L0 22 20 ] [L1 24 32 ]
POC   28 TId: 2 ( B-SLICE, nQP 26 QP 26 )     248928 bits [Y 43.2954 dB    U 45.8842 dB    V 44.9104 dB] [ET    30 ] [L0 24 16 ] [L1 32 24 ]
POC   26 TId: 3 ( B-SLICE, nQP 27 QP 27 )     125192 bits [Y 43.7342 dB    U 47.1659 dB    V 46.2939 dB] [ET    27 ] [L0 24 16 ] [L1 28 32 ]
POC   25 TId: 4 ( B-SLICE, nQP 29 QP 29 )      60648 bits [Y 43.1344 dB    U 47.0116 dB    V 46.1328 dB] [ET    22 ] [L0 24 16 ] [L1 26 28 ]
POC   27 TId: 4 ( B-SLICE, nQP 29 QP 29 )      73440 bits [Y 42.6416 dB    U 46.6392 dB    V 45.5867 dB] [ET    21 ] [L0 26 24 ] [L1 28 32 ]
POC   30 TId: 3 ( B-SLICE, nQP 27 QP 27 )     155952 bits [Y 43.3982 dB    U 46.4071 dB    V 45.2374 dB] [ET    23 ] [L0 28 24 ] [L1 32 28 ]
POC   29 TId: 4 ( B-SLICE, nQP 29 QP 29 )      72208 bits [Y 42.4167 dB    U 45.6067 dB    V 44.5764 dB] [ET    21 ] [L0 28 24 ] [L1 30 32 ]
POC   31 TId: 4 ( B-SLICE, nQP 29 QP 29 )      72480 bits [Y 43.5434 dB    U 48.1621 dB    V 47.0624 dB] [ET    19 ] [L0 30 28 ] [L1 32 30 ]
POC   48 TId: 0 ( B-SLICE, nQP 23 QP 23 )     658984 bits [Y 44.6929 dB    U 47.4471 dB    V 46.5498 dB] [ET    37 ] [L0 32 ] [L1 32 ]
POC   40 TId: 1 ( B-SLICE, nQP 23 QP 23 )     510136 bits [Y 44.7648 dB    U 47.6764 dB    V 46.6374 dB] [ET    34 ] [L0 32 48 ] [L1 48 32 ]
POC   36 TId: 2 ( B-SLICE, nQP 26 QP 26 )     228088 bits [Y 43.6822 dB    U 47.5214 dB    V 46.3469 dB] [ET    28 ] [L0 32 40 ] [L1 40 48 ]
POC   34 TId: 3 ( B-SLICE, nQP 27 QP 27 )     136688 bits [Y 43.6527 dB    U 47.0571 dB    V 45.7945 dB] [ET    22 ] [L0 32 36 ] [L1 36 40 ]
POC   33 TId: 4 ( B-SLICE, nQP 29 QP 29 )      64320 bits [Y 43.3930 dB    U 48.1525 dB    V 46.9167 dB] [ET    18 ] [L0 32 34 ] [L1 34 36 ]
POC   35 TId: 4 ( B-SLICE, nQP 29 QP 29 )      68688 bits [Y 42.7719 dB    U 47.2635 dB    V 46.1056 dB] [ET    21 ] [L0 34 32 ] [L1 36 40 ]
POC   38 TId: 3 ( B-SLICE, nQP 27 QP 27 )     128168 bits [Y 43.0032 dB    U 46.2706 dB    V 45.0570 dB] [ET    26 ] [L0 36 32 ] [L1 40 48 ]
POC   37 TId: 4 ( B-SLICE, nQP 29 QP 29 )      56752 bits [Y 42.6987 dB    U 46.9592 dB    V 45.7600 dB] [ET    19 ] [L0 36 32 ] [L1 38 40 ]
POC   39 TId: 4 ( B-SLICE, nQP 29 QP 29 )      65064 bits [Y 42.6625 dB    U 46.9416 dB    V 45.6875 dB] [ET    21 ] [L0 38 36 ] [L1 40 48 ]
POC   44 TId: 2 ( B-SLICE, nQP 26 QP 26 )     219136 bits [Y 43.4370 dB    U 46.7092 dB    V 45.6659 dB] [ET    28 ] [L0 40 32 ] [L1 48 40 ]
POC   42 TId: 3 ( B-SLICE, nQP 27 QP 27 )     147592 bits [Y 42.6696 dB    U 45.6380 dB    V 44.5720 dB] [ET    27 ] [L0 40 32 ] [L1 44 48 ]
POC   41 TId: 4 ( B-SLICE, nQP 29 QP 29 )      81216 bits [Y 42.1754 dB    U 46.2571 dB    V 45.1428 dB] [ET    22 ] [L0 40 32 ] [L1 42 44 ]
POC   43 TId: 4 ( B-SLICE, nQP 29 QP 29 )      62336 bits [Y 42.5131 dB    U 46.4881 dB    V 45.4802 dB] [ET    20 ] [L0 42 40 ] [L1 44 48 ]
POC   46 TId: 3 ( B-SLICE, nQP 27 QP 27 )     143792 bits [Y 42.7154 dB    U 45.6873 dB    V 44.5965 dB] [ET    23 ] [L0 44 40 ] [L1 48 44 ]
POC   45 TId: 4 ( B-SLICE, nQP 29 QP 29 )      67360 bits [Y 42.4596 dB    U 46.3934 dB    V 45.3640 dB] [ET    21 ] [L0 44 40 ] [L1 46 48 ]
POC   47 TId: 4 ( B-SLICE, nQP 29 QP 29 )      74488 bits [Y 42.4703 dB    U 46.6341 dB    V 45.5066 dB] [ET    19 ] [L0 46 44 ] [L1 48 46 ]
POC   56 TId: 1 ( B-SLICE, nQP 23 QP 23 )     526632 bits [Y 44.5559 dB    U 47.2401 dB    V 46.3590 dB] [ET    42 ] [L0 48 40 ] [L1 48 40 ]
POC   52 TId: 2 ( B-SLICE, nQP 26 QP 26 )     221472 bits [Y 43.2289 dB    U 46.5372 dB    V 45.6480 dB] [ET    28 ] [L0 48 40 ] [L1 56 48 ]
POC   50 TId: 3 ( B-SLICE, nQP 27 QP 27 )     135656 bits [Y 42.6886 dB    U 46.0338 dB    V 44.9844 dB] [ET    26 ] [L0 48 40 ] [L1 52 56 ]
POC   49 TId: 4 ( B-SLICE, nQP 29 QP 29 )      65824 bits [Y 42.4829 dB    U 46.6319 dB    V 45.6479 dB] [ET    18 ] [L0 48 50 ] [L1 50 52 ]
POC   51 TId: 4 ( B-SLICE, nQP 29 QP 29 )      63136 bits [Y 42.3196 dB    U 46.2292 dB    V 45.2518 dB] [ET    20 ] [L0 50 48 ] [L1 52 56 ]
POC   54 TId: 3 ( B-SLICE, nQP 27 QP 27 )     120640 bits [Y 42.6536 dB    U 45.7125 dB    V 44.7832 dB] [ET    22 ] [L0 52 48 ] [L1 56 52 ]
POC   53 TId: 4 ( B-SLICE, nQP 29 QP 29 )      72136 bits [Y 42.2060 dB    U 46.3275 dB    V 45.4195 dB] [ET    20 ] [L0 52 48 ] [L1 54 56 ]
POC   55 TId: 4 ( B-SLICE, nQP 29 QP 29 )      62360 bits [Y 42.5441 dB    U 46.4542 dB    V 45.5297 dB] [ET    18 ] [L0 54 52 ] [L1 56 54 ]
POC   58 TId: 3 ( B-SLICE, nQP 27 QP 27 )     190760 bits [Y 42.4107 dB    U 45.3761 dB    V 44.3361 dB] [ET    24 ] [L0 56 48 ] [L1 56 48 ]
POC   57 TId: 4 ( B-SLICE, nQP 29 QP 29 )      61056 bits [Y 42.5325 dB    U 46.3906 dB    V 45.4085 dB] [ET    20 ] [L0 56 48 ] [L1 58 56 ]
POC   59 TId: 4 ( B-SLICE, nQP 29 QP 29 )     105520 bits [Y 41.4936 dB    U 45.1492 dB    V 44.0810 dB] [ET    19 ] [L0 58 56 ] [L1 58 56 ]


SUMMARY --------------------------------------------------------
	Total Frames |   Bitrate     Y-PSNR    U-PSNR    V-PSNR    YUV-PSNR  
	       60    a    5999.0880   43.4044   46.9820   46.0151   44.0899  


I Slices--------------------------------------------------------
	Total Frames |   Bitrate     Y-PSNR    U-PSNR    V-PSNR    YUV-PSNR  
	        2    i   44703.3600   47.5751   50.1139   49.2263   48.1623  


P Slices--------------------------------------------------------
	Total Frames |   Bitrate     Y-PSNR    U-PSNR    V-PSNR    YUV-PSNR  
	        0    p         -nan      -nan      -nan      -nan      -nan  


B Slices--------------------------------------------------------
	Total Frames |   Bitrate     Y-PSNR    U-PSNR    V-PSNR    YUV-PSNR  
	       58    b    4664.4579   43.2606   46.8740   45.9044   43.9997  

RVM: 0.000
Bytes written to file: 1499772 (5999.088 kbps)

 Total Time:     1423.668 sec.
