******************************************************************
** WARNING: --SEIDecodedPictureHash is now disabled by default. **
**          Automatic verification of decoded pictures by a     **
**          decoder requires this option to be enabled.         **
******************************************************************
***************************************************************************
** WARNING: For conforming bitstreams a valid Level value must be set!   **
***************************************************************************

HM software: Encoder Version [16.20] (including RExt)[Linux][GCC 9.4.0][64 bit] 


Input          File                    : /home/pc-poincare/Documents/Alex/class_E/BasketballDrive_1920x1080_50.yuv
Bitstream      File                    : /home/pc-poincare/Documents/Alex/ViTech_Gerenciador-main/BasketballDrive_1920x1080_50/cq_22/video/coded_HM.hevc
Reconstruction File                    : /home/pc-poincare/Documents/Alex/ViTech_Gerenciador-main/BasketballDrive_1920x1080_50/cq_22/video/coded_HM.yuv
Real     Format                        : 1920x1080 50Hz
Internal Format                        : 1920x1080 50Hz
Sequence PSNR output                   : Linear average only
Sequence MSE output                    : Disabled
Frame MSE output                       : Disabled
MS-SSIM output                         : Disabled
xPSNR calculation                      : Disabled
Cabac-zero-word-padding                : Enabled
Frame/Field                            : Frame based coding
Frame index                            : 0 - 59 (60 frames)
Profile                                : main
CU size / depth / total-depth          : 64 / 4 / 4
RQT trans. size (min / max)            : 4 / 32
Max RQT depth inter                    : 3
Max RQT depth intra                    : 3
Min PCM size                           : 8
Motion search range                    : 384
Intra period                           : 32
Decoding refresh type                  : 1
QP                                     : 22
Max dQP signaling depth                : 0
Cb QP Offset                           : 0
Cr QP Offset                           : 0
QP adaptation                          : 0 (range=0)
GOP size                               : 16
Input bit depth                        : (Y:8, C:8)
MSB-extended bit depth                 : (Y:8, C:8)
Internal bit depth                     : (Y:8, C:8)
PCM sample bit depth                   : (Y:8, C:8)
Intra reference smoothing              : Enabled
diff_cu_chroma_qp_offset_depth         : -1
extended_precision_processing_flag     : Disabled
implicit_rdpcm_enabled_flag            : Disabled
explicit_rdpcm_enabled_flag            : Disabled
transform_skip_rotation_enabled_flag   : Disabled
transform_skip_context_enabled_flag    : Disabled
cross_component_prediction_enabled_flag: Disabled
high_precision_offsets_enabled_flag    : Disabled
persistent_rice_adaptation_enabled_flag: Disabled
cabac_bypass_alignment_enabled_flag    : Disabled
log2_sao_offset_scale_luma             : 0
log2_sao_offset_scale_chroma           : 0
Cost function:                         : Lossy coding (default)
RateControl                            : 0
WPMethod                               : 0
Max Num Merge Candidates               : 5

TOOL CFG: IBD:0 HAD:1 RDQ:1 RDQTS:1 RDpenalty:0 LQP:0 SQP:0 ASR:1 MinSearchWindow:96 RestrictMESampling:0 FEN:1 ECU:0 FDM:1 CFM:0 ESD:0 RQT:1 TransformSkip:1 TransformSkipFast:1 TransformSkipLog2MaxSize:2 Slice: M=0 SliceSegment: M=0 CIP:0 SAO:1 PCM:0 TransQuantBypassEnabled:0 WPP:0 WPB:0 PME:2  WaveFrontSynchro:0 WaveFrontSubstreams:1 ScalingList:0 TMVPMode:1 AQpS:0 SignBitHidingFlag:1 RecalQP:0

Non-environment-variable-controlled macros set as follows: 

                                RExt__DECODER_DEBUG_BIT_STATISTICS =   0
                                      RExt__HIGH_BIT_DEPTH_SUPPORT =   0
                            RExt__HIGH_PRECISION_FORWARD_TRANSFORM =   0
                                        O0043_BEST_EFFORT_DECODING =   0
                                         ME_ENABLE_ROUNDING_OF_MVS =   1

                   Input ChromaFormatIDC =   4:2:0
       Output (internal) ChromaFormatIDC =   4:2:0

POC    0 TId: 0 ( I-SLICE, nQP 19 QP 19 )    2423192 bits [Y 44.7203 dB    U 45.8931 dB    V 47.6347 dB] [ET    12 ] [L0 ] [L1 ]
POC   16 TId: 0 ( B-SLICE, nQP 23 QP 23 )     703448 bits [Y 40.7247 dB    U 45.0992 dB    V 46.6122 dB] [ET    56 ] [L0 0 ] [L1 0 ]
POC    8 TId: 1 ( B-SLICE, nQP 23 QP 23 )     606696 bits [Y 40.6637 dB    U 45.1036 dB    V 46.5964 dB] [ET    49 ] [L0 0 16 ] [L1 16 0 ]
POC    4 TId: 2 ( B-SLICE, nQP 26 QP 26 )     279504 bits [Y 39.6962 dB    U 44.6190 dB    V 45.8080 dB] [ET    42 ] [L0 0 8 ] [L1 8 16 ]
POC    2 TId: 3 ( B-SLICE, nQP 27 QP 27 )     183000 bits [Y 39.5448 dB    U 44.5831 dB    V 45.6687 dB] [ET    29 ] [L0 0 4 ] [L1 4 8 ]
POC    1 TId: 4 ( B-SLICE, nQP 29 QP 29 )      89352 bits [Y 39.2810 dB    U 44.5630 dB    V 45.5185 dB] [ET    22 ] [L0 0 2 ] [L1 2 4 ]
POC    3 TId: 4 ( B-SLICE, nQP 29 QP 29 )      80640 bits [Y 39.2449 dB    U 44.3327 dB    V 45.2756 dB] [ET    23 ] [L0 2 0 ] [L1 4 8 ]
POC    6 TId: 3 ( B-SLICE, nQP 27 QP 27 )     177720 bits [Y 39.4863 dB    U 44.5693 dB    V 45.5896 dB] [ET    35 ] [L0 4 0 ] [L1 8 16 ]
POC    5 TId: 4 ( B-SLICE, nQP 29 QP 29 )      88184 bits [Y 39.1611 dB    U 44.3870 dB    V 45.2326 dB] [ET    24 ] [L0 4 0 ] [L1 6 8 ]
POC    7 TId: 4 ( B-SLICE, nQP 29 QP 29 )      87344 bits [Y 39.2321 dB    U 44.5037 dB    V 45.4348 dB] [ET    27 ] [L0 6 4 ] [L1 8 16 ]
POC   12 TId: 2 ( B-SLICE, nQP 26 QP 26 )     236920 bits [Y 39.7567 dB    U 44.6644 dB    V 45.9072 dB] [ET    39 ] [L0 8 0 ] [L1 16 8 ]
POC   10 TId: 3 ( B-SLICE, nQP 27 QP 27 )     162376 bits [Y 39.5254 dB    U 44.5878 dB    V 45.7023 dB] [ET    35 ] [L0 8 0 ] [L1 12 16 ]
POC    9 TId: 4 ( B-SLICE, nQP 29 QP 29 )      82272 bits [Y 39.2419 dB    U 44.5175 dB    V 45.5142 dB] [ET    28 ] [L0 8 0 ] [L1 10 12 ]
POC   11 TId: 4 ( B-SLICE, nQP 29 QP 29 )      68600 bits [Y 39.2810 dB    U 44.4240 dB    V 45.4670 dB] [ET    23 ] [L0 10 8 ] [L1 12 16 ]
POC   14 TId: 3 ( B-SLICE, nQP 27 QP 27 )     139240 bits [Y 39.6507 dB    U 44.5881 dB    V 45.7767 dB] [ET    26 ] [L0 12 8 ] [L1 16 12 ]
POC   13 TId: 4 ( B-SLICE, nQP 29 QP 29 )      60808 bits [Y 39.3552 dB    U 44.4018 dB    V 45.4842 dB] [ET    22 ] [L0 12 8 ] [L1 14 16 ]
POC   15 TId: 4 ( B-SLICE, nQP 29 QP 29 )      62880 bits [Y 39.4496 dB    U 44.5072 dB    V 45.6295 dB] [ET    20 ] [L0 14 12 ] [L1 16 14 ]
POC   32 TId: 0 ( I-SLICE, nQP 19 QP 19 )    2509608 bits [Y 44.7577 dB    U 45.6739 dB    V 47.4374 dB] [ET    13 ] [L0 ] [L1 ]
POC   24 TId: 1 ( B-SLICE, nQP 23 QP 23 )     594120 bits [Y 40.5751 dB    U 45.0134 dB    V 46.5020 dB] [ET    66 ] [L0 16 8 ] [L1 32 16 ]
POC   20 TId: 2 ( B-SLICE, nQP 26 QP 26 )     221640 bits [Y 39.8220 dB    U 44.6621 dB    V 45.9703 dB] [ET    49 ] [L0 16 8 ] [L1 24 32 ]
POC   18 TId: 3 ( B-SLICE, nQP 27 QP 27 )     135904 bits [Y 39.6790 dB    U 44.5773 dB    V 45.8311 dB] [ET    33 ] [L0 16 8 ] [L1 20 24 ]
POC   17 TId: 4 ( B-SLICE, nQP 29 QP 29 )      60824 bits [Y 39.4872 dB    U 44.5225 dB    V 45.6980 dB] [ET    19 ] [L0 16 18 ] [L1 18 20 ]
POC   19 TId: 4 ( B-SLICE, nQP 29 QP 29 )      61248 bits [Y 39.4597 dB    U 44.4537 dB    V 45.5470 dB] [ET    22 ] [L0 18 16 ] [L1 20 24 ]
POC   22 TId: 3 ( B-SLICE, nQP 27 QP 27 )     145744 bits [Y 39.6508 dB    U 44.5156 dB    V 45.7156 dB] [ET    34 ] [L0 20 16 ] [L1 24 32 ]
POC   21 TId: 4 ( B-SLICE, nQP 29 QP 29 )      64296 bits [Y 39.4567 dB    U 44.3573 dB    V 45.4644 dB] [ET    22 ] [L0 20 16 ] [L1 22 24 ]
POC   23 TId: 4 ( B-SLICE, nQP 29 QP 29 )      73056 bits [Y 39.4304 dB    U 44.3374 dB    V 45.5150 dB] [ET    27 ] [L0 22 20 ] [L1 24 32 ]
POC   28 TId: 2 ( B-SLICE, nQP 26 QP 26 )     300408 bits [Y 39.5584 dB    U 44.4289 dB    V 45.6313 dB] [ET    43 ] [L0 24 16 ] [L1 32 24 ]
POC   26 TId: 3 ( B-SLICE, nQP 27 QP 27 )     173616 bits [Y 39.5161 dB    U 44.3649 dB    V 45.5234 dB] [ET    35 ] [L0 24 16 ] [L1 28 32 ]
POC   25 TId: 4 ( B-SLICE, nQP 29 QP 29 )      82040 bits [Y 39.3367 dB    U 44.3141 dB    V 45.4164 dB] [ET    27 ] [L0 24 16 ] [L1 26 28 ]
POC   27 TId: 4 ( B-SLICE, nQP 29 QP 29 )      89064 bits [Y 39.2111 dB    U 44.1899 dB    V 45.1740 dB] [ET    24 ] [L0 26 24 ] [L1 28 32 ]
POC   30 TId: 3 ( B-SLICE, nQP 27 QP 27 )     188296 bits [Y 39.3410 dB    U 44.3323 dB    V 45.5116 dB] [ET    30 ] [L0 28 24 ] [L1 32 28 ]
POC   29 TId: 4 ( B-SLICE, nQP 29 QP 29 )      86960 bits [Y 39.1204 dB    U 44.1865 dB    V 45.1674 dB] [ET    24 ] [L0 28 24 ] [L1 30 32 ]
POC   31 TId: 4 ( B-SLICE, nQP 29 QP 29 )      88096 bits [Y 39.0444 dB    U 44.3852 dB    V 45.5782 dB] [ET    22 ] [L0 30 28 ] [L1 32 30 ]
POC   48 TId: 0 ( B-SLICE, nQP 23 QP 23 )    1081800 bits [Y 40.5146 dB    U 44.2254 dB    V 45.6291 dB] [ET    63 ] [L0 32 ] [L1 32 ]
POC   40 TId: 1 ( B-SLICE, nQP 23 QP 23 )     746584 bits [Y 40.4925 dB    U 44.5761 dB    V 46.0833 dB] [ET    54 ] [L0 32 48 ] [L1 48 32 ]
POC   36 TId: 2 ( B-SLICE, nQP 26 QP 26 )     334992 bits [Y 39.5545 dB    U 44.1197 dB    V 45.2694 dB] [ET    48 ] [L0 32 40 ] [L1 40 48 ]
POC   34 TId: 3 ( B-SLICE, nQP 27 QP 27 )     227584 bits [Y 39.3852 dB    U 44.1295 dB    V 45.2011 dB] [ET    31 ] [L0 32 36 ] [L1 36 40 ]
POC   33 TId: 4 ( B-SLICE, nQP 29 QP 29 )     110592 bits [Y 39.1212 dB    U 44.2013 dB    V 45.2485 dB] [ET    22 ] [L0 32 34 ] [L1 34 36 ]
POC   35 TId: 4 ( B-SLICE, nQP 29 QP 29 )     105192 bits [Y 39.0979 dB    U 43.9567 dB    V 44.8668 dB] [ET    25 ] [L0 34 32 ] [L1 36 40 ]
POC   38 TId: 3 ( B-SLICE, nQP 27 QP 27 )     211576 bits [Y 39.3408 dB    U 44.0131 dB    V 45.1408 dB] [ET    39 ] [L0 36 32 ] [L1 40 48 ]
POC   37 TId: 4 ( B-SLICE, nQP 29 QP 29 )      99280 bits [Y 39.0575 dB    U 43.9334 dB    V 44.9058 dB] [ET    25 ] [L0 36 32 ] [L1 38 40 ]
POC   39 TId: 4 ( B-SLICE, nQP 29 QP 29 )      98040 bits [Y 39.0490 dB    U 44.0174 dB    V 45.1151 dB] [ET    29 ] [L0 38 36 ] [L1 40 48 ]
POC   44 TId: 2 ( B-SLICE, nQP 26 QP 26 )     375880 bits [Y 39.3510 dB    U 43.8335 dB    V 44.9293 dB] [ET    46 ] [L0 40 32 ] [L1 48 40 ]
POC   42 TId: 3 ( B-SLICE, nQP 27 QP 27 )     225328 bits [Y 39.2408 dB    U 43.8980 dB    V 44.9034 dB] [ET    39 ] [L0 40 32 ] [L1 44 48 ]
POC   41 TId: 4 ( B-SLICE, nQP 29 QP 29 )     104208 bits [Y 38.9793 dB    U 43.9511 dB    V 44.8995 dB] [ET    29 ] [L0 40 32 ] [L1 42 44 ]
POC   43 TId: 4 ( B-SLICE, nQP 29 QP 29 )     111848 bits [Y 38.8410 dB    U 43.7234 dB    V 44.5247 dB] [ET    26 ] [L0 42 40 ] [L1 44 48 ]
POC   46 TId: 3 ( B-SLICE, nQP 27 QP 27 )     263264 bits [Y 38.9613 dB    U 43.6562 dB    V 44.5816 dB] [ET    31 ] [L0 44 40 ] [L1 48 44 ]
POC   45 TId: 4 ( B-SLICE, nQP 29 QP 29 )     126664 bits [Y 38.6333 dB    U 43.6082 dB    V 44.3802 dB] [ET    26 ] [L0 44 40 ] [L1 46 48 ]
POC   47 TId: 4 ( B-SLICE, nQP 29 QP 29 )     123888 bits [Y 38.5653 dB    U 43.6327 dB    V 44.5269 dB] [ET    22 ] [L0 46 44 ] [L1 48 46 ]
POC   56 TId: 1 ( B-SLICE, nQP 23 QP 23 )    1036680 bits [Y 40.4503 dB    U 44.0490 dB    V 45.5145 dB] [ET    68 ] [L0 48 40 ] [L1 48 40 ]
POC   52 TId: 2 ( B-SLICE, nQP 26 QP 26 )     391904 bits [Y 39.1515 dB    U 43.6306 dB    V 44.8047 dB] [ET    46 ] [L0 48 40 ] [L1 56 48 ]
POC   50 TId: 3 ( B-SLICE, nQP 27 QP 27 )     276008 bits [Y 38.8544 dB    U 43.4864 dB    V 44.5194 dB] [ET    41 ] [L0 48 40 ] [L1 52 56 ]
POC   49 TId: 4 ( B-SLICE, nQP 29 QP 29 )     129528 bits [Y 38.5284 dB    U 43.5313 dB    V 44.4268 dB] [ET    23 ] [L0 48 50 ] [L1 50 52 ]
POC   51 TId: 4 ( B-SLICE, nQP 29 QP 29 )     130840 bits [Y 38.4390 dB    U 43.3374 dB    V 44.1759 dB] [ET    26 ] [L0 50 48 ] [L1 52 56 ]
POC   54 TId: 3 ( B-SLICE, nQP 27 QP 27 )     278832 bits [Y 38.8016 dB    U 43.4771 dB    V 44.5227 dB] [ET    32 ] [L0 52 48 ] [L1 56 52 ]
POC   53 TId: 4 ( B-SLICE, nQP 29 QP 29 )     133536 bits [Y 38.4505 dB    U 43.3951 dB    V 44.2139 dB] [ET    26 ] [L0 52 48 ] [L1 54 56 ]
POC   55 TId: 4 ( B-SLICE, nQP 29 QP 29 )     132984 bits [Y 38.3729 dB    U 43.4282 dB    V 44.3598 dB] [ET    24 ] [L0 54 52 ] [L1 56 54 ]
POC   58 TId: 3 ( B-SLICE, nQP 27 QP 27 )     360096 bits [Y 38.5112 dB    U 43.1530 dB    V 44.1607 dB] [ET    38 ] [L0 56 48 ] [L1 56 48 ]
POC   57 TId: 4 ( B-SLICE, nQP 29 QP 29 )     144472 bits [Y 38.1763 dB    U 43.2191 dB    V 44.1367 dB] [ET    29 ] [L0 56 48 ] [L1 58 56 ]
POC   59 TId: 4 ( B-SLICE, nQP 29 QP 29 )     209960 bits [Y 37.8641 dB    U 42.6933 dB    V 43.4430 dB] [ET    28 ] [L0 58 56 ] [L1 58 56 ]


SUMMARY --------------------------------------------------------
	Total Frames |   Bitrate     Y-PSNR    U-PSNR    V-PSNR    YUV-PSNR  
	       60    a   14982.2133   39.4875   44.2089   45.3170   40.5357  


I Slices--------------------------------------------------------
	Total Frames |   Bitrate     Y-PSNR    U-PSNR    V-PSNR    YUV-PSNR  
	        2    i  123320.0000   44.7390   45.7835   47.5361   45.2681  


P Slices--------------------------------------------------------
	Total Frames |   Bitrate     Y-PSNR    U-PSNR    V-PSNR    YUV-PSNR  
	        0    p         -nan      -nan      -nan      -nan      -nan  


B Slices--------------------------------------------------------
	Total Frames |   Bitrate     Y-PSNR    U-PSNR    V-PSNR    YUV-PSNR  
	       58    b   11246.4276   39.3064   44.1546   45.2405   40.4374  

RVM: 0.000
Bytes written to file: 2247332 (14982.213 kbps)

 Total Time:     1939.638 sec.
