
Warning: Hierarchical coding or Referenced B slices used.
         Make sure that you have allocated enough references
         in reference buffer to achieve best performance.
Setting Default Parameters...
Parsing Configfile /home/pc-einstein/Documents/Alex/Vitech_Gerenciador/JM/bin/encoder.cfg.............................................................................................................................................................................................................................................................................................................................................................................................................................
Parsing command line string 'SourceWidth = 1280'.
Parsing command line string 'SourceHeight = 720'.
Parsing command line string 'FrameRate = 23.98'.
Parsing command line string 'SourceBitDepthLuma = 10'.
Parsing command line string 'SourceBitDepthChroma = 10'.
Parsing command line string 'OutputBitDepthLuma = 10'.
Parsing command line string 'OutputBitDepthChroma = 10'.
Parsing command line string 'QPISlice = 22'.
Parsing command line string 'QPPSlice = 22'.
Parsing command line string 'FramesToBeEncoded = 60'.
Parsing command line string 'OutputFile = /home/pc-einstein/Documents/Alex/Vitech_Gerenciador/boat_hdr_amazon_720p/cq_22/video/coded_JM.h264'.
Parsing command line string 'InputFile = /home/pc-einstein/Documents/Alex/class_C/boat_hdr_amazon_720p.yuv'.
Parsing command line string 'ReconFile = /home/pc-einstein/Documents/Alex/Vitech_Gerenciador/boat_hdr_amazon_720p/cq_22/video/coded_JM.yuv'.
Parsing command line string 'LeakyBucketParamFile = /home/pc-einstein/Documents/Alex/Vitech_Gerenciador/boat_hdr_amazon_720p/cq_22/log/leakybucketparam.cfg'.
Parsing command line string 'StatsFile = /home/pc-einstein/Documents/Alex/Vitech_Gerenciador/boat_hdr_amazon_720p/cq_22/log/stats.dat'.

------------------------------- JM 19.0 (FRExt) -------------------------------
 Input YUV file                    : /home/pc-einstein/Documents/Alex/class_C/boat_hdr_amazon_720p.yuv 
 Output H.264 bitstream            : /home/pc-einstein/Documents/Alex/Vitech_Gerenciador/boat_hdr_amazon_720p/cq_22/video/coded_JM.h264 
 Output YUV file                   : /home/pc-einstein/Documents/Alex/Vitech_Gerenciador/boat_hdr_amazon_720p/cq_22/video/coded_JM.yuv 
 YUV Format                        : YUV 4:2:0 
 Frames to be encoded              : 60
 Freq. for encoded bitstream       : 23.98
 PicInterlace / MbInterlace        : 0/0
 Transform8x8Mode                  : 1
 ME Metric for Refinement Level 0  : SAD
 ME Metric for Refinement Level 1  : Hadamard SAD
 ME Metric for Refinement Level 2  : Hadamard SAD
 Mode Decision Metric              : Hadamard SAD
 Motion Estimation for components  : Y
 Image format                      : 1280x720 (1280x720)
 Error robustness                  : Off
 Search range                      : 32
 Total number of references        : 5
 References for P slices           : 5
 References for B slices (L0, L1)  : 5, 1
 Sequence type                     : Hierarchy (QP: I 22, P 22, B 30) 
 Entropy coding method             : CABAC
 Profile/Level IDC                 : (100,40)
 Motion Estimation Scheme          : EPZS
 EPZS Pattern                      : Extended Diamond
 EPZS Dual Pattern                 : Extended Diamond
 EPZS Fixed Predictors             : Aggressive
 EPZS Aggressive Predictors        : Disabled
 EPZS Temporal Predictors          : Enabled
 EPZS Spatial Predictors           : Enabled
 EPZS Threshold Multipliers        : (1 0 2)
 EPZS Subpel ME                    : Basic
 EPZS Subpel ME BiPred             : Basic
 Search range restrictions         : none
 RD-optimized mode decision        : used
 Data Partitioning Mode            : 1 partition 
 Output File Format                : H.264/AVC Annex B Byte Stream Format 
-------------------------------------------------------------------------------
Frame     Bit/pic    QP   SnrY    SnrU    SnrV    Time(ms) MET(ms) Frm/Fld Ref  
-------------------------------------------------------------------------------
00000(NVB)     336 
00000(IDR)  538200   22  44.902  47.324  48.939      1141       0    FRM    3
00008( P )  290704   22  44.431  46.965  48.634      1901     331    FRM    2
00004( B )   81312   30  40.190  46.240  48.319      2733     995    FRM    1
00002( B )   56864   31  39.651  46.455  48.504      2878    1162    FRM    1
00001( B )    1176   32  44.862  47.329  48.938      2485     980    FRM    0
00003( B )   37392   32  38.447  46.211  48.329      2940    1304    FRM    0
00006( B )   65576   31  39.873  46.290  48.318      3196    1421    FRM    1
00005( B )   37520   32  38.672  46.147  48.261      3191    1503    FRM    0
00007( B )   38472   32  38.941  46.371  48.396      3164    1516    FRM    0
00016( P )  295912   22  44.695  47.043  48.686      3219    1521    FRM    2
00012( B )   85400   30  40.499  46.152  48.239      3663    1787    FRM    1
00010( B )   68680   31  40.006  46.185  48.295      3582    1736    FRM    1
00009( B )   38768   32  39.073  46.376  48.359      3297    1586    FRM    0
00011( B )   40928   32  38.773  46.181  48.262      3328    1594    FRM    0
00014( B )   71624   31  40.005  46.145  48.230      3546    1715    FRM    1
00013( B )   42696   32  38.785  46.070  48.197      3193    1522    FRM    0
00015( B )   40664   32  39.111  46.442  48.447      3199    1545    FRM    0
00024( P )  292424   22  44.735  47.064  48.724      3287    1567    FRM    2
00020( B )   88160   30  40.632  46.106  48.161      3750    1851    FRM    1
00018( B )   70360   31  40.159  46.182  48.278      3464    1668    FRM    1
00017( B )   40744   32  39.272  46.423  48.427      3187    1520    FRM    0
00019( B )   42640   32  38.895  46.134  48.172      3211    1526    FRM    0
00022( B )   72064   31  40.076  46.104  48.231      3639    1760    FRM    1
00021( B )   41576   32  38.825  45.952  48.096      3242    1549    FRM    0
00023( B )   42048   32  39.143  46.411  48.412      3244    1556    FRM    0
00032( P )  283088   22  44.855  47.083  48.718      3290    1553    FRM    2
00028( B )   86688   30  40.737  46.211  48.316      3819    1817    FRM    1
00026( B )   70376   31  40.165  46.189  48.321      3564    1706    FRM    1
00025( B )   40968   32  39.123  46.311  48.386      3327    1568    FRM    0
00027( B )   41016   32  38.972  46.128  48.241      3259    1537    FRM    0
00030( B )   72768   31  40.132  46.273  48.328      3497    1679    FRM    1
00029( B )   43192   32  38.941  46.146  48.267      3246    1532    FRM    0
00031( B )   39168   32  39.244  46.469  48.420      3204    1530    FRM    0
00040( P )  285440   22  44.803  47.063  48.682      3292    1562    FRM    2
00036( B )   89040   30  40.738  46.268  48.260      3604    1754    FRM    1
00034( B )   71688   31  40.248  46.304  48.351      3428    1640    FRM    1
00033( B )   41200   32  39.267  46.378  48.395      3119    1469    FRM    0
00035( B )   42528   32  38.938  46.255  48.265      3176    1486    FRM    0
00038( B )   72744   31  40.337  46.243  48.304      3401    1621    FRM    1
00037( B )   44944   32  39.112  46.229  48.216      3158    1471    FRM    0
00039( B )   44688   32  39.482  46.471  48.397      3168    1498    FRM    0
00048( P )  276536   22  44.894  47.060  48.684      3131    1463    FRM    2
00044( B )   85944   30  40.865  46.280  48.317      3582    1737    FRM    1
00042( B )   70248   31  40.313  46.278  48.217      3412    1634    FRM    1
00041( B )   41504   32  39.314  46.410  48.358      3133    1479    FRM    0
00043( B )   40784   32  39.099  46.244  48.227      3167    1492    FRM    0
00046( B )   69656   31  40.408  46.219  48.302      3432    1645    FRM    1
00045( B )   40672   32  39.065  46.221  48.281      3141    1493    FRM    0
00047( B )   40616   32  39.573  46.353  48.401      3160    1503    FRM    0
00056( P )  290640   22  44.860  47.002  48.642      3162    1473    FRM    2
00052( B )   87816   30  40.822  46.275  48.279      3571    1736    FRM    1
00050( B )   72704   31  40.305  46.208  48.221      3457    1639    FRM    1
00049( B )   42608   32  39.450  46.384  48.358      3153    1493    FRM    0
00051( B )   41760   32  38.946  46.163  48.193      3160    1495    FRM    0
00054( B )   71792   31  40.396  46.362  48.345      3459    1652    FRM    1
00053( B )   41624   32  39.078  46.265  48.288      3149    1491    FRM    0
00055( B )   43248   32  39.281  46.480  48.423      3200    1512    FRM    0
00059( P )  279072   22  44.868  47.024  48.675      3120    1447    FRM    2
00057( B )   72144   30  40.783  46.435  48.370      3254    1547    FRM    0
00058( B )   71280   30  40.760  46.450  48.446      3294    1556    FRM    0
-------------------------------------------------------------------------------
 Total Frames:  60 
 LeakyBucketRate File does not exist. Using rate calculated from avg. rate 
 Number Leaky Buckets: 8 
     Rmin     Bmin     Fmin 
  2266925   734371   734371 
  2833644   710738   710738 
  3400363   687105   687105 
  3967082   663472   663472 
  4533801   639839   639839 
  5100520   616206   616206 
  5667239   592573   592573 
  6233958   568940   568940 
------------------ Average data all frames  -----------------------------------

 Total encoding time for the seq.  : 193.398 sec (0.31 fps)
 Total ME time for sequence        :  90.153 sec 

 Y { PSNR (dB), cSNR (dB), MSE }   : {  40.514,  40.139, 101.35688 }
 U { PSNR (dB), cSNR (dB), MSE }   : {  46.407,  46.395,  24.00155 }
 V { PSNR (dB), cSNR (dB), MSE }   : {  48.379,  48.375,  15.21280 }

 Total bits                        : 5672424 (I 538200, P 2293816, B 2840072 NVB 336) 
 Bit rate (kbit/s)  @ 23.98 Hz     : 2267.08
 Bits to avoid Startcode Emulation : 402 
 Bits for parameter sets           : 336 
 Bits for filler data              : 0 

-------------------------------------------------------------------------------
Exit JM 19 (FRExt) encoder ver 19.0 
