******************************************************************
** WARNING: --SEIDecodedPictureHash is now disabled by default. **
**          Automatic verification of decoded pictures by a     **
**          decoder requires this option to be enabled.         **
******************************************************************
***************************************************************************
** WARNING: For conforming bitstreams a valid Level value must be set!   **
***************************************************************************

HM software: Encoder Version [16.20] (including RExt)[Linux][GCC 9.4.0][64 bit] 


Input          File                    : /home/pc-poincare/Documents/Alex/class_E/crowd_run_1080p50_60f.yuv
Bitstream      File                    : /home/pc-poincare/Documents/Alex/ViTech_Gerenciador-main/crowd_run_1080p50_60f/cq_22/video/coded_HM.hevc
Reconstruction File                    : /home/pc-poincare/Documents/Alex/ViTech_Gerenciador-main/crowd_run_1080p50_60f/cq_22/video/coded_HM.yuv
Real     Format                        : 1920x1080 50Hz
Internal Format                        : 1920x1080 50Hz
Sequence PSNR output                   : Linear average only
Sequence MSE output                    : Disabled
Frame MSE output                       : Disabled
MS-SSIM output                         : Disabled
xPSNR calculation                      : Disabled
Cabac-zero-word-padding                : Enabled
Frame/Field                            : Frame based coding
Frame index                            : 0 - 59 (60 frames)
Profile                                : main
CU size / depth / total-depth          : 64 / 4 / 4
RQT trans. size (min / max)            : 4 / 32
Max RQT depth inter                    : 3
Max RQT depth intra                    : 3
Min PCM size                           : 8
Motion search range                    : 384
Intra period                           : 32
Decoding refresh type                  : 1
QP                                     : 22
Max dQP signaling depth                : 0
Cb QP Offset                           : 0
Cr QP Offset                           : 0
QP adaptation                          : 0 (range=0)
GOP size                               : 16
Input bit depth                        : (Y:8, C:8)
MSB-extended bit depth                 : (Y:8, C:8)
Internal bit depth                     : (Y:8, C:8)
PCM sample bit depth                   : (Y:8, C:8)
Intra reference smoothing              : Enabled
diff_cu_chroma_qp_offset_depth         : -1
extended_precision_processing_flag     : Disabled
implicit_rdpcm_enabled_flag            : Disabled
explicit_rdpcm_enabled_flag            : Disabled
transform_skip_rotation_enabled_flag   : Disabled
transform_skip_context_enabled_flag    : Disabled
cross_component_prediction_enabled_flag: Disabled
high_precision_offsets_enabled_flag    : Disabled
persistent_rice_adaptation_enabled_flag: Disabled
cabac_bypass_alignment_enabled_flag    : Disabled
log2_sao_offset_scale_luma             : 0
log2_sao_offset_scale_chroma           : 0
Cost function:                         : Lossy coding (default)
RateControl                            : 0
WPMethod                               : 0
Max Num Merge Candidates               : 5

TOOL CFG: IBD:0 HAD:1 RDQ:1 RDQTS:1 RDpenalty:0 LQP:0 SQP:0 ASR:1 MinSearchWindow:96 RestrictMESampling:0 FEN:1 ECU:0 FDM:1 CFM:0 ESD:0 RQT:1 TransformSkip:1 TransformSkipFast:1 TransformSkipLog2MaxSize:2 Slice: M=0 SliceSegment: M=0 CIP:0 SAO:1 PCM:0 TransQuantBypassEnabled:0 WPP:0 WPB:0 PME:2  WaveFrontSynchro:0 WaveFrontSubstreams:1 ScalingList:0 TMVPMode:1 AQpS:0 SignBitHidingFlag:1 RecalQP:0

Non-environment-variable-controlled macros set as follows: 

                                RExt__DECODER_DEBUG_BIT_STATISTICS =   0
                                      RExt__HIGH_BIT_DEPTH_SUPPORT =   0
                            RExt__HIGH_PRECISION_FORWARD_TRANSFORM =   0
                                        O0043_BEST_EFFORT_DECODING =   0
                                         ME_ENABLE_ROUNDING_OF_MVS =   1

                   Input ChromaFormatIDC =   4:2:0
       Output (internal) ChromaFormatIDC =   4:2:0

POC    0 TId: 0 ( I-SLICE, nQP 19 QP 19 )    5355656 bits [Y 43.7378 dB    U 43.3426 dB    V 43.6966 dB] [ET    16 ] [L0 ] [L1 ]
POC   16 TId: 0 ( B-SLICE, nQP 23 QP 23 )    3022064 bits [Y 40.1111 dB    U 40.7739 dB    V 41.3499 dB] [ET    66 ] [L0 0 ] [L1 0 ]
POC    8 TId: 1 ( B-SLICE, nQP 23 QP 23 )    2748120 bits [Y 40.0434 dB    U 40.7660 dB    V 41.3344 dB] [ET    65 ] [L0 0 16 ] [L1 16 0 ]
POC    4 TId: 2 ( B-SLICE, nQP 26 QP 26 )    1502840 bits [Y 37.6870 dB    U 39.3656 dB    V 40.1342 dB] [ET    54 ] [L0 0 8 ] [L1 8 16 ]
POC    2 TId: 3 ( B-SLICE, nQP 27 QP 27 )     921912 bits [Y 37.1731 dB    U 39.2212 dB    V 40.1059 dB] [ET    42 ] [L0 0 4 ] [L1 4 8 ]
POC    1 TId: 4 ( B-SLICE, nQP 29 QP 29 )     381688 bits [Y 36.3896 dB    U 39.2529 dB    V 40.2870 dB] [ET    31 ] [L0 0 2 ] [L1 2 4 ]
POC    3 TId: 4 ( B-SLICE, nQP 29 QP 29 )     374864 bits [Y 36.2477 dB    U 38.8938 dB    V 39.7545 dB] [ET    33 ] [L0 2 0 ] [L1 4 8 ]
POC    6 TId: 3 ( B-SLICE, nQP 27 QP 27 )     875048 bits [Y 37.2749 dB    U 39.1675 dB    V 39.9620 dB] [ET    46 ] [L0 4 0 ] [L1 8 16 ]
POC    5 TId: 4 ( B-SLICE, nQP 29 QP 29 )     367688 bits [Y 36.3631 dB    U 38.8955 dB    V 39.7024 dB] [ET    33 ] [L0 4 0 ] [L1 6 8 ]
POC    7 TId: 4 ( B-SLICE, nQP 29 QP 29 )     357104 bits [Y 36.4240 dB    U 39.0735 dB    V 39.9449 dB] [ET    34 ] [L0 6 4 ] [L1 8 16 ]
POC   12 TId: 2 ( B-SLICE, nQP 26 QP 26 )    1475840 bits [Y 37.7323 dB    U 39.2947 dB    V 40.0183 dB] [ET    54 ] [L0 8 0 ] [L1 16 8 ]
POC   10 TId: 3 ( B-SLICE, nQP 27 QP 27 )     909384 bits [Y 37.1616 dB    U 39.0364 dB    V 39.8356 dB] [ET    47 ] [L0 8 0 ] [L1 12 16 ]
POC    9 TId: 4 ( B-SLICE, nQP 29 QP 29 )     369384 bits [Y 36.4546 dB    U 39.0211 dB    V 39.8803 dB] [ET    35 ] [L0 8 0 ] [L1 10 12 ]
POC   11 TId: 4 ( B-SLICE, nQP 29 QP 29 )     384560 bits [Y 36.2588 dB    U 38.7714 dB    V 39.5727 dB] [ET    33 ] [L0 10 8 ] [L1 12 16 ]
POC   14 TId: 3 ( B-SLICE, nQP 27 QP 27 )     854896 bits [Y 37.4115 dB    U 39.1529 dB    V 39.9551 dB] [ET    41 ] [L0 12 8 ] [L1 16 12 ]
POC   13 TId: 4 ( B-SLICE, nQP 29 QP 29 )     376136 bits [Y 36.3387 dB    U 38.7712 dB    V 39.5595 dB] [ET    33 ] [L0 12 8 ] [L1 14 16 ]
POC   15 TId: 4 ( B-SLICE, nQP 29 QP 29 )     353480 bits [Y 36.4894 dB    U 38.9884 dB    V 39.8986 dB] [ET    30 ] [L0 14 12 ] [L1 16 14 ]
POC   32 TId: 0 ( I-SLICE, nQP 19 QP 19 )    5378432 bits [Y 43.8028 dB    U 43.3357 dB    V 43.7109 dB] [ET    16 ] [L0 ] [L1 ]
POC   24 TId: 1 ( B-SLICE, nQP 23 QP 23 )    2775040 bits [Y 39.9399 dB    U 40.7271 dB    V 41.3320 dB] [ET    76 ] [L0 16 8 ] [L1 32 16 ]
POC   20 TId: 2 ( B-SLICE, nQP 26 QP 26 )    1470288 bits [Y 37.7154 dB    U 39.3289 dB    V 40.0870 dB] [ET    61 ] [L0 16 8 ] [L1 24 32 ]
POC   18 TId: 3 ( B-SLICE, nQP 27 QP 27 )     891240 bits [Y 37.2351 dB    U 39.1285 dB    V 39.9380 dB] [ET    47 ] [L0 16 8 ] [L1 20 24 ]
POC   17 TId: 4 ( B-SLICE, nQP 29 QP 29 )     341856 bits [Y 36.6246 dB    U 39.0485 dB    V 39.9513 dB] [ET    29 ] [L0 16 18 ] [L1 18 20 ]
POC   19 TId: 4 ( B-SLICE, nQP 29 QP 29 )     344488 bits [Y 36.5592 dB    U 38.8394 dB    V 39.7211 dB] [ET    32 ] [L0 18 16 ] [L1 20 24 ]
POC   22 TId: 3 ( B-SLICE, nQP 27 QP 27 )     882264 bits [Y 37.2070 dB    U 39.1631 dB    V 39.9704 dB] [ET    47 ] [L0 20 16 ] [L1 24 32 ]
POC   21 TId: 4 ( B-SLICE, nQP 29 QP 29 )     341048 bits [Y 36.6044 dB    U 38.9675 dB    V 39.7954 dB] [ET    32 ] [L0 20 16 ] [L1 22 24 ]
POC   23 TId: 4 ( B-SLICE, nQP 29 QP 29 )     343816 bits [Y 36.4514 dB    U 39.0977 dB    V 40.0189 dB] [ET    34 ] [L0 22 20 ] [L1 24 32 ]
POC   28 TId: 2 ( B-SLICE, nQP 26 QP 26 )    1465352 bits [Y 37.7452 dB    U 39.3990 dB    V 40.2315 dB] [ET    54 ] [L0 24 16 ] [L1 32 24 ]
POC   26 TId: 3 ( B-SLICE, nQP 27 QP 27 )     942112 bits [Y 37.0861 dB    U 39.1018 dB    V 39.9430 dB] [ET    48 ] [L0 24 16 ] [L1 28 32 ]
POC   25 TId: 4 ( B-SLICE, nQP 29 QP 29 )     361840 bits [Y 36.4583 dB    U 39.0871 dB    V 40.0138 dB] [ET    35 ] [L0 24 16 ] [L1 26 28 ]
POC   27 TId: 4 ( B-SLICE, nQP 29 QP 29 )     390160 bits [Y 36.3124 dB    U 38.7935 dB    V 39.6805 dB] [ET    34 ] [L0 26 24 ] [L1 28 32 ]
POC   30 TId: 3 ( B-SLICE, nQP 27 QP 27 )     863984 bits [Y 37.3051 dB    U 39.4357 dB    V 40.3349 dB] [ET    41 ] [L0 28 24 ] [L1 32 28 ]
POC   29 TId: 4 ( B-SLICE, nQP 29 QP 29 )     374720 bits [Y 36.4259 dB    U 39.0424 dB    V 39.9294 dB] [ET    33 ] [L0 28 24 ] [L1 30 32 ]
POC   31 TId: 4 ( B-SLICE, nQP 29 QP 29 )     340248 bits [Y 36.6298 dB    U 39.5735 dB    V 40.6059 dB] [ET    29 ] [L0 30 28 ] [L1 32 30 ]
POC   48 TId: 0 ( B-SLICE, nQP 23 QP 23 )    3071064 bits [Y 40.1134 dB    U 40.7384 dB    V 41.3033 dB] [ET    67 ] [L0 32 ] [L1 32 ]
POC   40 TId: 1 ( B-SLICE, nQP 23 QP 23 )    2755088 bits [Y 40.0664 dB    U 40.7443 dB    V 41.3372 dB] [ET    65 ] [L0 32 48 ] [L1 48 32 ]
POC   36 TId: 2 ( B-SLICE, nQP 26 QP 26 )    1393072 bits [Y 38.0241 dB    U 39.5054 dB    V 40.2830 dB] [ET    53 ] [L0 32 40 ] [L1 40 48 ]
POC   34 TId: 3 ( B-SLICE, nQP 27 QP 27 )     868544 bits [Y 37.4051 dB    U 39.3255 dB    V 40.2473 dB] [ET    41 ] [L0 32 36 ] [L1 36 40 ]
POC   33 TId: 4 ( B-SLICE, nQP 29 QP 29 )     338632 bits [Y 36.9528 dB    U 39.6420 dB    V 40.6048 dB] [ET    30 ] [L0 32 34 ] [L1 34 36 ]
POC   35 TId: 4 ( B-SLICE, nQP 29 QP 29 )     344920 bits [Y 36.5914 dB    U 38.8901 dB    V 39.7706 dB] [ET    32 ] [L0 34 32 ] [L1 36 40 ]
POC   38 TId: 3 ( B-SLICE, nQP 27 QP 27 )     879272 bits [Y 37.3250 dB    U 39.1886 dB    V 39.9846 dB] [ET    47 ] [L0 36 32 ] [L1 40 48 ]
POC   37 TId: 4 ( B-SLICE, nQP 29 QP 29 )     352712 bits [Y 36.5721 dB    U 38.7866 dB    V 39.6401 dB] [ET    32 ] [L0 36 32 ] [L1 38 40 ]
POC   39 TId: 4 ( B-SLICE, nQP 29 QP 29 )     354720 bits [Y 36.5563 dB    U 38.9782 dB    V 39.8750 dB] [ET    35 ] [L0 38 36 ] [L1 40 48 ]
POC   44 TId: 2 ( B-SLICE, nQP 26 QP 26 )    1402736 bits [Y 37.9497 dB    U 39.3957 dB    V 40.1257 dB] [ET    53 ] [L0 40 32 ] [L1 48 40 ]
POC   42 TId: 3 ( B-SLICE, nQP 27 QP 27 )     868056 bits [Y 37.4018 dB    U 39.1288 dB    V 39.9379 dB] [ET    47 ] [L0 40 32 ] [L1 44 48 ]
POC   41 TId: 4 ( B-SLICE, nQP 29 QP 29 )     361312 bits [Y 36.6169 dB    U 39.0836 dB    V 39.9621 dB] [ET    35 ] [L0 40 32 ] [L1 42 44 ]
POC   43 TId: 4 ( B-SLICE, nQP 29 QP 29 )     356744 bits [Y 36.6105 dB    U 38.7854 dB    V 39.6515 dB] [ET    32 ] [L0 42 40 ] [L1 44 48 ]
POC   46 TId: 3 ( B-SLICE, nQP 27 QP 27 )     888312 bits [Y 37.3016 dB    U 39.1232 dB    V 39.9151 dB] [ET    41 ] [L0 44 40 ] [L1 48 44 ]
POC   45 TId: 4 ( B-SLICE, nQP 29 QP 29 )     332840 bits [Y 36.7565 dB    U 38.8636 dB    V 39.7217 dB] [ET    31 ] [L0 44 40 ] [L1 46 48 ]
POC   47 TId: 4 ( B-SLICE, nQP 29 QP 29 )     338968 bits [Y 36.7385 dB    U 39.0774 dB    V 40.0051 dB] [ET    29 ] [L0 46 44 ] [L1 48 46 ]
POC   56 TId: 1 ( B-SLICE, nQP 23 QP 23 )    2873984 bits [Y 40.0980 dB    U 40.7137 dB    V 41.2551 dB] [ET    72 ] [L0 48 40 ] [L1 48 40 ]
POC   52 TId: 2 ( B-SLICE, nQP 26 QP 26 )    1404640 bits [Y 37.8576 dB    U 39.3657 dB    V 40.0946 dB] [ET    53 ] [L0 48 40 ] [L1 56 48 ]
POC   50 TId: 3 ( B-SLICE, nQP 27 QP 27 )     872536 bits [Y 37.3566 dB    U 39.1220 dB    V 39.9213 dB] [ET    47 ] [L0 48 40 ] [L1 52 56 ]
POC   49 TId: 4 ( B-SLICE, nQP 29 QP 29 )     365720 bits [Y 36.5369 dB    U 38.9925 dB    V 39.8818 dB] [ET    30 ] [L0 48 50 ] [L1 50 52 ]
POC   51 TId: 4 ( B-SLICE, nQP 29 QP 29 )     363984 bits [Y 36.4925 dB    U 38.7053 dB    V 39.5662 dB] [ET    32 ] [L0 50 48 ] [L1 52 56 ]
POC   54 TId: 3 ( B-SLICE, nQP 27 QP 27 )     891336 bits [Y 37.2384 dB    U 39.0922 dB    V 39.8738 dB] [ET    41 ] [L0 52 48 ] [L1 56 52 ]
POC   53 TId: 4 ( B-SLICE, nQP 29 QP 29 )     350848 bits [Y 36.5888 dB    U 38.7427 dB    V 39.5697 dB] [ET    32 ] [L0 52 48 ] [L1 54 56 ]
POC   55 TId: 4 ( B-SLICE, nQP 29 QP 29 )     350336 bits [Y 36.5550 dB    U 38.9563 dB    V 39.7822 dB] [ET    30 ] [L0 54 52 ] [L1 56 54 ]
POC   58 TId: 3 ( B-SLICE, nQP 27 QP 27 )    1106728 bits [Y 37.2946 dB    U 38.9279 dB    V 39.7003 dB] [ET    46 ] [L0 56 48 ] [L1 56 48 ]
POC   57 TId: 4 ( B-SLICE, nQP 29 QP 29 )     357656 bits [Y 36.6303 dB    U 39.1126 dB    V 39.9440 dB] [ET    34 ] [L0 56 48 ] [L1 58 56 ]
POC   59 TId: 4 ( B-SLICE, nQP 29 QP 29 )     580488 bits [Y 36.3710 dB    U 38.3501 dB    V 39.1298 dB] [ET    33 ] [L0 58 56 ] [L1 58 56 ]


SUMMARY --------------------------------------------------------
	Total Frames |   Bitrate     Y-PSNR    U-PSNR    V-PSNR    YUV-PSNR  
	       60    a   52135.6667   37.4567   39.3866   40.1890   37.9146  


I Slices--------------------------------------------------------
	Total Frames |   Bitrate     Y-PSNR    U-PSNR    V-PSNR    YUV-PSNR  
	        2    i  268352.2000   43.7703   43.3392   43.7038   43.6844  


P Slices--------------------------------------------------------
	Total Frames |   Bitrate     Y-PSNR    U-PSNR    V-PSNR    YUV-PSNR  
	        0    p         -nan      -nan      -nan      -nan      -nan  


B Slices--------------------------------------------------------
	Total Frames |   Bitrate     Y-PSNR    U-PSNR    V-PSNR    YUV-PSNR  
	       58    b   44679.9241   37.2390   39.2503   40.0678   37.8059  

RVM: 0.000
Bytes written to file: 7820350 (52135.667 kbps)

 Total Time:     2464.454 sec.
