******************************************************************
** WARNING: --SEIDecodedPictureHash is now disabled by default. **
**          Automatic verification of decoded pictures by a     **
**          decoder requires this option to be enabled.         **
******************************************************************
***************************************************************************
** WARNING: For conforming bitstreams a valid Level value must be set!   **
***************************************************************************

HM software: Encoder Version [16.20] (including RExt)[Linux][GCC 9.4.0][64 bit] 


Input          File                    : /home/pc-poincare/Documents/Alex/class_E/ducks_take_off_1080p50_60f.yuv
Bitstream      File                    : /home/pc-poincare/Documents/Alex/ViTech_Gerenciador-main/ducks_take_off_1080p50_60f/cq_22/video/coded_HM.hevc
Reconstruction File                    : /home/pc-poincare/Documents/Alex/ViTech_Gerenciador-main/ducks_take_off_1080p50_60f/cq_22/video/coded_HM.yuv
Real     Format                        : 1920x1080 50Hz
Internal Format                        : 1920x1080 50Hz
Sequence PSNR output                   : Linear average only
Sequence MSE output                    : Disabled
Frame MSE output                       : Disabled
MS-SSIM output                         : Disabled
xPSNR calculation                      : Disabled
Cabac-zero-word-padding                : Enabled
Frame/Field                            : Frame based coding
Frame index                            : 0 - 59 (60 frames)
Profile                                : main
CU size / depth / total-depth          : 64 / 4 / 4
RQT trans. size (min / max)            : 4 / 32
Max RQT depth inter                    : 3
Max RQT depth intra                    : 3
Min PCM size                           : 8
Motion search range                    : 384
Intra period                           : 32
Decoding refresh type                  : 1
QP                                     : 22
Max dQP signaling depth                : 0
Cb QP Offset                           : 0
Cr QP Offset                           : 0
QP adaptation                          : 0 (range=0)
GOP size                               : 16
Input bit depth                        : (Y:8, C:8)
MSB-extended bit depth                 : (Y:8, C:8)
Internal bit depth                     : (Y:8, C:8)
PCM sample bit depth                   : (Y:8, C:8)
Intra reference smoothing              : Enabled
diff_cu_chroma_qp_offset_depth         : -1
extended_precision_processing_flag     : Disabled
implicit_rdpcm_enabled_flag            : Disabled
explicit_rdpcm_enabled_flag            : Disabled
transform_skip_rotation_enabled_flag   : Disabled
transform_skip_context_enabled_flag    : Disabled
cross_component_prediction_enabled_flag: Disabled
high_precision_offsets_enabled_flag    : Disabled
persistent_rice_adaptation_enabled_flag: Disabled
cabac_bypass_alignment_enabled_flag    : Disabled
log2_sao_offset_scale_luma             : 0
log2_sao_offset_scale_chroma           : 0
Cost function:                         : Lossy coding (default)
RateControl                            : 0
WPMethod                               : 0
Max Num Merge Candidates               : 5

TOOL CFG: IBD:0 HAD:1 RDQ:1 RDQTS:1 RDpenalty:0 LQP:0 SQP:0 ASR:1 MinSearchWindow:96 RestrictMESampling:0 FEN:1 ECU:0 FDM:1 CFM:0 ESD:0 RQT:1 TransformSkip:1 TransformSkipFast:1 TransformSkipLog2MaxSize:2 Slice: M=0 SliceSegment: M=0 CIP:0 SAO:1 PCM:0 TransQuantBypassEnabled:0 WPP:0 WPB:0 PME:2  WaveFrontSynchro:0 WaveFrontSubstreams:1 ScalingList:0 TMVPMode:1 AQpS:0 SignBitHidingFlag:1 RecalQP:0

Non-environment-variable-controlled macros set as follows: 

                                RExt__DECODER_DEBUG_BIT_STATISTICS =   0
                                      RExt__HIGH_BIT_DEPTH_SUPPORT =   0
                            RExt__HIGH_PRECISION_FORWARD_TRANSFORM =   0
                                        O0043_BEST_EFFORT_DECODING =   0
                                         ME_ENABLE_ROUNDING_OF_MVS =   1

                   Input ChromaFormatIDC =   4:2:0
       Output (internal) ChromaFormatIDC =   4:2:0

POC    0 TId: 0 ( I-SLICE, nQP 19 QP 19 )    5527448 bits [Y 43.7809 dB    U 42.9873 dB    V 43.4757 dB] [ET    16 ] [L0 ] [L1 ]
POC   16 TId: 0 ( B-SLICE, nQP 23 QP 23 )    3191992 bits [Y 39.5461 dB    U 39.3180 dB    V 41.1252 dB] [ET    82 ] [L0 0 ] [L1 0 ]
POC    8 TId: 1 ( B-SLICE, nQP 23 QP 23 )    3236024 bits [Y 39.5569 dB    U 39.3072 dB    V 41.0923 dB] [ET    80 ] [L0 0 16 ] [L1 16 0 ]
POC    4 TId: 2 ( B-SLICE, nQP 26 QP 26 )    1792568 bits [Y 36.8263 dB    U 37.3827 dB    V 39.8518 dB] [ET    72 ] [L0 0 8 ] [L1 8 16 ]
POC    2 TId: 3 ( B-SLICE, nQP 27 QP 27 )    1217968 bits [Y 36.3126 dB    U 36.9451 dB    V 39.7994 dB] [ET    53 ] [L0 0 4 ] [L1 4 8 ]
POC    1 TId: 4 ( B-SLICE, nQP 29 QP 29 )     413184 bits [Y 35.1606 dB    U 36.7698 dB    V 40.3130 dB] [ET    36 ] [L0 0 2 ] [L1 2 4 ]
POC    3 TId: 4 ( B-SLICE, nQP 29 QP 29 )     395040 bits [Y 35.1761 dB    U 36.5232 dB    V 39.6519 dB] [ET    39 ] [L0 2 0 ] [L1 4 8 ]
POC    6 TId: 3 ( B-SLICE, nQP 27 QP 27 )    1169112 bits [Y 36.3808 dB    U 36.9850 dB    V 39.8093 dB] [ET    62 ] [L0 4 0 ] [L1 8 16 ]
POC    5 TId: 4 ( B-SLICE, nQP 29 QP 29 )     380416 bits [Y 35.2226 dB    U 36.5846 dB    V 39.6794 dB] [ET    38 ] [L0 4 0 ] [L1 6 8 ]
POC    7 TId: 4 ( B-SLICE, nQP 29 QP 29 )     386744 bits [Y 35.2204 dB    U 36.8118 dB    V 40.0982 dB] [ET    43 ] [L0 6 4 ] [L1 8 16 ]
POC   12 TId: 2 ( B-SLICE, nQP 26 QP 26 )    1788744 bits [Y 36.8487 dB    U 37.3873 dB    V 39.8688 dB] [ET    71 ] [L0 8 0 ] [L1 16 8 ]
POC   10 TId: 3 ( B-SLICE, nQP 27 QP 27 )    1186232 bits [Y 36.3158 dB    U 36.9750 dB    V 39.8058 dB] [ET    62 ] [L0 8 0 ] [L1 12 16 ]
POC    9 TId: 4 ( B-SLICE, nQP 29 QP 29 )     422896 bits [Y 35.1226 dB    U 36.7343 dB    V 40.0525 dB] [ET    44 ] [L0 8 0 ] [L1 10 12 ]
POC   11 TId: 4 ( B-SLICE, nQP 29 QP 29 )     427512 bits [Y 35.1413 dB    U 36.5141 dB    V 39.5994 dB] [ET    40 ] [L0 10 8 ] [L1 12 16 ]
POC   14 TId: 3 ( B-SLICE, nQP 27 QP 27 )    1183816 bits [Y 36.3366 dB    U 36.9663 dB    V 39.8084 dB] [ET    53 ] [L0 12 8 ] [L1 16 12 ]
POC   13 TId: 4 ( B-SLICE, nQP 29 QP 29 )     425120 bits [Y 35.1115 dB    U 36.4542 dB    V 39.6463 dB] [ET    40 ] [L0 12 8 ] [L1 14 16 ]
POC   15 TId: 4 ( B-SLICE, nQP 29 QP 29 )     429008 bits [Y 35.0982 dB    U 36.6546 dB    V 40.0367 dB] [ET    37 ] [L0 14 12 ] [L1 16 14 ]
POC   32 TId: 0 ( I-SLICE, nQP 19 QP 19 )    5550288 bits [Y 43.7811 dB    U 42.9794 dB    V 43.4712 dB] [ET    16 ] [L0 ] [L1 ]
POC   24 TId: 1 ( B-SLICE, nQP 23 QP 23 )    3226952 bits [Y 39.5145 dB    U 39.2883 dB    V 41.0232 dB] [ET   102 ] [L0 16 8 ] [L1 32 16 ]
POC   20 TId: 2 ( B-SLICE, nQP 26 QP 26 )    1802056 bits [Y 36.8049 dB    U 37.3548 dB    V 39.8231 dB] [ET    85 ] [L0 16 8 ] [L1 24 32 ]
POC   18 TId: 3 ( B-SLICE, nQP 27 QP 27 )    1175064 bits [Y 36.2148 dB    U 36.8800 dB    V 39.8166 dB] [ET    62 ] [L0 16 8 ] [L1 20 24 ]
POC   17 TId: 4 ( B-SLICE, nQP 29 QP 29 )     425688 bits [Y 34.9944 dB    U 36.6474 dB    V 40.0574 dB] [ET    36 ] [L0 16 18 ] [L1 18 20 ]
POC   19 TId: 4 ( B-SLICE, nQP 29 QP 29 )     415344 bits [Y 35.0956 dB    U 36.4935 dB    V 39.6923 dB] [ET    39 ] [L0 18 16 ] [L1 20 24 ]
POC   22 TId: 3 ( B-SLICE, nQP 27 QP 27 )    1211240 bits [Y 36.1830 dB    U 36.8649 dB    V 39.7683 dB] [ET    62 ] [L0 20 16 ] [L1 24 32 ]
POC   21 TId: 4 ( B-SLICE, nQP 29 QP 29 )     443872 bits [Y 34.9770 dB    U 36.4578 dB    V 39.6716 dB] [ET    41 ] [L0 20 16 ] [L1 22 24 ]
POC   23 TId: 4 ( B-SLICE, nQP 29 QP 29 )     453352 bits [Y 34.9400 dB    U 36.6382 dB    V 40.0427 dB] [ET    45 ] [L0 22 20 ] [L1 24 32 ]
POC   28 TId: 2 ( B-SLICE, nQP 26 QP 26 )    1819192 bits [Y 36.7458 dB    U 37.3355 dB    V 39.7886 dB] [ET    72 ] [L0 24 16 ] [L1 32 24 ]
POC   26 TId: 3 ( B-SLICE, nQP 27 QP 27 )    1232624 bits [Y 36.1868 dB    U 36.8590 dB    V 39.7231 dB] [ET    63 ] [L0 24 16 ] [L1 28 32 ]
POC   25 TId: 4 ( B-SLICE, nQP 29 QP 29 )     447784 bits [Y 34.9257 dB    U 36.6337 dB    V 40.0533 dB] [ET    45 ] [L0 24 16 ] [L1 26 28 ]
POC   27 TId: 4 ( B-SLICE, nQP 29 QP 29 )     456504 bits [Y 34.9511 dB    U 36.4079 dB    V 39.5854 dB] [ET    41 ] [L0 26 24 ] [L1 28 32 ]
POC   30 TId: 3 ( B-SLICE, nQP 27 QP 27 )    1215984 bits [Y 36.1788 dB    U 36.8737 dB    V 39.8683 dB] [ET    53 ] [L0 28 24 ] [L1 32 28 ]
POC   29 TId: 4 ( B-SLICE, nQP 29 QP 29 )     451136 bits [Y 34.9637 dB    U 36.4262 dB    V 39.6477 dB] [ET    41 ] [L0 28 24 ] [L1 30 32 ]
POC   31 TId: 4 ( B-SLICE, nQP 29 QP 29 )     455424 bits [Y 34.8854 dB    U 36.6725 dB    V 40.2808 dB] [ET    38 ] [L0 30 28 ] [L1 32 30 ]
POC   48 TId: 0 ( B-SLICE, nQP 23 QP 23 )    3222296 bits [Y 39.5419 dB    U 39.3182 dB    V 41.0796 dB] [ET    82 ] [L0 32 ] [L1 32 ]
POC   40 TId: 1 ( B-SLICE, nQP 23 QP 23 )    3237584 bits [Y 39.5540 dB    U 39.3066 dB    V 41.0836 dB] [ET    80 ] [L0 32 48 ] [L1 48 32 ]
POC   36 TId: 2 ( B-SLICE, nQP 26 QP 26 )    1769904 bits [Y 36.8228 dB    U 37.4037 dB    V 39.8814 dB] [ET    72 ] [L0 32 40 ] [L1 40 48 ]
POC   34 TId: 3 ( B-SLICE, nQP 27 QP 27 )    1227424 bits [Y 36.2732 dB    U 36.9439 dB    V 39.8711 dB] [ET    54 ] [L0 32 36 ] [L1 36 40 ]
POC   33 TId: 4 ( B-SLICE, nQP 29 QP 29 )     436816 bits [Y 35.1194 dB    U 36.7969 dB    V 40.3346 dB] [ET    37 ] [L0 32 34 ] [L1 34 36 ]
POC   35 TId: 4 ( B-SLICE, nQP 29 QP 29 )     419128 bits [Y 35.1072 dB    U 36.4960 dB    V 39.6929 dB] [ET    40 ] [L0 34 32 ] [L1 36 40 ]
POC   38 TId: 3 ( B-SLICE, nQP 27 QP 27 )    1176072 bits [Y 36.3316 dB    U 36.9682 dB    V 39.8059 dB] [ET    62 ] [L0 36 32 ] [L1 40 48 ]
POC   37 TId: 4 ( B-SLICE, nQP 29 QP 29 )     449448 bits [Y 35.0878 dB    U 36.4122 dB    V 39.5994 dB] [ET    41 ] [L0 36 32 ] [L1 38 40 ]
POC   39 TId: 4 ( B-SLICE, nQP 29 QP 29 )     410552 bits [Y 35.1096 dB    U 36.7046 dB    V 40.0492 dB] [ET    44 ] [L0 38 36 ] [L1 40 48 ]
POC   44 TId: 2 ( B-SLICE, nQP 26 QP 26 )    1809944 bits [Y 36.8518 dB    U 37.3873 dB    V 39.8425 dB] [ET    72 ] [L0 40 32 ] [L1 48 40 ]
POC   42 TId: 3 ( B-SLICE, nQP 27 QP 27 )    1190560 bits [Y 36.3675 dB    U 36.9778 dB    V 39.8010 dB] [ET    64 ] [L0 40 32 ] [L1 44 48 ]
POC   41 TId: 4 ( B-SLICE, nQP 29 QP 29 )     409552 bits [Y 35.1179 dB    U 36.7020 dB    V 40.0868 dB] [ET    45 ] [L0 40 32 ] [L1 42 44 ]
POC   43 TId: 4 ( B-SLICE, nQP 29 QP 29 )     407288 bits [Y 35.1140 dB    U 36.5692 dB    V 39.6804 dB] [ET    40 ] [L0 42 40 ] [L1 44 48 ]
POC   46 TId: 3 ( B-SLICE, nQP 27 QP 27 )    1171840 bits [Y 36.3603 dB    U 36.9742 dB    V 39.8040 dB] [ET    53 ] [L0 44 40 ] [L1 48 44 ]
POC   45 TId: 4 ( B-SLICE, nQP 29 QP 29 )     409864 bits [Y 35.1779 dB    U 36.4981 dB    V 39.6508 dB] [ET    39 ] [L0 44 40 ] [L1 46 48 ]
POC   47 TId: 4 ( B-SLICE, nQP 29 QP 29 )     420272 bits [Y 35.2051 dB    U 36.7340 dB    V 40.0505 dB] [ET    37 ] [L0 46 44 ] [L1 48 46 ]
POC   56 TId: 1 ( B-SLICE, nQP 23 QP 23 )    3248024 bits [Y 39.5392 dB    U 39.2897 dB    V 41.0894 dB] [ET    93 ] [L0 48 40 ] [L1 48 40 ]
POC   52 TId: 2 ( B-SLICE, nQP 26 QP 26 )    1833904 bits [Y 36.8574 dB    U 37.3679 dB    V 39.8543 dB] [ET    72 ] [L0 48 40 ] [L1 56 48 ]
POC   50 TId: 3 ( B-SLICE, nQP 27 QP 27 )    1193288 bits [Y 36.3355 dB    U 36.9306 dB    V 39.7802 dB] [ET    62 ] [L0 48 40 ] [L1 52 56 ]
POC   49 TId: 4 ( B-SLICE, nQP 29 QP 29 )     419720 bits [Y 35.1639 dB    U 36.6895 dB    V 40.0874 dB] [ET    37 ] [L0 48 50 ] [L1 50 52 ]
POC   51 TId: 4 ( B-SLICE, nQP 29 QP 29 )     403728 bits [Y 35.1545 dB    U 36.5352 dB    V 39.6947 dB] [ET    39 ] [L0 50 48 ] [L1 52 56 ]
POC   54 TId: 3 ( B-SLICE, nQP 27 QP 27 )    1198144 bits [Y 36.3619 dB    U 36.9854 dB    V 39.7916 dB] [ET    53 ] [L0 52 48 ] [L1 56 52 ]
POC   53 TId: 4 ( B-SLICE, nQP 29 QP 29 )     391104 bits [Y 35.2108 dB    U 36.5830 dB    V 39.7192 dB] [ET    39 ] [L0 52 48 ] [L1 54 56 ]
POC   55 TId: 4 ( B-SLICE, nQP 29 QP 29 )     415552 bits [Y 35.1263 dB    U 36.7247 dB    V 40.0529 dB] [ET    36 ] [L0 54 52 ] [L1 56 54 ]
POC   58 TId: 3 ( B-SLICE, nQP 27 QP 27 )    1400488 bits [Y 36.1501 dB    U 36.9573 dB    V 39.5582 dB] [ET    60 ] [L0 56 48 ] [L1 56 48 ]
POC   57 TId: 4 ( B-SLICE, nQP 29 QP 29 )     435432 bits [Y 35.0842 dB    U 36.6717 dB    V 39.9830 dB] [ET    42 ] [L0 56 48 ] [L1 58 56 ]
POC   59 TId: 4 ( B-SLICE, nQP 29 QP 29 )     651088 bits [Y 35.0275 dB    U 36.0677 dB    V 39.0570 dB] [ET    42 ] [L0 58 56 ] [L1 58 56 ]


SUMMARY --------------------------------------------------------
	Total Frames |   Bitrate     Y-PSNR    U-PSNR    V-PSNR    YUV-PSNR  
	       60    a   61762.7867   36.3276   37.2518   40.0835   36.6556  


I Slices--------------------------------------------------------
	Total Frames |   Bitrate     Y-PSNR    U-PSNR    V-PSNR    YUV-PSNR  
	        2    i  276943.4000   43.7810   42.9833   43.4735   43.5864  


P Slices--------------------------------------------------------
	Total Frames |   Bitrate     Y-PSNR    U-PSNR    V-PSNR    YUV-PSNR  
	        0    p         -nan      -nan      -nan      -nan      -nan  


B Slices--------------------------------------------------------
	Total Frames |   Bitrate     Y-PSNR    U-PSNR    V-PSNR    YUV-PSNR  
	       58    b   54342.7655   36.0706   37.0542   39.9666   36.5379  

RVM: 0.000
Bytes written to file: 9264418 (61762.787 kbps)

 Total Time:     3148.578 sec.
