
Warning: Hierarchical coding or Referenced B slices used.
         Make sure that you have allocated enough references
         in reference buffer to achieve best performance.
Warning: Automatic cropping activated: Coded frame Size: 1920x1088
Setting Default Parameters...
Parsing Configfile /home/pc-chomsky/Documents/h264_gerenciador/JM/bin/encoder.cfg.............................................................................................................................................................................................................................................................................................................................................................................................................................
Parsing command line string 'LevelIDC = 50'.
Parsing command line string 'SourceWidth = 1920'.
Parsing command line string 'SourceHeight = 1080'.
Parsing command line string 'FrameRate = 29.97'.
Parsing command line string 'SourceBitDepthLuma = 8'.
Parsing command line string 'SourceBitDepthChroma = 8'.
Parsing command line string 'OutputBitDepthLuma = 8'.
Parsing command line string 'OutputBitDepthChroma = 8'.
Parsing command line string 'QPISlice = 22'.
Parsing command line string 'QPPSlice = 22'.
Parsing command line string 'FramesToBeEncoded = 60'.
Parsing command line string 'OutputFile = /home/pc-chomsky/Documents/h264_gerenciador/aspen_1080p_60f/cq_22/video/coded_JM.h264'.
Parsing command line string 'InputFile = /home/pc-chomsky/Videos/class_E/aspen_1080p_60f.yuv'.
Parsing command line string 'ReconFile = /home/pc-chomsky/Documents/h264_gerenciador/aspen_1080p_60f/cq_22/video/coded_JM.yuv'.
Parsing command line string 'LeakyBucketParamFile = /home/pc-chomsky/Documents/h264_gerenciador/aspen_1080p_60f/cq_22/log/leakybucketparam.cfg'.
Parsing command line string 'StatsFile = /home/pc-chomsky/Documents/h264_gerenciador/aspen_1080p_60f/cq_22/log/stats.dat'.

------------------------------- JM 19.0 (FRExt) -------------------------------
 Input YUV file                    : /home/pc-chomsky/Videos/class_E/aspen_1080p_60f.yuv 
 Output H.264 bitstream            : /home/pc-chomsky/Documents/h264_gerenciador/aspen_1080p_60f/cq_22/video/coded_JM.h264 
 Output YUV file                   : /home/pc-chomsky/Documents/h264_gerenciador/aspen_1080p_60f/cq_22/video/coded_JM.yuv 
 YUV Format                        : YUV 4:2:0 
 Frames to be encoded              : 60
 Freq. for encoded bitstream       : 29.97
 PicInterlace / MbInterlace        : 0/0
 Transform8x8Mode                  : 1
 ME Metric for Refinement Level 0  : SAD
 ME Metric for Refinement Level 1  : Hadamard SAD
 ME Metric for Refinement Level 2  : Hadamard SAD
 Mode Decision Metric              : Hadamard SAD
 Motion Estimation for components  : Y
 Image format                      : 1920x1080 (1920x1088)
 Error robustness                  : Off
 Search range                      : 32
 Total number of references        : 5
 References for P slices           : 5
 References for B slices (L0, L1)  : 5, 1
 Sequence type                     : Hierarchy (QP: I 22, P 22, B 30) 
 Entropy coding method             : CABAC
 Profile/Level IDC                 : (100,50)
 Motion Estimation Scheme          : EPZS
 EPZS Pattern                      : Extended Diamond
 EPZS Dual Pattern                 : Extended Diamond
 EPZS Fixed Predictors             : Aggressive
 EPZS Aggressive Predictors        : Disabled
 EPZS Temporal Predictors          : Enabled
 EPZS Spatial Predictors           : Enabled
 EPZS Threshold Multipliers        : (1 0 2)
 EPZS Subpel ME                    : Basic
 EPZS Subpel ME BiPred             : Basic
 Search range restrictions         : none
 RD-optimized mode decision        : used
 Data Partitioning Mode            : 1 partition 
 Output File Format                : H.264/AVC Annex B Byte Stream Format 
-------------------------------------------------------------------------------
Frame     Bit/pic    QP   SnrY    SnrU    SnrV    Time(ms) MET(ms) Frm/Fld Ref  
-------------------------------------------------------------------------------
00000(NVB)     344 
00000(IDR) 1072336   22  45.016  47.285  48.146      1847       0    FRM    3
00008( P )  732712   22  44.299  46.756  47.668      3120     587    FRM    2
00004( B )   74752   30  39.894  44.947  46.572      4632    1862    FRM    1
00002( B )   53896   31  39.415  45.175  46.599      5000    2235    FRM    1
00001( B )   23792   32  39.125  45.389  46.542      5114    2478    FRM    0
00003( B )   31232   32  38.706  44.681  46.305      5050    2527    FRM    0
00006( B )   56232   31  40.008  44.854  46.574      5521    2686    FRM    1
00005( B )   28384   32  39.101  44.264  46.094      5581    2916    FRM    0
00007( B )   24856   32  39.743  45.091  46.625      5570    2940    FRM    0
00016( P )  708072   22  44.368  46.972  47.789      5406    2666    FRM    2
00012( B )  103872   30  40.391  44.653  46.346      6374    3365    FRM    1
00010( B )   58384   31  39.916  45.216  46.701      5953    3183    FRM    1
00009( B )   32968   32  39.443  45.210  46.543      5816    3031    FRM    0
00011( B )   33880   32  39.502  44.601  46.354      5881    3088    FRM    0
00014( B )   53760   31  40.103  45.183  46.642      6279    3321    FRM    1
00013( B )   30528   32  39.637  44.542  46.237      5750    3066    FRM    0
00015( B )   30000   32  39.430  45.328  46.708      5916    3080    FRM    0
00024( P )  630616   22  44.501  47.193  47.908      5478    2716    FRM    2
00020( B )   66448   30  40.543  45.463  46.706      6239    3364    FRM    1
00018( B )   56760   31  40.127  45.017  46.433      6177    3220    FRM    1
00017( B )   26528   32  39.586  45.121  46.343      5793    2996    FRM    0
00019( B )   22424   32  39.795  44.944  46.236      5699    2980    FRM    0
00022( B )   57672   31  40.215  45.445  46.721      6149    3196    FRM    1
00021( B )   26560   32  39.792  44.935  46.326      5717    2965    FRM    0
00023( B )   36216   32  39.375  45.326  46.616      5797    3009    FRM    0
00032( P )  697008   22  44.489  47.085  47.851      5450    2691    FRM    2
00028( B )  118672   30  40.074  45.317  46.884      6495    3521    FRM    1
00026( B )   58400   31  40.214  45.480  46.732      6225    3266    FRM    1
00025( B )   26704   32  39.961  45.477  46.595      5705    2927    FRM    0
00027( B )   32608   32  39.547  44.953  46.402      5863    3055    FRM    0
00030( B )   64664   31  40.148  45.533  46.823      6162    3311    FRM    1
00029( B )   34752   32  39.714  44.769  46.382      5858    3032    FRM    0
00031( B )   36624   32  39.342  45.411  46.672      5785    2986    FRM    0
00040( P )  642992   22  44.715  47.385  48.145      5454    2747    FRM    2
00036( B )   71496   30  40.344  45.537  46.895      6358    3350    FRM    1
00034( B )   57888   31  39.934  45.534  46.707      6146    3280    FRM    1
00033( B )   36160   32  39.439  45.264  46.414      5834    3045    FRM    0
00035( B )   34456   32  39.521  45.153  46.532      5798    3108    FRM    0
00038( B )   63576   31  40.012  45.696  46.620      6325    3313    FRM    1
00037( B )   34464   32  39.324  45.119  46.256      5886    3070    FRM    0
00039( B )   26600   32  39.958  45.563  46.610      5768    2990    FRM    0
00048( P )  605232   22  44.566  47.290  48.061      5279    2647    FRM    2
00044( B )   66224   30  40.432  45.695  46.905      6152    3291    FRM    1
00042( B )   75056   31  39.936  45.587  46.781      6052    3196    FRM    1
00041( B )   27808   32  39.843  45.733  46.904      5745    2968    FRM    0
00043( B )   27496   32  39.742  45.240  46.437      5781    2990    FRM    0
00046( B )   60848   31  39.888  45.474  46.623      6039    3208    FRM    1
00045( B )   30488   32  39.248  45.097  46.274      5645    2986    FRM    0
00047( B )   25296   32  39.734  45.681  46.638      5621    2975    FRM    0
00056( P )  602704   22  44.469  47.167  47.804      5370    2668    FRM    2
00052( B )   76952   30  39.961  45.157  46.660      6466    3358    FRM    1
00050( B )   42200   31  40.310  45.797  46.949      6066    3127    FRM    1
00049( B )   23296   32  40.077  45.824  47.004      5579    2945    FRM    0
00051( B )   20456   32  39.396  44.970  46.314      5620    2966    FRM    0
00054( B )   51152   31  39.869  45.623  46.658      6075    3133    FRM    1
00053( B )   21456   32  39.141  44.929  46.300      5753    2969    FRM    0
00055( B )   21280   32  39.911  45.607  46.692      5663    3010    FRM    0
00059( P )  699128   22  44.308  47.093  47.755      5426    2638    FRM    2
00057( B )   32168   30  40.723  46.249  47.145      5901    3088    FRM    0
00058( B )   32192   30  40.282  46.074  47.064      6015    3161    FRM    0
-------------------------------------------------------------------------------
 Total Frames:  60 
 LeakyBucketRate File does not exist. Using rate calculated from avg. rate 
 Number Leaky Buckets: 8 
     Rmin     Bmin     Fmin 
  4321344  1660859  1660859 
  5401672  1624813  1624813 
  6482000  1588766  1588766 
  7562328  1552719  1552719 
  8642657  1516672  1516672 
  9722986  1480625  1480625 
 10803315  1444578  1444578 
 11883644  1408530  1408530 
------------------ Average data all frames  -----------------------------------

 Total encoding time for the seq.  : 341.252 sec (0.18 fps)
 Total ME time for sequence        : 174.521 sec 

 Y { PSNR (dB), cSNR (dB), MSE }   : {  40.510,  40.238,   6.15613 }
 U { PSNR (dB), cSNR (dB), MSE }   : {  45.553,  45.490,   1.83677 }
 V { PSNR (dB), cSNR (dB), MSE }   : {  46.787,  46.758,   1.37191 }

 Total bits                        : 8651720 (I 1072336, P 5318464, B 2260576 NVB 344) 
 Bit rate (kbit/s)  @ 29.97 Hz     : 4321.53
 Bits to avoid Startcode Emulation : 433 
 Bits for parameter sets           : 344 
 Bits for filler data              : 0 

-------------------------------------------------------------------------------
Exit JM 19 (FRExt) encoder ver 19.0 
