******************************************************************
** WARNING: --SEIDecodedPictureHash is now disabled by default. **
**          Automatic verification of decoded pictures by a     **
**          decoder requires this option to be enabled.         **
******************************************************************
***************************************************************************
** WARNING: For conforming bitstreams a valid Level value must be set!   **
***************************************************************************

HM software: Encoder Version [16.20] (including RExt)[Linux][GCC 9.4.0][64 bit] 


Input          File                    : /home/pc-poincare/Documents/Alex/class_E/Netflix_Aerial_1920x1080_60fps_8bit_420_60f.yuv
Bitstream      File                    : /home/pc-poincare/Documents/Alex/ViTech_Gerenciador-main/Netflix_Aerial_1920x1080_60fps_8bit_420_60f/cq_22/video/coded_HM.hevc
Reconstruction File                    : /home/pc-poincare/Documents/Alex/ViTech_Gerenciador-main/Netflix_Aerial_1920x1080_60fps_8bit_420_60f/cq_22/video/coded_HM.yuv
Real     Format                        : 1920x1080 60Hz
Internal Format                        : 1920x1080 60Hz
Sequence PSNR output                   : Linear average only
Sequence MSE output                    : Disabled
Frame MSE output                       : Disabled
MS-SSIM output                         : Disabled
xPSNR calculation                      : Disabled
Cabac-zero-word-padding                : Enabled
Frame/Field                            : Frame based coding
Frame index                            : 0 - 59 (60 frames)
Profile                                : main
CU size / depth / total-depth          : 64 / 4 / 4
RQT trans. size (min / max)            : 4 / 32
Max RQT depth inter                    : 3
Max RQT depth intra                    : 3
Min PCM size                           : 8
Motion search range                    : 384
Intra period                           : 32
Decoding refresh type                  : 1
QP                                     : 22
Max dQP signaling depth                : 0
Cb QP Offset                           : 0
Cr QP Offset                           : 0
QP adaptation                          : 0 (range=0)
GOP size                               : 16
Input bit depth                        : (Y:8, C:8)
MSB-extended bit depth                 : (Y:8, C:8)
Internal bit depth                     : (Y:8, C:8)
PCM sample bit depth                   : (Y:8, C:8)
Intra reference smoothing              : Enabled
diff_cu_chroma_qp_offset_depth         : -1
extended_precision_processing_flag     : Disabled
implicit_rdpcm_enabled_flag            : Disabled
explicit_rdpcm_enabled_flag            : Disabled
transform_skip_rotation_enabled_flag   : Disabled
transform_skip_context_enabled_flag    : Disabled
cross_component_prediction_enabled_flag: Disabled
high_precision_offsets_enabled_flag    : Disabled
persistent_rice_adaptation_enabled_flag: Disabled
cabac_bypass_alignment_enabled_flag    : Disabled
log2_sao_offset_scale_luma             : 0
log2_sao_offset_scale_chroma           : 0
Cost function:                         : Lossy coding (default)
RateControl                            : 0
WPMethod                               : 0
Max Num Merge Candidates               : 5

TOOL CFG: IBD:0 HAD:1 RDQ:1 RDQTS:1 RDpenalty:0 LQP:0 SQP:0 ASR:1 MinSearchWindow:96 RestrictMESampling:0 FEN:1 ECU:0 FDM:1 CFM:0 ESD:0 RQT:1 TransformSkip:1 TransformSkipFast:1 TransformSkipLog2MaxSize:2 Slice: M=0 SliceSegment: M=0 CIP:0 SAO:1 PCM:0 TransQuantBypassEnabled:0 WPP:0 WPB:0 PME:2  WaveFrontSynchro:0 WaveFrontSubstreams:1 ScalingList:0 TMVPMode:1 AQpS:0 SignBitHidingFlag:1 RecalQP:0

Non-environment-variable-controlled macros set as follows: 

                                RExt__DECODER_DEBUG_BIT_STATISTICS =   0
                                      RExt__HIGH_BIT_DEPTH_SUPPORT =   0
                            RExt__HIGH_PRECISION_FORWARD_TRANSFORM =   0
                                        O0043_BEST_EFFORT_DECODING =   0
                                         ME_ENABLE_ROUNDING_OF_MVS =   1

                   Input ChromaFormatIDC =   4:2:0
       Output (internal) ChromaFormatIDC =   4:2:0

POC    0 TId: 0 ( I-SLICE, nQP 19 QP 19 )    3392904 bits [Y 44.7208 dB    U 45.5539 dB    V 45.3707 dB] [ET    13 ] [L0 ] [L1 ]
POC   16 TId: 0 ( B-SLICE, nQP 23 QP 23 )    1015840 bits [Y 40.9284 dB    U 43.8338 dB    V 43.8487 dB] [ET    44 ] [L0 0 ] [L1 0 ]
POC    8 TId: 1 ( B-SLICE, nQP 23 QP 23 )     406968 bits [Y 41.7647 dB    U 43.8871 dB    V 43.9459 dB] [ET    37 ] [L0 0 16 ] [L1 16 0 ]
POC    4 TId: 2 ( B-SLICE, nQP 26 QP 26 )     136528 bits [Y 39.7859 dB    U 43.5207 dB    V 43.4246 dB] [ET    29 ] [L0 0 8 ] [L1 8 16 ]
POC    2 TId: 3 ( B-SLICE, nQP 27 QP 27 )      36048 bits [Y 40.7227 dB    U 43.7813 dB    V 43.7916 dB] [ET    19 ] [L0 0 4 ] [L1 4 8 ]
POC    1 TId: 4 ( B-SLICE, nQP 29 QP 29 )      12016 bits [Y 40.1410 dB    U 43.6893 dB    V 43.4958 dB] [ET    15 ] [L0 0 2 ] [L1 2 4 ]
POC    3 TId: 4 ( B-SLICE, nQP 29 QP 29 )      11272 bits [Y 40.9419 dB    U 43.7263 dB    V 43.9073 dB] [ET    16 ] [L0 2 0 ] [L1 4 8 ]
POC    6 TId: 3 ( B-SLICE, nQP 27 QP 27 )      44152 bits [Y 39.8678 dB    U 43.4954 dB    V 43.4891 dB] [ET    24 ] [L0 4 0 ] [L1 8 16 ]
POC    5 TId: 4 ( B-SLICE, nQP 29 QP 29 )      13240 bits [Y 39.3408 dB    U 43.3927 dB    V 43.3696 dB] [ET    17 ] [L0 4 0 ] [L1 6 8 ]
POC    7 TId: 4 ( B-SLICE, nQP 29 QP 29 )      10432 bits [Y 40.6611 dB    U 43.6180 dB    V 43.6436 dB] [ET    17 ] [L0 6 4 ] [L1 8 16 ]
POC   12 TId: 2 ( B-SLICE, nQP 26 QP 26 )     102576 bits [Y 39.9947 dB    U 43.5061 dB    V 43.5649 dB] [ET    28 ] [L0 8 0 ] [L1 16 8 ]
POC   10 TId: 3 ( B-SLICE, nQP 27 QP 27 )      35360 bits [Y 40.7376 dB    U 43.5827 dB    V 43.6703 dB] [ET    23 ] [L0 8 0 ] [L1 12 16 ]
POC    9 TId: 4 ( B-SLICE, nQP 29 QP 29 )       9824 bits [Y 40.7927 dB    U 43.5708 dB    V 43.6959 dB] [ET    17 ] [L0 8 0 ] [L1 10 12 ]
POC   11 TId: 4 ( B-SLICE, nQP 29 QP 29 )      13288 bits [Y 40.4856 dB    U 43.5248 dB    V 43.6479 dB] [ET    18 ] [L0 10 8 ] [L1 12 16 ]
POC   14 TId: 3 ( B-SLICE, nQP 27 QP 27 )      40632 bits [Y 39.9766 dB    U 43.5222 dB    V 43.5836 dB] [ET    22 ] [L0 12 8 ] [L1 16 12 ]
POC   13 TId: 4 ( B-SLICE, nQP 29 QP 29 )      16776 bits [Y 39.8163 dB    U 43.5051 dB    V 43.5493 dB] [ET    18 ] [L0 12 8 ] [L1 14 16 ]
POC   15 TId: 4 ( B-SLICE, nQP 29 QP 29 )      14104 bits [Y 39.9226 dB    U 43.4691 dB    V 43.5448 dB] [ET    17 ] [L0 14 12 ] [L1 16 14 ]
POC   32 TId: 0 ( I-SLICE, nQP 19 QP 19 )    3428336 bits [Y 44.7556 dB    U 45.8437 dB    V 45.6694 dB] [ET    13 ] [L0 ] [L1 ]
POC   24 TId: 1 ( B-SLICE, nQP 23 QP 23 )     458296 bits [Y 41.5381 dB    U 44.3509 dB    V 44.3464 dB] [ET    45 ] [L0 16 8 ] [L1 32 16 ]
POC   20 TId: 2 ( B-SLICE, nQP 26 QP 26 )     112528 bits [Y 40.5167 dB    U 43.9765 dB    V 44.0076 dB] [ET    33 ] [L0 16 8 ] [L1 24 32 ]
POC   18 TId: 3 ( B-SLICE, nQP 27 QP 27 )      49248 bits [Y 40.1759 dB    U 43.8030 dB    V 43.8102 dB] [ET    25 ] [L0 16 8 ] [L1 20 24 ]
POC   17 TId: 4 ( B-SLICE, nQP 29 QP 29 )      16392 bits [Y 39.8339 dB    U 43.6821 dB    V 43.6972 dB] [ET    17 ] [L0 16 18 ] [L1 18 20 ]
POC   19 TId: 4 ( B-SLICE, nQP 29 QP 29 )      16592 bits [Y 40.1393 dB    U 43.8111 dB    V 43.8742 dB] [ET    18 ] [L0 18 16 ] [L1 20 24 ]
POC   22 TId: 3 ( B-SLICE, nQP 27 QP 27 )      51816 bits [Y 40.7287 dB    U 44.0404 dB    V 44.1335 dB] [ET    26 ] [L0 20 16 ] [L1 24 32 ]
POC   21 TId: 4 ( B-SLICE, nQP 29 QP 29 )      19520 bits [Y 40.2083 dB    U 43.8781 dB    V 43.9848 dB] [ET    19 ] [L0 20 16 ] [L1 22 24 ]
POC   23 TId: 4 ( B-SLICE, nQP 29 QP 29 )      21720 bits [Y 40.4860 dB    U 44.0239 dB    V 44.0735 dB] [ET    20 ] [L0 22 20 ] [L1 24 32 ]
POC   28 TId: 2 ( B-SLICE, nQP 26 QP 26 )     118328 bits [Y 40.8386 dB    U 44.1575 dB    V 44.1037 dB] [ET    30 ] [L0 24 16 ] [L1 32 24 ]
POC   26 TId: 3 ( B-SLICE, nQP 27 QP 27 )      56592 bits [Y 40.9416 dB    U 44.1451 dB    V 44.1588 dB] [ET    26 ] [L0 24 16 ] [L1 28 32 ]
POC   25 TId: 4 ( B-SLICE, nQP 29 QP 29 )      23944 bits [Y 40.5786 dB    U 44.0658 dB    V 44.1178 dB] [ET    20 ] [L0 24 16 ] [L1 26 28 ]
POC   27 TId: 4 ( B-SLICE, nQP 29 QP 29 )      25656 bits [Y 40.5658 dB    U 44.0672 dB    V 44.0961 dB] [ET    19 ] [L0 26 24 ] [L1 28 32 ]
POC   30 TId: 3 ( B-SLICE, nQP 27 QP 27 )      61624 bits [Y 40.6355 dB    U 44.1305 dB    V 44.0208 dB] [ET    23 ] [L0 28 24 ] [L1 32 28 ]
POC   29 TId: 4 ( B-SLICE, nQP 29 QP 29 )      27120 bits [Y 40.4628 dB    U 44.0402 dB    V 43.9647 dB] [ET    19 ] [L0 28 24 ] [L1 30 32 ]
POC   31 TId: 4 ( B-SLICE, nQP 29 QP 29 )      21984 bits [Y 40.6541 dB    U 44.0632 dB    V 43.9901 dB] [ET    17 ] [L0 30 28 ] [L1 32 30 ]
POC   48 TId: 0 ( B-SLICE, nQP 23 QP 23 )    1135648 bits [Y 41.2256 dB    U 43.8822 dB    V 44.1292 dB] [ET    45 ] [L0 32 ] [L1 32 ]
POC   40 TId: 1 ( B-SLICE, nQP 23 QP 23 )     674688 bits [Y 41.1523 dB    U 43.9886 dB    V 44.0970 dB] [ET    43 ] [L0 32 48 ] [L1 48 32 ]
POC   36 TId: 2 ( B-SLICE, nQP 26 QP 26 )     132912 bits [Y 40.5934 dB    U 43.9638 dB    V 43.9811 dB] [ET    32 ] [L0 32 40 ] [L1 40 48 ]
POC   34 TId: 3 ( B-SLICE, nQP 27 QP 27 )      60024 bits [Y 41.0394 dB    U 43.9925 dB    V 44.0258 dB] [ET    23 ] [L0 32 36 ] [L1 36 40 ]
POC   33 TId: 4 ( B-SLICE, nQP 29 QP 29 )      23160 bits [Y 40.9711 dB    U 44.0024 dB    V 43.9947 dB] [ET    18 ] [L0 32 34 ] [L1 34 36 ]
POC   35 TId: 4 ( B-SLICE, nQP 29 QP 29 )      28432 bits [Y 40.3475 dB    U 43.8920 dB    V 43.9032 dB] [ET    20 ] [L0 34 32 ] [L1 36 40 ]
POC   38 TId: 3 ( B-SLICE, nQP 27 QP 27 )      72616 bits [Y 40.0679 dB    U 43.7979 dB    V 43.8583 dB] [ET    27 ] [L0 36 32 ] [L1 40 48 ]
POC   37 TId: 4 ( B-SLICE, nQP 29 QP 29 )      29448 bits [Y 40.0617 dB    U 43.8645 dB    V 43.8577 dB] [ET    19 ] [L0 36 32 ] [L1 38 40 ]
POC   39 TId: 4 ( B-SLICE, nQP 29 QP 29 )      26896 bits [Y 40.0318 dB    U 43.7132 dB    V 43.8297 dB] [ET    20 ] [L0 38 36 ] [L1 40 48 ]
POC   44 TId: 2 ( B-SLICE, nQP 26 QP 26 )     182416 bits [Y 40.0981 dB    U 43.5770 dB    V 43.7956 dB] [ET    33 ] [L0 40 32 ] [L1 48 40 ]
POC   42 TId: 3 ( B-SLICE, nQP 27 QP 27 )      73616 bits [Y 39.9417 dB    U 43.6083 dB    V 43.7464 dB] [ET    28 ] [L0 40 32 ] [L1 44 48 ]
POC   41 TId: 4 ( B-SLICE, nQP 29 QP 29 )      27608 bits [Y 39.7895 dB    U 43.6219 dB    V 43.7459 dB] [ET    21 ] [L0 40 32 ] [L1 42 44 ]
POC   43 TId: 4 ( B-SLICE, nQP 29 QP 29 )      24872 bits [Y 39.7120 dB    U 43.5123 dB    V 43.7039 dB] [ET    20 ] [L0 42 40 ] [L1 44 48 ]
POC   46 TId: 3 ( B-SLICE, nQP 27 QP 27 )      73872 bits [Y 40.0953 dB    U 43.5521 dB    V 43.8009 dB] [ET    25 ] [L0 44 40 ] [L1 48 44 ]
POC   45 TId: 4 ( B-SLICE, nQP 29 QP 29 )      23520 bits [Y 39.8472 dB    U 43.5245 dB    V 43.7871 dB] [ET    20 ] [L0 44 40 ] [L1 46 48 ]
POC   47 TId: 4 ( B-SLICE, nQP 29 QP 29 )      21184 bits [Y 40.1504 dB    U 43.5386 dB    V 43.8629 dB] [ET    17 ] [L0 46 44 ] [L1 48 46 ]
POC   56 TId: 1 ( B-SLICE, nQP 23 QP 23 )    1081592 bits [Y 41.2212 dB    U 43.7671 dB    V 44.0875 dB] [ET    52 ] [L0 48 40 ] [L1 48 40 ]
POC   52 TId: 2 ( B-SLICE, nQP 26 QP 26 )     191152 bits [Y 40.2075 dB    U 43.5306 dB    V 43.8949 dB] [ET    33 ] [L0 48 40 ] [L1 56 48 ]
POC   50 TId: 3 ( B-SLICE, nQP 27 QP 27 )      79824 bits [Y 39.8283 dB    U 43.5196 dB    V 43.8012 dB] [ET    27 ] [L0 48 40 ] [L1 52 56 ]
POC   49 TId: 4 ( B-SLICE, nQP 29 QP 29 )      24560 bits [Y 39.8482 dB    U 43.5032 dB    V 43.8050 dB] [ET    18 ] [L0 48 50 ] [L1 50 52 ]
POC   51 TId: 4 ( B-SLICE, nQP 29 QP 29 )      25832 bits [Y 39.7323 dB    U 43.4571 dB    V 43.7913 dB] [ET    20 ] [L0 50 48 ] [L1 52 56 ]
POC   54 TId: 3 ( B-SLICE, nQP 27 QP 27 )      80168 bits [Y 40.0822 dB    U 43.4500 dB    V 43.8281 dB] [ET    25 ] [L0 52 48 ] [L1 56 52 ]
POC   53 TId: 4 ( B-SLICE, nQP 29 QP 29 )      23880 bits [Y 39.9073 dB    U 43.4226 dB    V 43.8351 dB] [ET    20 ] [L0 52 48 ] [L1 54 56 ]
POC   55 TId: 4 ( B-SLICE, nQP 29 QP 29 )      24048 bits [Y 39.7621 dB    U 43.3536 dB    V 43.6820 dB] [ET    18 ] [L0 54 52 ] [L1 56 54 ]
POC   58 TId: 3 ( B-SLICE, nQP 27 QP 27 )     165072 bits [Y 39.4163 dB    U 43.1179 dB    V 43.6001 dB] [ET    29 ] [L0 56 48 ] [L1 56 48 ]
POC   57 TId: 4 ( B-SLICE, nQP 29 QP 29 )      23968 bits [Y 39.8047 dB    U 43.2731 dB    V 43.6842 dB] [ET    18 ] [L0 56 48 ] [L1 58 56 ]
POC   59 TId: 4 ( B-SLICE, nQP 29 QP 29 )      75040 bits [Y 38.7876 dB    U 42.9357 dB    V 43.4946 dB] [ET    22 ] [L0 58 56 ] [L1 58 56 ]


SUMMARY --------------------------------------------------------
	Total Frames |   Bitrate     Y-PSNR    U-PSNR    V-PSNR    YUV-PSNR  
	       60    a   14227.7040   40.4564   43.7770   43.8869   41.2426  


I Slices--------------------------------------------------------
	Total Frames |   Bitrate     Y-PSNR    U-PSNR    V-PSNR    YUV-PSNR  
	        2    i  204637.2000   44.7382   45.6988   45.5201   45.0086  


P Slices--------------------------------------------------------
	Total Frames |   Bitrate     Y-PSNR    U-PSNR    V-PSNR    YUV-PSNR  
	        0    p         -nan      -nan      -nan      -nan      -nan  


B Slices--------------------------------------------------------
	Total Frames |   Bitrate     Y-PSNR    U-PSNR    V-PSNR    YUV-PSNR  
	       58    b    7661.8593   40.3087   43.7107   43.8306   41.1566  

RVM: 0.000
Bytes written to file: 1778463 (14227.704 kbps)

 Total Time:     1439.670 sec.
