******************************************************************
** WARNING: --SEIDecodedPictureHash is now disabled by default. **
**          Automatic verification of decoded pictures by a     **
**          decoder requires this option to be enabled.         **
******************************************************************
***************************************************************************
** WARNING: For conforming bitstreams a valid Level value must be set!   **
***************************************************************************

HM software: Encoder Version [16.20] (including RExt)[Linux][GCC 11.3.0][64 bit] 


Input          File                    : /home/pc-einstein/Documents/Alex/class_C/Netflix_RollerCoaster_1280x720_60fps_8bit_420_120f.yuv
Bitstream      File                    : /home/pc-einstein/Documents/Alex/Vitech_Gerenciador/Netflix_RollerCoaster_1280x720_60fps_8bit_420_120f/cq_22/video/coded_HM.hevc
Reconstruction File                    : /home/pc-einstein/Documents/Alex/Vitech_Gerenciador/Netflix_RollerCoaster_1280x720_60fps_8bit_420_120f/cq_22/video/coded_HM.yuv
Real     Format                        : 1280x720 60Hz
Internal Format                        : 1280x720 60Hz
Sequence PSNR output                   : Linear average only
Sequence MSE output                    : Disabled
Frame MSE output                       : Disabled
MS-SSIM output                         : Disabled
xPSNR calculation                      : Disabled
Cabac-zero-word-padding                : Enabled
Frame/Field                            : Frame based coding
Frame index                            : 0 - 59 (60 frames)
Profile                                : main
CU size / depth / total-depth          : 64 / 4 / 4
RQT trans. size (min / max)            : 4 / 32
Max RQT depth inter                    : 3
Max RQT depth intra                    : 3
Min PCM size                           : 8
Motion search range                    : 384
Intra period                           : 32
Decoding refresh type                  : 1
QP                                     : 22
Max dQP signaling depth                : 0
Cb QP Offset                           : 0
Cr QP Offset                           : 0
QP adaptation                          : 0 (range=0)
GOP size                               : 16
Input bit depth                        : (Y:8, C:8)
MSB-extended bit depth                 : (Y:8, C:8)
Internal bit depth                     : (Y:8, C:8)
PCM sample bit depth                   : (Y:8, C:8)
Intra reference smoothing              : Enabled
diff_cu_chroma_qp_offset_depth         : -1
extended_precision_processing_flag     : Disabled
implicit_rdpcm_enabled_flag            : Disabled
explicit_rdpcm_enabled_flag            : Disabled
transform_skip_rotation_enabled_flag   : Disabled
transform_skip_context_enabled_flag    : Disabled
cross_component_prediction_enabled_flag: Disabled
high_precision_offsets_enabled_flag    : Disabled
persistent_rice_adaptation_enabled_flag: Disabled
cabac_bypass_alignment_enabled_flag    : Disabled
log2_sao_offset_scale_luma             : 0
log2_sao_offset_scale_chroma           : 0
Cost function:                         : Lossy coding (default)
RateControl                            : 0
WPMethod                               : 0
Max Num Merge Candidates               : 5

TOOL CFG: IBD:0 HAD:1 RDQ:1 RDQTS:1 RDpenalty:0 LQP:0 SQP:0 ASR:1 MinSearchWindow:96 RestrictMESampling:0 FEN:1 ECU:0 FDM:1 CFM:0 ESD:0 RQT:1 TransformSkip:1 TransformSkipFast:1 TransformSkipLog2MaxSize:2 Slice: M=0 SliceSegment: M=0 CIP:0 SAO:1 PCM:0 TransQuantBypassEnabled:0 WPP:0 WPB:0 PME:2  WaveFrontSynchro:0 WaveFrontSubstreams:1 ScalingList:0 TMVPMode:1 AQpS:0 SignBitHidingFlag:1 RecalQP:0

Non-environment-variable-controlled macros set as follows: 

                                RExt__DECODER_DEBUG_BIT_STATISTICS =   0
                                      RExt__HIGH_BIT_DEPTH_SUPPORT =   0
                            RExt__HIGH_PRECISION_FORWARD_TRANSFORM =   0
                                        O0043_BEST_EFFORT_DECODING =   0
                                         ME_ENABLE_ROUNDING_OF_MVS =   1

                   Input ChromaFormatIDC =   4:2:0
       Output (internal) ChromaFormatIDC =   4:2:0

POC    0 TId: 0 ( I-SLICE, nQP 19 QP 19 )     737264 bits [Y 46.5544 dB    U 47.0189 dB    V 46.7403 dB] [ET     5 ] [L0 ] [L1 ]
POC   16 TId: 0 ( B-SLICE, nQP 23 QP 23 )     339896 bits [Y 43.9155 dB    U 45.1796 dB    V 45.2433 dB] [ET    20 ] [L0 0 ] [L1 0 ]
POC    8 TId: 1 ( B-SLICE, nQP 23 QP 23 )     228928 bits [Y 43.7802 dB    U 45.2019 dB    V 45.1478 dB] [ET    16 ] [L0 0 16 ] [L1 16 0 ]
POC    4 TId: 2 ( B-SLICE, nQP 26 QP 26 )     111096 bits [Y 42.9098 dB    U 45.1133 dB    V 45.2637 dB] [ET    15 ] [L0 0 8 ] [L1 8 16 ]
POC    2 TId: 3 ( B-SLICE, nQP 27 QP 27 )     100464 bits [Y 42.2254 dB    U 44.8696 dB    V 45.0601 dB] [ET    13 ] [L0 0 4 ] [L1 4 8 ]
POC    1 TId: 4 ( B-SLICE, nQP 29 QP 29 )      33152 bits [Y 42.5853 dB    U 45.4608 dB    V 45.6015 dB] [ET    10 ] [L0 0 2 ] [L1 2 4 ]
POC    3 TId: 4 ( B-SLICE, nQP 29 QP 29 )      49320 bits [Y 41.4799 dB    U 44.8197 dB    V 45.1037 dB] [ET    11 ] [L0 2 0 ] [L1 4 8 ]
POC    6 TId: 3 ( B-SLICE, nQP 27 QP 27 )      92272 bits [Y 42.5236 dB    U 45.0204 dB    V 45.2814 dB] [ET    15 ] [L0 4 0 ] [L1 8 16 ]
POC    5 TId: 4 ( B-SLICE, nQP 29 QP 29 )      35144 bits [Y 42.7513 dB    U 45.3026 dB    V 45.6703 dB] [ET    11 ] [L0 4 0 ] [L1 6 8 ]
POC    7 TId: 4 ( B-SLICE, nQP 29 QP 29 )      33304 bits [Y 41.3829 dB    U 44.6749 dB    V 44.8245 dB] [ET    11 ] [L0 6 4 ] [L1 8 16 ]
POC   12 TId: 2 ( B-SLICE, nQP 26 QP 26 )      53200 bits [Y 43.6880 dB    U 44.9548 dB    V 45.1169 dB] [ET    12 ] [L0 8 0 ] [L1 16 8 ]
POC   10 TId: 3 ( B-SLICE, nQP 27 QP 27 )      79520 bits [Y 42.4316 dB    U 44.6507 dB    V 44.8988 dB] [ET    14 ] [L0 8 0 ] [L1 12 16 ]
POC    9 TId: 4 ( B-SLICE, nQP 29 QP 29 )      38888 bits [Y 42.2833 dB    U 44.9682 dB    V 45.2220 dB] [ET    12 ] [L0 8 0 ] [L1 10 12 ]
POC   11 TId: 4 ( B-SLICE, nQP 29 QP 29 )      34448 bits [Y 41.2890 dB    U 44.3692 dB    V 44.5805 dB] [ET    11 ] [L0 10 8 ] [L1 12 16 ]
POC   14 TId: 3 ( B-SLICE, nQP 27 QP 27 )      96984 bits [Y 42.0281 dB    U 44.3430 dB    V 44.5880 dB] [ET    12 ] [L0 12 8 ] [L1 16 12 ]
POC   13 TId: 4 ( B-SLICE, nQP 29 QP 29 )      32704 bits [Y 42.0508 dB    U 44.6663 dB    V 45.0654 dB] [ET    11 ] [L0 12 8 ] [L1 14 16 ]
POC   15 TId: 4 ( B-SLICE, nQP 29 QP 29 )      31792 bits [Y 41.3815 dB    U 44.2369 dB    V 44.5292 dB] [ET     9 ] [L0 14 12 ] [L1 16 14 ]
POC   32 TId: 0 ( I-SLICE, nQP 19 QP 19 )     817976 bits [Y 46.3092 dB    U 46.6907 dB    V 46.4957 dB] [ET     5 ] [L0 ] [L1 ]
POC   24 TId: 1 ( B-SLICE, nQP 23 QP 23 )     188768 bits [Y 44.2031 dB    U 45.4713 dB    V 45.5538 dB] [ET    20 ] [L0 16 8 ] [L1 32 16 ]
POC   20 TId: 2 ( B-SLICE, nQP 26 QP 26 )      76216 bits [Y 43.3841 dB    U 44.9630 dB    V 45.2521 dB] [ET    16 ] [L0 16 8 ] [L1 24 32 ]
POC   18 TId: 3 ( B-SLICE, nQP 27 QP 27 )      87920 bits [Y 42.1829 dB    U 44.4331 dB    V 44.7688 dB] [ET    14 ] [L0 16 8 ] [L1 20 24 ]
POC   17 TId: 4 ( B-SLICE, nQP 29 QP 29 )      28560 bits [Y 42.0752 dB    U 44.5925 dB    V 44.9186 dB] [ET     9 ] [L0 16 18 ] [L1 18 20 ]
POC   19 TId: 4 ( B-SLICE, nQP 29 QP 29 )      31192 bits [Y 41.9877 dB    U 44.3393 dB    V 44.8642 dB] [ET    11 ] [L0 18 16 ] [L1 20 24 ]
POC   22 TId: 3 ( B-SLICE, nQP 27 QP 27 )      68024 bits [Y 42.5331 dB    U 44.5618 dB    V 44.9817 dB] [ET    14 ] [L0 20 16 ] [L1 24 32 ]
POC   21 TId: 4 ( B-SLICE, nQP 29 QP 29 )      24120 bits [Y 42.6390 dB    U 44.6809 dB    V 45.1239 dB] [ET    10 ] [L0 20 16 ] [L1 22 24 ]
POC   23 TId: 4 ( B-SLICE, nQP 29 QP 29 )      33416 bits [Y 41.6461 dB    U 44.6580 dB    V 45.0499 dB] [ET    11 ] [L0 22 20 ] [L1 24 32 ]
POC   28 TId: 2 ( B-SLICE, nQP 26 QP 26 )      62200 bits [Y 43.4637 dB    U 44.9724 dB    V 45.2604 dB] [ET    12 ] [L0 24 16 ] [L1 32 24 ]
POC   26 TId: 3 ( B-SLICE, nQP 27 QP 27 )      67120 bits [Y 42.8034 dB    U 44.8698 dB    V 45.3003 dB] [ET    13 ] [L0 24 16 ] [L1 28 32 ]
POC   25 TId: 4 ( B-SLICE, nQP 29 QP 29 )      20976 bits [Y 42.5033 dB    U 44.6760 dB    V 45.1077 dB] [ET    10 ] [L0 24 16 ] [L1 26 28 ]
POC   27 TId: 4 ( B-SLICE, nQP 29 QP 29 )      24376 bits [Y 41.7727 dB    U 44.2985 dB    V 44.8297 dB] [ET    10 ] [L0 26 24 ] [L1 28 32 ]
POC   30 TId: 3 ( B-SLICE, nQP 27 QP 27 )      68312 bits [Y 42.4816 dB    U 44.7080 dB    V 44.9936 dB] [ET    11 ] [L0 28 24 ] [L1 32 28 ]
POC   29 TId: 4 ( B-SLICE, nQP 29 QP 29 )      22592 bits [Y 42.9555 dB    U 44.9724 dB    V 45.4083 dB] [ET     9 ] [L0 28 24 ] [L1 30 32 ]
POC   31 TId: 4 ( B-SLICE, nQP 29 QP 29 )      29328 bits [Y 41.7819 dB    U 44.4816 dB    V 44.9108 dB] [ET     9 ] [L0 30 28 ] [L1 32 30 ]
POC   48 TId: 0 ( B-SLICE, nQP 23 QP 23 )     352400 bits [Y 43.8214 dB    U 44.9148 dB    V 45.0868 dB] [ET    21 ] [L0 32 ] [L1 32 ]
POC   40 TId: 1 ( B-SLICE, nQP 23 QP 23 )     173488 bits [Y 44.0363 dB    U 45.1598 dB    V 45.3544 dB] [ET    16 ] [L0 32 48 ] [L1 48 32 ]
POC   36 TId: 2 ( B-SLICE, nQP 26 QP 26 )     121008 bits [Y 43.2472 dB    U 44.9941 dB    V 45.5038 dB] [ET    16 ] [L0 32 40 ] [L1 40 48 ]
POC   34 TId: 3 ( B-SLICE, nQP 27 QP 27 )     118592 bits [Y 42.3428 dB    U 44.6289 dB    V 45.0136 dB] [ET    13 ] [L0 32 36 ] [L1 36 40 ]
POC   33 TId: 4 ( B-SLICE, nQP 29 QP 29 )      34176 bits [Y 42.3396 dB    U 44.8906 dB    V 45.3164 dB] [ET    10 ] [L0 32 34 ] [L1 34 36 ]
POC   35 TId: 4 ( B-SLICE, nQP 29 QP 29 )      41792 bits [Y 42.1395 dB    U 44.3315 dB    V 44.9323 dB] [ET    12 ] [L0 34 32 ] [L1 36 40 ]
POC   38 TId: 3 ( B-SLICE, nQP 27 QP 27 )     107680 bits [Y 42.3233 dB    U 44.3615 dB    V 44.8581 dB] [ET    15 ] [L0 36 32 ] [L1 40 48 ]
POC   37 TId: 4 ( B-SLICE, nQP 29 QP 29 )      38960 bits [Y 42.5285 dB    U 44.6360 dB    V 45.2196 dB] [ET    11 ] [L0 36 32 ] [L1 38 40 ]
POC   39 TId: 4 ( B-SLICE, nQP 29 QP 29 )      34912 bits [Y 41.7079 dB    U 44.1847 dB    V 44.7517 dB] [ET    12 ] [L0 38 36 ] [L1 40 48 ]
POC   44 TId: 2 ( B-SLICE, nQP 26 QP 26 )      67392 bits [Y 43.4041 dB    U 44.7377 dB    V 45.1902 dB] [ET    13 ] [L0 40 32 ] [L1 48 40 ]
POC   42 TId: 3 ( B-SLICE, nQP 27 QP 27 )      81064 bits [Y 42.3091 dB    U 44.1681 dB    V 44.6951 dB] [ET    14 ] [L0 40 32 ] [L1 44 48 ]
POC   41 TId: 4 ( B-SLICE, nQP 29 QP 29 )      23856 bits [Y 42.6394 dB    U 44.7357 dB    V 45.2063 dB] [ET    10 ] [L0 40 32 ] [L1 42 44 ]
POC   43 TId: 4 ( B-SLICE, nQP 29 QP 29 )      24288 bits [Y 42.2592 dB    U 44.2900 dB    V 44.9153 dB] [ET    10 ] [L0 42 40 ] [L1 44 48 ]
POC   46 TId: 3 ( B-SLICE, nQP 27 QP 27 )      86016 bits [Y 42.2652 dB    U 44.0609 dB    V 44.5283 dB] [ET    12 ] [L0 44 40 ] [L1 48 44 ]
POC   45 TId: 4 ( B-SLICE, nQP 29 QP 29 )      27904 bits [Y 42.5420 dB    U 44.3102 dB    V 44.8414 dB] [ET    10 ] [L0 44 40 ] [L1 46 48 ]
POC   47 TId: 4 ( B-SLICE, nQP 29 QP 29 )      26296 bits [Y 42.0548 dB    U 44.0767 dB    V 44.6471 dB] [ET     9 ] [L0 46 44 ] [L1 48 46 ]
POC   56 TId: 1 ( B-SLICE, nQP 23 QP 23 )     262432 bits [Y 43.7215 dB    U 44.8012 dB    V 45.0014 dB] [ET    23 ] [L0 48 40 ] [L1 48 40 ]
POC   52 TId: 2 ( B-SLICE, nQP 26 QP 26 )      62952 bits [Y 43.3110 dB    U 44.6380 dB    V 44.9762 dB] [ET    13 ] [L0 48 40 ] [L1 56 48 ]
POC   50 TId: 3 ( B-SLICE, nQP 27 QP 27 )      75176 bits [Y 42.2107 dB    U 44.0599 dB    V 44.5450 dB] [ET    14 ] [L0 48 40 ] [L1 52 56 ]
POC   49 TId: 4 ( B-SLICE, nQP 29 QP 29 )      24528 bits [Y 42.3650 dB    U 44.2982 dB    V 44.7647 dB] [ET     9 ] [L0 48 50 ] [L1 50 52 ]
POC   51 TId: 4 ( B-SLICE, nQP 29 QP 29 )      25656 bits [Y 42.1794 dB    U 44.0073 dB    V 44.6551 dB] [ET    10 ] [L0 50 48 ] [L1 52 56 ]
POC   54 TId: 3 ( B-SLICE, nQP 27 QP 27 )      96952 bits [Y 42.0705 dB    U 43.9522 dB    V 44.4055 dB] [ET    12 ] [L0 52 48 ] [L1 56 52 ]
POC   53 TId: 4 ( B-SLICE, nQP 29 QP 29 )      28392 bits [Y 42.1177 dB    U 44.0743 dB    V 44.6149 dB] [ET    10 ] [L0 52 48 ] [L1 54 56 ]
POC   55 TId: 4 ( B-SLICE, nQP 29 QP 29 )      28640 bits [Y 42.1126 dB    U 43.9428 dB    V 44.5024 dB] [ET     9 ] [L0 54 52 ] [L1 56 54 ]
POC   58 TId: 3 ( B-SLICE, nQP 27 QP 27 )     104880 bits [Y 41.8755 dB    U 43.6065 dB    V 44.2567 dB] [ET    13 ] [L0 56 48 ] [L1 56 48 ]
POC   57 TId: 4 ( B-SLICE, nQP 29 QP 29 )      29000 bits [Y 41.4275 dB    U 43.5894 dB    V 44.1706 dB] [ET    10 ] [L0 56 48 ] [L1 58 56 ]
POC   59 TId: 4 ( B-SLICE, nQP 29 QP 29 )      41888 bits [Y 41.9487 dB    U 43.5423 dB    V 44.2746 dB] [ET    10 ] [L0 58 56 ] [L1 58 56 ]


SUMMARY --------------------------------------------------------
	Total Frames |   Bitrate     Y-PSNR    U-PSNR    V-PSNR    YUV-PSNR  
	       60    a    5919.7920   42.6214   44.6536   45.0164   43.1569  


I Slices--------------------------------------------------------
	Total Frames |   Bitrate     Y-PSNR    U-PSNR    V-PSNR    YUV-PSNR  
	        2    i   46657.2000   46.4318   46.8548   46.6180   46.5285  


P Slices--------------------------------------------------------
	Total Frames |   Bitrate     Y-PSNR    U-PSNR    V-PSNR    YUV-PSNR  
	        0    p         -nan      -nan      -nan      -nan      -nan  


B Slices--------------------------------------------------------
	Total Frames |   Bitrate     Y-PSNR    U-PSNR    V-PSNR    YUV-PSNR  
	       58    b    4515.0538   42.4900   44.5777   44.9612   43.0768  

RVM: 0.000
Bytes written to file: 739974 (5919.792 kbps)

 Total Time:      728.697 sec.
