******************************************************************
** WARNING: --SEIDecodedPictureHash is now disabled by default. **
**          Automatic verification of decoded pictures by a     **
**          decoder requires this option to be enabled.         **
******************************************************************
***************************************************************************
** WARNING: For conforming bitstreams a valid Level value must be set!   **
***************************************************************************

HM software: Encoder Version [16.20] (including RExt)[Linux][GCC 11.3.0][64 bit] 


Input          File                    : /home/pc-einstein/Documents/Alex/class_C/Johnny_1280x720_60.yuv
Bitstream      File                    : /home/pc-einstein/Documents/Alex/Vitech_Gerenciador/Johnny_1280x720_60/cq_22/video/coded_HM.hevc
Reconstruction File                    : /home/pc-einstein/Documents/Alex/Vitech_Gerenciador/Johnny_1280x720_60/cq_22/video/coded_HM.yuv
Real     Format                        : 1280x720 60Hz
Internal Format                        : 1280x720 60Hz
Sequence PSNR output                   : Linear average only
Sequence MSE output                    : Disabled
Frame MSE output                       : Disabled
MS-SSIM output                         : Disabled
xPSNR calculation                      : Disabled
Cabac-zero-word-padding                : Enabled
Frame/Field                            : Frame based coding
Frame index                            : 0 - 59 (60 frames)
Profile                                : main
CU size / depth / total-depth          : 64 / 4 / 4
RQT trans. size (min / max)            : 4 / 32
Max RQT depth inter                    : 3
Max RQT depth intra                    : 3
Min PCM size                           : 8
Motion search range                    : 384
Intra period                           : 32
Decoding refresh type                  : 1
QP                                     : 22
Max dQP signaling depth                : 0
Cb QP Offset                           : 0
Cr QP Offset                           : 0
QP adaptation                          : 0 (range=0)
GOP size                               : 16
Input bit depth                        : (Y:8, C:8)
MSB-extended bit depth                 : (Y:8, C:8)
Internal bit depth                     : (Y:8, C:8)
PCM sample bit depth                   : (Y:8, C:8)
Intra reference smoothing              : Enabled
diff_cu_chroma_qp_offset_depth         : -1
extended_precision_processing_flag     : Disabled
implicit_rdpcm_enabled_flag            : Disabled
explicit_rdpcm_enabled_flag            : Disabled
transform_skip_rotation_enabled_flag   : Disabled
transform_skip_context_enabled_flag    : Disabled
cross_component_prediction_enabled_flag: Disabled
high_precision_offsets_enabled_flag    : Disabled
persistent_rice_adaptation_enabled_flag: Disabled
cabac_bypass_alignment_enabled_flag    : Disabled
log2_sao_offset_scale_luma             : 0
log2_sao_offset_scale_chroma           : 0
Cost function:                         : Lossy coding (default)
RateControl                            : 0
WPMethod                               : 0
Max Num Merge Candidates               : 5

TOOL CFG: IBD:0 HAD:1 RDQ:1 RDQTS:1 RDpenalty:0 LQP:0 SQP:0 ASR:1 MinSearchWindow:96 RestrictMESampling:0 FEN:1 ECU:0 FDM:1 CFM:0 ESD:0 RQT:1 TransformSkip:1 TransformSkipFast:1 TransformSkipLog2MaxSize:2 Slice: M=0 SliceSegment: M=0 CIP:0 SAO:1 PCM:0 TransQuantBypassEnabled:0 WPP:0 WPB:0 PME:2  WaveFrontSynchro:0 WaveFrontSubstreams:1 ScalingList:0 TMVPMode:1 AQpS:0 SignBitHidingFlag:1 RecalQP:0

Non-environment-variable-controlled macros set as follows: 

                                RExt__DECODER_DEBUG_BIT_STATISTICS =   0
                                      RExt__HIGH_BIT_DEPTH_SUPPORT =   0
                            RExt__HIGH_PRECISION_FORWARD_TRANSFORM =   0
                                        O0043_BEST_EFFORT_DECODING =   0
                                         ME_ENABLE_ROUNDING_OF_MVS =   1

                   Input ChromaFormatIDC =   4:2:0
       Output (internal) ChromaFormatIDC =   4:2:0

POC    0 TId: 0 ( I-SLICE, nQP 19 QP 19 )     486344 bits [Y 45.4619 dB    U 49.0628 dB    V 49.5109 dB] [ET     4 ] [L0 ] [L1 ]
POC   16 TId: 0 ( B-SLICE, nQP 23 QP 23 )     139352 bits [Y 43.4895 dB    U 48.2206 dB    V 48.7807 dB] [ET    11 ] [L0 0 ] [L1 0 ]
POC    8 TId: 1 ( B-SLICE, nQP 23 QP 23 )      86696 bits [Y 43.5444 dB    U 48.3200 dB    V 48.9017 dB] [ET    11 ] [L0 0 16 ] [L1 16 0 ]
POC    4 TId: 2 ( B-SLICE, nQP 26 QP 26 )      23984 bits [Y 42.7964 dB    U 48.3964 dB    V 48.9865 dB] [ET     8 ] [L0 0 8 ] [L1 8 16 ]
POC    2 TId: 3 ( B-SLICE, nQP 27 QP 27 )      16688 bits [Y 42.8216 dB    U 48.5247 dB    V 49.1661 dB] [ET     7 ] [L0 0 4 ] [L1 4 8 ]
POC    1 TId: 4 ( B-SLICE, nQP 29 QP 29 )       3064 bits [Y 42.6027 dB    U 48.3256 dB    V 49.0098 dB] [ET     6 ] [L0 0 2 ] [L1 2 4 ]
POC    3 TId: 4 ( B-SLICE, nQP 29 QP 29 )       2800 bits [Y 42.5706 dB    U 48.2958 dB    V 48.9301 dB] [ET     6 ] [L0 2 0 ] [L1 4 8 ]
POC    6 TId: 3 ( B-SLICE, nQP 27 QP 27 )      14088 bits [Y 42.6146 dB    U 48.3417 dB    V 48.8647 dB] [ET     8 ] [L0 4 0 ] [L1 8 16 ]
POC    5 TId: 4 ( B-SLICE, nQP 29 QP 29 )       2584 bits [Y 42.5275 dB    U 48.2096 dB    V 48.9544 dB] [ET     6 ] [L0 4 0 ] [L1 6 8 ]
POC    7 TId: 4 ( B-SLICE, nQP 29 QP 29 )       2016 bits [Y 42.5391 dB    U 48.1914 dB    V 48.9132 dB] [ET     6 ] [L0 6 4 ] [L1 8 16 ]
POC   12 TId: 2 ( B-SLICE, nQP 26 QP 26 )      26328 bits [Y 42.6480 dB    U 48.1994 dB    V 48.7674 dB] [ET     8 ] [L0 8 0 ] [L1 16 8 ]
POC   10 TId: 3 ( B-SLICE, nQP 27 QP 27 )      19264 bits [Y 42.5402 dB    U 48.2151 dB    V 48.7865 dB] [ET     8 ] [L0 8 0 ] [L1 12 16 ]
POC    9 TId: 4 ( B-SLICE, nQP 29 QP 29 )       2840 bits [Y 42.4163 dB    U 48.1801 dB    V 48.7965 dB] [ET     6 ] [L0 8 0 ] [L1 10 12 ]
POC   11 TId: 4 ( B-SLICE, nQP 29 QP 29 )       2928 bits [Y 42.4491 dB    U 48.1883 dB    V 48.7706 dB] [ET     6 ] [L0 10 8 ] [L1 12 16 ]
POC   14 TId: 3 ( B-SLICE, nQP 27 QP 27 )      17760 bits [Y 42.4764 dB    U 48.1296 dB    V 48.6932 dB] [ET     7 ] [L0 12 8 ] [L1 16 12 ]
POC   13 TId: 4 ( B-SLICE, nQP 29 QP 29 )       2888 bits [Y 42.3152 dB    U 48.1501 dB    V 48.6609 dB] [ET     6 ] [L0 12 8 ] [L1 14 16 ]
POC   15 TId: 4 ( B-SLICE, nQP 29 QP 29 )       3120 bits [Y 42.3518 dB    U 48.1406 dB    V 48.6686 dB] [ET     6 ] [L0 14 12 ] [L1 16 14 ]
POC   32 TId: 0 ( I-SLICE, nQP 19 QP 19 )     483968 bits [Y 45.5128 dB    U 49.0288 dB    V 49.5594 dB] [ET     4 ] [L0 ] [L1 ]
POC   24 TId: 1 ( B-SLICE, nQP 23 QP 23 )      73064 bits [Y 43.7387 dB    U 48.5583 dB    V 49.2492 dB] [ET    11 ] [L0 16 8 ] [L1 32 16 ]
POC   20 TId: 2 ( B-SLICE, nQP 26 QP 26 )      22984 bits [Y 43.0003 dB    U 48.5414 dB    V 49.1391 dB] [ET     9 ] [L0 16 8 ] [L1 24 32 ]
POC   18 TId: 3 ( B-SLICE, nQP 27 QP 27 )      15048 bits [Y 42.6832 dB    U 48.3864 dB    V 48.9160 dB] [ET     8 ] [L0 16 8 ] [L1 20 24 ]
POC   17 TId: 4 ( B-SLICE, nQP 29 QP 29 )       3296 bits [Y 42.5104 dB    U 48.3184 dB    V 48.9354 dB] [ET     6 ] [L0 16 18 ] [L1 18 20 ]
POC   19 TId: 4 ( B-SLICE, nQP 29 QP 29 )       1576 bits [Y 42.6576 dB    U 48.3828 dB    V 49.0119 dB] [ET     6 ] [L0 18 16 ] [L1 20 24 ]
POC   22 TId: 3 ( B-SLICE, nQP 27 QP 27 )      13608 bits [Y 42.7793 dB    U 48.4936 dB    V 49.1760 dB] [ET     8 ] [L0 20 16 ] [L1 24 32 ]
POC   21 TId: 4 ( B-SLICE, nQP 29 QP 29 )       2296 bits [Y 42.6092 dB    U 48.4699 dB    V 49.0996 dB] [ET     6 ] [L0 20 16 ] [L1 22 24 ]
POC   23 TId: 4 ( B-SLICE, nQP 29 QP 29 )       2200 bits [Y 42.7908 dB    U 48.4938 dB    V 49.1341 dB] [ET     6 ] [L0 22 20 ] [L1 24 32 ]
POC   28 TId: 2 ( B-SLICE, nQP 26 QP 26 )      19568 bits [Y 43.2755 dB    U 48.4979 dB    V 49.2709 dB] [ET     8 ] [L0 24 16 ] [L1 32 24 ]
POC   26 TId: 3 ( B-SLICE, nQP 27 QP 27 )      15528 bits [Y 42.8662 dB    U 48.4777 dB    V 49.1575 dB] [ET     8 ] [L0 24 16 ] [L1 28 32 ]
POC   25 TId: 4 ( B-SLICE, nQP 29 QP 29 )       3272 bits [Y 42.7407 dB    U 48.4918 dB    V 49.1201 dB] [ET     7 ] [L0 24 16 ] [L1 26 28 ]
POC   27 TId: 4 ( B-SLICE, nQP 29 QP 29 )       2744 bits [Y 42.9329 dB    U 48.5027 dB    V 49.1645 dB] [ET     6 ] [L0 26 24 ] [L1 28 32 ]
POC   30 TId: 3 ( B-SLICE, nQP 27 QP 27 )      12480 bits [Y 43.3493 dB    U 48.6745 dB    V 49.3124 dB] [ET     7 ] [L0 28 24 ] [L1 32 28 ]
POC   29 TId: 4 ( B-SLICE, nQP 29 QP 29 )       2704 bits [Y 42.8673 dB    U 48.5496 dB    V 49.1761 dB] [ET     6 ] [L0 28 24 ] [L1 30 32 ]
POC   31 TId: 4 ( B-SLICE, nQP 29 QP 29 )       2440 bits [Y 43.0710 dB    U 48.5544 dB    V 49.1818 dB] [ET     6 ] [L0 30 28 ] [L1 32 30 ]
POC   48 TId: 0 ( B-SLICE, nQP 23 QP 23 )     134976 bits [Y 43.5922 dB    U 48.1969 dB    V 48.8279 dB] [ET    11 ] [L0 32 ] [L1 32 ]
POC   40 TId: 1 ( B-SLICE, nQP 23 QP 23 )      91056 bits [Y 43.6157 dB    U 48.2779 dB    V 48.9838 dB] [ET    11 ] [L0 32 48 ] [L1 48 32 ]
POC   36 TId: 2 ( B-SLICE, nQP 26 QP 26 )      22680 bits [Y 43.1055 dB    U 48.3497 dB    V 49.1595 dB] [ET     8 ] [L0 32 40 ] [L1 40 48 ]
POC   34 TId: 3 ( B-SLICE, nQP 27 QP 27 )      16136 bits [Y 43.0433 dB    U 48.5689 dB    V 49.2327 dB] [ET     7 ] [L0 32 36 ] [L1 36 40 ]
POC   33 TId: 4 ( B-SLICE, nQP 29 QP 29 )       4512 bits [Y 42.8067 dB    U 48.3254 dB    V 49.0634 dB] [ET     6 ] [L0 32 34 ] [L1 34 36 ]
POC   35 TId: 4 ( B-SLICE, nQP 29 QP 29 )       3400 bits [Y 42.7845 dB    U 48.3450 dB    V 49.0388 dB] [ET     6 ] [L0 34 32 ] [L1 36 40 ]
POC   38 TId: 3 ( B-SLICE, nQP 27 QP 27 )      16968 bits [Y 42.6778 dB    U 48.3531 dB    V 49.0393 dB] [ET     8 ] [L0 36 32 ] [L1 40 48 ]
POC   37 TId: 4 ( B-SLICE, nQP 29 QP 29 )       3024 bits [Y 42.6596 dB    U 48.2876 dB    V 48.9728 dB] [ET     6 ] [L0 36 32 ] [L1 38 40 ]
POC   39 TId: 4 ( B-SLICE, nQP 29 QP 29 )       3192 bits [Y 42.5195 dB    U 48.1826 dB    V 48.9368 dB] [ET     7 ] [L0 38 36 ] [L1 40 48 ]
POC   44 TId: 2 ( B-SLICE, nQP 26 QP 26 )      27392 bits [Y 42.7954 dB    U 48.1367 dB    V 48.8088 dB] [ET     9 ] [L0 40 32 ] [L1 48 40 ]
POC   42 TId: 3 ( B-SLICE, nQP 27 QP 27 )      18704 bits [Y 42.4465 dB    U 48.2121 dB    V 48.8709 dB] [ET     9 ] [L0 40 32 ] [L1 44 48 ]
POC   41 TId: 4 ( B-SLICE, nQP 29 QP 29 )       3320 bits [Y 42.3934 dB    U 48.2235 dB    V 48.8581 dB] [ET     7 ] [L0 40 32 ] [L1 42 44 ]
POC   43 TId: 4 ( B-SLICE, nQP 29 QP 29 )       2504 bits [Y 42.4257 dB    U 48.1688 dB    V 48.7856 dB] [ET     6 ] [L0 42 40 ] [L1 44 48 ]
POC   46 TId: 3 ( B-SLICE, nQP 27 QP 27 )      21472 bits [Y 42.3865 dB    U 48.0971 dB    V 48.7777 dB] [ET     8 ] [L0 44 40 ] [L1 48 44 ]
POC   45 TId: 4 ( B-SLICE, nQP 29 QP 29 )       3296 bits [Y 42.2291 dB    U 48.0888 dB    V 48.8205 dB] [ET     7 ] [L0 44 40 ] [L1 46 48 ]
POC   47 TId: 4 ( B-SLICE, nQP 29 QP 29 )       3016 bits [Y 42.3697 dB    U 48.0836 dB    V 48.8064 dB] [ET     6 ] [L0 46 44 ] [L1 48 46 ]
POC   56 TId: 1 ( B-SLICE, nQP 23 QP 23 )     117200 bits [Y 43.5419 dB    U 48.1024 dB    V 48.7684 dB] [ET    12 ] [L0 48 40 ] [L1 48 40 ]
POC   52 TId: 2 ( B-SLICE, nQP 26 QP 26 )      25360 bits [Y 42.7422 dB    U 48.0987 dB    V 48.7444 dB] [ET     8 ] [L0 48 40 ] [L1 56 48 ]
POC   50 TId: 3 ( B-SLICE, nQP 27 QP 27 )      16712 bits [Y 42.5554 dB    U 48.1135 dB    V 48.7406 dB] [ET     8 ] [L0 48 40 ] [L1 52 56 ]
POC   49 TId: 4 ( B-SLICE, nQP 29 QP 29 )       3800 bits [Y 42.3800 dB    U 48.1376 dB    V 48.7470 dB] [ET     6 ] [L0 48 50 ] [L1 50 52 ]
POC   51 TId: 4 ( B-SLICE, nQP 29 QP 29 )       3584 bits [Y 42.4073 dB    U 48.0716 dB    V 48.7538 dB] [ET     6 ] [L0 50 48 ] [L1 52 56 ]
POC   54 TId: 3 ( B-SLICE, nQP 27 QP 27 )      12320 bits [Y 42.5664 dB    U 48.1071 dB    V 48.7512 dB] [ET     7 ] [L0 52 48 ] [L1 56 52 ]
POC   53 TId: 4 ( B-SLICE, nQP 29 QP 29 )       2968 bits [Y 42.2886 dB    U 48.0564 dB    V 48.7513 dB] [ET     6 ] [L0 52 48 ] [L1 54 56 ]
POC   55 TId: 4 ( B-SLICE, nQP 29 QP 29 )       3160 bits [Y 42.3025 dB    U 48.0480 dB    V 48.7108 dB] [ET     6 ] [L0 54 52 ] [L1 56 54 ]
POC   58 TId: 3 ( B-SLICE, nQP 27 QP 27 )      20504 bits [Y 42.4786 dB    U 47.9907 dB    V 48.6499 dB] [ET     7 ] [L0 56 48 ] [L1 56 48 ]
POC   57 TId: 4 ( B-SLICE, nQP 29 QP 29 )       3520 bits [Y 42.1469 dB    U 47.9801 dB    V 48.7121 dB] [ET     6 ] [L0 56 48 ] [L1 58 56 ]
POC   59 TId: 4 ( B-SLICE, nQP 29 QP 29 )       7816 bits [Y 42.0592 dB    U 47.8963 dB    V 48.5819 dB] [ET     6 ] [L0 58 56 ] [L1 58 56 ]


SUMMARY --------------------------------------------------------
	Total Frames |   Bitrate     Y-PSNR    U-PSNR    V-PSNR    YUV-PSNR  
	       60    a    2122.1120   42.8145   48.3002   48.9443   44.0022  


I Slices--------------------------------------------------------
	Total Frames |   Bitrate     Y-PSNR    U-PSNR    V-PSNR    YUV-PSNR  
	        2    i   29109.3600   45.4874   49.0458   49.5352   46.4253  


P Slices--------------------------------------------------------
	Total Frames |   Bitrate     Y-PSNR    U-PSNR    V-PSNR    YUV-PSNR  
	        0    p         -nan      -nan      -nan      -nan      -nan  


B Slices--------------------------------------------------------
	Total Frames |   Bitrate     Y-PSNR    U-PSNR    V-PSNR    YUV-PSNR  
	       58    b    1191.5172   42.7223   48.2745   48.9240   43.9387  

RVM: 0.000
Bytes written to file: 265264 (2122.112 kbps)

 Total Time:      437.205 sec.
