******************************************************************
** WARNING: --SEIDecodedPictureHash is now disabled by default. **
**          Automatic verification of decoded pictures by a     **
**          decoder requires this option to be enabled.         **
******************************************************************
***************************************************************************
** WARNING: For conforming bitstreams a valid Level value must be set!   **
***************************************************************************

HM software: Encoder Version [16.20] (including RExt)[Linux][GCC 9.4.0][64 bit] 


Input          File                    : /home/pc-poincare/Documents/Alex/class_E/Netflix_TunnelFlag_1920x1080_60fps_8bit_420_60f.yuv
Bitstream      File                    : /home/pc-poincare/Documents/Alex/ViTech_Gerenciador-main/Netflix_TunnelFlag_1920x1080_60fps_8bit_420_60f/cq_22/video/coded_HM.hevc
Reconstruction File                    : /home/pc-poincare/Documents/Alex/ViTech_Gerenciador-main/Netflix_TunnelFlag_1920x1080_60fps_8bit_420_60f/cq_22/video/coded_HM.yuv
Real     Format                        : 1920x1080 60Hz
Internal Format                        : 1920x1080 60Hz
Sequence PSNR output                   : Linear average only
Sequence MSE output                    : Disabled
Frame MSE output                       : Disabled
MS-SSIM output                         : Disabled
xPSNR calculation                      : Disabled
Cabac-zero-word-padding                : Enabled
Frame/Field                            : Frame based coding
Frame index                            : 0 - 59 (60 frames)
Profile                                : main
CU size / depth / total-depth          : 64 / 4 / 4
RQT trans. size (min / max)            : 4 / 32
Max RQT depth inter                    : 3
Max RQT depth intra                    : 3
Min PCM size                           : 8
Motion search range                    : 384
Intra period                           : 32
Decoding refresh type                  : 1
QP                                     : 22
Max dQP signaling depth                : 0
Cb QP Offset                           : 0
Cr QP Offset                           : 0
QP adaptation                          : 0 (range=0)
GOP size                               : 16
Input bit depth                        : (Y:8, C:8)
MSB-extended bit depth                 : (Y:8, C:8)
Internal bit depth                     : (Y:8, C:8)
PCM sample bit depth                   : (Y:8, C:8)
Intra reference smoothing              : Enabled
diff_cu_chroma_qp_offset_depth         : -1
extended_precision_processing_flag     : Disabled
implicit_rdpcm_enabled_flag            : Disabled
explicit_rdpcm_enabled_flag            : Disabled
transform_skip_rotation_enabled_flag   : Disabled
transform_skip_context_enabled_flag    : Disabled
cross_component_prediction_enabled_flag: Disabled
high_precision_offsets_enabled_flag    : Disabled
persistent_rice_adaptation_enabled_flag: Disabled
cabac_bypass_alignment_enabled_flag    : Disabled
log2_sao_offset_scale_luma             : 0
log2_sao_offset_scale_chroma           : 0
Cost function:                         : Lossy coding (default)
RateControl                            : 0
WPMethod                               : 0
Max Num Merge Candidates               : 5

TOOL CFG: IBD:0 HAD:1 RDQ:1 RDQTS:1 RDpenalty:0 LQP:0 SQP:0 ASR:1 MinSearchWindow:96 RestrictMESampling:0 FEN:1 ECU:0 FDM:1 CFM:0 ESD:0 RQT:1 TransformSkip:1 TransformSkipFast:1 TransformSkipLog2MaxSize:2 Slice: M=0 SliceSegment: M=0 CIP:0 SAO:1 PCM:0 TransQuantBypassEnabled:0 WPP:0 WPB:0 PME:2  WaveFrontSynchro:0 WaveFrontSubstreams:1 ScalingList:0 TMVPMode:1 AQpS:0 SignBitHidingFlag:1 RecalQP:0

Non-environment-variable-controlled macros set as follows: 

                                RExt__DECODER_DEBUG_BIT_STATISTICS =   0
                                      RExt__HIGH_BIT_DEPTH_SUPPORT =   0
                            RExt__HIGH_PRECISION_FORWARD_TRANSFORM =   0
                                        O0043_BEST_EFFORT_DECODING =   0
                                         ME_ENABLE_ROUNDING_OF_MVS =   1

                   Input ChromaFormatIDC =   4:2:0
       Output (internal) ChromaFormatIDC =   4:2:0

POC    0 TId: 0 ( I-SLICE, nQP 19 QP 19 )    1877280 bits [Y 45.2858 dB    U 47.2975 dB    V 48.3947 dB] [ET    11 ] [L0 ] [L1 ]
POC   16 TId: 0 ( B-SLICE, nQP 23 QP 23 )    1228736 bits [Y 42.3893 dB    U 44.9478 dB    V 46.4060 dB] [ET    52 ] [L0 0 ] [L1 0 ]
POC    8 TId: 1 ( B-SLICE, nQP 23 QP 23 )     944920 bits [Y 42.5579 dB    U 45.3485 dB    V 46.9288 dB] [ET    51 ] [L0 0 16 ] [L1 16 0 ]
POC    4 TId: 2 ( B-SLICE, nQP 26 QP 26 )     452088 bits [Y 41.4302 dB    U 45.3673 dB    V 47.0834 dB] [ET    47 ] [L0 0 8 ] [L1 8 16 ]
POC    2 TId: 3 ( B-SLICE, nQP 27 QP 27 )     218672 bits [Y 41.6112 dB    U 45.8564 dB    V 47.4878 dB] [ET    31 ] [L0 0 4 ] [L1 4 8 ]
POC    1 TId: 4 ( B-SLICE, nQP 29 QP 29 )      78880 bits [Y 41.7166 dB    U 45.9794 dB    V 47.6428 dB] [ET    22 ] [L0 0 2 ] [L1 2 4 ]
POC    3 TId: 4 ( B-SLICE, nQP 29 QP 29 )      76280 bits [Y 41.0518 dB    U 45.5455 dB    V 47.3147 dB] [ET    25 ] [L0 2 0 ] [L1 4 8 ]
POC    6 TId: 3 ( B-SLICE, nQP 27 QP 27 )     232000 bits [Y 41.1317 dB    U 45.2380 dB    V 47.0004 dB] [ET    41 ] [L0 4 0 ] [L1 8 16 ]
POC    5 TId: 4 ( B-SLICE, nQP 29 QP 29 )      81880 bits [Y 40.8289 dB    U 45.2108 dB    V 47.0609 dB] [ET    26 ] [L0 4 0 ] [L1 6 8 ]
POC    7 TId: 4 ( B-SLICE, nQP 29 QP 29 )      86656 bits [Y 40.9986 dB    U 45.1015 dB    V 46.8814 dB] [ET    29 ] [L0 6 4 ] [L1 8 16 ]
POC   12 TId: 2 ( B-SLICE, nQP 26 QP 26 )     519048 bits [Y 40.7940 dB    U 44.7505 dB    V 46.5294 dB] [ET    48 ] [L0 8 0 ] [L1 16 8 ]
POC   10 TId: 3 ( B-SLICE, nQP 27 QP 27 )     250744 bits [Y 40.6832 dB    U 44.8744 dB    V 46.7378 dB] [ET    42 ] [L0 8 0 ] [L1 12 16 ]
POC    9 TId: 4 ( B-SLICE, nQP 29 QP 29 )      88584 bits [Y 40.6894 dB    U 44.9401 dB    V 46.7622 dB] [ET    30 ] [L0 8 0 ] [L1 10 12 ]
POC   11 TId: 4 ( B-SLICE, nQP 29 QP 29 )      87384 bits [Y 40.3334 dB    U 44.7437 dB    V 46.6744 dB] [ET    27 ] [L0 10 8 ] [L1 12 16 ]
POC   14 TId: 3 ( B-SLICE, nQP 27 QP 27 )     285792 bits [Y 40.4694 dB    U 44.6076 dB    V 46.3732 dB] [ET    36 ] [L0 12 8 ] [L1 16 12 ]
POC   13 TId: 4 ( B-SLICE, nQP 29 QP 29 )      86856 bits [Y 40.1756 dB    U 44.5852 dB    V 46.4705 dB] [ET    26 ] [L0 12 8 ] [L1 14 16 ]
POC   15 TId: 4 ( B-SLICE, nQP 29 QP 29 )      87536 bits [Y 40.5538 dB    U 44.5394 dB    V 46.3068 dB] [ET    24 ] [L0 14 12 ] [L1 16 14 ]
POC   32 TId: 0 ( I-SLICE, nQP 19 QP 19 )    2065288 bits [Y 44.9776 dB    U 46.9615 dB    V 48.0257 dB] [ET    12 ] [L0 ] [L1 ]
POC   24 TId: 1 ( B-SLICE, nQP 23 QP 23 )     932656 bits [Y 42.6009 dB    U 45.4178 dB    V 46.9375 dB] [ET    62 ] [L0 16 8 ] [L1 32 16 ]
POC   20 TId: 2 ( B-SLICE, nQP 26 QP 26 )     450328 bits [Y 41.2070 dB    U 44.9543 dB    V 46.6369 dB] [ET    54 ] [L0 16 8 ] [L1 24 32 ]
POC   18 TId: 3 ( B-SLICE, nQP 27 QP 27 )     226744 bits [Y 40.9855 dB    U 44.8361 dB    V 46.5520 dB] [ET    41 ] [L0 16 8 ] [L1 20 24 ]
POC   17 TId: 4 ( B-SLICE, nQP 29 QP 29 )      85392 bits [Y 40.7749 dB    U 44.6787 dB    V 46.4252 dB] [ET    24 ] [L0 16 18 ] [L1 18 20 ]
POC   19 TId: 4 ( B-SLICE, nQP 29 QP 29 )      77856 bits [Y 40.6607 dB    U 44.8191 dB    V 46.6220 dB] [ET    26 ] [L0 18 16 ] [L1 20 24 ]
POC   22 TId: 3 ( B-SLICE, nQP 27 QP 27 )     216344 bits [Y 41.0985 dB    U 45.0818 dB    V 46.8234 dB] [ET    40 ] [L0 20 16 ] [L1 24 32 ]
POC   21 TId: 4 ( B-SLICE, nQP 29 QP 29 )      78568 bits [Y 40.6999 dB    U 44.9052 dB    V 46.7414 dB] [ET    26 ] [L0 20 16 ] [L1 22 24 ]
POC   23 TId: 4 ( B-SLICE, nQP 29 QP 29 )      77760 bits [Y 40.9804 dB    U 45.0451 dB    V 46.8347 dB] [ET    29 ] [L0 22 20 ] [L1 24 32 ]
POC   28 TId: 2 ( B-SLICE, nQP 26 QP 26 )     407816 bits [Y 41.5224 dB    U 45.5118 dB    V 47.0595 dB] [ET    44 ] [L0 24 16 ] [L1 32 24 ]
POC   26 TId: 3 ( B-SLICE, nQP 27 QP 27 )     209120 bits [Y 41.2412 dB    U 45.2449 dB    V 46.9930 dB] [ET    39 ] [L0 24 16 ] [L1 28 32 ]
POC   25 TId: 4 ( B-SLICE, nQP 29 QP 29 )      73328 bits [Y 41.1304 dB    U 45.1063 dB    V 46.9079 dB] [ET    29 ] [L0 24 16 ] [L1 26 28 ]
POC   27 TId: 4 ( B-SLICE, nQP 29 QP 29 )      76896 bits [Y 40.8829 dB    U 45.2435 dB    V 47.0008 dB] [ET    26 ] [L0 26 24 ] [L1 28 32 ]
POC   30 TId: 3 ( B-SLICE, nQP 27 QP 27 )     224752 bits [Y 41.4016 dB    U 45.7583 dB    V 47.3306 dB] [ET    33 ] [L0 28 24 ] [L1 32 28 ]
POC   29 TId: 4 ( B-SLICE, nQP 29 QP 29 )      73032 bits [Y 41.0359 dB    U 45.5205 dB    V 47.2358 dB] [ET    26 ] [L0 28 24 ] [L1 30 32 ]
POC   31 TId: 4 ( B-SLICE, nQP 29 QP 29 )      69896 bits [Y 41.6159 dB    U 45.8366 dB    V 47.3969 dB] [ET    22 ] [L0 30 28 ] [L1 32 30 ]
POC   48 TId: 0 ( B-SLICE, nQP 23 QP 23 )    1098560 bits [Y 42.6134 dB    U 45.1660 dB    V 46.6447 dB] [ET    45 ] [L0 32 ] [L1 32 ]
POC   40 TId: 1 ( B-SLICE, nQP 23 QP 23 )     893512 bits [Y 42.6929 dB    U 45.4316 dB    V 46.9964 dB] [ET    48 ] [L0 32 48 ] [L1 48 32 ]
POC   36 TId: 2 ( B-SLICE, nQP 26 QP 26 )     497872 bits [Y 41.2279 dB    U 45.1275 dB    V 46.7604 dB] [ET    45 ] [L0 32 40 ] [L1 40 48 ]
POC   34 TId: 3 ( B-SLICE, nQP 27 QP 27 )     225320 bits [Y 41.3362 dB    U 45.4961 dB    V 47.1301 dB] [ET    32 ] [L0 32 36 ] [L1 36 40 ]
POC   33 TId: 4 ( B-SLICE, nQP 29 QP 29 )      75168 bits [Y 41.5479 dB    U 45.6624 dB    V 47.3118 dB] [ET    22 ] [L0 32 34 ] [L1 34 36 ]
POC   35 TId: 4 ( B-SLICE, nQP 29 QP 29 )      80296 bits [Y 40.8148 dB    U 45.2024 dB    V 46.9487 dB] [ET    26 ] [L0 34 32 ] [L1 36 40 ]
POC   38 TId: 3 ( B-SLICE, nQP 27 QP 27 )     231576 bits [Y 41.0921 dB    U 45.1026 dB    V 46.8281 dB] [ET    40 ] [L0 36 32 ] [L1 40 48 ]
POC   37 TId: 4 ( B-SLICE, nQP 29 QP 29 )      75224 bits [Y 40.7208 dB    U 44.9794 dB    V 46.7378 dB] [ET    26 ] [L0 36 32 ] [L1 38 40 ]
POC   39 TId: 4 ( B-SLICE, nQP 29 QP 29 )      73944 bits [Y 41.1012 dB    U 45.1259 dB    V 46.8443 dB] [ET    29 ] [L0 38 36 ] [L1 40 48 ]
POC   44 TId: 2 ( B-SLICE, nQP 26 QP 26 )     534544 bits [Y 41.0171 dB    U 45.0572 dB    V 46.7360 dB] [ET    46 ] [L0 40 32 ] [L1 48 40 ]
POC   42 TId: 3 ( B-SLICE, nQP 27 QP 27 )     226896 bits [Y 40.9846 dB    U 45.2649 dB    V 46.9910 dB] [ET    41 ] [L0 40 32 ] [L1 44 48 ]
POC   41 TId: 4 ( B-SLICE, nQP 29 QP 29 )      67920 bits [Y 41.1215 dB    U 45.2375 dB    V 47.0198 dB] [ET    28 ] [L0 40 32 ] [L1 42 44 ]
POC   43 TId: 4 ( B-SLICE, nQP 29 QP 29 )      72224 bits [Y 40.5958 dB    U 45.0995 dB    V 46.9092 dB] [ET    26 ] [L0 42 40 ] [L1 44 48 ]
POC   46 TId: 3 ( B-SLICE, nQP 27 QP 27 )     233264 bits [Y 40.8980 dB    U 45.1354 dB    V 46.8073 dB] [ET    34 ] [L0 44 40 ] [L1 48 44 ]
POC   45 TId: 4 ( B-SLICE, nQP 29 QP 29 )      71832 bits [Y 40.5671 dB    U 45.0383 dB    V 46.8189 dB] [ET    26 ] [L0 44 40 ] [L1 46 48 ]
POC   47 TId: 4 ( B-SLICE, nQP 29 QP 29 )      76888 bits [Y 40.9102 dB    U 45.0064 dB    V 46.7094 dB] [ET    23 ] [L0 46 44 ] [L1 48 46 ]
POC   56 TId: 1 ( B-SLICE, nQP 23 QP 23 )     989880 bits [Y 42.6210 dB    U 45.0174 dB    V 46.4953 dB] [ET    55 ] [L0 48 40 ] [L1 48 40 ]
POC   52 TId: 2 ( B-SLICE, nQP 26 QP 26 )     558280 bits [Y 40.8287 dB    U 44.5575 dB    V 46.2418 dB] [ET    47 ] [L0 48 40 ] [L1 56 48 ]
POC   50 TId: 3 ( B-SLICE, nQP 27 QP 27 )     239760 bits [Y 40.8677 dB    U 44.7431 dB    V 46.4578 dB] [ET    41 ] [L0 48 40 ] [L1 52 56 ]
POC   49 TId: 4 ( B-SLICE, nQP 29 QP 29 )      91904 bits [Y 40.7681 dB    U 44.7993 dB    V 46.5286 dB] [ET    24 ] [L0 48 50 ] [L1 50 52 ]
POC   51 TId: 4 ( B-SLICE, nQP 29 QP 29 )      85608 bits [Y 40.4158 dB    U 44.5836 dB    V 46.4075 dB] [ET    27 ] [L0 50 48 ] [L1 52 56 ]
POC   54 TId: 3 ( B-SLICE, nQP 27 QP 27 )     236696 bits [Y 40.8507 dB    U 44.6958 dB    V 46.3627 dB] [ET    34 ] [L0 52 48 ] [L1 56 52 ]
POC   53 TId: 4 ( B-SLICE, nQP 29 QP 29 )      86336 bits [Y 40.2850 dB    U 44.5241 dB    V 46.2944 dB] [ET    27 ] [L0 52 48 ] [L1 54 56 ]
POC   55 TId: 4 ( B-SLICE, nQP 29 QP 29 )      75176 bits [Y 41.0015 dB    U 44.7608 dB    V 46.4339 dB] [ET    23 ] [L0 54 52 ] [L1 56 54 ]
POC   58 TId: 3 ( B-SLICE, nQP 27 QP 27 )     338184 bits [Y 40.7365 dB    U 44.6309 dB    V 46.2897 dB] [ET    37 ] [L0 56 48 ] [L1 56 48 ]
POC   57 TId: 4 ( B-SLICE, nQP 29 QP 29 )      69408 bits [Y 41.0089 dB    U 44.6944 dB    V 46.3680 dB] [ET    27 ] [L0 56 48 ] [L1 58 56 ]
POC   59 TId: 4 ( B-SLICE, nQP 29 QP 29 )     163096 bits [Y 39.8604 dB    U 44.3925 dB    V 46.1786 dB] [ET    27 ] [L0 58 56 ] [L1 58 56 ]


SUMMARY --------------------------------------------------------
	Total Frames |   Bitrate     Y-PSNR    U-PSNR    V-PSNR    YUV-PSNR  
	       60    a   19498.4800   41.2334   45.1398   46.8305   42.2324  


I Slices--------------------------------------------------------
	Total Frames |   Bitrate     Y-PSNR    U-PSNR    V-PSNR    YUV-PSNR  
	        2    i  118277.0400   45.1317   47.1295   48.2102   45.8147  


P Slices--------------------------------------------------------
	Total Frames |   Bitrate     Y-PSNR    U-PSNR    V-PSNR    YUV-PSNR  
	        0    p         -nan      -nan      -nan      -nan      -nan  


B Slices--------------------------------------------------------
	Total Frames |   Bitrate     Y-PSNR    U-PSNR    V-PSNR    YUV-PSNR  
	       58    b   16092.3228   41.0990   45.0712   46.7829   42.1491  

RVM: 0.000
Bytes written to file: 2437310 (19498.480 kbps)

 Total Time:     2007.755 sec.
