******************************************************************
** WARNING: --SEIDecodedPictureHash is now disabled by default. **
**          Automatic verification of decoded pictures by a     **
**          decoder requires this option to be enabled.         **
******************************************************************
***************************************************************************
** WARNING: For conforming bitstreams a valid Level value must be set!   **
***************************************************************************

HM software: Encoder Version [16.20] (including RExt)[Linux][GCC 9.4.0][64 bit] 


Input          File                    : /home/pc-poincare/Documents/Alex/class_E/Cactus_1920x1080_50.yuv
Bitstream      File                    : /home/pc-poincare/Documents/Alex/ViTech_Gerenciador-main/Cactus_1920x1080_50/cq_22/video/coded_HM.hevc
Reconstruction File                    : /home/pc-poincare/Documents/Alex/ViTech_Gerenciador-main/Cactus_1920x1080_50/cq_22/video/coded_HM.yuv
Real     Format                        : 1920x1080 50Hz
Internal Format                        : 1920x1080 50Hz
Sequence PSNR output                   : Linear average only
Sequence MSE output                    : Disabled
Frame MSE output                       : Disabled
MS-SSIM output                         : Disabled
xPSNR calculation                      : Disabled
Cabac-zero-word-padding                : Enabled
Frame/Field                            : Frame based coding
Frame index                            : 0 - 59 (60 frames)
Profile                                : main
CU size / depth / total-depth          : 64 / 4 / 4
RQT trans. size (min / max)            : 4 / 32
Max RQT depth inter                    : 3
Max RQT depth intra                    : 3
Min PCM size                           : 8
Motion search range                    : 384
Intra period                           : 32
Decoding refresh type                  : 1
QP                                     : 22
Max dQP signaling depth                : 0
Cb QP Offset                           : 0
Cr QP Offset                           : 0
QP adaptation                          : 0 (range=0)
GOP size                               : 16
Input bit depth                        : (Y:8, C:8)
MSB-extended bit depth                 : (Y:8, C:8)
Internal bit depth                     : (Y:8, C:8)
PCM sample bit depth                   : (Y:8, C:8)
Intra reference smoothing              : Enabled
diff_cu_chroma_qp_offset_depth         : -1
extended_precision_processing_flag     : Disabled
implicit_rdpcm_enabled_flag            : Disabled
explicit_rdpcm_enabled_flag            : Disabled
transform_skip_rotation_enabled_flag   : Disabled
transform_skip_context_enabled_flag    : Disabled
cross_component_prediction_enabled_flag: Disabled
high_precision_offsets_enabled_flag    : Disabled
persistent_rice_adaptation_enabled_flag: Disabled
cabac_bypass_alignment_enabled_flag    : Disabled
log2_sao_offset_scale_luma             : 0
log2_sao_offset_scale_chroma           : 0
Cost function:                         : Lossy coding (default)
RateControl                            : 0
WPMethod                               : 0
Max Num Merge Candidates               : 5

TOOL CFG: IBD:0 HAD:1 RDQ:1 RDQTS:1 RDpenalty:0 LQP:0 SQP:0 ASR:1 MinSearchWindow:96 RestrictMESampling:0 FEN:1 ECU:0 FDM:1 CFM:0 ESD:0 RQT:1 TransformSkip:1 TransformSkipFast:1 TransformSkipLog2MaxSize:2 Slice: M=0 SliceSegment: M=0 CIP:0 SAO:1 PCM:0 TransQuantBypassEnabled:0 WPP:0 WPB:0 PME:2  WaveFrontSynchro:0 WaveFrontSubstreams:1 ScalingList:0 TMVPMode:1 AQpS:0 SignBitHidingFlag:1 RecalQP:0

Non-environment-variable-controlled macros set as follows: 

                                RExt__DECODER_DEBUG_BIT_STATISTICS =   0
                                      RExt__HIGH_BIT_DEPTH_SUPPORT =   0
                            RExt__HIGH_PRECISION_FORWARD_TRANSFORM =   0
                                        O0043_BEST_EFFORT_DECODING =   0
                                         ME_ENABLE_ROUNDING_OF_MVS =   1

                   Input ChromaFormatIDC =   4:2:0
       Output (internal) ChromaFormatIDC =   4:2:0

POC    0 TId: 0 ( I-SLICE, nQP 19 QP 19 )    3717120 bits [Y 43.6262 dB    U 43.5714 dB    V 45.3359 dB] [ET    14 ] [L0 ] [L1 ]
POC   16 TId: 0 ( B-SLICE, nQP 23 QP 23 )    1461344 bits [Y 39.8531 dB    U 41.0644 dB    V 43.8626 dB] [ET    55 ] [L0 0 ] [L1 0 ]
POC    8 TId: 1 ( B-SLICE, nQP 23 QP 23 )    1225384 bits [Y 39.8240 dB    U 41.1038 dB    V 43.8849 dB] [ET    51 ] [L0 0 16 ] [L1 16 0 ]
POC    4 TId: 2 ( B-SLICE, nQP 26 QP 26 )     348152 bits [Y 38.3284 dB    U 39.9113 dB    V 43.5956 dB] [ET    35 ] [L0 0 8 ] [L1 8 16 ]
POC    2 TId: 3 ( B-SLICE, nQP 27 QP 27 )     185112 bits [Y 38.1120 dB    U 39.7427 dB    V 43.6890 dB] [ET    25 ] [L0 0 4 ] [L1 4 8 ]
POC    1 TId: 4 ( B-SLICE, nQP 29 QP 29 )      64712 bits [Y 37.8803 dB    U 39.5539 dB    V 43.7452 dB] [ET    18 ] [L0 0 2 ] [L1 2 4 ]
POC    3 TId: 4 ( B-SLICE, nQP 29 QP 29 )      57088 bits [Y 37.8604 dB    U 39.6153 dB    V 43.5193 dB] [ET    19 ] [L0 2 0 ] [L1 4 8 ]
POC    6 TId: 3 ( B-SLICE, nQP 27 QP 27 )     187664 bits [Y 38.0427 dB    U 39.6684 dB    V 43.3680 dB] [ET    29 ] [L0 4 0 ] [L1 8 16 ]
POC    5 TId: 4 ( B-SLICE, nQP 29 QP 29 )      49000 bits [Y 37.7962 dB    U 39.5773 dB    V 43.3807 dB] [ET    19 ] [L0 4 0 ] [L1 6 8 ]
POC    7 TId: 4 ( B-SLICE, nQP 29 QP 29 )      44520 bits [Y 37.7800 dB    U 39.4627 dB    V 43.3815 dB] [ET    20 ] [L0 6 4 ] [L1 8 16 ]
POC   12 TId: 2 ( B-SLICE, nQP 26 QP 26 )     353152 bits [Y 38.3246 dB    U 39.8484 dB    V 43.5047 dB] [ET    35 ] [L0 8 0 ] [L1 16 8 ]
POC   10 TId: 3 ( B-SLICE, nQP 27 QP 27 )     180112 bits [Y 38.0857 dB    U 39.5956 dB    V 43.3946 dB] [ET    29 ] [L0 8 0 ] [L1 12 16 ]
POC    9 TId: 4 ( B-SLICE, nQP 29 QP 29 )      52424 bits [Y 37.8351 dB    U 39.4370 dB    V 43.4154 dB] [ET    20 ] [L0 8 0 ] [L1 10 12 ]
POC   11 TId: 4 ( B-SLICE, nQP 29 QP 29 )      54584 bits [Y 37.8279 dB    U 39.5011 dB    V 43.2918 dB] [ET    19 ] [L0 10 8 ] [L1 12 16 ]
POC   14 TId: 3 ( B-SLICE, nQP 27 QP 27 )     199256 bits [Y 38.0557 dB    U 39.5561 dB    V 43.3265 dB] [ET    26 ] [L0 12 8 ] [L1 16 12 ]
POC   13 TId: 4 ( B-SLICE, nQP 29 QP 29 )      58344 bits [Y 37.8158 dB    U 39.4943 dB    V 43.2722 dB] [ET    19 ] [L0 12 8 ] [L1 14 16 ]
POC   15 TId: 4 ( B-SLICE, nQP 29 QP 29 )      65432 bits [Y 37.7849 dB    U 39.4206 dB    V 43.2800 dB] [ET    18 ] [L0 14 12 ] [L1 16 14 ]
POC   32 TId: 0 ( I-SLICE, nQP 19 QP 19 )    3738584 bits [Y 43.6206 dB    U 43.5841 dB    V 45.3528 dB] [ET    15 ] [L0 ] [L1 ]
POC   24 TId: 1 ( B-SLICE, nQP 23 QP 23 )    1160600 bits [Y 39.7937 dB    U 41.0809 dB    V 44.0131 dB] [ET    61 ] [L0 16 8 ] [L1 32 16 ]
POC   20 TId: 2 ( B-SLICE, nQP 26 QP 26 )     383776 bits [Y 38.2899 dB    U 39.7514 dB    V 43.4474 dB] [ET    43 ] [L0 16 8 ] [L1 24 32 ]
POC   18 TId: 3 ( B-SLICE, nQP 27 QP 27 )     203208 bits [Y 38.0466 dB    U 39.5407 dB    V 43.3982 dB] [ET    31 ] [L0 16 8 ] [L1 20 24 ]
POC   17 TId: 4 ( B-SLICE, nQP 29 QP 29 )      70696 bits [Y 37.7809 dB    U 39.4355 dB    V 43.3650 dB] [ET    19 ] [L0 16 18 ] [L1 18 20 ]
POC   19 TId: 4 ( B-SLICE, nQP 29 QP 29 )      73944 bits [Y 37.7441 dB    U 39.4398 dB    V 43.2119 dB] [ET    21 ] [L0 18 16 ] [L1 20 24 ]
POC   22 TId: 3 ( B-SLICE, nQP 27 QP 27 )     213312 bits [Y 38.0101 dB    U 39.5832 dB    V 43.3949 dB] [ET    32 ] [L0 20 16 ] [L1 24 32 ]
POC   21 TId: 4 ( B-SLICE, nQP 29 QP 29 )      74480 bits [Y 37.7520 dB    U 39.4567 dB    V 43.2227 dB] [ET    21 ] [L0 20 16 ] [L1 22 24 ]
POC   23 TId: 4 ( B-SLICE, nQP 29 QP 29 )      77128 bits [Y 37.7313 dB    U 39.4342 dB    V 43.3480 dB] [ET    23 ] [L0 22 20 ] [L1 24 32 ]
POC   28 TId: 2 ( B-SLICE, nQP 26 QP 26 )     381640 bits [Y 38.2505 dB    U 39.8154 dB    V 43.7032 dB] [ET    37 ] [L0 24 16 ] [L1 32 24 ]
POC   26 TId: 3 ( B-SLICE, nQP 27 QP 27 )     197464 bits [Y 38.0178 dB    U 39.6124 dB    V 43.5452 dB] [ET    31 ] [L0 24 16 ] [L1 28 32 ]
POC   25 TId: 4 ( B-SLICE, nQP 29 QP 29 )      74008 bits [Y 37.7730 dB    U 39.4565 dB    V 43.4594 dB] [ET    23 ] [L0 24 16 ] [L1 26 28 ]
POC   27 TId: 4 ( B-SLICE, nQP 29 QP 29 )      68104 bits [Y 37.7506 dB    U 39.5037 dB    V 43.4378 dB] [ET    21 ] [L0 26 24 ] [L1 28 32 ]
POC   30 TId: 3 ( B-SLICE, nQP 27 QP 27 )     200776 bits [Y 37.9883 dB    U 39.6185 dB    V 43.6858 dB] [ET    27 ] [L0 28 24 ] [L1 32 28 ]
POC   29 TId: 4 ( B-SLICE, nQP 29 QP 29 )      71424 bits [Y 37.7539 dB    U 39.5138 dB    V 43.4667 dB] [ET    21 ] [L0 28 24 ] [L1 30 32 ]
POC   31 TId: 4 ( B-SLICE, nQP 29 QP 29 )      70176 bits [Y 37.7378 dB    U 39.4247 dB    V 43.6975 dB] [ET    20 ] [L0 30 28 ] [L1 32 30 ]
POC   48 TId: 0 ( B-SLICE, nQP 23 QP 23 )    1480024 bits [Y 39.8603 dB    U 41.1185 dB    V 43.8632 dB] [ET    56 ] [L0 32 ] [L1 32 ]
POC   40 TId: 1 ( B-SLICE, nQP 23 QP 23 )    1247760 bits [Y 39.8289 dB    U 41.0887 dB    V 43.8990 dB] [ET    52 ] [L0 32 48 ] [L1 48 32 ]
POC   36 TId: 2 ( B-SLICE, nQP 26 QP 26 )     407952 bits [Y 38.3002 dB    U 39.9206 dB    V 43.5319 dB] [ET    38 ] [L0 32 40 ] [L1 40 48 ]
POC   34 TId: 3 ( B-SLICE, nQP 27 QP 27 )     209184 bits [Y 38.0240 dB    U 39.6396 dB    V 43.5247 dB] [ET    27 ] [L0 32 36 ] [L1 36 40 ]
POC   33 TId: 4 ( B-SLICE, nQP 29 QP 29 )      66992 bits [Y 37.8062 dB    U 39.4632 dB    V 43.5627 dB] [ET    19 ] [L0 32 34 ] [L1 34 36 ]
POC   35 TId: 4 ( B-SLICE, nQP 29 QP 29 )      70904 bits [Y 37.7254 dB    U 39.5358 dB    V 43.3111 dB] [ET    21 ] [L0 34 32 ] [L1 36 40 ]
POC   38 TId: 3 ( B-SLICE, nQP 27 QP 27 )     197000 bits [Y 38.0372 dB    U 39.6298 dB    V 43.3965 dB] [ET    31 ] [L0 36 32 ] [L1 40 48 ]
POC   37 TId: 4 ( B-SLICE, nQP 29 QP 29 )      69360 bits [Y 37.7547 dB    U 39.5281 dB    V 43.2836 dB] [ET    21 ] [L0 36 32 ] [L1 38 40 ]
POC   39 TId: 4 ( B-SLICE, nQP 29 QP 29 )      68440 bits [Y 37.7767 dB    U 39.4626 dB    V 43.3168 dB] [ET    22 ] [L0 38 36 ] [L1 40 48 ]
POC   44 TId: 2 ( B-SLICE, nQP 26 QP 26 )     387392 bits [Y 38.3134 dB    U 39.9333 dB    V 43.4468 dB] [ET    37 ] [L0 40 32 ] [L1 48 40 ]
POC   42 TId: 3 ( B-SLICE, nQP 27 QP 27 )     196064 bits [Y 38.0519 dB    U 39.6570 dB    V 43.3527 dB] [ET    31 ] [L0 40 32 ] [L1 44 48 ]
POC   41 TId: 4 ( B-SLICE, nQP 29 QP 29 )      70048 bits [Y 37.7921 dB    U 39.4891 dB    V 43.2755 dB] [ET    23 ] [L0 40 32 ] [L1 42 44 ]
POC   43 TId: 4 ( B-SLICE, nQP 29 QP 29 )      67920 bits [Y 37.7687 dB    U 39.5524 dB    V 43.1866 dB] [ET    21 ] [L0 42 40 ] [L1 44 48 ]
POC   46 TId: 3 ( B-SLICE, nQP 27 QP 27 )     216824 bits [Y 38.0391 dB    U 39.6736 dB    V 43.2883 dB] [ET    27 ] [L0 44 40 ] [L1 48 44 ]
POC   45 TId: 4 ( B-SLICE, nQP 29 QP 29 )      70968 bits [Y 37.7629 dB    U 39.5835 dB    V 43.1755 dB] [ET    21 ] [L0 44 40 ] [L1 46 48 ]
POC   47 TId: 4 ( B-SLICE, nQP 29 QP 29 )      75152 bits [Y 37.7622 dB    U 39.4978 dB    V 43.2191 dB] [ET    19 ] [L0 46 44 ] [L1 48 46 ]
POC   56 TId: 1 ( B-SLICE, nQP 23 QP 23 )    1287072 bits [Y 39.8272 dB    U 41.1326 dB    V 43.8528 dB] [ET    58 ] [L0 48 40 ] [L1 48 40 ]
POC   52 TId: 2 ( B-SLICE, nQP 26 QP 26 )     405448 bits [Y 38.3321 dB    U 39.9353 dB    V 43.4118 dB] [ET    37 ] [L0 48 40 ] [L1 56 48 ]
POC   50 TId: 3 ( B-SLICE, nQP 27 QP 27 )     209696 bits [Y 38.0958 dB    U 39.6873 dB    V 43.3318 dB] [ET    31 ] [L0 48 40 ] [L1 52 56 ]
POC   49 TId: 4 ( B-SLICE, nQP 29 QP 29 )      73184 bits [Y 37.8264 dB    U 39.5505 dB    V 43.2756 dB] [ET    19 ] [L0 48 50 ] [L1 50 52 ]
POC   51 TId: 4 ( B-SLICE, nQP 29 QP 29 )      68616 bits [Y 37.7828 dB    U 39.5999 dB    V 43.1897 dB] [ET    21 ] [L0 50 48 ] [L1 52 56 ]
POC   54 TId: 3 ( B-SLICE, nQP 27 QP 27 )     206616 bits [Y 38.0608 dB    U 39.6514 dB    V 43.3123 dB] [ET    26 ] [L0 52 48 ] [L1 56 52 ]
POC   53 TId: 4 ( B-SLICE, nQP 29 QP 29 )      66368 bits [Y 37.7985 dB    U 39.5643 dB    V 43.2078 dB] [ET    21 ] [L0 52 48 ] [L1 54 56 ]
POC   55 TId: 4 ( B-SLICE, nQP 29 QP 29 )      63680 bits [Y 37.7977 dB    U 39.5510 dB    V 43.3389 dB] [ET    19 ] [L0 54 52 ] [L1 56 54 ]
POC   58 TId: 3 ( B-SLICE, nQP 27 QP 27 )     313520 bits [Y 37.9535 dB    U 39.4933 dB    V 43.0582 dB] [ET    30 ] [L0 56 48 ] [L1 56 48 ]
POC   57 TId: 4 ( B-SLICE, nQP 29 QP 29 )      60192 bits [Y 37.7215 dB    U 39.3902 dB    V 43.2157 dB] [ET    20 ] [L0 56 48 ] [L1 58 56 ]
POC   59 TId: 4 ( B-SLICE, nQP 29 QP 29 )     131368 bits [Y 37.5059 dB    U 39.2560 dB    V 42.7882 dB] [ET    21 ] [L0 58 56 ] [L1 58 56 ]


SUMMARY --------------------------------------------------------
	Total Frames |   Bitrate     Y-PSNR    U-PSNR    V-PSNR    YUV-PSNR  
	       60    a   19292.0533   38.3030   39.8660   43.4936   38.9907  


I Slices--------------------------------------------------------
	Total Frames |   Bitrate     Y-PSNR    U-PSNR    V-PSNR    YUV-PSNR  
	        2    i  186392.6000   43.6234   43.5778   45.3443   43.8588  


P Slices--------------------------------------------------------
	Total Frames |   Bitrate     Y-PSNR    U-PSNR    V-PSNR    YUV-PSNR  
	        0    p         -nan      -nan      -nan      -nan      -nan  


B Slices--------------------------------------------------------
	Total Frames |   Bitrate     Y-PSNR    U-PSNR    V-PSNR    YUV-PSNR  
	       58    b   13529.9655   38.1195   39.7380   43.4298   38.8909  

RVM: 0.000
Bytes written to file: 2893808 (19292.053 kbps)

 Total Time:     1669.285 sec.
