******************************************************************
** WARNING: --SEIDecodedPictureHash is now disabled by default. **
**          Automatic verification of decoded pictures by a     **
**          decoder requires this option to be enabled.         **
******************************************************************
***************************************************************************
** WARNING: For conforming bitstreams a valid Level value must be set!   **
***************************************************************************

HM software: Encoder Version [16.20] (including RExt)[Linux][GCC 9.4.0][64 bit] 


Input          File                    : /home/pc-poincare/Documents/Alex/class_E/BQTerrace_1920x1080_60.yuv
Bitstream      File                    : /home/pc-poincare/Documents/Alex/ViTech_Gerenciador-main/BQTerrace_1920x1080_60/cq_22/video/coded_HM.hevc
Reconstruction File                    : /home/pc-poincare/Documents/Alex/ViTech_Gerenciador-main/BQTerrace_1920x1080_60/cq_22/video/coded_HM.yuv
Real     Format                        : 1920x1080 60Hz
Internal Format                        : 1920x1080 60Hz
Sequence PSNR output                   : Linear average only
Sequence MSE output                    : Disabled
Frame MSE output                       : Disabled
MS-SSIM output                         : Disabled
xPSNR calculation                      : Disabled
Cabac-zero-word-padding                : Enabled
Frame/Field                            : Frame based coding
Frame index                            : 0 - 59 (60 frames)
Profile                                : main
CU size / depth / total-depth          : 64 / 4 / 4
RQT trans. size (min / max)            : 4 / 32
Max RQT depth inter                    : 3
Max RQT depth intra                    : 3
Min PCM size                           : 8
Motion search range                    : 384
Intra period                           : 32
Decoding refresh type                  : 1
QP                                     : 22
Max dQP signaling depth                : 0
Cb QP Offset                           : 0
Cr QP Offset                           : 0
QP adaptation                          : 0 (range=0)
GOP size                               : 16
Input bit depth                        : (Y:8, C:8)
MSB-extended bit depth                 : (Y:8, C:8)
Internal bit depth                     : (Y:8, C:8)
PCM sample bit depth                   : (Y:8, C:8)
Intra reference smoothing              : Enabled
diff_cu_chroma_qp_offset_depth         : -1
extended_precision_processing_flag     : Disabled
implicit_rdpcm_enabled_flag            : Disabled
explicit_rdpcm_enabled_flag            : Disabled
transform_skip_rotation_enabled_flag   : Disabled
transform_skip_context_enabled_flag    : Disabled
cross_component_prediction_enabled_flag: Disabled
high_precision_offsets_enabled_flag    : Disabled
persistent_rice_adaptation_enabled_flag: Disabled
cabac_bypass_alignment_enabled_flag    : Disabled
log2_sao_offset_scale_luma             : 0
log2_sao_offset_scale_chroma           : 0
Cost function:                         : Lossy coding (default)
RateControl                            : 0
WPMethod                               : 0
Max Num Merge Candidates               : 5

TOOL CFG: IBD:0 HAD:1 RDQ:1 RDQTS:1 RDpenalty:0 LQP:0 SQP:0 ASR:1 MinSearchWindow:96 RestrictMESampling:0 FEN:1 ECU:0 FDM:1 CFM:0 ESD:0 RQT:1 TransformSkip:1 TransformSkipFast:1 TransformSkipLog2MaxSize:2 Slice: M=0 SliceSegment: M=0 CIP:0 SAO:1 PCM:0 TransQuantBypassEnabled:0 WPP:0 WPB:0 PME:2  WaveFrontSynchro:0 WaveFrontSubstreams:1 ScalingList:0 TMVPMode:1 AQpS:0 SignBitHidingFlag:1 RecalQP:0

Non-environment-variable-controlled macros set as follows: 

                                RExt__DECODER_DEBUG_BIT_STATISTICS =   0
                                      RExt__HIGH_BIT_DEPTH_SUPPORT =   0
                            RExt__HIGH_PRECISION_FORWARD_TRANSFORM =   0
                                        O0043_BEST_EFFORT_DECODING =   0
                                         ME_ENABLE_ROUNDING_OF_MVS =   1

                   Input ChromaFormatIDC =   4:2:0
       Output (internal) ChromaFormatIDC =   4:2:0

POC    0 TId: 0 ( I-SLICE, nQP 19 QP 19 )    3937704 bits [Y 45.5426 dB    U 44.6322 dB    V 45.8068 dB] [ET    14 ] [L0 ] [L1 ]
POC   16 TId: 0 ( B-SLICE, nQP 23 QP 23 )    1876040 bits [Y 41.3494 dB    U 42.7020 dB    V 44.6235 dB] [ET    47 ] [L0 0 ] [L1 0 ]
POC    8 TId: 1 ( B-SLICE, nQP 23 QP 23 )    1712584 bits [Y 41.2612 dB    U 42.6506 dB    V 44.5522 dB] [ET    50 ] [L0 0 16 ] [L1 16 0 ]
POC    4 TId: 2 ( B-SLICE, nQP 26 QP 26 )     857984 bits [Y 38.5858 dB    U 42.2491 dB    V 44.4034 dB] [ET    40 ] [L0 0 8 ] [L1 8 16 ]
POC    2 TId: 3 ( B-SLICE, nQP 27 QP 27 )     549632 bits [Y 37.8329 dB    U 42.2825 dB    V 44.4406 dB] [ET    34 ] [L0 0 4 ] [L1 4 8 ]
POC    1 TId: 4 ( B-SLICE, nQP 29 QP 29 )     192320 bits [Y 36.6172 dB    U 42.4259 dB    V 44.5165 dB] [ET    24 ] [L0 0 2 ] [L1 2 4 ]
POC    3 TId: 4 ( B-SLICE, nQP 29 QP 29 )     199088 bits [Y 36.5940 dB    U 42.1456 dB    V 44.3258 dB] [ET    26 ] [L0 2 0 ] [L1 4 8 ]
POC    6 TId: 3 ( B-SLICE, nQP 27 QP 27 )     546936 bits [Y 37.8421 dB    U 42.2396 dB    V 44.4806 dB] [ET    36 ] [L0 4 0 ] [L1 8 16 ]
POC    5 TId: 4 ( B-SLICE, nQP 29 QP 29 )     178080 bits [Y 36.6040 dB    U 42.1522 dB    V 44.3385 dB] [ET    25 ] [L0 4 0 ] [L1 6 8 ]
POC    7 TId: 4 ( B-SLICE, nQP 29 QP 29 )     194600 bits [Y 36.5865 dB    U 42.1882 dB    V 44.3490 dB] [ET    26 ] [L0 6 4 ] [L1 8 16 ]
POC   12 TId: 2 ( B-SLICE, nQP 26 QP 26 )     843424 bits [Y 38.6001 dB    U 42.3342 dB    V 44.4979 dB] [ET    40 ] [L0 8 0 ] [L1 16 8 ]
POC   10 TId: 3 ( B-SLICE, nQP 27 QP 27 )     570960 bits [Y 37.8385 dB    U 42.2162 dB    V 44.3472 dB] [ET    37 ] [L0 8 0 ] [L1 12 16 ]
POC    9 TId: 4 ( B-SLICE, nQP 29 QP 29 )     192216 bits [Y 36.5851 dB    U 42.1687 dB    V 44.3127 dB] [ET    26 ] [L0 8 0 ] [L1 10 12 ]
POC   11 TId: 4 ( B-SLICE, nQP 29 QP 29 )     174440 bits [Y 36.5858 dB    U 42.1813 dB    V 44.3770 dB] [ET    25 ] [L0 10 8 ] [L1 12 16 ]
POC   14 TId: 3 ( B-SLICE, nQP 27 QP 27 )     567824 bits [Y 37.8024 dB    U 42.1770 dB    V 44.3177 dB] [ET    34 ] [L0 12 8 ] [L1 16 12 ]
POC   13 TId: 4 ( B-SLICE, nQP 29 QP 29 )     170592 bits [Y 36.5634 dB    U 42.1581 dB    V 44.3003 dB] [ET    25 ] [L0 12 8 ] [L1 14 16 ]
POC   15 TId: 4 ( B-SLICE, nQP 29 QP 29 )     203880 bits [Y 36.5812 dB    U 42.1838 dB    V 44.2809 dB] [ET    25 ] [L0 14 12 ] [L1 16 14 ]
POC   32 TId: 0 ( I-SLICE, nQP 19 QP 19 )    3918904 bits [Y 45.5346 dB    U 44.6729 dB    V 45.8482 dB] [ET    14 ] [L0 ] [L1 ]
POC   24 TId: 1 ( B-SLICE, nQP 23 QP 23 )    1602088 bits [Y 41.2618 dB    U 42.9462 dB    V 44.9276 dB] [ET    53 ] [L0 16 8 ] [L1 32 16 ]
POC   20 TId: 2 ( B-SLICE, nQP 26 QP 26 )     852968 bits [Y 38.6170 dB    U 42.5007 dB    V 44.6562 dB] [ET    44 ] [L0 16 8 ] [L1 24 32 ]
POC   18 TId: 3 ( B-SLICE, nQP 27 QP 27 )     549168 bits [Y 37.8305 dB    U 42.3454 dB    V 44.4571 dB] [ET    36 ] [L0 16 8 ] [L1 20 24 ]
POC   17 TId: 4 ( B-SLICE, nQP 29 QP 29 )     189208 bits [Y 36.5833 dB    U 42.3366 dB    V 44.4384 dB] [ET    24 ] [L0 16 18 ] [L1 18 20 ]
POC   19 TId: 4 ( B-SLICE, nQP 29 QP 29 )     190176 bits [Y 36.6110 dB    U 42.3425 dB    V 44.4654 dB] [ET    26 ] [L0 18 16 ] [L1 20 24 ]
POC   22 TId: 3 ( B-SLICE, nQP 27 QP 27 )     569936 bits [Y 37.8354 dB    U 42.4221 dB    V 44.6231 dB] [ET    37 ] [L0 20 16 ] [L1 24 32 ]
POC   21 TId: 4 ( B-SLICE, nQP 29 QP 29 )     189104 bits [Y 36.5914 dB    U 42.4113 dB    V 44.5907 dB] [ET    26 ] [L0 20 16 ] [L1 22 24 ]
POC   23 TId: 4 ( B-SLICE, nQP 29 QP 29 )     184416 bits [Y 36.5816 dB    U 42.4635 dB    V 44.5751 dB] [ET    28 ] [L0 22 20 ] [L1 24 32 ]
POC   28 TId: 2 ( B-SLICE, nQP 26 QP 26 )     823992 bits [Y 38.6004 dB    U 42.4299 dB    V 44.6223 dB] [ET    40 ] [L0 24 16 ] [L1 32 24 ]
POC   26 TId: 3 ( B-SLICE, nQP 27 QP 27 )     585368 bits [Y 37.8376 dB    U 42.3702 dB    V 44.6125 dB] [ET    37 ] [L0 24 16 ] [L1 28 32 ]
POC   25 TId: 4 ( B-SLICE, nQP 29 QP 29 )     171888 bits [Y 36.6028 dB    U 42.4012 dB    V 44.5591 dB] [ET    27 ] [L0 24 16 ] [L1 26 28 ]
POC   27 TId: 4 ( B-SLICE, nQP 29 QP 29 )     203032 bits [Y 36.6245 dB    U 42.3179 dB    V 44.5884 dB] [ET    27 ] [L0 26 24 ] [L1 28 32 ]
POC   30 TId: 3 ( B-SLICE, nQP 27 QP 27 )     588520 bits [Y 37.8292 dB    U 42.4796 dB    V 44.7076 dB] [ET    34 ] [L0 28 24 ] [L1 32 28 ]
POC   29 TId: 4 ( B-SLICE, nQP 29 QP 29 )     210656 bits [Y 36.5852 dB    U 42.2403 dB    V 44.4384 dB] [ET    28 ] [L0 28 24 ] [L1 30 32 ]
POC   31 TId: 4 ( B-SLICE, nQP 29 QP 29 )     173392 bits [Y 36.5580 dB    U 42.4889 dB    V 44.6175 dB] [ET    26 ] [L0 30 28 ] [L1 32 30 ]
POC   48 TId: 0 ( B-SLICE, nQP 23 QP 23 )    1837160 bits [Y 41.2838 dB    U 42.7676 dB    V 44.7408 dB] [ET    49 ] [L0 32 ] [L1 32 ]
POC   40 TId: 1 ( B-SLICE, nQP 23 QP 23 )    1709752 bits [Y 41.2598 dB    U 42.7644 dB    V 44.7002 dB] [ET    49 ] [L0 32 48 ] [L1 48 32 ]
POC   36 TId: 2 ( B-SLICE, nQP 26 QP 26 )     814472 bits [Y 38.5491 dB    U 42.2983 dB    V 44.4947 dB] [ET    40 ] [L0 32 40 ] [L1 40 48 ]
POC   34 TId: 3 ( B-SLICE, nQP 27 QP 27 )     570376 bits [Y 37.7977 dB    U 42.3179 dB    V 44.5058 dB] [ET    34 ] [L0 32 36 ] [L1 36 40 ]
POC   33 TId: 4 ( B-SLICE, nQP 29 QP 29 )     199328 bits [Y 36.5368 dB    U 42.3164 dB    V 44.4002 dB] [ET    26 ] [L0 32 34 ] [L1 34 36 ]
POC   35 TId: 4 ( B-SLICE, nQP 29 QP 29 )     207160 bits [Y 36.5710 dB    U 42.1140 dB    V 44.3345 dB] [ET    27 ] [L0 34 32 ] [L1 36 40 ]
POC   38 TId: 3 ( B-SLICE, nQP 27 QP 27 )     536904 bits [Y 37.8112 dB    U 42.2678 dB    V 44.5571 dB] [ET    36 ] [L0 36 32 ] [L1 40 48 ]
POC   37 TId: 4 ( B-SLICE, nQP 29 QP 29 )     185552 bits [Y 36.5660 dB    U 42.0722 dB    V 44.2803 dB] [ET    27 ] [L0 36 32 ] [L1 38 40 ]
POC   39 TId: 4 ( B-SLICE, nQP 29 QP 29 )     189104 bits [Y 36.5447 dB    U 42.1337 dB    V 44.3307 dB] [ET    27 ] [L0 38 36 ] [L1 40 48 ]
POC   44 TId: 2 ( B-SLICE, nQP 26 QP 26 )     786792 bits [Y 38.5323 dB    U 42.3951 dB    V 44.6034 dB] [ET    40 ] [L0 40 32 ] [L1 48 40 ]
POC   42 TId: 3 ( B-SLICE, nQP 27 QP 27 )     502712 bits [Y 37.7861 dB    U 42.2074 dB    V 44.4436 dB] [ET    36 ] [L0 40 32 ] [L1 44 48 ]
POC   41 TId: 4 ( B-SLICE, nQP 29 QP 29 )     223200 bits [Y 36.5650 dB    U 42.1011 dB    V 44.3132 dB] [ET    28 ] [L0 40 32 ] [L1 42 44 ]
POC   43 TId: 4 ( B-SLICE, nQP 29 QP 29 )     222504 bits [Y 36.6156 dB    U 42.1079 dB    V 44.3860 dB] [ET    28 ] [L0 42 40 ] [L1 44 48 ]
POC   46 TId: 3 ( B-SLICE, nQP 27 QP 27 )     540288 bits [Y 37.7633 dB    U 42.1329 dB    V 44.3387 dB] [ET    33 ] [L0 44 40 ] [L1 48 44 ]
POC   45 TId: 4 ( B-SLICE, nQP 29 QP 29 )     221552 bits [Y 36.5433 dB    U 42.1120 dB    V 44.3413 dB] [ET    27 ] [L0 44 40 ] [L1 46 48 ]
POC   47 TId: 4 ( B-SLICE, nQP 29 QP 29 )     256960 bits [Y 36.5035 dB    U 42.0532 dB    V 44.2239 dB] [ET    27 ] [L0 46 44 ] [L1 48 46 ]
POC   56 TId: 1 ( B-SLICE, nQP 23 QP 23 )    1690880 bits [Y 41.1705 dB    U 42.8713 dB    V 44.8564 dB] [ET    54 ] [L0 48 40 ] [L1 48 40 ]
POC   52 TId: 2 ( B-SLICE, nQP 26 QP 26 )     804536 bits [Y 38.5120 dB    U 42.3085 dB    V 44.5059 dB] [ET    40 ] [L0 48 40 ] [L1 56 48 ]
POC   50 TId: 3 ( B-SLICE, nQP 27 QP 27 )     534512 bits [Y 37.7597 dB    U 42.1741 dB    V 44.3918 dB] [ET    37 ] [L0 48 40 ] [L1 52 56 ]
POC   49 TId: 4 ( B-SLICE, nQP 29 QP 29 )     200616 bits [Y 36.6238 dB    U 42.1911 dB    V 44.4269 dB] [ET    25 ] [L0 48 50 ] [L1 50 52 ]
POC   51 TId: 4 ( B-SLICE, nQP 29 QP 29 )     198688 bits [Y 36.6001 dB    U 42.1720 dB    V 44.4226 dB] [ET    27 ] [L0 50 48 ] [L1 52 56 ]
POC   54 TId: 3 ( B-SLICE, nQP 27 QP 27 )     520832 bits [Y 37.7577 dB    U 42.3555 dB    V 44.5436 dB] [ET    34 ] [L0 52 48 ] [L1 56 52 ]
POC   53 TId: 4 ( B-SLICE, nQP 29 QP 29 )     183120 bits [Y 36.5712 dB    U 42.0391 dB    V 44.2888 dB] [ET    27 ] [L0 52 48 ] [L1 54 56 ]
POC   55 TId: 4 ( B-SLICE, nQP 29 QP 29 )     156896 bits [Y 36.6440 dB    U 42.2051 dB    V 44.5024 dB] [ET    23 ] [L0 54 52 ] [L1 56 54 ]
POC   58 TId: 3 ( B-SLICE, nQP 27 QP 27 )     593760 bits [Y 37.7303 dB    U 42.2573 dB    V 44.4854 dB] [ET    35 ] [L0 56 48 ] [L1 56 48 ]
POC   57 TId: 4 ( B-SLICE, nQP 29 QP 29 )     141032 bits [Y 36.5941 dB    U 42.1241 dB    V 44.4803 dB] [ET    23 ] [L0 56 48 ] [L1 58 56 ]
POC   59 TId: 4 ( B-SLICE, nQP 29 QP 29 )     261704 bits [Y 36.4869 dB    U 41.8864 dB    V 44.1931 dB] [ET    26 ] [L0 58 56 ] [L1 58 56 ]


SUMMARY --------------------------------------------------------
	Total Frames |   Bitrate     Y-PSNR    U-PSNR    V-PSNR    YUV-PSNR  
	       60    a   38261.5120   37.8856   42.3834   44.5182   38.7654  


I Slices--------------------------------------------------------
	Total Frames |   Bitrate     Y-PSNR    U-PSNR    V-PSNR    YUV-PSNR  
	        2    i  235698.2400   45.5386   44.6526   45.8275   45.4229  


P Slices--------------------------------------------------------
	Total Frames |   Bitrate     Y-PSNR    U-PSNR    V-PSNR    YUV-PSNR  
	        0    p         -nan      -nan      -nan      -nan      -nan  


B Slices--------------------------------------------------------
	Total Frames |   Bitrate     Y-PSNR    U-PSNR    V-PSNR    YUV-PSNR  
	       58    b   31453.3490   37.6217   42.3051   44.4730   38.6495  

RVM: 0.000
Bytes written to file: 4782689 (38261.512 kbps)

 Total Time:     1926.725 sec.
