******************************************************************
** WARNING: --SEIDecodedPictureHash is now disabled by default. **
**          Automatic verification of decoded pictures by a     **
**          decoder requires this option to be enabled.         **
******************************************************************
***************************************************************************
** WARNING: For conforming bitstreams a valid Level value must be set!   **
***************************************************************************

HM software: Encoder Version [16.20] (including RExt)[Linux][GCC 9.4.0][64 bit] 


Input          File                    : /home/pc-poincare/Documents/Alex/class_E/FountainSky_1920x1080p30_130f.yuv
Bitstream      File                    : /home/pc-poincare/Documents/Alex/ViTech_Gerenciador-main/FountainSky_1920x1080p30_130f/cq_22/video/coded_HM.hevc
Reconstruction File                    : /home/pc-poincare/Documents/Alex/ViTech_Gerenciador-main/FountainSky_1920x1080p30_130f/cq_22/video/coded_HM.yuv
Real     Format                        : 1920x1080 29Hz
Internal Format                        : 1920x1080 29Hz
Sequence PSNR output                   : Linear average only
Sequence MSE output                    : Disabled
Frame MSE output                       : Disabled
MS-SSIM output                         : Disabled
xPSNR calculation                      : Disabled
Cabac-zero-word-padding                : Enabled
Frame/Field                            : Frame based coding
Frame index                            : 0 - 59 (60 frames)
Profile                                : main
CU size / depth / total-depth          : 64 / 4 / 4
RQT trans. size (min / max)            : 4 / 32
Max RQT depth inter                    : 3
Max RQT depth intra                    : 3
Min PCM size                           : 8
Motion search range                    : 384
Intra period                           : 32
Decoding refresh type                  : 1
QP                                     : 22
Max dQP signaling depth                : 0
Cb QP Offset                           : 0
Cr QP Offset                           : 0
QP adaptation                          : 0 (range=0)
GOP size                               : 16
Input bit depth                        : (Y:8, C:8)
MSB-extended bit depth                 : (Y:8, C:8)
Internal bit depth                     : (Y:8, C:8)
PCM sample bit depth                   : (Y:8, C:8)
Intra reference smoothing              : Enabled
diff_cu_chroma_qp_offset_depth         : -1
extended_precision_processing_flag     : Disabled
implicit_rdpcm_enabled_flag            : Disabled
explicit_rdpcm_enabled_flag            : Disabled
transform_skip_rotation_enabled_flag   : Disabled
transform_skip_context_enabled_flag    : Disabled
cross_component_prediction_enabled_flag: Disabled
high_precision_offsets_enabled_flag    : Disabled
persistent_rice_adaptation_enabled_flag: Disabled
cabac_bypass_alignment_enabled_flag    : Disabled
log2_sao_offset_scale_luma             : 0
log2_sao_offset_scale_chroma           : 0
Cost function:                         : Lossy coding (default)
RateControl                            : 0
WPMethod                               : 0
Max Num Merge Candidates               : 5

TOOL CFG: IBD:0 HAD:1 RDQ:1 RDQTS:1 RDpenalty:0 LQP:0 SQP:0 ASR:1 MinSearchWindow:96 RestrictMESampling:0 FEN:1 ECU:0 FDM:1 CFM:0 ESD:0 RQT:1 TransformSkip:1 TransformSkipFast:1 TransformSkipLog2MaxSize:2 Slice: M=0 SliceSegment: M=0 CIP:0 SAO:1 PCM:0 TransQuantBypassEnabled:0 WPP:0 WPB:0 PME:2  WaveFrontSynchro:0 WaveFrontSubstreams:1 ScalingList:0 TMVPMode:1 AQpS:0 SignBitHidingFlag:1 RecalQP:0

Non-environment-variable-controlled macros set as follows: 

                                RExt__DECODER_DEBUG_BIT_STATISTICS =   0
                                      RExt__HIGH_BIT_DEPTH_SUPPORT =   0
                            RExt__HIGH_PRECISION_FORWARD_TRANSFORM =   0
                                        O0043_BEST_EFFORT_DECODING =   0
                                         ME_ENABLE_ROUNDING_OF_MVS =   1

                   Input ChromaFormatIDC =   4:2:0
       Output (internal) ChromaFormatIDC =   4:2:0

POC    0 TId: 0 ( I-SLICE, nQP 19 QP 19 )    2662320 bits [Y 45.1046 dB    U 51.9117 dB    V 52.1696 dB] [ET    11 ] [L0 ] [L1 ]
POC   16 TId: 0 ( B-SLICE, nQP 23 QP 23 )    1478760 bits [Y 42.1222 dB    U 49.9240 dB    V 50.3618 dB] [ET    41 ] [L0 0 ] [L1 0 ]
POC    8 TId: 1 ( B-SLICE, nQP 23 QP 23 )    1388360 bits [Y 42.1259 dB    U 49.8256 dB    V 50.1909 dB] [ET    41 ] [L0 0 16 ] [L1 16 0 ]
POC    4 TId: 2 ( B-SLICE, nQP 26 QP 26 )     939696 bits [Y 40.1240 dB    U 49.2644 dB    V 49.5039 dB] [ET    38 ] [L0 0 8 ] [L1 8 16 ]
POC    2 TId: 3 ( B-SLICE, nQP 27 QP 27 )     808656 bits [Y 39.4877 dB    U 49.2320 dB    V 49.5104 dB] [ET    33 ] [L0 0 4 ] [L1 4 8 ]
POC    1 TId: 4 ( B-SLICE, nQP 29 QP 29 )     550192 bits [Y 38.2047 dB    U 49.0522 dB    V 49.3710 dB] [ET    27 ] [L0 0 2 ] [L1 2 4 ]
POC    3 TId: 4 ( B-SLICE, nQP 29 QP 29 )     558752 bits [Y 38.2387 dB    U 48.9153 dB    V 49.1545 dB] [ET    29 ] [L0 2 0 ] [L1 4 8 ]
POC    6 TId: 3 ( B-SLICE, nQP 27 QP 27 )     801776 bits [Y 39.4886 dB    U 49.0690 dB    V 49.4277 dB] [ET    37 ] [L0 4 0 ] [L1 8 16 ]
POC    5 TId: 4 ( B-SLICE, nQP 29 QP 29 )     562840 bits [Y 38.2280 dB    U 48.7394 dB    V 49.2143 dB] [ET    29 ] [L0 4 0 ] [L1 6 8 ]
POC    7 TId: 4 ( B-SLICE, nQP 29 QP 29 )     559288 bits [Y 38.2078 dB    U 48.8212 dB    V 49.1087 dB] [ET    31 ] [L0 6 4 ] [L1 8 16 ]
POC   12 TId: 2 ( B-SLICE, nQP 26 QP 26 )     943832 bits [Y 40.1204 dB    U 49.1868 dB    V 49.5146 dB] [ET    38 ] [L0 8 0 ] [L1 16 8 ]
POC   10 TId: 3 ( B-SLICE, nQP 27 QP 27 )     815616 bits [Y 39.4705 dB    U 48.9479 dB    V 49.3096 dB] [ET    37 ] [L0 8 0 ] [L1 12 16 ]
POC    9 TId: 4 ( B-SLICE, nQP 29 QP 29 )     548680 bits [Y 38.2604 dB    U 48.8787 dB    V 49.2213 dB] [ET    30 ] [L0 8 0 ] [L1 10 12 ]
POC   11 TId: 4 ( B-SLICE, nQP 29 QP 29 )     564552 bits [Y 38.2054 dB    U 48.7692 dB    V 49.2034 dB] [ET    30 ] [L0 10 8 ] [L1 12 16 ]
POC   14 TId: 3 ( B-SLICE, nQP 27 QP 27 )     807664 bits [Y 39.4540 dB    U 48.9896 dB    V 49.3209 dB] [ET    33 ] [L0 12 8 ] [L1 16 12 ]
POC   13 TId: 4 ( B-SLICE, nQP 29 QP 29 )     558936 bits [Y 38.2130 dB    U 48.7337 dB    V 49.1348 dB] [ET    30 ] [L0 12 8 ] [L1 14 16 ]
POC   15 TId: 4 ( B-SLICE, nQP 29 QP 29 )     554128 bits [Y 38.2175 dB    U 48.7347 dB    V 49.1597 dB] [ET    27 ] [L0 14 12 ] [L1 16 14 ]
POC   32 TId: 0 ( I-SLICE, nQP 19 QP 19 )    2692312 bits [Y 45.0865 dB    U 51.8043 dB    V 52.0806 dB] [ET    11 ] [L0 ] [L1 ]
POC   24 TId: 1 ( B-SLICE, nQP 23 QP 23 )    1389792 bits [Y 42.1570 dB    U 50.1550 dB    V 50.4264 dB] [ET    49 ] [L0 16 8 ] [L1 32 16 ]
POC   20 TId: 2 ( B-SLICE, nQP 26 QP 26 )     941384 bits [Y 40.1469 dB    U 49.2623 dB    V 49.6012 dB] [ET    43 ] [L0 16 8 ] [L1 24 32 ]
POC   18 TId: 3 ( B-SLICE, nQP 27 QP 27 )     813864 bits [Y 39.4818 dB    U 49.0826 dB    V 49.4470 dB] [ET    37 ] [L0 16 8 ] [L1 20 24 ]
POC   17 TId: 4 ( B-SLICE, nQP 29 QP 29 )     554456 bits [Y 38.2437 dB    U 48.9844 dB    V 49.3693 dB] [ET    27 ] [L0 16 18 ] [L1 18 20 ]
POC   19 TId: 4 ( B-SLICE, nQP 29 QP 29 )     559808 bits [Y 38.2284 dB    U 48.9189 dB    V 49.2466 dB] [ET    29 ] [L0 18 16 ] [L1 20 24 ]
POC   22 TId: 3 ( B-SLICE, nQP 27 QP 27 )     818832 bits [Y 39.4700 dB    U 49.1484 dB    V 49.4066 dB] [ET    37 ] [L0 20 16 ] [L1 24 32 ]
POC   21 TId: 4 ( B-SLICE, nQP 29 QP 29 )     560168 bits [Y 38.2169 dB    U 48.9064 dB    V 49.1490 dB] [ET    29 ] [L0 20 16 ] [L1 22 24 ]
POC   23 TId: 4 ( B-SLICE, nQP 29 QP 29 )     574632 bits [Y 38.2214 dB    U 48.9665 dB    V 49.3023 dB] [ET    31 ] [L0 22 20 ] [L1 24 32 ]
POC   28 TId: 2 ( B-SLICE, nQP 26 QP 26 )     960416 bits [Y 40.1157 dB    U 49.3198 dB    V 49.6523 dB] [ET    38 ] [L0 24 16 ] [L1 32 24 ]
POC   26 TId: 3 ( B-SLICE, nQP 27 QP 27 )     816280 bits [Y 39.4685 dB    U 49.1881 dB    V 49.5349 dB] [ET    37 ] [L0 24 16 ] [L1 28 32 ]
POC   25 TId: 4 ( B-SLICE, nQP 29 QP 29 )     567296 bits [Y 38.2193 dB    U 48.9668 dB    V 49.3460 dB] [ET    31 ] [L0 24 16 ] [L1 26 28 ]
POC   27 TId: 4 ( B-SLICE, nQP 29 QP 29 )     565528 bits [Y 38.1831 dB    U 48.9063 dB    V 49.2921 dB] [ET    30 ] [L0 26 24 ] [L1 28 32 ]
POC   30 TId: 3 ( B-SLICE, nQP 27 QP 27 )     826568 bits [Y 39.4497 dB    U 49.0043 dB    V 49.4535 dB] [ET    33 ] [L0 28 24 ] [L1 32 28 ]
POC   29 TId: 4 ( B-SLICE, nQP 29 QP 29 )     567032 bits [Y 38.1983 dB    U 48.8047 dB    V 49.2062 dB] [ET    30 ] [L0 28 24 ] [L1 30 32 ]
POC   31 TId: 4 ( B-SLICE, nQP 29 QP 29 )     570928 bits [Y 38.1737 dB    U 48.9751 dB    V 49.2523 dB] [ET    27 ] [L0 30 28 ] [L1 32 30 ]
POC   48 TId: 0 ( B-SLICE, nQP 23 QP 23 )    1529648 bits [Y 42.0990 dB    U 49.7686 dB    V 50.1523 dB] [ET    45 ] [L0 32 ] [L1 32 ]
POC   40 TId: 1 ( B-SLICE, nQP 23 QP 23 )    1430960 bits [Y 42.1067 dB    U 49.7556 dB    V 50.1183 dB] [ET    43 ] [L0 32 48 ] [L1 48 32 ]
POC   36 TId: 2 ( B-SLICE, nQP 26 QP 26 )     963448 bits [Y 40.0852 dB    U 49.0179 dB    V 49.4270 dB] [ET    39 ] [L0 32 40 ] [L1 40 48 ]
POC   34 TId: 3 ( B-SLICE, nQP 27 QP 27 )     821584 bits [Y 39.4315 dB    U 48.7166 dB    V 49.1895 dB] [ET    33 ] [L0 32 36 ] [L1 36 40 ]
POC   33 TId: 4 ( B-SLICE, nQP 29 QP 29 )     574872 bits [Y 38.1429 dB    U 48.6214 dB    V 49.0087 dB] [ET    28 ] [L0 32 34 ] [L1 34 36 ]
POC   35 TId: 4 ( B-SLICE, nQP 29 QP 29 )     572112 bits [Y 38.1799 dB    U 48.6002 dB    V 48.9663 dB] [ET    30 ] [L0 34 32 ] [L1 36 40 ]
POC   38 TId: 3 ( B-SLICE, nQP 27 QP 27 )     823416 bits [Y 39.4286 dB    U 48.8269 dB    V 49.1347 dB] [ET    38 ] [L0 36 32 ] [L1 40 48 ]
POC   37 TId: 4 ( B-SLICE, nQP 29 QP 29 )     577648 bits [Y 38.1604 dB    U 48.5289 dB    V 48.8662 dB] [ET    30 ] [L0 36 32 ] [L1 38 40 ]
POC   39 TId: 4 ( B-SLICE, nQP 29 QP 29 )     577696 bits [Y 38.1749 dB    U 48.6409 dB    V 49.0241 dB] [ET    31 ] [L0 38 36 ] [L1 40 48 ]
POC   44 TId: 2 ( B-SLICE, nQP 26 QP 26 )     971448 bits [Y 40.0795 dB    U 49.0231 dB    V 49.3600 dB] [ET    39 ] [L0 40 32 ] [L1 48 40 ]
POC   42 TId: 3 ( B-SLICE, nQP 27 QP 27 )     829104 bits [Y 39.4422 dB    U 48.7721 dB    V 49.1154 dB] [ET    38 ] [L0 40 32 ] [L1 44 48 ]
POC   41 TId: 4 ( B-SLICE, nQP 29 QP 29 )     579920 bits [Y 38.1490 dB    U 48.5494 dB    V 48.9800 dB] [ET    31 ] [L0 40 32 ] [L1 42 44 ]
POC   43 TId: 4 ( B-SLICE, nQP 29 QP 29 )     580904 bits [Y 38.1422 dB    U 48.5448 dB    V 48.9571 dB] [ET    30 ] [L0 42 40 ] [L1 44 48 ]
POC   46 TId: 3 ( B-SLICE, nQP 27 QP 27 )     830024 bits [Y 39.4159 dB    U 48.7456 dB    V 49.1518 dB] [ET    33 ] [L0 44 40 ] [L1 48 44 ]
POC   45 TId: 4 ( B-SLICE, nQP 29 QP 29 )     585512 bits [Y 38.1505 dB    U 48.6272 dB    V 48.9961 dB] [ET    30 ] [L0 44 40 ] [L1 46 48 ]
POC   47 TId: 4 ( B-SLICE, nQP 29 QP 29 )     579312 bits [Y 38.1330 dB    U 48.5690 dB    V 48.8350 dB] [ET    28 ] [L0 46 44 ] [L1 48 46 ]
POC   56 TId: 1 ( B-SLICE, nQP 23 QP 23 )    1436888 bits [Y 42.1162 dB    U 49.6963 dB    V 50.0917 dB] [ET    48 ] [L0 48 40 ] [L1 48 40 ]
POC   52 TId: 2 ( B-SLICE, nQP 26 QP 26 )     955160 bits [Y 40.0973 dB    U 48.9666 dB    V 49.4393 dB] [ET    39 ] [L0 48 40 ] [L1 56 48 ]
POC   50 TId: 3 ( B-SLICE, nQP 27 QP 27 )     826008 bits [Y 39.4260 dB    U 48.8182 dB    V 49.2229 dB] [ET    38 ] [L0 48 40 ] [L1 52 56 ]
POC   49 TId: 4 ( B-SLICE, nQP 29 QP 29 )     577312 bits [Y 38.1600 dB    U 48.6075 dB    V 48.9363 dB] [ET    28 ] [L0 48 50 ] [L1 50 52 ]
POC   51 TId: 4 ( B-SLICE, nQP 29 QP 29 )     573808 bits [Y 38.1623 dB    U 48.5933 dB    V 48.9223 dB] [ET    30 ] [L0 50 48 ] [L1 52 56 ]
POC   54 TId: 3 ( B-SLICE, nQP 27 QP 27 )     835472 bits [Y 39.4129 dB    U 48.8201 dB    V 49.1599 dB] [ET    34 ] [L0 52 48 ] [L1 56 52 ]
POC   53 TId: 4 ( B-SLICE, nQP 29 QP 29 )     573704 bits [Y 38.1705 dB    U 48.5827 dB    V 48.9901 dB] [ET    30 ] [L0 52 48 ] [L1 54 56 ]
POC   55 TId: 4 ( B-SLICE, nQP 29 QP 29 )     575896 bits [Y 38.1421 dB    U 48.6266 dB    V 49.0926 dB] [ET    28 ] [L0 54 52 ] [L1 56 54 ]
POC   58 TId: 3 ( B-SLICE, nQP 27 QP 27 )     864552 bits [Y 39.3826 dB    U 48.6767 dB    V 48.9790 dB] [ET    34 ] [L0 56 48 ] [L1 56 48 ]
POC   57 TId: 4 ( B-SLICE, nQP 29 QP 29 )     583152 bits [Y 38.1081 dB    U 48.5515 dB    V 48.8976 dB] [ET    30 ] [L0 56 48 ] [L1 58 56 ]
POC   59 TId: 4 ( B-SLICE, nQP 29 QP 29 )     628544 bits [Y 38.0803 dB    U 48.3410 dB    V 48.6741 dB] [ET    27 ] [L0 58 56 ] [L1 58 56 ]


SUMMARY --------------------------------------------------------
	Total Frames |   Bitrate     Y-PSNR    U-PSNR    V-PSNR    YUV-PSNR  
	       60    a   24235.0332   39.3486   49.0496   49.4055   40.6573  


I Slices--------------------------------------------------------
	Total Frames |   Bitrate     Y-PSNR    U-PSNR    V-PSNR    YUV-PSNR  
	        2    i   77642.1640   45.0955   51.8580   52.1251   46.4337  


P Slices--------------------------------------------------------
	Total Frames |   Bitrate     Y-PSNR    U-PSNR    V-PSNR    YUV-PSNR  
	        0    p         -nan      -nan      -nan      -nan      -nan  


B Slices--------------------------------------------------------
	Total Frames |   Bitrate     Y-PSNR    U-PSNR    V-PSNR    YUV-PSNR  
	       58    b   22393.4080   39.1504   48.9528   49.3118   40.5485  

RVM: 0.000
Bytes written to file: 6267681 (24235.033 kbps)

 Total Time:     1973.110 sec.
