******************************************************************
** WARNING: --SEIDecodedPictureHash is now disabled by default. **
**          Automatic verification of decoded pictures by a     **
**          decoder requires this option to be enabled.         **
******************************************************************
***************************************************************************
** WARNING: For conforming bitstreams a valid Level value must be set!   **
***************************************************************************

HM software: Encoder Version [16.20] (including RExt)[Linux][GCC 11.3.0][64 bit] 


Input          File                    : /home/pc-einstein/Documents/Alex/class_C/FourPeople_1280x720_60_120f.yuv
Bitstream      File                    : /home/pc-einstein/Documents/Alex/Vitech_Gerenciador/FourPeople_1280x720_60_120f/cq_22/video/coded_HM.hevc
Reconstruction File                    : /home/pc-einstein/Documents/Alex/Vitech_Gerenciador/FourPeople_1280x720_60_120f/cq_22/video/coded_HM.yuv
Real     Format                        : 1280x720 60Hz
Internal Format                        : 1280x720 60Hz
Sequence PSNR output                   : Linear average only
Sequence MSE output                    : Disabled
Frame MSE output                       : Disabled
MS-SSIM output                         : Disabled
xPSNR calculation                      : Disabled
Cabac-zero-word-padding                : Enabled
Frame/Field                            : Frame based coding
Frame index                            : 0 - 59 (60 frames)
Profile                                : main
CU size / depth / total-depth          : 64 / 4 / 4
RQT trans. size (min / max)            : 4 / 32
Max RQT depth inter                    : 3
Max RQT depth intra                    : 3
Min PCM size                           : 8
Motion search range                    : 384
Intra period                           : 32
Decoding refresh type                  : 1
QP                                     : 22
Max dQP signaling depth                : 0
Cb QP Offset                           : 0
Cr QP Offset                           : 0
QP adaptation                          : 0 (range=0)
GOP size                               : 16
Input bit depth                        : (Y:8, C:8)
MSB-extended bit depth                 : (Y:8, C:8)
Internal bit depth                     : (Y:8, C:8)
PCM sample bit depth                   : (Y:8, C:8)
Intra reference smoothing              : Enabled
diff_cu_chroma_qp_offset_depth         : -1
extended_precision_processing_flag     : Disabled
implicit_rdpcm_enabled_flag            : Disabled
explicit_rdpcm_enabled_flag            : Disabled
transform_skip_rotation_enabled_flag   : Disabled
transform_skip_context_enabled_flag    : Disabled
cross_component_prediction_enabled_flag: Disabled
high_precision_offsets_enabled_flag    : Disabled
persistent_rice_adaptation_enabled_flag: Disabled
cabac_bypass_alignment_enabled_flag    : Disabled
log2_sao_offset_scale_luma             : 0
log2_sao_offset_scale_chroma           : 0
Cost function:                         : Lossy coding (default)
RateControl                            : 0
WPMethod                               : 0
Max Num Merge Candidates               : 5

TOOL CFG: IBD:0 HAD:1 RDQ:1 RDQTS:1 RDpenalty:0 LQP:0 SQP:0 ASR:1 MinSearchWindow:96 RestrictMESampling:0 FEN:1 ECU:0 FDM:1 CFM:0 ESD:0 RQT:1 TransformSkip:1 TransformSkipFast:1 TransformSkipLog2MaxSize:2 Slice: M=0 SliceSegment: M=0 CIP:0 SAO:1 PCM:0 TransQuantBypassEnabled:0 WPP:0 WPB:0 PME:2  WaveFrontSynchro:0 WaveFrontSubstreams:1 ScalingList:0 TMVPMode:1 AQpS:0 SignBitHidingFlag:1 RecalQP:0

Non-environment-variable-controlled macros set as follows: 

                                RExt__DECODER_DEBUG_BIT_STATISTICS =   0
                                      RExt__HIGH_BIT_DEPTH_SUPPORT =   0
                            RExt__HIGH_PRECISION_FORWARD_TRANSFORM =   0
                                        O0043_BEST_EFFORT_DECODING =   0
                                         ME_ENABLE_ROUNDING_OF_MVS =   1

                   Input ChromaFormatIDC =   4:2:0
       Output (internal) ChromaFormatIDC =   4:2:0

POC    0 TId: 0 ( I-SLICE, nQP 19 QP 19 )     702488 bits [Y 45.4317 dB    U 48.0859 dB    V 49.1440 dB] [ET     5 ] [L0 ] [L1 ]
POC   16 TId: 0 ( B-SLICE, nQP 23 QP 23 )     131512 bits [Y 43.2678 dB    U 47.0142 dB    V 48.3546 dB] [ET    11 ] [L0 0 ] [L1 0 ]
POC    8 TId: 1 ( B-SLICE, nQP 23 QP 23 )      81592 bits [Y 43.2869 dB    U 47.0596 dB    V 48.4444 dB] [ET    10 ] [L0 0 16 ] [L1 16 0 ]
POC    4 TId: 2 ( B-SLICE, nQP 26 QP 26 )      22256 bits [Y 42.8189 dB    U 47.0079 dB    V 48.4207 dB] [ET     8 ] [L0 0 8 ] [L1 8 16 ]
POC    2 TId: 3 ( B-SLICE, nQP 27 QP 27 )       8912 bits [Y 42.7702 dB    U 47.0410 dB    V 48.4952 dB] [ET     6 ] [L0 0 4 ] [L1 4 8 ]
POC    1 TId: 4 ( B-SLICE, nQP 29 QP 29 )        184 bits [Y 45.4317 dB    U 48.0859 dB    V 49.1440 dB] [ET     5 ] [L0 0 2 ] [L1 2 4 ]
POC    3 TId: 4 ( B-SLICE, nQP 29 QP 29 )       3376 bits [Y 43.1365 dB    U 47.3567 dB    V 48.6417 dB] [ET     6 ] [L0 2 0 ] [L1 4 8 ]
POC    6 TId: 3 ( B-SLICE, nQP 27 QP 27 )       9960 bits [Y 42.7574 dB    U 46.9363 dB    V 48.4296 dB] [ET     7 ] [L0 4 0 ] [L1 8 16 ]
POC    5 TId: 4 ( B-SLICE, nQP 29 QP 29 )       3176 bits [Y 42.7973 dB    U 47.0886 dB    V 48.5202 dB] [ET     6 ] [L0 4 0 ] [L1 6 8 ]
POC    7 TId: 4 ( B-SLICE, nQP 29 QP 29 )       3320 bits [Y 42.6369 dB    U 47.0610 dB    V 48.4378 dB] [ET     6 ] [L0 6 4 ] [L1 8 16 ]
POC   12 TId: 2 ( B-SLICE, nQP 26 QP 26 )      24200 bits [Y 42.7442 dB    U 46.9430 dB    V 48.3527 dB] [ET     8 ] [L0 8 0 ] [L1 16 8 ]
POC   10 TId: 3 ( B-SLICE, nQP 27 QP 27 )      10816 bits [Y 42.7204 dB    U 46.9437 dB    V 48.3970 dB] [ET     7 ] [L0 8 0 ] [L1 12 16 ]
POC    9 TId: 4 ( B-SLICE, nQP 29 QP 29 )       3760 bits [Y 42.5695 dB    U 46.9457 dB    V 48.3873 dB] [ET     6 ] [L0 8 0 ] [L1 10 12 ]
POC   11 TId: 4 ( B-SLICE, nQP 29 QP 29 )       3752 bits [Y 42.4834 dB    U 46.9005 dB    V 48.2970 dB] [ET     6 ] [L0 10 8 ] [L1 12 16 ]
POC   14 TId: 3 ( B-SLICE, nQP 27 QP 27 )      11352 bits [Y 42.6902 dB    U 46.9305 dB    V 48.3150 dB] [ET     6 ] [L0 12 8 ] [L1 16 12 ]
POC   13 TId: 4 ( B-SLICE, nQP 29 QP 29 )       4040 bits [Y 42.4729 dB    U 46.8753 dB    V 48.2494 dB] [ET     6 ] [L0 12 8 ] [L1 14 16 ]
POC   15 TId: 4 ( B-SLICE, nQP 29 QP 29 )       4024 bits [Y 42.4435 dB    U 46.8762 dB    V 48.2420 dB] [ET     6 ] [L0 14 12 ] [L1 16 14 ]
POC   32 TId: 0 ( I-SLICE, nQP 19 QP 19 )     697248 bits [Y 45.4213 dB    U 48.0957 dB    V 49.1113 dB] [ET     5 ] [L0 ] [L1 ]
POC   24 TId: 1 ( B-SLICE, nQP 23 QP 23 )      75976 bits [Y 43.5670 dB    U 47.3936 dB    V 48.6178 dB] [ET    11 ] [L0 16 8 ] [L1 32 16 ]
POC   20 TId: 2 ( B-SLICE, nQP 26 QP 26 )      24024 bits [Y 43.0452 dB    U 47.0189 dB    V 48.5086 dB] [ET     8 ] [L0 16 8 ] [L1 24 32 ]
POC   18 TId: 3 ( B-SLICE, nQP 27 QP 27 )      12208 bits [Y 42.9825 dB    U 47.0193 dB    V 48.5226 dB] [ET     7 ] [L0 16 8 ] [L1 20 24 ]
POC   17 TId: 4 ( B-SLICE, nQP 29 QP 29 )       4176 bits [Y 42.7005 dB    U 47.0956 dB    V 48.4311 dB] [ET     6 ] [L0 16 18 ] [L1 18 20 ]
POC   19 TId: 4 ( B-SLICE, nQP 29 QP 29 )       3480 bits [Y 42.7488 dB    U 47.1181 dB    V 48.3904 dB] [ET     6 ] [L0 18 16 ] [L1 20 24 ]
POC   22 TId: 3 ( B-SLICE, nQP 27 QP 27 )      11576 bits [Y 42.9732 dB    U 47.2136 dB    V 48.4877 dB] [ET     7 ] [L0 20 16 ] [L1 24 32 ]
POC   21 TId: 4 ( B-SLICE, nQP 29 QP 29 )       3992 bits [Y 42.7781 dB    U 47.1032 dB    V 48.4555 dB] [ET     6 ] [L0 20 16 ] [L1 22 24 ]
POC   23 TId: 4 ( B-SLICE, nQP 29 QP 29 )       4232 bits [Y 42.7968 dB    U 47.1829 dB    V 48.4485 dB] [ET     6 ] [L0 22 20 ] [L1 24 32 ]
POC   28 TId: 2 ( B-SLICE, nQP 26 QP 26 )      22536 bits [Y 43.1550 dB    U 47.3885 dB    V 48.5929 dB] [ET     7 ] [L0 24 16 ] [L1 32 24 ]
POC   26 TId: 3 ( B-SLICE, nQP 27 QP 27 )      13928 bits [Y 43.0071 dB    U 47.3352 dB    V 48.6262 dB] [ET     7 ] [L0 24 16 ] [L1 28 32 ]
POC   25 TId: 4 ( B-SLICE, nQP 29 QP 29 )       4888 bits [Y 42.5251 dB    U 47.2075 dB    V 48.4841 dB] [ET     6 ] [L0 24 16 ] [L1 26 28 ]
POC   27 TId: 4 ( B-SLICE, nQP 29 QP 29 )       4736 bits [Y 42.6753 dB    U 47.1281 dB    V 48.4506 dB] [ET     6 ] [L0 26 24 ] [L1 28 32 ]
POC   30 TId: 3 ( B-SLICE, nQP 27 QP 27 )      16144 bits [Y 43.2026 dB    U 47.3259 dB    V 48.8002 dB] [ET     7 ] [L0 28 24 ] [L1 32 28 ]
POC   29 TId: 4 ( B-SLICE, nQP 29 QP 29 )       6256 bits [Y 42.4100 dB    U 47.1281 dB    V 48.5639 dB] [ET     6 ] [L0 28 24 ] [L1 30 32 ]
POC   31 TId: 4 ( B-SLICE, nQP 29 QP 29 )       4896 bits [Y 42.5395 dB    U 47.1531 dB    V 48.4856 dB] [ET     6 ] [L0 30 28 ] [L1 32 30 ]
POC   48 TId: 0 ( B-SLICE, nQP 23 QP 23 )     144288 bits [Y 43.2418 dB    U 46.8767 dB    V 48.2909 dB] [ET    11 ] [L0 32 ] [L1 32 ]
POC   40 TId: 1 ( B-SLICE, nQP 23 QP 23 )      85744 bits [Y 43.2972 dB    U 46.9747 dB    V 48.3243 dB] [ET    10 ] [L0 32 48 ] [L1 48 32 ]
POC   36 TId: 2 ( B-SLICE, nQP 26 QP 26 )      21392 bits [Y 42.8738 dB    U 47.0363 dB    V 48.4890 dB] [ET     7 ] [L0 32 40 ] [L1 40 48 ]
POC   34 TId: 3 ( B-SLICE, nQP 27 QP 27 )      14272 bits [Y 42.9900 dB    U 47.2789 dB    V 48.5807 dB] [ET     6 ] [L0 32 36 ] [L1 36 40 ]
POC   33 TId: 4 ( B-SLICE, nQP 29 QP 29 )       5664 bits [Y 42.2421 dB    U 46.9765 dB    V 48.4249 dB] [ET     6 ] [L0 32 34 ] [L1 34 36 ]
POC   35 TId: 4 ( B-SLICE, nQP 29 QP 29 )       3472 bits [Y 42.3658 dB    U 46.9168 dB    V 48.3069 dB] [ET     6 ] [L0 34 32 ] [L1 36 40 ]
POC   38 TId: 3 ( B-SLICE, nQP 27 QP 27 )       7752 bits [Y 42.6765 dB    U 46.9252 dB    V 48.3959 dB] [ET     7 ] [L0 36 32 ] [L1 40 48 ]
POC   37 TId: 4 ( B-SLICE, nQP 29 QP 29 )       3392 bits [Y 42.2806 dB    U 46.8902 dB    V 48.3765 dB] [ET     6 ] [L0 36 32 ] [L1 38 40 ]
POC   39 TId: 4 ( B-SLICE, nQP 29 QP 29 )       2960 bits [Y 42.3596 dB    U 46.8270 dB    V 48.2612 dB] [ET     6 ] [L0 38 36 ] [L1 40 48 ]
POC   44 TId: 2 ( B-SLICE, nQP 26 QP 26 )      19328 bits [Y 42.6870 dB    U 46.8267 dB    V 48.2717 dB] [ET     7 ] [L0 40 32 ] [L1 48 40 ]
POC   42 TId: 3 ( B-SLICE, nQP 27 QP 27 )       7608 bits [Y 42.6235 dB    U 46.8391 dB    V 48.2825 dB] [ET     7 ] [L0 40 32 ] [L1 44 48 ]
POC   41 TId: 4 ( B-SLICE, nQP 29 QP 29 )       2944 bits [Y 42.2794 dB    U 46.8098 dB    V 48.2854 dB] [ET     6 ] [L0 40 32 ] [L1 42 44 ]
POC   43 TId: 4 ( B-SLICE, nQP 29 QP 29 )       2296 bits [Y 42.3490 dB    U 46.7341 dB    V 48.2602 dB] [ET     6 ] [L0 42 40 ] [L1 44 48 ]
POC   46 TId: 3 ( B-SLICE, nQP 27 QP 27 )       9280 bits [Y 42.5686 dB    U 46.8155 dB    V 48.2124 dB] [ET     6 ] [L0 44 40 ] [L1 48 44 ]
POC   45 TId: 4 ( B-SLICE, nQP 29 QP 29 )       3144 bits [Y 42.1524 dB    U 46.7972 dB    V 48.2296 dB] [ET     6 ] [L0 44 40 ] [L1 46 48 ]
POC   47 TId: 4 ( B-SLICE, nQP 29 QP 29 )       3000 bits [Y 42.2011 dB    U 46.7451 dB    V 48.1458 dB] [ET     6 ] [L0 46 44 ] [L1 48 46 ]
POC   56 TId: 1 ( B-SLICE, nQP 23 QP 23 )     107840 bits [Y 43.2448 dB    U 46.8587 dB    V 48.2315 dB] [ET    11 ] [L0 48 40 ] [L1 48 40 ]
POC   52 TId: 2 ( B-SLICE, nQP 26 QP 26 )      25560 bits [Y 42.6954 dB    U 46.7141 dB    V 48.1359 dB] [ET     7 ] [L0 48 40 ] [L1 56 48 ]
POC   50 TId: 3 ( B-SLICE, nQP 27 QP 27 )      13944 bits [Y 42.6043 dB    U 46.7321 dB    V 48.1636 dB] [ET     7 ] [L0 48 40 ] [L1 52 56 ]
POC   49 TId: 4 ( B-SLICE, nQP 29 QP 29 )       5432 bits [Y 42.1066 dB    U 46.7244 dB    V 48.1853 dB] [ET     6 ] [L0 48 50 ] [L1 50 52 ]
POC   51 TId: 4 ( B-SLICE, nQP 29 QP 29 )       5856 bits [Y 42.1955 dB    U 46.6493 dB    V 48.0469 dB] [ET     6 ] [L0 50 48 ] [L1 52 56 ]
POC   54 TId: 3 ( B-SLICE, nQP 27 QP 27 )      16400 bits [Y 42.5621 dB    U 46.6886 dB    V 48.1148 dB] [ET     7 ] [L0 52 48 ] [L1 56 52 ]
POC   53 TId: 4 ( B-SLICE, nQP 29 QP 29 )       7432 bits [Y 42.0521 dB    U 46.7093 dB    V 48.0753 dB] [ET     7 ] [L0 52 48 ] [L1 54 56 ]
POC   55 TId: 4 ( B-SLICE, nQP 29 QP 29 )       4776 bits [Y 42.2469 dB    U 46.6040 dB    V 48.0431 dB] [ET     6 ] [L0 54 52 ] [L1 56 54 ]
POC   58 TId: 3 ( B-SLICE, nQP 27 QP 27 )      27448 bits [Y 42.3973 dB    U 46.6135 dB    V 48.0308 dB] [ET     7 ] [L0 56 48 ] [L1 56 48 ]
POC   57 TId: 4 ( B-SLICE, nQP 29 QP 29 )       6952 bits [Y 42.0204 dB    U 46.6136 dB    V 48.0916 dB] [ET     6 ] [L0 56 48 ] [L1 58 56 ]
POC   59 TId: 4 ( B-SLICE, nQP 29 QP 29 )      14016 bits [Y 41.9892 dB    U 46.4177 dB    V 47.7921 dB] [ET     6 ] [L0 58 56 ] [L1 58 56 ]


SUMMARY --------------------------------------------------------
	Total Frames |   Bitrate     Y-PSNR    U-PSNR    V-PSNR    YUV-PSNR  
	       60    a    2511.2080   42.8048   47.0109   48.3883   43.8622  


I Slices--------------------------------------------------------
	Total Frames |   Bitrate     Y-PSNR    U-PSNR    V-PSNR    YUV-PSNR  
	        2    i   41992.0800   45.4265   48.0908   49.1277   46.2463  


P Slices--------------------------------------------------------
	Total Frames |   Bitrate     Y-PSNR    U-PSNR    V-PSNR    YUV-PSNR  
	        0    p         -nan      -nan      -nan      -nan      -nan  


B Slices--------------------------------------------------------
	Total Frames |   Bitrate     Y-PSNR    U-PSNR    V-PSNR    YUV-PSNR  
	       58    b    1149.7986   42.7144   46.9737   48.3628   43.7994  

RVM: 0.000
Bytes written to file: 313901 (2511.208 kbps)

 Total Time:      409.246 sec.
