
Warning: Hierarchical coding or Referenced B slices used.
         Make sure that you have allocated enough references
         in reference buffer to achieve best performance.
Setting Default Parameters...
Parsing Configfile /home/pc-einstein/Documents/Alex/Vitech_Gerenciador/JM/bin/encoder.cfg.............................................................................................................................................................................................................................................................................................................................................................................................................................
Parsing command line string 'SourceWidth = 1280'.
Parsing command line string 'SourceHeight = 720'.
Parsing command line string 'FrameRate = 60.00'.
Parsing command line string 'SourceBitDepthLuma = 8'.
Parsing command line string 'SourceBitDepthChroma = 8'.
Parsing command line string 'OutputBitDepthLuma = 8'.
Parsing command line string 'OutputBitDepthChroma = 8'.
Parsing command line string 'QPISlice = 22'.
Parsing command line string 'QPPSlice = 22'.
Parsing command line string 'FramesToBeEncoded = 60'.
Parsing command line string 'OutputFile = /home/pc-einstein/Documents/Alex/Vitech_Gerenciador/FourPeople_1280x720_60_120f/cq_22/video/coded_JM.h264'.
Parsing command line string 'InputFile = /home/pc-einstein/Documents/Alex/class_C/FourPeople_1280x720_60_120f.yuv'.
Parsing command line string 'ReconFile = /home/pc-einstein/Documents/Alex/Vitech_Gerenciador/FourPeople_1280x720_60_120f/cq_22/video/coded_JM.yuv'.
Parsing command line string 'LeakyBucketParamFile = /home/pc-einstein/Documents/Alex/Vitech_Gerenciador/FourPeople_1280x720_60_120f/cq_22/log/leakybucketparam.cfg'.
Parsing command line string 'StatsFile = /home/pc-einstein/Documents/Alex/Vitech_Gerenciador/FourPeople_1280x720_60_120f/cq_22/log/stats.dat'.

------------------------------- JM 19.0 (FRExt) -------------------------------
 Input YUV file                    : /home/pc-einstein/Documents/Alex/class_C/FourPeople_1280x720_60_120f.yuv 
 Output H.264 bitstream            : /home/pc-einstein/Documents/Alex/Vitech_Gerenciador/FourPeople_1280x720_60_120f/cq_22/video/coded_JM.h264 
 Output YUV file                   : /home/pc-einstein/Documents/Alex/Vitech_Gerenciador/FourPeople_1280x720_60_120f/cq_22/video/coded_JM.yuv 
 YUV Format                        : YUV 4:2:0 
 Frames to be encoded              : 60
 Freq. for encoded bitstream       : 60.00
 PicInterlace / MbInterlace        : 0/0
 Transform8x8Mode                  : 1
 ME Metric for Refinement Level 0  : SAD
 ME Metric for Refinement Level 1  : Hadamard SAD
 ME Metric for Refinement Level 2  : Hadamard SAD
 Mode Decision Metric              : Hadamard SAD
 Motion Estimation for components  : Y
 Image format                      : 1280x720 (1280x720)
 Error robustness                  : Off
 Search range                      : 32
 Total number of references        : 5
 References for P slices           : 5
 References for B slices (L0, L1)  : 5, 1
 Sequence type                     : Hierarchy (QP: I 22, P 22, B 30) 
 Entropy coding method             : CABAC
 Profile/Level IDC                 : (100,40)
 Motion Estimation Scheme          : EPZS
 EPZS Pattern                      : Extended Diamond
 EPZS Dual Pattern                 : Extended Diamond
 EPZS Fixed Predictors             : Aggressive
 EPZS Aggressive Predictors        : Disabled
 EPZS Temporal Predictors          : Enabled
 EPZS Spatial Predictors           : Enabled
 EPZS Threshold Multipliers        : (1 0 2)
 EPZS Subpel ME                    : Basic
 EPZS Subpel ME BiPred             : Basic
 Search range restrictions         : none
 RD-optimized mode decision        : used
 Data Partitioning Mode            : 1 partition 
 Output File Format                : H.264/AVC Annex B Byte Stream Format 
-------------------------------------------------------------------------------
Frame     Bit/pic    QP   SnrY    SnrU    SnrV    Time(ms) MET(ms) Frm/Fld Ref  
-------------------------------------------------------------------------------
00000(NVB)     336 
00000(IDR)  677224   22  43.938  46.771  47.796      1260       0    FRM    3
00008( P )  197400   22  43.161  46.433  47.512      1752     272    FRM    2
00004( B )    8712   30  41.712  46.130  47.315      2443     783    FRM    1
00002( B )    3848   31  41.662  46.085  47.324      2537     912    FRM    1
00001( B )     688   32  43.800  46.699  47.778      2504     996    FRM    0
00003( B )    1960   32  41.825  46.295  47.421      2571    1047    FRM    0
00006( B )    5232   31  41.808  46.019  47.342      2908    1143    FRM    1
00005( B )    1760   32  41.597  46.028  47.318      2758    1223    FRM    0
00007( B )    1912   32  41.743  46.107  47.346      2841    1237    FRM    0
00016( P )  197504   22  43.338  46.436  47.540      2825    1244    FRM    2
00012( B )   10968   30  41.896  46.216  47.373      3101    1347    FRM    1
00010( B )    5368   31  41.822  46.098  47.358      2928    1293    FRM    1
00009( B )    1688   32  41.666  46.113  47.337      3002    1301    FRM    0
00011( B )    2240   32  41.453  46.079  47.150      2867    1244    FRM    0
00014( B )    6240   31  41.888  46.134  47.333      3020    1318    FRM    1
00013( B )    2456   32  41.491  46.079  47.177      2763    1232    FRM    0
00015( B )    2128   32  41.736  46.153  47.238      2832    1244    FRM    0
00024( P )  189992   22  43.413  46.493  47.606      2855    1260    FRM    2
00020( B )   11672   30  42.022  46.095  47.414      3002    1360    FRM    1
00018( B )    5480   31  41.935  46.103  47.433      2930    1303    FRM    1
00017( B )    1688   32  41.802  46.130  47.315      2775    1235    FRM    0
00019( B )    1800   32  41.557  46.078  47.258      2870    1272    FRM    0
00022( B )    6408   31  41.953  46.218  47.360      3002    1325    FRM    1
00021( B )    2008   32  41.620  46.108  47.318      2840    1221    FRM    0
00023( B )    2168   32  41.778  46.201  47.307      2789    1234    FRM    0
00032( P )  194688   22  43.471  46.520  47.617      3012    1302    FRM    2
00028( B )   11216   30  42.017  46.247  47.384      3027    1378    FRM    1
00026( B )    5864   31  41.857  46.268  47.435      2934    1296    FRM    1
00025( B )    1992   32  41.470  46.211  47.382      2778    1232    FRM    0
00027( B )    2112   32  41.491  46.067  47.294      2764    1226    FRM    0
00030( B )    6240   31  41.741  46.105  47.441      2977    1342    FRM    1
00029( B )    2600   32  41.078  46.030  47.286      2825    1274    FRM    0
00031( B )    2304   32  41.590  46.048  47.275      2843    1236    FRM    0
00040( P )  193544   22  43.506  46.463  47.556      2851    1245    FRM    2
00036( B )    7928   30  42.031  46.164  47.487      2937    1328    FRM    1
00034( B )    4544   31  41.861  46.199  47.435      2853    1269    FRM    1
00033( B )    1832   32  41.438  46.201  47.387      2720    1210    FRM    0
00035( B )    1416   32  41.506  46.121  47.282      2722    1207    FRM    0
00038( B )    3200   31  41.974  46.106  47.424      2856    1267    FRM    1
00037( B )     984   32  41.412  46.065  47.360      2830    1206    FRM    0
00039( B )     904   32  41.733  46.047  47.279      2793    1204    FRM    0
00048( P )  188488   22  43.511  46.450  47.609      2784    1229    FRM    2
00044( B )    6864   30  42.058  46.182  47.419      2924    1324    FRM    1
00042( B )    2720   31  41.975  46.094  47.363      2844    1261    FRM    1
00041( B )     872   32  41.659  46.093  47.405      2740    1209    FRM    0
00043( B )    1064   32  41.652  45.964  47.349      2735    1206    FRM    0
00046( B )    3192   31  41.904  46.110  47.329      2870    1287    FRM    1
00045( B )    1352   32  41.376  46.062  47.348      2736    1217    FRM    0
00047( B )    1528   32  41.808  46.023  47.250      2731    1226    FRM    0
00056( P )  186968   22  43.552  46.476  47.605      2821    1219    FRM    2
00052( B )   15152   30  42.036  46.049  47.232      2978    1346    FRM    1
00050( B )    6568   31  41.879  46.091  47.304      2874    1277    FRM    1
00049( B )    1992   32  41.363  46.041  47.268      2763    1206    FRM    0
00051( B )    2952   32  41.406  45.919  47.081      2739    1224    FRM    0
00054( B )    7800   31  41.879  46.048  47.208      2883    1295    FRM    1
00053( B )    3632   32  41.143  45.965  47.173      2739    1226    FRM    0
00055( B )    3104   32  41.774  45.916  47.235      2739    1224    FRM    0
00059( P )  168768   22  43.516  46.502  47.597      2745    1192    FRM    2
00057( B )    7368   30  41.823  46.163  47.411      2964    1273    FRM    0
00058( B )    8072   30  42.062  46.234  47.401      2895    1259    FRM    0
-------------------------------------------------------------------------------
 Total Frames:  60 
 LeakyBucketRate File does not exist. Using rate calculated from avg. rate 
 Number Leaky Buckets: 8 
     Rmin     Bmin     Fmin 
  2408340   834485   834485 
  3010380   824451   824451 
  3612420   814417   814417 
  4214460   804383   804383 
  4816500   794349   794349 
  5418540   784315   784315 
  6020580   774281   774281 
  6622620   764247   764247 
------------------ Average data all frames  -----------------------------------

 Total encoding time for the seq.  : 167.232 sec (0.36 fps)
 Total ME time for sequence        :  71.997 sec 

 Y { PSNR (dB), cSNR (dB), MSE }   : {  42.019,  41.966,   4.13497 }
 U { PSNR (dB), cSNR (dB), MSE }   : {  46.176,  46.172,   1.56991 }
 V { PSNR (dB), cSNR (dB), MSE }   : {  47.376,  47.374,   1.19033 }

 Total bits                        : 2408704 (I 677224, P 1517352, B 213792 NVB 336) 
 Bit rate (kbit/s)  @ 60.00 Hz     : 2408.70
 Bits to avoid Startcode Emulation : 415 
 Bits for parameter sets           : 336 
 Bits for filler data              : 0 

-------------------------------------------------------------------------------
Exit JM 19 (FRExt) encoder ver 19.0 
